ARM GAS  C:\Users\abhim\AppData\Local\Temp\cc2yFcRb.s 			page 1


   1              		.syntax unified
   2              		.cpu cortex-m3
   3              		.fpu softvfp
   4              		.eabi_attribute 20, 1
   5              		.eabi_attribute 21, 1
   6              		.eabi_attribute 23, 3
   7              		.eabi_attribute 24, 1
   8              		.eabi_attribute 25, 1
   9              		.eabi_attribute 26, 1
  10              		.eabi_attribute 30, 1
  11              		.eabi_attribute 34, 1
  12              		.eabi_attribute 18, 4
  13              		.thumb
  14              		.syntax unified
  15              		.file	"cymetadata.c"
  16              		.text
  17              	.Ltext0:
  18              		.cfi_sections	.debug_frame
  19              		.global	cy_metadata
  20              		.global	cy_meta_flashprotect
  21              		.global	cy_meta_wonvl
  22              		.global	cy_meta_custnvl
  23              		.global	cy_meta_configecc
  24              		.section	.cyconfigecc,"a",%progbits
  25              		.align	2
  26              		.type	cy_meta_configecc, %object
  27              		.size	cy_meta_configecc, 2072
  28              	cy_meta_configecc:
  29 0000 04       		.byte	4
  30 0001 52       		.byte	82
  31 0002 00       		.byte	0
  32 0003 40       		.byte	64
  33 0004 01       		.byte	1
  34 0005 5B       		.byte	91
  35 0006 00       		.byte	0
  36 0007 40       		.byte	64
  37 0008 04       		.byte	4
  38 0009 64       		.byte	100
  39 000a 00       		.byte	0
  40 000b 40       		.byte	64
  41 000c 01       		.byte	1
  42 000d 65       		.byte	101
  43 000e 00       		.byte	0
  44 000f 40       		.byte	64
  45 0010 01       		.byte	1
  46 0011 03       		.byte	3
  47 0012 01       		.byte	1
  48 0013 40       		.byte	64
  49 0014 06       		.byte	6
  50 0015 05       		.byte	5
  51 0016 01       		.byte	1
  52 0017 40       		.byte	64
  53 0018 26       		.byte	38
  54 0019 06       		.byte	6
  55 001a 01       		.byte	1
  56 001b 40       		.byte	64
  57 001c 33       		.byte	51
ARM GAS  C:\Users\abhim\AppData\Local\Temp\cc2yFcRb.s 			page 2


  58 001d 07       		.byte	7
  59 001e 01       		.byte	1
  60 001f 40       		.byte	64
  61 0020 23       		.byte	35
  62 0021 08       		.byte	8
  63 0022 01       		.byte	1
  64 0023 40       		.byte	64
  65 0024 3E       		.byte	62
  66 0025 09       		.byte	9
  67 0026 01       		.byte	1
  68 0027 40       		.byte	64
  69 0028 4F       		.byte	79
  70 0029 0A       		.byte	10
  71 002a 01       		.byte	1
  72 002b 40       		.byte	64
  73 002c 4A       		.byte	74
  74 002d 0B       		.byte	11
  75 002e 01       		.byte	1
  76 002f 40       		.byte	64
  77 0030 34       		.byte	52
  78 0031 0C       		.byte	12
  79 0032 01       		.byte	1
  80 0033 40       		.byte	64
  81 0034 3D       		.byte	61
  82 0035 0D       		.byte	13
  83 0036 01       		.byte	1
  84 0037 40       		.byte	64
  85 0038 2E       		.byte	46
  86 0039 0E       		.byte	14
  87 003a 01       		.byte	1
  88 003b 40       		.byte	64
  89 003c 2C       		.byte	44
  90 003d 0F       		.byte	15
  91 003e 01       		.byte	1
  92 003f 40       		.byte	64
  93 0040 02       		.byte	2
  94 0041 15       		.byte	21
  95 0042 01       		.byte	1
  96 0043 40       		.byte	64
  97 0044 0C       		.byte	12
  98 0045 16       		.byte	22
  99 0046 01       		.byte	1
 100 0047 40       		.byte	64
 101 0048 38       		.byte	56
 102 0049 17       		.byte	23
 103 004a 01       		.byte	1
 104 004b 40       		.byte	64
 105 004c 2A       		.byte	42
 106 004d 18       		.byte	24
 107 004e 01       		.byte	1
 108 004f 40       		.byte	64
 109 0050 41       		.byte	65
 110 0051 19       		.byte	25
 111 0052 01       		.byte	1
 112 0053 40       		.byte	64
 113 0054 43       		.byte	67
 114 0055 1A       		.byte	26
ARM GAS  C:\Users\abhim\AppData\Local\Temp\cc2yFcRb.s 			page 3


 115 0056 01       		.byte	1
 116 0057 40       		.byte	64
 117 0058 48       		.byte	72
 118 0059 1B       		.byte	27
 119 005a 01       		.byte	1
 120 005b 40       		.byte	64
 121 005c 08       		.byte	8
 122 005d 40       		.byte	64
 123 005e 01       		.byte	1
 124 005f 40       		.byte	64
 125 0060 08       		.byte	8
 126 0061 41       		.byte	65
 127 0062 01       		.byte	1
 128 0063 40       		.byte	64
 129 0064 08       		.byte	8
 130 0065 42       		.byte	66
 131 0066 01       		.byte	1
 132 0067 40       		.byte	64
 133 0068 02       		.byte	2
 134 0069 43       		.byte	67
 135 006a 01       		.byte	1
 136 006b 40       		.byte	64
 137 006c 02       		.byte	2
 138 006d 44       		.byte	68
 139 006e 01       		.byte	1
 140 006f 40       		.byte	64
 141 0070 05       		.byte	5
 142 0071 45       		.byte	69
 143 0072 01       		.byte	1
 144 0073 40       		.byte	64
 145 0074 06       		.byte	6
 146 0075 46       		.byte	70
 147 0076 01       		.byte	1
 148 0077 40       		.byte	64
 149 0078 05       		.byte	5
 150 0079 47       		.byte	71
 151 007a 01       		.byte	1
 152 007b 40       		.byte	64
 153 007c 02       		.byte	2
 154 007d 48       		.byte	72
 155 007e 01       		.byte	1
 156 007f 40       		.byte	64
 157 0080 01       		.byte	1
 158 0081 49       		.byte	73
 159 0082 01       		.byte	1
 160 0083 40       		.byte	64
 161 0084 01       		.byte	1
 162 0085 4C       		.byte	76
 163 0086 01       		.byte	1
 164 0087 40       		.byte	64
 165 0088 06       		.byte	6
 166 0089 4D       		.byte	77
 167 008a 01       		.byte	1
 168 008b 40       		.byte	64
 169 008c 0A       		.byte	10
 170 008d 50       		.byte	80
 171 008e 01       		.byte	1
ARM GAS  C:\Users\abhim\AppData\Local\Temp\cc2yFcRb.s 			page 4


 172 008f 40       		.byte	64
 173 0090 02       		.byte	2
 174 0091 51       		.byte	81
 175 0092 01       		.byte	1
 176 0093 40       		.byte	64
 177 0094 00       		.byte	0
 178 0095 02       		.byte	2
 179 0096 01       		.byte	1
 180 0097 02       		.byte	2
 181 0098 10       		.byte	16
 182 0099 10       		.byte	16
 183 009a 64       		.byte	100
 184 009b 40       		.byte	64
 185 009c 27       		.byte	39
 186 009d 84       		.byte	-124
 187 009e 88       		.byte	-120
 188 009f 01       		.byte	1
 189 00a0 8A       		.byte	-118
 190 00a1 38       		.byte	56
 191 00a2 8D       		.byte	-115
 192 00a3 0F       		.byte	15
 193 00a4 8E       		.byte	-114
 194 00a5 0D       		.byte	13
 195 00a6 8B       		.byte	-117
 196 00a7 72       		.byte	114
 197 00a8 E4       		.byte	-28
 198 00a9 40       		.byte	64
 199 00aa 87       		.byte	-121
 200 00ab 08       		.byte	8
 201 00ac A4       		.byte	-92
 202 00ad 10       		.byte	16
 203 00ae A5       		.byte	-91
 204 00af 40       		.byte	64
 205 00b0 AD       		.byte	-83
 206 00b1 40       		.byte	64
 207 00b2 B0       		.byte	-80
 208 00b3 10       		.byte	16
 209 00b4 E6       		.byte	-26
 210 00b5 40       		.byte	64
 211 00b6 01       		.byte	1
 212 00b7 01       		.byte	1
 213 00b8 04       		.byte	4
 214 00b9 01       		.byte	1
 215 00ba 08       		.byte	8
 216 00bb 01       		.byte	1
 217 00bc 0B       		.byte	11
 218 00bd 01       		.byte	1
 219 00be 0C       		.byte	12
 220 00bf 01       		.byte	1
 221 00c0 0D       		.byte	13
 222 00c1 01       		.byte	1
 223 00c2 14       		.byte	20
 224 00c3 01       		.byte	1
 225 00c4 15       		.byte	21
 226 00c5 01       		.byte	1
 227 00c6 1A       		.byte	26
 228 00c7 01       		.byte	1
ARM GAS  C:\Users\abhim\AppData\Local\Temp\cc2yFcRb.s 			page 5


 229 00c8 1C       		.byte	28
 230 00c9 01       		.byte	1
 231 00ca 1D       		.byte	29
 232 00cb 01       		.byte	1
 233 00cc 21       		.byte	33
 234 00cd 01       		.byte	1
 235 00ce 25       		.byte	37
 236 00cf 01       		.byte	1
 237 00d0 2A       		.byte	42
 238 00d1 01       		.byte	1
 239 00d2 32       		.byte	50
 240 00d3 01       		.byte	1
 241 00d4 37       		.byte	55
 242 00d5 01       		.byte	1
 243 00d6 58       		.byte	88
 244 00d7 04       		.byte	4
 245 00d8 59       		.byte	89
 246 00d9 04       		.byte	4
 247 00da 5C       		.byte	92
 248 00db 11       		.byte	17
 249 00dc 5F       		.byte	95
 250 00dd 01       		.byte	1
 251 00de 83       		.byte	-125
 252 00df 02       		.byte	2
 253 00e0 8D       		.byte	-115
 254 00e1 02       		.byte	2
 255 00e2 93       		.byte	-109
 256 00e3 08       		.byte	8
 257 00e4 95       		.byte	-107
 258 00e5 04       		.byte	4
 259 00e6 9B       		.byte	-101
 260 00e7 04       		.byte	4
 261 00e8 9F       		.byte	-97
 262 00e9 01       		.byte	1
 263 00ea A1       		.byte	-95
 264 00eb 08       		.byte	8
 265 00ec A5       		.byte	-91
 266 00ed 01       		.byte	1
 267 00ee AB       		.byte	-85
 268 00ef 10       		.byte	16
 269 00f0 AE       		.byte	-82
 270 00f1 01       		.byte	1
 271 00f2 B3       		.byte	-77
 272 00f3 1F       		.byte	31
 273 00f4 B6       		.byte	-74
 274 00f5 01       		.byte	1
 275 00f6 B9       		.byte	-71
 276 00f7 08       		.byte	8
 277 00f8 BF       		.byte	-65
 278 00f9 04       		.byte	4
 279 00fa D8       		.byte	-40
 280 00fb 04       		.byte	4
 281 00fc D9       		.byte	-39
 282 00fd 04       		.byte	4
 283 00fe DC       		.byte	-36
 284 00ff 11       		.byte	17
 285 0100 DF       		.byte	-33
ARM GAS  C:\Users\abhim\AppData\Local\Temp\cc2yFcRb.s 			page 6


 286 0101 01       		.byte	1
 287 0102 00       		.byte	0
 288 0103 40       		.byte	64
 289 0104 01       		.byte	1
 290 0105 20       		.byte	32
 291 0106 03       		.byte	3
 292 0107 10       		.byte	16
 293 0108 04       		.byte	4
 294 0109 40       		.byte	64
 295 010a 06       		.byte	6
 296 010b 08       		.byte	8
 297 010c 07       		.byte	7
 298 010d 10       		.byte	16
 299 010e 09       		.byte	9
 300 010f 08       		.byte	8
 301 0110 0A       		.byte	10
 302 0111 01       		.byte	1
 303 0112 0D       		.byte	13
 304 0113 08       		.byte	8
 305 0114 0E       		.byte	14
 306 0115 01       		.byte	1
 307 0116 0F       		.byte	15
 308 0117 04       		.byte	4
 309 0118 10       		.byte	16
 310 0119 02       		.byte	2
 311 011a 12       		.byte	18
 312 011b 88       		.byte	-120
 313 011c 17       		.byte	23
 314 011d 20       		.byte	32
 315 011e 19       		.byte	25
 316 011f 80       		.byte	-128
 317 0120 1A       		.byte	26
 318 0121 01       		.byte	1
 319 0122 1B       		.byte	27
 320 0123 40       		.byte	64
 321 0124 1F       		.byte	31
 322 0125 08       		.byte	8
 323 0126 20       		.byte	32
 324 0127 30       		.byte	48
 325 0128 22       		.byte	34
 326 0129 08       		.byte	8
 327 012a 23       		.byte	35
 328 012b 20       		.byte	32
 329 012c 25       		.byte	37
 330 012d 40       		.byte	64
 331 012e 2A       		.byte	42
 332 012f 28       		.byte	40
 333 0130 2B       		.byte	43
 334 0131 42       		.byte	66
 335 0132 2C       		.byte	44
 336 0133 80       		.byte	-128
 337 0134 2E       		.byte	46
 338 0135 08       		.byte	8
 339 0136 30       		.byte	48
 340 0137 22       		.byte	34
 341 0138 31       		.byte	49
 342 0139 88       		.byte	-120
ARM GAS  C:\Users\abhim\AppData\Local\Temp\cc2yFcRb.s 			page 7


 343 013a 33       		.byte	51
 344 013b 04       		.byte	4
 345 013c 36       		.byte	54
 346 013d 80       		.byte	-128
 347 013e 37       		.byte	55
 348 013f 04       		.byte	4
 349 0140 38       		.byte	56
 350 0141 50       		.byte	80
 351 0142 3B       		.byte	59
 352 0143 06       		.byte	6
 353 0144 3C       		.byte	60
 354 0145 60       		.byte	96
 355 0146 3E       		.byte	62
 356 0147 01       		.byte	1
 357 0148 80       		.byte	-128
 358 0149 02       		.byte	2
 359 014a 85       		.byte	-123
 360 014b 80       		.byte	-128
 361 014c 8C       		.byte	-116
 362 014d 28       		.byte	40
 363 014e 8F       		.byte	-113
 364 014f 01       		.byte	1
 365 0150 A4       		.byte	-92
 366 0151 10       		.byte	16
 367 0152 A5       		.byte	-91
 368 0153 40       		.byte	64
 369 0154 A7       		.byte	-89
 370 0155 08       		.byte	8
 371 0156 C0       		.byte	-64
 372 0157 E7       		.byte	-25
 373 0158 C2       		.byte	-62
 374 0159 E5       		.byte	-27
 375 015a C4       		.byte	-60
 376 015b 4B       		.byte	75
 377 015c CA       		.byte	-54
 378 015d CF       		.byte	-49
 379 015e CC       		.byte	-52
 380 015f 5F       		.byte	95
 381 0160 CE       		.byte	-50
 382 0161 BF       		.byte	-65
 383 0162 E0       		.byte	-32
 384 0163 08       		.byte	8
 385 0164 E2       		.byte	-30
 386 0165 04       		.byte	4
 387 0166 EE       		.byte	-18
 388 0167 04       		.byte	4
 389 0168 00       		.byte	0
 390 0169 40       		.byte	64
 391 016a 02       		.byte	2
 392 016b 80       		.byte	-128
 393 016c 04       		.byte	4
 394 016d 08       		.byte	8
 395 016e 08       		.byte	8
 396 016f 10       		.byte	16
 397 0170 0A       		.byte	10
 398 0171 20       		.byte	32
 399 0172 0C       		.byte	12
ARM GAS  C:\Users\abhim\AppData\Local\Temp\cc2yFcRb.s 			page 8


 400 0173 02       		.byte	2
 401 0174 10       		.byte	16
 402 0175 80       		.byte	-128
 403 0176 12       		.byte	18
 404 0177 40       		.byte	64
 405 0178 16       		.byte	22
 406 0179 08       		.byte	8
 407 017a 1A       		.byte	26
 408 017b 02       		.byte	2
 409 017c 1B       		.byte	27
 410 017d 02       		.byte	2
 411 017e 1E       		.byte	30
 412 017f 01       		.byte	1
 413 0180 20       		.byte	32
 414 0181 04       		.byte	4
 415 0182 24       		.byte	36
 416 0183 20       		.byte	32
 417 0184 26       		.byte	38
 418 0185 10       		.byte	16
 419 0186 28       		.byte	40
 420 0187 01       		.byte	1
 421 0188 2E       		.byte	46
 422 0189 04       		.byte	4
 423 018a 2F       		.byte	47
 424 018b 01       		.byte	1
 425 018c 33       		.byte	51
 426 018d 02       		.byte	2
 427 018e 34       		.byte	52
 428 018f FF       		.byte	-1
 429 0190 37       		.byte	55
 430 0191 01       		.byte	1
 431 0192 3A       		.byte	58
 432 0193 02       		.byte	2
 433 0194 3E       		.byte	62
 434 0195 10       		.byte	16
 435 0196 56       		.byte	86
 436 0197 02       		.byte	2
 437 0198 57       		.byte	87
 438 0199 35       		.byte	53
 439 019a 58       		.byte	88
 440 019b 04       		.byte	4
 441 019c 59       		.byte	89
 442 019d 04       		.byte	4
 443 019e 5B       		.byte	91
 444 019f 0C       		.byte	12
 445 01a0 5C       		.byte	92
 446 01a1 12       		.byte	18
 447 01a2 5D       		.byte	93
 448 01a3 10       		.byte	16
 449 01a4 5F       		.byte	95
 450 01a5 01       		.byte	1
 451 01a6 D8       		.byte	-40
 452 01a7 04       		.byte	4
 453 01a8 D9       		.byte	-39
 454 01a9 04       		.byte	4
 455 01aa DC       		.byte	-36
 456 01ab 11       		.byte	17
ARM GAS  C:\Users\abhim\AppData\Local\Temp\cc2yFcRb.s 			page 9


 457 01ac DF       		.byte	-33
 458 01ad 01       		.byte	1
 459 01ae 00       		.byte	0
 460 01af 10       		.byte	16
 461 01b0 01       		.byte	1
 462 01b1 40       		.byte	64
 463 01b2 02       		.byte	2
 464 01b3 40       		.byte	64
 465 01b4 04       		.byte	4
 466 01b5 22       		.byte	34
 467 01b6 06       		.byte	6
 468 01b7 42       		.byte	66
 469 01b8 07       		.byte	7
 470 01b9 10       		.byte	16
 471 01ba 08       		.byte	8
 472 01bb 12       		.byte	18
 473 01bc 0C       		.byte	12
 474 01bd 52       		.byte	82
 475 01be 0E       		.byte	14
 476 01bf 0A       		.byte	10
 477 01c0 0F       		.byte	15
 478 01c1 18       		.byte	24
 479 01c2 10       		.byte	16
 480 01c3 44       		.byte	68
 481 01c4 14       		.byte	20
 482 01c5 20       		.byte	32
 483 01c6 15       		.byte	21
 484 01c7 81       		.byte	-127
 485 01c8 16       		.byte	22
 486 01c9 08       		.byte	8
 487 01ca 17       		.byte	23
 488 01cb 04       		.byte	4
 489 01cc 1D       		.byte	29
 490 01cd 22       		.byte	34
 491 01ce 24       		.byte	36
 492 01cf 33       		.byte	51
 493 01d0 28       		.byte	40
 494 01d1 42       		.byte	66
 495 01d2 2B       		.byte	43
 496 01d3 04       		.byte	4
 497 01d4 2C       		.byte	44
 498 01d5 46       		.byte	70
 499 01d6 30       		.byte	48
 500 01d7 04       		.byte	4
 501 01d8 34       		.byte	52
 502 01d9 22       		.byte	34
 503 01da 36       		.byte	54
 504 01db 04       		.byte	4
 505 01dc 38       		.byte	56
 506 01dd 12       		.byte	18
 507 01de 39       		.byte	57
 508 01df C0       		.byte	-64
 509 01e0 3C       		.byte	60
 510 01e1 11       		.byte	17
 511 01e2 3D       		.byte	61
 512 01e3 40       		.byte	64
 513 01e4 5E       		.byte	94
ARM GAS  C:\Users\abhim\AppData\Local\Temp\cc2yFcRb.s 			page 10


 514 01e5 20       		.byte	32
 515 01e6 67       		.byte	103
 516 01e7 08       		.byte	8
 517 01e8 6C       		.byte	108
 518 01e9 42       		.byte	66
 519 01ea 6D       		.byte	109
 520 01eb 01       		.byte	1
 521 01ec 6F       		.byte	111
 522 01ed 14       		.byte	20
 523 01ee 76       		.byte	118
 524 01ef 0A       		.byte	10
 525 01f0 7F       		.byte	127
 526 01f1 02       		.byte	2
 527 01f2 83       		.byte	-125
 528 01f3 10       		.byte	16
 529 01f4 84       		.byte	-124
 530 01f5 04       		.byte	4
 531 01f6 87       		.byte	-121
 532 01f7 10       		.byte	16
 533 01f8 8C       		.byte	-116
 534 01f9 40       		.byte	64
 535 01fa 8E       		.byte	-114
 536 01fb 02       		.byte	2
 537 01fc 92       		.byte	-110
 538 01fd 40       		.byte	64
 539 01fe 93       		.byte	-109
 540 01ff 08       		.byte	8
 541 0200 94       		.byte	-108
 542 0201 04       		.byte	4
 543 0202 95       		.byte	-107
 544 0203 80       		.byte	-128
 545 0204 9C       		.byte	-100
 546 0205 05       		.byte	5
 547 0206 9D       		.byte	-99
 548 0207 01       		.byte	1
 549 0208 9E       		.byte	-98
 550 0209 68       		.byte	104
 551 020a A2       		.byte	-94
 552 020b 11       		.byte	17
 553 020c A3       		.byte	-93
 554 020d 02       		.byte	2
 555 020e A7       		.byte	-89
 556 020f 14       		.byte	20
 557 0210 B7       		.byte	-73
 558 0211 08       		.byte	8
 559 0212 C0       		.byte	-64
 560 0213 FB       		.byte	-5
 561 0214 C2       		.byte	-62
 562 0215 FA       		.byte	-6
 563 0216 C4       		.byte	-60
 564 0217 FA       		.byte	-6
 565 0218 CA       		.byte	-54
 566 0219 BD       		.byte	-67
 567 021a CC       		.byte	-52
 568 021b E2       		.byte	-30
 569 021c CE       		.byte	-50
 570 021d BD       		.byte	-67
ARM GAS  C:\Users\abhim\AppData\Local\Temp\cc2yFcRb.s 			page 11


 571 021e D6       		.byte	-42
 572 021f 20       		.byte	32
 573 0220 D8       		.byte	-40
 574 0221 20       		.byte	32
 575 0222 DE       		.byte	-34
 576 0223 10       		.byte	16
 577 0224 E2       		.byte	-30
 578 0225 40       		.byte	64
 579 0226 E6       		.byte	-26
 580 0227 10       		.byte	16
 581 0228 EE       		.byte	-18
 582 0229 04       		.byte	4
 583 022a 04       		.byte	4
 584 022b 40       		.byte	64
 585 022c 05       		.byte	5
 586 022d 13       		.byte	19
 587 022e 07       		.byte	7
 588 022f 6C       		.byte	108
 589 0230 0B       		.byte	11
 590 0231 80       		.byte	-128
 591 0232 0C       		.byte	12
 592 0233 80       		.byte	-128
 593 0234 0E       		.byte	14
 594 0235 0C       		.byte	12
 595 0236 10       		.byte	16
 596 0237 70       		.byte	112
 597 0238 12       		.byte	18
 598 0239 09       		.byte	9
 599 023a 14       		.byte	20
 600 023b 31       		.byte	49
 601 023c 15       		.byte	21
 602 023d 13       		.byte	19
 603 023e 16       		.byte	22
 604 023f 44       		.byte	68
 605 0240 17       		.byte	23
 606 0241 E4       		.byte	-28
 607 0242 18       		.byte	24
 608 0243 24       		.byte	36
 609 0244 19       		.byte	25
 610 0245 03       		.byte	3
 611 0246 1A       		.byte	26
 612 0247 40       		.byte	64
 613 0248 1B       		.byte	27
 614 0249 04       		.byte	4
 615 024a 1C       		.byte	28
 616 024b 02       		.byte	2
 617 024c 1D       		.byte	29
 618 024d CA       		.byte	-54
 619 024e 1F       		.byte	31
 620 024f 34       		.byte	52
 621 0250 20       		.byte	32
 622 0251 50       		.byte	80
 623 0252 23       		.byte	35
 624 0253 35       		.byte	53
 625 0254 28       		.byte	40
 626 0255 41       		.byte	65
 627 0256 2A       		.byte	42
ARM GAS  C:\Users\abhim\AppData\Local\Temp\cc2yFcRb.s 			page 12


 628 0257 30       		.byte	48
 629 0258 2B       		.byte	43
 630 0259 C8       		.byte	-56
 631 025a 30       		.byte	48
 632 025b 7C       		.byte	124
 633 025c 33       		.byte	51
 634 025d 0F       		.byte	15
 635 025e 34       		.byte	52
 636 025f 03       		.byte	3
 637 0260 36       		.byte	54
 638 0261 80       		.byte	-128
 639 0262 37       		.byte	55
 640 0263 F0       		.byte	-16
 641 0264 38       		.byte	56
 642 0265 20       		.byte	32
 643 0266 3B       		.byte	59
 644 0267 88       		.byte	-120
 645 0268 3E       		.byte	62
 646 0269 40       		.byte	64
 647 026a 40       		.byte	64
 648 026b 64       		.byte	100
 649 026c 41       		.byte	65
 650 026d 03       		.byte	3
 651 026e 45       		.byte	69
 652 026f 0C       		.byte	12
 653 0270 46       		.byte	70
 654 0271 0B       		.byte	11
 655 0272 47       		.byte	71
 656 0273 0E       		.byte	14
 657 0274 48       		.byte	72
 658 0275 15       		.byte	21
 659 0276 49       		.byte	73
 660 0277 FF       		.byte	-1
 661 0278 4A       		.byte	74
 662 0279 FF       		.byte	-1
 663 027a 4B       		.byte	75
 664 027b FF       		.byte	-1
 665 027c 4E       		.byte	78
 666 027d F0       		.byte	-16
 667 027e 4F       		.byte	79
 668 027f 44       		.byte	68
 669 0280 50       		.byte	80
 670 0281 0C       		.byte	12
 671 0282 54       		.byte	84
 672 0283 18       		.byte	24
 673 0284 58       		.byte	88
 674 0285 04       		.byte	4
 675 0286 59       		.byte	89
 676 0287 04       		.byte	4
 677 0288 5A       		.byte	90
 678 0289 04       		.byte	4
 679 028a 5B       		.byte	91
 680 028b 04       		.byte	4
 681 028c 5C       		.byte	92
 682 028d 22       		.byte	34
 683 028e 5D       		.byte	93
 684 028f 22       		.byte	34
ARM GAS  C:\Users\abhim\AppData\Local\Temp\cc2yFcRb.s 			page 13


 685 0290 5F       		.byte	95
 686 0291 01       		.byte	1
 687 0292 66       		.byte	102
 688 0293 C0       		.byte	-64
 689 0294 6A       		.byte	106
 690 0295 40       		.byte	64
 691 0296 6B       		.byte	107
 692 0297 02       		.byte	2
 693 0298 82       		.byte	-126
 694 0299 04       		.byte	4
 695 029a 88       		.byte	-120
 696 029b 08       		.byte	8
 697 029c 96       		.byte	-106
 698 029d 04       		.byte	4
 699 029e 97       		.byte	-105
 700 029f 03       		.byte	3
 701 02a0 9A       		.byte	-102
 702 02a1 01       		.byte	1
 703 02a2 9D       		.byte	-99
 704 02a3 01       		.byte	1
 705 02a4 9E       		.byte	-98
 706 02a5 02       		.byte	2
 707 02a6 A4       		.byte	-92
 708 02a7 08       		.byte	8
 709 02a8 A8       		.byte	-88
 710 02a9 01       		.byte	1
 711 02aa B2       		.byte	-78
 712 02ab 08       		.byte	8
 713 02ac B3       		.byte	-77
 714 02ad 01       		.byte	1
 715 02ae B4       		.byte	-76
 716 02af 03       		.byte	3
 717 02b0 B6       		.byte	-74
 718 02b1 04       		.byte	4
 719 02b2 B7       		.byte	-73
 720 02b3 02       		.byte	2
 721 02b4 B8       		.byte	-72
 722 02b5 08       		.byte	8
 723 02b6 BE       		.byte	-66
 724 02b7 44       		.byte	68
 725 02b8 D2       		.byte	-46
 726 02b9 03       		.byte	3
 727 02ba D3       		.byte	-45
 728 02bb 02       		.byte	2
 729 02bc D8       		.byte	-40
 730 02bd 04       		.byte	4
 731 02be D9       		.byte	-39
 732 02bf 0C       		.byte	12
 733 02c0 DB       		.byte	-37
 734 02c1 04       		.byte	4
 735 02c2 DC       		.byte	-36
 736 02c3 19       		.byte	25
 737 02c4 DD       		.byte	-35
 738 02c5 10       		.byte	16
 739 02c6 DF       		.byte	-33
 740 02c7 01       		.byte	1
 741 02c8 00       		.byte	0
ARM GAS  C:\Users\abhim\AppData\Local\Temp\cc2yFcRb.s 			page 14


 742 02c9 40       		.byte	64
 743 02ca 02       		.byte	2
 744 02cb 10       		.byte	16
 745 02cc 05       		.byte	5
 746 02cd 01       		.byte	1
 747 02ce 07       		.byte	7
 748 02cf 08       		.byte	8
 749 02d0 08       		.byte	8
 750 02d1 40       		.byte	64
 751 02d2 0A       		.byte	10
 752 02d3 94       		.byte	-108
 753 02d4 0B       		.byte	11
 754 02d5 02       		.byte	2
 755 02d6 0E       		.byte	14
 756 02d7 08       		.byte	8
 757 02d8 0F       		.byte	15
 758 02d9 21       		.byte	33
 759 02da 10       		.byte	16
 760 02db 80       		.byte	-128
 761 02dc 13       		.byte	19
 762 02dd 10       		.byte	16
 763 02de 17       		.byte	23
 764 02df 24       		.byte	36
 765 02e0 18       		.byte	24
 766 02e1 40       		.byte	64
 767 02e2 19       		.byte	25
 768 02e3 10       		.byte	16
 769 02e4 1A       		.byte	26
 770 02e5 05       		.byte	5
 771 02e6 1D       		.byte	29
 772 02e7 80       		.byte	-128
 773 02e8 1E       		.byte	30
 774 02e9 08       		.byte	8
 775 02ea 1F       		.byte	31
 776 02eb 04       		.byte	4
 777 02ec 21       		.byte	33
 778 02ed 04       		.byte	4
 779 02ee 22       		.byte	34
 780 02ef 40       		.byte	64
 781 02f0 23       		.byte	35
 782 02f1 10       		.byte	16
 783 02f2 26       		.byte	38
 784 02f3 88       		.byte	-120
 785 02f4 27       		.byte	39
 786 02f5 20       		.byte	32
 787 02f6 28       		.byte	40
 788 02f7 40       		.byte	64
 789 02f8 29       		.byte	41
 790 02f9 10       		.byte	16
 791 02fa 30       		.byte	48
 792 02fb 20       		.byte	32
 793 02fc 31       		.byte	49
 794 02fd 04       		.byte	4
 795 02fe 32       		.byte	50
 796 02ff 40       		.byte	64
 797 0300 36       		.byte	54
 798 0301 84       		.byte	-124
ARM GAS  C:\Users\abhim\AppData\Local\Temp\cc2yFcRb.s 			page 15


 799 0302 39       		.byte	57
 800 0303 08       		.byte	8
 801 0304 3A       		.byte	58
 802 0305 10       		.byte	16
 803 0306 41       		.byte	65
 804 0307 01       		.byte	1
 805 0308 42       		.byte	66
 806 0309 10       		.byte	16
 807 030a 48       		.byte	72
 808 030b 30       		.byte	48
 809 030c 4B       		.byte	75
 810 030d 10       		.byte	16
 811 030e 50       		.byte	80
 812 030f 80       		.byte	-128
 813 0310 53       		.byte	83
 814 0311 08       		.byte	8
 815 0312 58       		.byte	88
 816 0313 01       		.byte	1
 817 0314 60       		.byte	96
 818 0315 04       		.byte	4
 819 0316 61       		.byte	97
 820 0317 80       		.byte	-128
 821 0318 6E       		.byte	110
 822 0319 20       		.byte	32
 823 031a 6F       		.byte	111
 824 031b 06       		.byte	6
 825 031c 7F       		.byte	127
 826 031d 02       		.byte	2
 827 031e 86       		.byte	-122
 828 031f 01       		.byte	1
 829 0320 8E       		.byte	-114
 830 0321 48       		.byte	72
 831 0322 91       		.byte	-111
 832 0323 02       		.byte	2
 833 0324 92       		.byte	-110
 834 0325 10       		.byte	16
 835 0326 93       		.byte	-109
 836 0327 03       		.byte	3
 837 0328 95       		.byte	-107
 838 0329 88       		.byte	-120
 839 032a 96       		.byte	-106
 840 032b 84       		.byte	-124
 841 032c 99       		.byte	-103
 842 032d 04       		.byte	4
 843 032e 9A       		.byte	-102
 844 032f 10       		.byte	16
 845 0330 9C       		.byte	-100
 846 0331 04       		.byte	4
 847 0332 9E       		.byte	-98
 848 0333 68       		.byte	104
 849 0334 A2       		.byte	-94
 850 0335 01       		.byte	1
 851 0336 A4       		.byte	-92
 852 0337 10       		.byte	16
 853 0338 A7       		.byte	-89
 854 0339 0C       		.byte	12
 855 033a B0       		.byte	-80
ARM GAS  C:\Users\abhim\AppData\Local\Temp\cc2yFcRb.s 			page 16


 856 033b 82       		.byte	-126
 857 033c B1       		.byte	-79
 858 033d 20       		.byte	32
 859 033e B3       		.byte	-77
 860 033f 08       		.byte	8
 861 0340 C0       		.byte	-64
 862 0341 55       		.byte	85
 863 0342 C2       		.byte	-62
 864 0343 EF       		.byte	-17
 865 0344 C4       		.byte	-60
 866 0345 6A       		.byte	106
 867 0346 CA       		.byte	-54
 868 0347 05       		.byte	5
 869 0348 CC       		.byte	-52
 870 0349 5E       		.byte	94
 871 034a CE       		.byte	-50
 872 034b 06       		.byte	6
 873 034c D0       		.byte	-48
 874 034d 03       		.byte	3
 875 034e D2       		.byte	-46
 876 034f 04       		.byte	4
 877 0350 D6       		.byte	-42
 878 0351 01       		.byte	1
 879 0352 D8       		.byte	-40
 880 0353 0C       		.byte	12
 881 0354 DE       		.byte	-34
 882 0355 10       		.byte	16
 883 0356 E0       		.byte	-32
 884 0357 08       		.byte	8
 885 0358 E6       		.byte	-26
 886 0359 40       		.byte	64
 887 035a EC       		.byte	-20
 888 035b 80       		.byte	-128
 889 035c 56       		.byte	86
 890 035d 08       		.byte	8
 891 035e 58       		.byte	88
 892 035f 04       		.byte	4
 893 0360 59       		.byte	89
 894 0361 04       		.byte	4
 895 0362 5B       		.byte	91
 896 0363 04       		.byte	4
 897 0364 5C       		.byte	92
 898 0365 11       		.byte	17
 899 0366 5D       		.byte	93
 900 0367 90       		.byte	-112
 901 0368 5F       		.byte	95
 902 0369 01       		.byte	1
 903 036a 83       		.byte	-125
 904 036b 01       		.byte	1
 905 036c 85       		.byte	-123
 906 036d 03       		.byte	3
 907 036e 8A       		.byte	-118
 908 036f 08       		.byte	8
 909 0370 90       		.byte	-112
 910 0371 06       		.byte	6
 911 0372 92       		.byte	-110
 912 0373 09       		.byte	9
ARM GAS  C:\Users\abhim\AppData\Local\Temp\cc2yFcRb.s 			page 17


 913 0374 94       		.byte	-108
 914 0375 08       		.byte	8
 915 0376 95       		.byte	-107
 916 0377 04       		.byte	4
 917 0378 96       		.byte	-106
 918 0379 03       		.byte	3
 919 037a 9A       		.byte	-102
 920 037b 06       		.byte	6
 921 037c 9D       		.byte	-99
 922 037d 02       		.byte	2
 923 037e 9E       		.byte	-98
 924 037f 09       		.byte	9
 925 0380 A5       		.byte	-91
 926 0381 03       		.byte	3
 927 0382 A6       		.byte	-90
 928 0383 02       		.byte	2
 929 0384 A8       		.byte	-88
 930 0385 08       		.byte	8
 931 0386 AA       		.byte	-86
 932 0387 05       		.byte	5
 933 0388 B0       		.byte	-80
 934 0389 08       		.byte	8
 935 038a B1       		.byte	-79
 936 038b 03       		.byte	3
 937 038c B2       		.byte	-78
 938 038d 07       		.byte	7
 939 038e B3       		.byte	-77
 940 038f 04       		.byte	4
 941 0390 B9       		.byte	-71
 942 0391 02       		.byte	2
 943 0392 BA       		.byte	-70
 944 0393 08       		.byte	8
 945 0394 BE       		.byte	-66
 946 0395 01       		.byte	1
 947 0396 BF       		.byte	-65
 948 0397 05       		.byte	5
 949 0398 C0       		.byte	-64
 950 0399 04       		.byte	4
 951 039a C6       		.byte	-58
 952 039b 40       		.byte	64
 953 039c C9       		.byte	-55
 954 039d FF       		.byte	-1
 955 039e CA       		.byte	-54
 956 039f 07       		.byte	7
 957 03a0 CB       		.byte	-53
 958 03a1 FF       		.byte	-1
 959 03a2 CC       		.byte	-52
 960 03a3 40       		.byte	64
 961 03a4 CD       		.byte	-51
 962 03a5 20       		.byte	32
 963 03a6 CE       		.byte	-50
 964 03a7 F0       		.byte	-16
 965 03a8 CF       		.byte	-49
 966 03a9 05       		.byte	5
 967 03aa D0       		.byte	-48
 968 03ab 08       		.byte	8
 969 03ac D4       		.byte	-44
ARM GAS  C:\Users\abhim\AppData\Local\Temp\cc2yFcRb.s 			page 18


 970 03ad 01       		.byte	1
 971 03ae D8       		.byte	-40
 972 03af 04       		.byte	4
 973 03b0 D9       		.byte	-39
 974 03b1 04       		.byte	4
 975 03b2 DA       		.byte	-38
 976 03b3 04       		.byte	4
 977 03b4 DB       		.byte	-37
 978 03b5 04       		.byte	4
 979 03b6 DC       		.byte	-36
 980 03b7 12       		.byte	18
 981 03b8 DD       		.byte	-35
 982 03b9 22       		.byte	34
 983 03ba DF       		.byte	-33
 984 03bb 01       		.byte	1
 985 03bc E0       		.byte	-32
 986 03bd 40       		.byte	64
 987 03be E1       		.byte	-31
 988 03bf A8       		.byte	-88
 989 03c0 E2       		.byte	-30
 990 03c1 40       		.byte	64
 991 03c2 E3       		.byte	-29
 992 03c3 20       		.byte	32
 993 03c4 00       		.byte	0
 994 03c5 20       		.byte	32
 995 03c6 01       		.byte	1
 996 03c7 20       		.byte	32
 997 03c8 06       		.byte	6
 998 03c9 20       		.byte	32
 999 03ca 0A       		.byte	10
 1000 03cb 94       		.byte	-108
 1001 03cc 0B       		.byte	11
 1002 03cd 02       		.byte	2
 1003 03ce 0C       		.byte	12
 1004 03cf 41       		.byte	65
 1005 03d0 0E       		.byte	14
 1006 03d1 02       		.byte	2
 1007 03d2 0F       		.byte	15
 1008 03d3 08       		.byte	8
 1009 03d4 12       		.byte	18
 1010 03d5 14       		.byte	20
 1011 03d6 14       		.byte	20
 1012 03d7 04       		.byte	4
 1013 03d8 16       		.byte	22
 1014 03d9 42       		.byte	66
 1015 03da 19       		.byte	25
 1016 03db 04       		.byte	4
 1017 03dc 1A       		.byte	26
 1018 03dd 50       		.byte	80
 1019 03de 20       		.byte	32
 1020 03df 40       		.byte	64
 1021 03e0 22       		.byte	34
 1022 03e1 04       		.byte	4
 1023 03e2 28       		.byte	40
 1024 03e3 40       		.byte	64
 1025 03e4 29       		.byte	41
 1026 03e5 04       		.byte	4
ARM GAS  C:\Users\abhim\AppData\Local\Temp\cc2yFcRb.s 			page 19


 1027 03e6 2B       		.byte	43
 1028 03e7 06       		.byte	6
 1029 03e8 2C       		.byte	44
 1030 03e9 81       		.byte	-127
 1031 03ea 2E       		.byte	46
 1032 03eb 02       		.byte	2
 1033 03ec 30       		.byte	48
 1034 03ed 01       		.byte	1
 1035 03ee 31       		.byte	49
 1036 03ef 20       		.byte	32
 1037 03f0 32       		.byte	50
 1038 03f1 40       		.byte	64
 1039 03f2 33       		.byte	51
 1040 03f3 08       		.byte	8
 1041 03f4 34       		.byte	52
 1042 03f5 04       		.byte	4
 1043 03f6 36       		.byte	54
 1044 03f7 01       		.byte	1
 1045 03f8 39       		.byte	57
 1046 03f9 0A       		.byte	10
 1047 03fa 3A       		.byte	58
 1048 03fb 64       		.byte	100
 1049 03fc 3B       		.byte	59
 1050 03fd 42       		.byte	66
 1051 03fe 3E       		.byte	62
 1052 03ff 20       		.byte	32
 1053 0400 3F       		.byte	63
 1054 0401 48       		.byte	72
 1055 0402 40       		.byte	64
 1056 0403 40       		.byte	64
 1057 0404 4B       		.byte	75
 1058 0405 02       		.byte	2
 1059 0406 52       		.byte	82
 1060 0407 10       		.byte	16
 1061 0408 58       		.byte	88
 1062 0409 02       		.byte	2
 1063 040a 59       		.byte	89
 1064 040b 20       		.byte	32
 1065 040c 5A       		.byte	90
 1066 040d 48       		.byte	72
 1067 040e 5D       		.byte	93
 1068 040f 80       		.byte	-128
 1069 0410 67       		.byte	103
 1070 0411 01       		.byte	1
 1071 0412 84       		.byte	-124
 1072 0413 04       		.byte	4
 1073 0414 87       		.byte	-121
 1074 0415 02       		.byte	2
 1075 0416 8D       		.byte	-115
 1076 0417 80       		.byte	-128
 1077 0418 95       		.byte	-107
 1078 0419 80       		.byte	-128
 1079 041a 98       		.byte	-104
 1080 041b 01       		.byte	1
 1081 041c 9C       		.byte	-100
 1082 041d 04       		.byte	4
 1083 041e 9E       		.byte	-98
ARM GAS  C:\Users\abhim\AppData\Local\Temp\cc2yFcRb.s 			page 20


 1084 041f 68       		.byte	104
 1085 0420 A2       		.byte	-94
 1086 0421 01       		.byte	1
 1087 0422 A5       		.byte	-91
 1088 0423 20       		.byte	32
 1089 0424 A7       		.byte	-89
 1090 0425 04       		.byte	4
 1091 0426 AF       		.byte	-81
 1092 0427 08       		.byte	8
 1093 0428 C0       		.byte	-64
 1094 0429 22       		.byte	34
 1095 042a C2       		.byte	-62
 1096 042b DF       		.byte	-33
 1097 042c C4       		.byte	-60
 1098 042d D6       		.byte	-42
 1099 042e CA       		.byte	-54
 1100 042f 9F       		.byte	-97
 1101 0430 CC       		.byte	-52
 1102 0431 CF       		.byte	-49
 1103 0432 CE       		.byte	-50
 1104 0433 7F       		.byte	127
 1105 0434 D0       		.byte	-48
 1106 0435 01       		.byte	1
 1107 0436 D6       		.byte	-42
 1108 0437 1F       		.byte	31
 1109 0438 D8       		.byte	-40
 1110 0439 10       		.byte	16
 1111 043a E4       		.byte	-28
 1112 043b 40       		.byte	64
 1113 043c EC       		.byte	-20
 1114 043d 02       		.byte	2
 1115 043e 07       		.byte	7
 1116 043f 01       		.byte	1
 1117 0440 12       		.byte	18
 1118 0441 08       		.byte	8
 1119 0442 18       		.byte	24
 1120 0443 01       		.byte	1
 1121 0444 1E       		.byte	30
 1122 0445 04       		.byte	4
 1123 0446 23       		.byte	35
 1124 0447 01       		.byte	1
 1125 0448 26       		.byte	38
 1126 0449 07       		.byte	7
 1127 044a 30       		.byte	48
 1128 044b 01       		.byte	1
 1129 044c 32       		.byte	50
 1130 044d 04       		.byte	4
 1131 044e 33       		.byte	51
 1132 044f 01       		.byte	1
 1133 0450 34       		.byte	52
 1134 0451 02       		.byte	2
 1135 0452 36       		.byte	54
 1136 0453 08       		.byte	8
 1137 0454 3F       		.byte	63
 1138 0455 04       		.byte	4
 1139 0456 40       		.byte	64
 1140 0457 10       		.byte	16
ARM GAS  C:\Users\abhim\AppData\Local\Temp\cc2yFcRb.s 			page 21


 1141 0458 41       		.byte	65
 1142 0459 06       		.byte	6
 1143 045a 45       		.byte	69
 1144 045b D1       		.byte	-47
 1145 045c 47       		.byte	71
 1146 045d 02       		.byte	2
 1147 045e 48       		.byte	72
 1148 045f 13       		.byte	19
 1149 0460 49       		.byte	73
 1150 0461 FF       		.byte	-1
 1151 0462 4A       		.byte	74
 1152 0463 FF       		.byte	-1
 1153 0464 4B       		.byte	75
 1154 0465 FF       		.byte	-1
 1155 0466 4D       		.byte	77
 1156 0467 A0       		.byte	-96
 1157 0468 4F       		.byte	79
 1158 0469 04       		.byte	4
 1159 046a 50       		.byte	80
 1160 046b 18       		.byte	24
 1161 046c 52       		.byte	82
 1162 046d 80       		.byte	-128
 1163 046e 54       		.byte	84
 1164 046f 05       		.byte	5
 1165 0470 58       		.byte	88
 1166 0471 04       		.byte	4
 1167 0472 59       		.byte	89
 1168 0473 04       		.byte	4
 1169 0474 5A       		.byte	90
 1170 0475 04       		.byte	4
 1171 0476 5B       		.byte	91
 1172 0477 04       		.byte	4
 1173 0478 5C       		.byte	92
 1174 0479 10       		.byte	16
 1175 047a 5F       		.byte	95
 1176 047b 01       		.byte	1
 1177 047c 60       		.byte	96
 1178 047d 40       		.byte	64
 1179 047e 62       		.byte	98
 1180 047f C0       		.byte	-64
 1181 0480 64       		.byte	100
 1182 0481 40       		.byte	64
 1183 0482 65       		.byte	101
 1184 0483 40       		.byte	64
 1185 0484 66       		.byte	102
 1186 0485 C0       		.byte	-64
 1187 0486 68       		.byte	104
 1188 0487 C0       		.byte	-64
 1189 0488 6A       		.byte	106
 1190 0489 C0       		.byte	-64
 1191 048a 6C       		.byte	108
 1192 048b C0       		.byte	-64
 1193 048c 6E       		.byte	110
 1194 048d C0       		.byte	-64
 1195 048e 8A       		.byte	-118
 1196 048f 01       		.byte	1
 1197 0490 B6       		.byte	-74
ARM GAS  C:\Users\abhim\AppData\Local\Temp\cc2yFcRb.s 			page 22


 1198 0491 01       		.byte	1
 1199 0492 D8       		.byte	-40
 1200 0493 04       		.byte	4
 1201 0494 D9       		.byte	-39
 1202 0495 04       		.byte	4
 1203 0496 DC       		.byte	-36
 1204 0497 11       		.byte	17
 1205 0498 DF       		.byte	-33
 1206 0499 01       		.byte	1
 1207 049a 06       		.byte	6
 1208 049b 28       		.byte	40
 1209 049c 09       		.byte	9
 1210 049d 02       		.byte	2
 1211 049e 0A       		.byte	10
 1212 049f 05       		.byte	5
 1213 04a0 0C       		.byte	12
 1214 04a1 04       		.byte	4
 1215 04a2 0E       		.byte	14
 1216 04a3 02       		.byte	2
 1217 04a4 0F       		.byte	15
 1218 04a5 08       		.byte	8
 1219 04a6 10       		.byte	16
 1220 04a7 20       		.byte	32
 1221 04a8 14       		.byte	20
 1222 04a9 11       		.byte	17
 1223 04aa 15       		.byte	21
 1224 04ab 80       		.byte	-128
 1225 04ac 16       		.byte	22
 1226 04ad 40       		.byte	64
 1227 04ae 1A       		.byte	26
 1228 04af 45       		.byte	69
 1229 04b0 1B       		.byte	27
 1230 04b1 48       		.byte	72
 1231 04b2 1C       		.byte	28
 1232 04b3 01       		.byte	1
 1233 04b4 1E       		.byte	30
 1234 04b5 02       		.byte	2
 1235 04b6 22       		.byte	34
 1236 04b7 04       		.byte	4
 1237 04b8 2B       		.byte	43
 1238 04b9 44       		.byte	68
 1239 04ba 2C       		.byte	44
 1240 04bb 01       		.byte	1
 1241 04bc 30       		.byte	48
 1242 04bd 15       		.byte	21
 1243 04be 31       		.byte	49
 1244 04bf 20       		.byte	32
 1245 04c0 33       		.byte	51
 1246 04c1 10       		.byte	16
 1247 04c2 34       		.byte	52
 1248 04c3 04       		.byte	4
 1249 04c4 36       		.byte	54
 1250 04c5 01       		.byte	1
 1251 04c6 37       		.byte	55
 1252 04c7 10       		.byte	16
 1253 04c8 38       		.byte	56
 1254 04c9 09       		.byte	9
ARM GAS  C:\Users\abhim\AppData\Local\Temp\cc2yFcRb.s 			page 23


 1255 04ca 3A       		.byte	58
 1256 04cb 60       		.byte	96
 1257 04cc 3B       		.byte	59
 1258 04cd 40       		.byte	64
 1259 04ce 3E       		.byte	62
 1260 04cf 20       		.byte	32
 1261 04d0 3F       		.byte	63
 1262 04d1 48       		.byte	72
 1263 04d2 42       		.byte	66
 1264 04d3 01       		.byte	1
 1265 04d4 48       		.byte	72
 1266 04d5 28       		.byte	40
 1267 04d6 49       		.byte	73
 1268 04d7 01       		.byte	1
 1269 04d8 50       		.byte	80
 1270 04d9 0C       		.byte	12
 1271 04da 59       		.byte	89
 1272 04db 01       		.byte	1
 1273 04dc 5A       		.byte	90
 1274 04dd 48       		.byte	72
 1275 04de 71       		.byte	113
 1276 04df 02       		.byte	2
 1277 04e0 C0       		.byte	-64
 1278 04e1 60       		.byte	96
 1279 04e2 C2       		.byte	-62
 1280 04e3 EB       		.byte	-21
 1281 04e4 C4       		.byte	-60
 1282 04e5 B4       		.byte	-76
 1283 04e6 CA       		.byte	-54
 1284 04e7 15       		.byte	21
 1285 04e8 CC       		.byte	-52
 1286 04e9 E7       		.byte	-25
 1287 04ea CE       		.byte	-50
 1288 04eb 7F       		.byte	127
 1289 04ec D0       		.byte	-48
 1290 04ed 08       		.byte	8
 1291 04ee D2       		.byte	-46
 1292 04ef 04       		.byte	4
 1293 04f0 D6       		.byte	-42
 1294 04f1 0B       		.byte	11
 1295 04f2 B4       		.byte	-76
 1296 04f3 40       		.byte	64
 1297 04f4 EC       		.byte	-20
 1298 04f5 20       		.byte	32
 1299 04f6 58       		.byte	88
 1300 04f7 04       		.byte	4
 1301 04f8 59       		.byte	89
 1302 04f9 04       		.byte	4
 1303 04fa 5C       		.byte	92
 1304 04fb 11       		.byte	17
 1305 04fc 5F       		.byte	95
 1306 04fd 01       		.byte	1
 1307 04fe 9B       		.byte	-101
 1308 04ff 01       		.byte	1
 1309 0500 AB       		.byte	-85
 1310 0501 02       		.byte	2
 1311 0502 B1       		.byte	-79
ARM GAS  C:\Users\abhim\AppData\Local\Temp\cc2yFcRb.s 			page 24


 1312 0503 02       		.byte	2
 1313 0504 B3       		.byte	-77
 1314 0505 01       		.byte	1
 1315 0506 D8       		.byte	-40
 1316 0507 04       		.byte	4
 1317 0508 D9       		.byte	-39
 1318 0509 04       		.byte	4
 1319 050a DC       		.byte	-36
 1320 050b 11       		.byte	17
 1321 050c DF       		.byte	-33
 1322 050d 01       		.byte	1
 1323 050e 00       		.byte	0
 1324 050f 50       		.byte	80
 1325 0510 03       		.byte	3
 1326 0511 10       		.byte	16
 1327 0512 04       		.byte	4
 1328 0513 50       		.byte	80
 1329 0514 06       		.byte	6
 1330 0515 08       		.byte	8
 1331 0516 07       		.byte	7
 1332 0517 10       		.byte	16
 1333 0518 09       		.byte	9
 1334 0519 08       		.byte	8
 1335 051a 0A       		.byte	10
 1336 051b 01       		.byte	1
 1337 051c 0C       		.byte	12
 1338 051d 02       		.byte	2
 1339 051e 0E       		.byte	14
 1340 051f 09       		.byte	9
 1341 0520 0F       		.byte	15
 1342 0521 04       		.byte	4
 1343 0522 10       		.byte	16
 1344 0523 02       		.byte	2
 1345 0524 12       		.byte	18
 1346 0525 80       		.byte	-128
 1347 0526 17       		.byte	23
 1348 0527 20       		.byte	32
 1349 0528 20       		.byte	32
 1350 0529 40       		.byte	64
 1351 052a 21       		.byte	33
 1352 052b 08       		.byte	8
 1353 052c 23       		.byte	35
 1354 052d 20       		.byte	32
 1355 052e 28       		.byte	40
 1356 052f 08       		.byte	8
 1357 0530 2A       		.byte	42
 1358 0531 08       		.byte	8
 1359 0532 2B       		.byte	43
 1360 0533 42       		.byte	66
 1361 0534 2E       		.byte	46
 1362 0535 09       		.byte	9
 1363 0536 2F       		.byte	47
 1364 0537 02       		.byte	2
 1365 0538 30       		.byte	48
 1366 0539 22       		.byte	34
 1367 053a 31       		.byte	49
 1368 053b 08       		.byte	8
ARM GAS  C:\Users\abhim\AppData\Local\Temp\cc2yFcRb.s 			page 25


 1369 053c 32       		.byte	50
 1370 053d 80       		.byte	-128
 1371 053e 36       		.byte	54
 1372 053f 80       		.byte	-128
 1373 0540 37       		.byte	55
 1374 0541 20       		.byte	32
 1375 0542 38       		.byte	56
 1376 0543 40       		.byte	64
 1377 0544 3C       		.byte	60
 1378 0545 60       		.byte	96
 1379 0546 82       		.byte	-126
 1380 0547 84       		.byte	-124
 1381 0548 88       		.byte	-120
 1382 0549 12       		.byte	18
 1383 054a 8F       		.byte	-113
 1384 054b 20       		.byte	32
 1385 054c 92       		.byte	-110
 1386 054d 01       		.byte	1
 1387 054e 94       		.byte	-108
 1388 054f 40       		.byte	64
 1389 0550 97       		.byte	-105
 1390 0551 04       		.byte	4
 1391 0552 98       		.byte	-104
 1392 0553 08       		.byte	8
 1393 0554 9A       		.byte	-102
 1394 0555 08       		.byte	8
 1395 0556 9B       		.byte	-101
 1396 0557 10       		.byte	16
 1397 0558 A0       		.byte	-96
 1398 0559 30       		.byte	48
 1399 055a A3       		.byte	-93
 1400 055b 42       		.byte	66
 1401 055c A5       		.byte	-91
 1402 055d 08       		.byte	8
 1403 055e A6       		.byte	-90
 1404 055f 80       		.byte	-128
 1405 0560 A8       		.byte	-88
 1406 0561 80       		.byte	-128
 1407 0562 A9       		.byte	-87
 1408 0563 80       		.byte	-128
 1409 0564 AB       		.byte	-85
 1410 0565 12       		.byte	18
 1411 0566 B2       		.byte	-78
 1412 0567 20       		.byte	32
 1413 0568 B5       		.byte	-75
 1414 0569 20       		.byte	32
 1415 056a B6       		.byte	-74
 1416 056b 08       		.byte	8
 1417 056c C0       		.byte	-64
 1418 056d E7       		.byte	-25
 1419 056e C2       		.byte	-62
 1420 056f D5       		.byte	-43
 1421 0570 C4       		.byte	-60
 1422 0571 49       		.byte	73
 1423 0572 CA       		.byte	-54
 1424 0573 DF       		.byte	-33
 1425 0574 CC       		.byte	-52
ARM GAS  C:\Users\abhim\AppData\Local\Temp\cc2yFcRb.s 			page 26


 1426 0575 3F       		.byte	63
 1427 0576 CE       		.byte	-50
 1428 0577 38       		.byte	56
 1429 0578 E6       		.byte	-26
 1430 0579 04       		.byte	4
 1431 057a EA       		.byte	-22
 1432 057b 04       		.byte	4
 1433 057c EE       		.byte	-18
 1434 057d 01       		.byte	1
 1435 057e 01       		.byte	1
 1436 057f 41       		.byte	65
 1437 0580 03       		.byte	3
 1438 0581 20       		.byte	32
 1439 0582 04       		.byte	4
 1440 0583 01       		.byte	1
 1441 0584 05       		.byte	5
 1442 0585 82       		.byte	-126
 1443 0586 08       		.byte	8
 1444 0587 01       		.byte	1
 1445 0588 09       		.byte	9
 1446 0589 D3       		.byte	-45
 1447 058a 0B       		.byte	11
 1448 058b 0C       		.byte	12
 1449 058c 0D       		.byte	13
 1450 058d DF       		.byte	-33
 1451 058e 10       		.byte	16
 1452 058f 01       		.byte	1
 1453 0590 11       		.byte	17
 1454 0591 C3       		.byte	-61
 1455 0592 15       		.byte	21
 1456 0593 0C       		.byte	12
 1457 0594 17       		.byte	23
 1458 0595 D3       		.byte	-45
 1459 0596 19       		.byte	25
 1460 0597 0C       		.byte	12
 1461 0598 23       		.byte	35
 1462 0599 C3       		.byte	-61
 1463 059a 24       		.byte	36
 1464 059b 01       		.byte	1
 1465 059c 25       		.byte	37
 1466 059d 04       		.byte	4
 1467 059e 29       		.byte	41
 1468 059f 0F       		.byte	15
 1469 05a0 2B       		.byte	43
 1470 05a1 D0       		.byte	-48
 1471 05a2 2D       		.byte	45
 1472 05a3 08       		.byte	8
 1473 05a4 31       		.byte	49
 1474 05a5 C0       		.byte	-64
 1475 05a6 33       		.byte	51
 1476 05a7 20       		.byte	32
 1477 05a8 35       		.byte	53
 1478 05a9 0F       		.byte	15
 1479 05aa 36       		.byte	54
 1480 05ab 01       		.byte	1
 1481 05ac 37       		.byte	55
 1482 05ad 10       		.byte	16
ARM GAS  C:\Users\abhim\AppData\Local\Temp\cc2yFcRb.s 			page 27


 1483 05ae 39       		.byte	57
 1484 05af 80       		.byte	-128
 1485 05b0 3B       		.byte	59
 1486 05b1 20       		.byte	32
 1487 05b2 3E       		.byte	62
 1488 05b3 40       		.byte	64
 1489 05b4 54       		.byte	84
 1490 05b5 01       		.byte	1
 1491 05b6 58       		.byte	88
 1492 05b7 04       		.byte	4
 1493 05b8 59       		.byte	89
 1494 05b9 04       		.byte	4
 1495 05ba 5B       		.byte	91
 1496 05bb 0C       		.byte	12
 1497 05bc 5C       		.byte	92
 1498 05bd 21       		.byte	33
 1499 05be 5D       		.byte	93
 1500 05bf 10       		.byte	16
 1501 05c0 5F       		.byte	95
 1502 05c1 01       		.byte	1
 1503 05c2 82       		.byte	-126
 1504 05c3 01       		.byte	1
 1505 05c4 AE       		.byte	-82
 1506 05c5 01       		.byte	1
 1507 05c6 B4       		.byte	-76
 1508 05c7 01       		.byte	1
 1509 05c8 BE       		.byte	-66
 1510 05c9 10       		.byte	16
 1511 05ca D8       		.byte	-40
 1512 05cb 04       		.byte	4
 1513 05cc D9       		.byte	-39
 1514 05cd 04       		.byte	4
 1515 05ce DC       		.byte	-36
 1516 05cf 11       		.byte	17
 1517 05d0 DF       		.byte	-33
 1518 05d1 01       		.byte	1
 1519 05d2 00       		.byte	0
 1520 05d3 10       		.byte	16
 1521 05d4 01       		.byte	1
 1522 05d5 48       		.byte	72
 1523 05d6 02       		.byte	2
 1524 05d7 80       		.byte	-128
 1525 05d8 04       		.byte	4
 1526 05d9 02       		.byte	2
 1527 05da 05       		.byte	5
 1528 05db 34       		.byte	52
 1529 05dc 06       		.byte	6
 1530 05dd 01       		.byte	1
 1531 05de 08       		.byte	8
 1532 05df 16       		.byte	22
 1533 05e0 0C       		.byte	12
 1534 05e1 44       		.byte	68
 1535 05e2 0D       		.byte	13
 1536 05e3 02       		.byte	2
 1537 05e4 0F       		.byte	15
 1538 05e5 88       		.byte	-120
 1539 05e6 10       		.byte	16
ARM GAS  C:\Users\abhim\AppData\Local\Temp\cc2yFcRb.s 			page 28


 1540 05e7 42       		.byte	66
 1541 05e8 15       		.byte	21
 1542 05e9 80       		.byte	-128
 1543 05ea 16       		.byte	22
 1544 05eb 60       		.byte	96
 1545 05ec 17       		.byte	23
 1546 05ed 04       		.byte	4
 1547 05ee 18       		.byte	24
 1548 05ef 04       		.byte	4
 1549 05f0 1E       		.byte	30
 1550 05f1 01       		.byte	1
 1551 05f2 26       		.byte	38
 1552 05f3 80       		.byte	-128
 1553 05f4 27       		.byte	39
 1554 05f5 54       		.byte	84
 1555 05f6 28       		.byte	40
 1556 05f7 42       		.byte	66
 1557 05f8 2A       		.byte	42
 1558 05f9 40       		.byte	64
 1559 05fa 2B       		.byte	43
 1560 05fb 04       		.byte	4
 1561 05fc 2D       		.byte	45
 1562 05fd A1       		.byte	-95
 1563 05fe 2E       		.byte	46
 1564 05ff 08       		.byte	8
 1565 0600 30       		.byte	48
 1566 0601 34       		.byte	52
 1567 0602 35       		.byte	53
 1568 0603 04       		.byte	4
 1569 0604 37       		.byte	55
 1570 0605 22       		.byte	34
 1571 0606 38       		.byte	56
 1572 0607 12       		.byte	18
 1573 0608 3D       		.byte	61
 1574 0609 08       		.byte	8
 1575 060a 3E       		.byte	62
 1576 060b 22       		.byte	34
 1577 060c 3F       		.byte	63
 1578 060d 80       		.byte	-128
 1579 060e 44       		.byte	68
 1580 060f 01       		.byte	1
 1581 0610 47       		.byte	71
 1582 0611 40       		.byte	64
 1583 0612 5E       		.byte	94
 1584 0613 40       		.byte	64
 1585 0614 7F       		.byte	127
 1586 0615 02       		.byte	2
 1587 0616 80       		.byte	-128
 1588 0617 01       		.byte	1
 1589 0618 81       		.byte	-127
 1590 0619 40       		.byte	64
 1591 061a 8A       		.byte	-118
 1592 061b 40       		.byte	64
 1593 061c 8C       		.byte	-116
 1594 061d 20       		.byte	32
 1595 061e 8D       		.byte	-115
 1596 061f 40       		.byte	64
ARM GAS  C:\Users\abhim\AppData\Local\Temp\cc2yFcRb.s 			page 29


 1597 0620 90       		.byte	-112
 1598 0621 12       		.byte	18
 1599 0622 92       		.byte	-110
 1600 0623 40       		.byte	64
 1601 0624 94       		.byte	-108
 1602 0625 04       		.byte	4
 1603 0626 95       		.byte	-107
 1604 0627 80       		.byte	-128
 1605 0628 98       		.byte	-104
 1606 0629 44       		.byte	68
 1607 062a 9A       		.byte	-102
 1608 062b 01       		.byte	1
 1609 062c 9C       		.byte	-100
 1610 062d 03       		.byte	3
 1611 062e 9D       		.byte	-99
 1612 062f 01       		.byte	1
 1613 0630 A1       		.byte	-95
 1614 0631 02       		.byte	2
 1615 0632 A3       		.byte	-93
 1616 0633 02       		.byte	2
 1617 0634 A7       		.byte	-89
 1618 0635 14       		.byte	20
 1619 0636 A8       		.byte	-88
 1620 0637 10       		.byte	16
 1621 0638 AA       		.byte	-86
 1622 0639 29       		.byte	41
 1623 063a B1       		.byte	-79
 1624 063b 20       		.byte	32
 1625 063c B6       		.byte	-74
 1626 063d 01       		.byte	1
 1627 063e C0       		.byte	-64
 1628 063f FF       		.byte	-1
 1629 0640 C2       		.byte	-62
 1630 0641 FE       		.byte	-2
 1631 0642 C4       		.byte	-60
 1632 0643 B9       		.byte	-71
 1633 0644 CA       		.byte	-54
 1634 0645 FD       		.byte	-3
 1635 0646 CC       		.byte	-52
 1636 0647 E6       		.byte	-26
 1637 0648 CE       		.byte	-50
 1638 0649 F5       		.byte	-11
 1639 064a D6       		.byte	-42
 1640 064b 10       		.byte	16
 1641 064c DE       		.byte	-34
 1642 064d 10       		.byte	16
 1643 064e E4       		.byte	-28
 1644 064f 90       		.byte	-112
 1645 0650 EA       		.byte	-22
 1646 0651 10       		.byte	16
 1647 0652 EE       		.byte	-18
 1648 0653 80       		.byte	-128
 1649 0654 58       		.byte	88
 1650 0655 04       		.byte	4
 1651 0656 59       		.byte	89
 1652 0657 04       		.byte	4
 1653 0658 5C       		.byte	92
ARM GAS  C:\Users\abhim\AppData\Local\Temp\cc2yFcRb.s 			page 30


 1654 0659 11       		.byte	17
 1655 065a 5F       		.byte	95
 1656 065b 01       		.byte	1
 1657 065c 81       		.byte	-127
 1658 065d 12       		.byte	18
 1659 065e 83       		.byte	-125
 1660 065f 8C       		.byte	-116
 1661 0660 84       		.byte	-124
 1662 0661 18       		.byte	24
 1663 0662 85       		.byte	-123
 1664 0663 3F       		.byte	63
 1665 0664 88       		.byte	-120
 1666 0665 08       		.byte	8
 1667 0666 89       		.byte	-119
 1668 0667 3F       		.byte	63
 1669 0668 8C       		.byte	-116
 1670 0669 04       		.byte	4
 1671 066a 8D       		.byte	-115
 1672 066b 08       		.byte	8
 1673 066c 8F       		.byte	-113
 1674 066d 70       		.byte	112
 1675 066e 90       		.byte	-112
 1676 066f 7F       		.byte	127
 1677 0670 91       		.byte	-111
 1678 0671 01       		.byte	1
 1679 0672 94       		.byte	-108
 1680 0673 3C       		.byte	60
 1681 0674 95       		.byte	-107
 1682 0675 24       		.byte	36
 1683 0676 96       		.byte	-106
 1684 0677 42       		.byte	66
 1685 0678 97       		.byte	-105
 1686 0679 8A       		.byte	-118
 1687 067a 98       		.byte	-104
 1688 067b 1C       		.byte	28
 1689 067c 9A       		.byte	-102
 1690 067d 61       		.byte	97
 1691 067e 9C       		.byte	-100
 1692 067f 10       		.byte	16
 1693 0680 A2       		.byte	-94
 1694 0681 63       		.byte	99
 1695 0682 A4       		.byte	-92
 1696 0683 67       		.byte	103
 1697 0684 A6       		.byte	-90
 1698 0685 18       		.byte	24
 1699 0686 AA       		.byte	-86
 1700 0687 04       		.byte	4
 1701 0688 B0       		.byte	-80
 1702 0689 38       		.byte	56
 1703 068a B1       		.byte	-79
 1704 068b C0       		.byte	-64
 1705 068c B2       		.byte	-78
 1706 068d 1F       		.byte	31
 1707 068e B3       		.byte	-77
 1708 068f 06       		.byte	6
 1709 0690 B4       		.byte	-76
 1710 0691 58       		.byte	88
ARM GAS  C:\Users\abhim\AppData\Local\Temp\cc2yFcRb.s 			page 31


 1711 0692 B5       		.byte	-75
 1712 0693 01       		.byte	1
 1713 0694 B7       		.byte	-73
 1714 0695 38       		.byte	56
 1715 0696 BA       		.byte	-70
 1716 0697 28       		.byte	40
 1717 0698 BF       		.byte	-65
 1718 0699 01       		.byte	1
 1719 069a C0       		.byte	-64
 1720 069b 32       		.byte	50
 1721 069c C1       		.byte	-63
 1722 069d 04       		.byte	4
 1723 069e C2       		.byte	-62
 1724 069f 05       		.byte	5
 1725 06a0 C4       		.byte	-60
 1726 06a1 01       		.byte	1
 1727 06a2 C6       		.byte	-58
 1728 06a3 C0       		.byte	-64
 1729 06a4 C7       		.byte	-57
 1730 06a5 E0       		.byte	-32
 1731 06a6 C8       		.byte	-56
 1732 06a7 28       		.byte	40
 1733 06a8 C9       		.byte	-55
 1734 06a9 FF       		.byte	-1
 1735 06aa CA       		.byte	-54
 1736 06ab FF       		.byte	-1
 1737 06ac CB       		.byte	-53
 1738 06ad FF       		.byte	-1
 1739 06ae CC       		.byte	-52
 1740 06af 62       		.byte	98
 1741 06b0 CD       		.byte	-51
 1742 06b1 A0       		.byte	-96
 1743 06b2 CE       		.byte	-50
 1744 06b3 F0       		.byte	-16
 1745 06b4 CF       		.byte	-49
 1746 06b5 41       		.byte	65
 1747 06b6 D0       		.byte	-48
 1748 06b7 0C       		.byte	12
 1749 06b8 D6       		.byte	-42
 1750 06b9 02       		.byte	2
 1751 06ba D7       		.byte	-41
 1752 06bb 13       		.byte	19
 1753 06bc D8       		.byte	-40
 1754 06bd 04       		.byte	4
 1755 06be D9       		.byte	-39
 1756 06bf 04       		.byte	4
 1757 06c0 DA       		.byte	-38
 1758 06c1 04       		.byte	4
 1759 06c2 DB       		.byte	-37
 1760 06c3 04       		.byte	4
 1761 06c4 DC       		.byte	-36
 1762 06c5 22       		.byte	34
 1763 06c6 DD       		.byte	-35
 1764 06c7 22       		.byte	34
 1765 06c8 DF       		.byte	-33
 1766 06c9 01       		.byte	1
 1767 06ca E6       		.byte	-26
ARM GAS  C:\Users\abhim\AppData\Local\Temp\cc2yFcRb.s 			page 32


 1768 06cb 40       		.byte	64
 1769 06cc E7       		.byte	-25
 1770 06cd 02       		.byte	2
 1771 06ce E9       		.byte	-23
 1772 06cf 10       		.byte	16
 1773 06d0 EA       		.byte	-22
 1774 06d1 30       		.byte	48
 1775 06d2 EB       		.byte	-21
 1776 06d3 10       		.byte	16
 1777 06d4 ED       		.byte	-19
 1778 06d5 10       		.byte	16
 1779 06d6 EE       		.byte	-18
 1780 06d7 10       		.byte	16
 1781 06d8 EF       		.byte	-17
 1782 06d9 12       		.byte	18
 1783 06da 00       		.byte	0
 1784 06db 01       		.byte	1
 1785 06dc 01       		.byte	1
 1786 06dd 20       		.byte	32
 1787 06de 02       		.byte	2
 1788 06df 01       		.byte	1
 1789 06e0 06       		.byte	6
 1790 06e1 0A       		.byte	10
 1791 06e2 07       		.byte	7
 1792 06e3 20       		.byte	32
 1793 06e4 08       		.byte	8
 1794 06e5 15       		.byte	21
 1795 06e6 0C       		.byte	12
 1796 06e7 80       		.byte	-128
 1797 06e8 0D       		.byte	13
 1798 06e9 02       		.byte	2
 1799 06ea 0E       		.byte	14
 1800 06eb 28       		.byte	40
 1801 06ec 10       		.byte	16
 1802 06ed 40       		.byte	64
 1803 06ee 15       		.byte	21
 1804 06ef 01       		.byte	1
 1805 06f0 17       		.byte	23
 1806 06f1 14       		.byte	20
 1807 06f2 1D       		.byte	29
 1808 06f3 15       		.byte	21
 1809 06f4 1E       		.byte	30
 1810 06f5 28       		.byte	40
 1811 06f6 25       		.byte	37
 1812 06f7 64       		.byte	100
 1813 06f8 26       		.byte	38
 1814 06f9 08       		.byte	8
 1815 06fa 27       		.byte	39
 1816 06fb 42       		.byte	66
 1817 06fc 28       		.byte	40
 1818 06fd 41       		.byte	65
 1819 06fe 29       		.byte	41
 1820 06ff 20       		.byte	32
 1821 0700 2A       		.byte	42
 1822 0701 40       		.byte	64
 1823 0702 2B       		.byte	43
 1824 0703 04       		.byte	4
ARM GAS  C:\Users\abhim\AppData\Local\Temp\cc2yFcRb.s 			page 33


 1825 0704 30       		.byte	48
 1826 0705 34       		.byte	52
 1827 0706 31       		.byte	49
 1828 0707 01       		.byte	1
 1829 0708 32       		.byte	50
 1830 0709 01       		.byte	1
 1831 070a 36       		.byte	54
 1832 070b 08       		.byte	8
 1833 070c 37       		.byte	55
 1834 070d 01       		.byte	1
 1835 070e 38       		.byte	56
 1836 070f 13       		.byte	19
 1837 0710 3D       		.byte	61
 1838 0711 84       		.byte	-124
 1839 0712 3E       		.byte	62
 1840 0713 12       		.byte	18
 1841 0714 45       		.byte	69
 1842 0715 22       		.byte	34
 1843 0716 47       		.byte	71
 1844 0717 44       		.byte	68
 1845 0718 4E       		.byte	78
 1846 0719 01       		.byte	1
 1847 071a 54       		.byte	84
 1848 071b 02       		.byte	2
 1849 071c 57       		.byte	87
 1850 071d 10       		.byte	16
 1851 071e 5E       		.byte	94
 1852 071f 01       		.byte	1
 1853 0720 6D       		.byte	109
 1854 0721 04       		.byte	4
 1855 0722 6E       		.byte	110
 1856 0723 10       		.byte	16
 1857 0724 6F       		.byte	111
 1858 0725 01       		.byte	1
 1859 0726 74       		.byte	116
 1860 0727 80       		.byte	-128
 1861 0728 75       		.byte	117
 1862 0729 80       		.byte	-128
 1863 072a 76       		.byte	118
 1864 072b 08       		.byte	8
 1865 072c 77       		.byte	119
 1866 072d 20       		.byte	32
 1867 072e 85       		.byte	-123
 1868 072f 21       		.byte	33
 1869 0730 8A       		.byte	-118
 1870 0731 02       		.byte	2
 1871 0732 90       		.byte	-112
 1872 0733 12       		.byte	18
 1873 0734 92       		.byte	-110
 1874 0735 01       		.byte	1
 1875 0736 95       		.byte	-107
 1876 0737 01       		.byte	1
 1877 0738 98       		.byte	-104
 1878 0739 44       		.byte	68
 1879 073a 9A       		.byte	-102
 1880 073b 41       		.byte	65
 1881 073c 9B       		.byte	-101
ARM GAS  C:\Users\abhim\AppData\Local\Temp\cc2yFcRb.s 			page 34


 1882 073d 14       		.byte	20
 1883 073e 9D       		.byte	-99
 1884 073f 95       		.byte	-107
 1885 0740 9E       		.byte	-98
 1886 0741 0A       		.byte	10
 1887 0742 9F       		.byte	-97
 1888 0743 22       		.byte	34
 1889 0744 A0       		.byte	-96
 1890 0745 20       		.byte	32
 1891 0746 A1       		.byte	-95
 1892 0747 02       		.byte	2
 1893 0748 A3       		.byte	-93
 1894 0749 04       		.byte	4
 1895 074a A4       		.byte	-92
 1896 074b 02       		.byte	2
 1897 074c A5       		.byte	-91
 1898 074d 04       		.byte	4
 1899 074e A7       		.byte	-89
 1900 074f 10       		.byte	16
 1901 0750 B5       		.byte	-75
 1902 0751 08       		.byte	8
 1903 0752 B7       		.byte	-73
 1904 0753 04       		.byte	4
 1905 0754 C0       		.byte	-64
 1906 0755 EB       		.byte	-21
 1907 0756 C2       		.byte	-62
 1908 0757 FE       		.byte	-2
 1909 0758 C4       		.byte	-60
 1910 0759 78       		.byte	120
 1911 075a CA       		.byte	-54
 1912 075b 0D       		.byte	13
 1913 075c CC       		.byte	-52
 1914 075d C6       		.byte	-58
 1915 075e CE       		.byte	-50
 1916 075f F5       		.byte	-11
 1917 0760 D0       		.byte	-48
 1918 0761 F0       		.byte	-16
 1919 0762 D2       		.byte	-46
 1920 0763 10       		.byte	16
 1921 0764 D6       		.byte	-42
 1922 0765 80       		.byte	-128
 1923 0766 E8       		.byte	-24
 1924 0767 40       		.byte	64
 1925 0768 EC       		.byte	-20
 1926 0769 20       		.byte	32
 1927 076a 11       		.byte	17
 1928 076b 08       		.byte	8
 1929 076c 16       		.byte	22
 1930 076d 80       		.byte	-128
 1931 076e 30       		.byte	48
 1932 076f 80       		.byte	-128
 1933 0770 3B       		.byte	59
 1934 0771 02       		.byte	2
 1935 0772 3E       		.byte	62
 1936 0773 80       		.byte	-128
 1937 0774 C4       		.byte	-60
 1938 0775 30       		.byte	48
ARM GAS  C:\Users\abhim\AppData\Local\Temp\cc2yFcRb.s 			page 35


 1939 0776 CC       		.byte	-52
 1940 0777 10       		.byte	16
 1941 0778 CE       		.byte	-50
 1942 0779 60       		.byte	96
 1943 077a 51       		.byte	81
 1944 077b 10       		.byte	16
 1945 077c 5E       		.byte	94
 1946 077d 80       		.byte	-128
 1947 077e 8D       		.byte	-115
 1948 077f 04       		.byte	4
 1949 0780 97       		.byte	-105
 1950 0781 02       		.byte	2
 1951 0782 A1       		.byte	-95
 1952 0783 04       		.byte	4
 1953 0784 A4       		.byte	-92
 1954 0785 80       		.byte	-128
 1955 0786 D4       		.byte	-44
 1956 0787 20       		.byte	32
 1957 0788 D6       		.byte	-42
 1958 0789 20       		.byte	32
 1959 078a 86       		.byte	-122
 1960 078b 40       		.byte	64
 1961 078c 8C       		.byte	-116
 1962 078d 80       		.byte	-128
 1963 078e 97       		.byte	-105
 1964 078f 02       		.byte	2
 1965 0790 A4       		.byte	-92
 1966 0791 80       		.byte	-128
 1967 0792 A6       		.byte	-90
 1968 0793 40       		.byte	64
 1969 0794 AD       		.byte	-83
 1970 0795 10       		.byte	16
 1971 0796 E6       		.byte	-26
 1972 0797 40       		.byte	64
 1973 0798 EA       		.byte	-22
 1974 0799 40       		.byte	64
 1975 079a AB       		.byte	-85
 1976 079b 01       		.byte	1
 1977 079c EE       		.byte	-18
 1978 079d 20       		.byte	32
 1979 079e 73       		.byte	115
 1980 079f 10       		.byte	16
 1981 07a0 DC       		.byte	-36
 1982 07a1 01       		.byte	1
 1983 07a2 5F       		.byte	95
 1984 07a3 02       		.byte	2
 1985 07a4 97       		.byte	-105
 1986 07a5 10       		.byte	16
 1987 07a6 9B       		.byte	-101
 1988 07a7 02       		.byte	2
 1989 07a8 AF       		.byte	-81
 1990 07a9 02       		.byte	2
 1991 07aa D6       		.byte	-42
 1992 07ab 01       		.byte	1
 1993 07ac 1B       		.byte	27
 1994 07ad 04       		.byte	4
 1995 07ae 27       		.byte	39
ARM GAS  C:\Users\abhim\AppData\Local\Temp\cc2yFcRb.s 			page 36


 1996 07af 10       		.byte	16
 1997 07b0 87       		.byte	-121
 1998 07b1 10       		.byte	16
 1999 07b2 97       		.byte	-105
 2000 07b3 10       		.byte	16
 2001 07b4 C6       		.byte	-58
 2002 07b5 08       		.byte	8
 2003 07b6 C8       		.byte	-56
 2004 07b7 01       		.byte	1
 2005 07b8 44       		.byte	68
 2006 07b9 01       		.byte	1
 2007 07ba AB       		.byte	-85
 2008 07bb 04       		.byte	4
 2009 07bc B7       		.byte	-73
 2010 07bd 10       		.byte	16
 2011 07be D0       		.byte	-48
 2012 07bf 04       		.byte	4
 2013 07c0 EE       		.byte	-18
 2014 07c1 02       		.byte	2
 2015 07c2 20       		.byte	32
 2016 07c3 80       		.byte	-128
 2017 07c4 C8       		.byte	-56
 2018 07c5 40       		.byte	64
 2019 07c6 B0       		.byte	-80
 2020 07c7 40       		.byte	64
 2021 07c8 9C       		.byte	-100
 2022 07c9 01       		.byte	1
 2023 07ca 10       		.byte	16
 2024 07cb 40       		.byte	64
 2025 07cc 88       		.byte	-120
 2026 07cd 40       		.byte	64
 2027 07ce B0       		.byte	-80
 2028 07cf 01       		.byte	1
 2029 07d0 C4       		.byte	-60
 2030 07d1 08       		.byte	8
 2031 07d2 E2       		.byte	-30
 2032 07d3 01       		.byte	1
 2033 07d4 EC       		.byte	-20
 2034 07d5 04       		.byte	4
 2035 07d6 00       		.byte	0
 2036 07d7 07       		.byte	7
 2037 07d8 01       		.byte	1
 2038 07d9 01       		.byte	1
 2039 07da 0A       		.byte	10
 2040 07db 02       		.byte	2
 2041 07dc 0C       		.byte	12
 2042 07dd 06       		.byte	6
 2043 07de 0D       		.byte	13
 2044 07df 01       		.byte	1
 2045 07e0 0E       		.byte	14
 2046 07e1 07       		.byte	7
 2047 07e2 0F       		.byte	15
 2048 07e3 01       		.byte	1
 2049 07e4 10       		.byte	16
 2050 07e5 06       		.byte	6
 2051 07e6 1A       		.byte	26
 2052 07e7 02       		.byte	2
ARM GAS  C:\Users\abhim\AppData\Local\Temp\cc2yFcRb.s 			page 37


 2053 07e8 1C       		.byte	28
 2054 07e9 06       		.byte	6
 2055 07ea 00       		.byte	0
 2056 07eb 03       		.byte	3
 2057 07ec 10       		.byte	16
 2058 07ed 0A       		.byte	10
 2059 07ee 00       		.byte	0
 2060 07ef 00       		.byte	0
 2061 07f0 00       		.byte	0
 2062 07f1 40       		.byte	64
 2063 07f2 40       		.byte	64
 2064 07f3 00       		.byte	0
 2065 07f4 00       		.byte	0
 2066 07f5 03       		.byte	3
 2067 07f6 03       		.byte	3
 2068 07f7 00       		.byte	0
 2069 07f8 80       		.byte	-128
 2070 07f9 00       		.byte	0
 2071 07fa 40       		.byte	64
 2072 07fb 80       		.byte	-128
 2073 07fc 80       		.byte	-128
 2074 07fd 00       		.byte	0
 2075 07fe 80       		.byte	-128
 2076 07ff 00       		.byte	0
 2077 0800 00       		.byte	0
 2078 0801 00       		.byte	0
 2079 0802 00       		.byte	0
 2080 0803 00       		.byte	0
 2081 0804 00       		.byte	0
 2082 0805 0B       		.byte	11
 2083 0806 0B       		.byte	11
 2084 0807 00       		.byte	0
 2085 0808 00       		.byte	0
 2086 0809 00       		.byte	0
 2087 080a 00       		.byte	0
 2088 080b 00       		.byte	0
 2089 080c 00       		.byte	0
 2090 080d 10       		.byte	16
 2091 080e 10       		.byte	16
 2092 080f 00       		.byte	0
 2093 0810 10       		.byte	16
 2094 0811 00       		.byte	0
 2095 0812 00       		.byte	0
 2096 0813 00       		.byte	0
 2097 0814 00       		.byte	0
 2098 0815 01       		.byte	1
 2099 0816 00       		.byte	0
 2100 0817 00       		.byte	0
 2101              		.section	.cywolatch,"a",%progbits
 2102              		.align	2
 2103              		.type	cy_meta_wonvl, %object
 2104              		.size	cy_meta_wonvl, 4
 2105              	cy_meta_wonvl:
 2106 0000 BC       		.byte	-68
 2107 0001 90       		.byte	-112
 2108 0002 AC       		.byte	-84
 2109 0003 AF       		.byte	-81
ARM GAS  C:\Users\abhim\AppData\Local\Temp\cc2yFcRb.s 			page 38


 2110              		.section	.cycustnvl,"a",%progbits
 2111              		.align	2
 2112              		.type	cy_meta_custnvl, %object
 2113              		.size	cy_meta_custnvl, 4
 2114              	cy_meta_custnvl:
 2115 0000 00       		.byte	0
 2116 0001 00       		.byte	0
 2117 0002 40       		.byte	64
 2118 0003 05       		.byte	5
 2119              		.section	.cymeta,"a",%progbits
 2120              		.align	2
 2121              		.type	cy_metadata, %object
 2122              		.size	cy_metadata, 12
 2123              	cy_metadata:
 2124 0000 00       		.byte	0
 2125 0001 01       		.byte	1
 2126 0002 2E       		.byte	46
 2127 0003 16       		.byte	22
 2128 0004 10       		.byte	16
 2129 0005 69       		.byte	105
 2130 0006 00       		.byte	0
 2131 0007 01       		.byte	1
 2132 0008 00       		.byte	0
 2133 0009 00       		.byte	0
 2134 000a 00       		.byte	0
 2135 000b 00       		.byte	0
 2136              		.section	.cyflashprotect,"a",%progbits
 2137              		.align	2
 2138              		.type	cy_meta_flashprotect, %object
 2139              		.size	cy_meta_flashprotect, 256
 2140              	cy_meta_flashprotect:
 2141 0000 00000000 		.space	256
 2141      00000000 
 2141      00000000 
 2141      00000000 
 2141      00000000 
 2142              		.text
 2143              	.Letext0:
 2144              		.file 1 "c:\\program files (x86)\\cypress\\psoc creator\\4.4\\psoc creator\\import\\gnu\\arm\\5.4.
 2145              		.file 2 "c:\\program files (x86)\\cypress\\psoc creator\\4.4\\psoc creator\\import\\gnu\\arm\\5.4.
 2146              		.file 3 "Generated_Source\\PSoC5\\cymetadata.c"
 2147              		.section	.debug_info,"",%progbits
 2148              	.Ldebug_info0:
 2149 0000 35010000 		.4byte	0x135
 2150 0004 0400     		.2byte	0x4
 2151 0006 00000000 		.4byte	.Ldebug_abbrev0
 2152 000a 04       		.byte	0x4
 2153 000b 01       		.uleb128 0x1
 2154 000c 24000000 		.4byte	.LASF17
 2155 0010 0C       		.byte	0xc
 2156 0011 C1010000 		.4byte	.LASF18
 2157 0015 E7000000 		.4byte	.LASF19
 2158 0019 00000000 		.4byte	.Ldebug_line0
 2159 001d 02       		.uleb128 0x2
 2160 001e 01       		.byte	0x1
 2161 001f 06       		.byte	0x6
 2162 0020 B5010000 		.4byte	.LASF0
ARM GAS  C:\Users\abhim\AppData\Local\Temp\cc2yFcRb.s 			page 39


 2163 0024 03       		.uleb128 0x3
 2164 0025 00000000 		.4byte	.LASF9
 2165 0029 01       		.byte	0x1
 2166 002a 1D       		.byte	0x1d
 2167 002b 2F000000 		.4byte	0x2f
 2168 002f 02       		.uleb128 0x2
 2169 0030 01       		.byte	0x1
 2170 0031 08       		.byte	0x8
 2171 0032 16000000 		.4byte	.LASF1
 2172 0036 02       		.uleb128 0x2
 2173 0037 02       		.byte	0x2
 2174 0038 05       		.byte	0x5
 2175 0039 A2010000 		.4byte	.LASF2
 2176 003d 02       		.uleb128 0x2
 2177 003e 02       		.byte	0x2
 2178 003f 07       		.byte	0x7
 2179 0040 C4000000 		.4byte	.LASF3
 2180 0044 02       		.uleb128 0x2
 2181 0045 04       		.byte	0x4
 2182 0046 05       		.byte	0x5
 2183 0047 AC010000 		.4byte	.LASF4
 2184 004b 02       		.uleb128 0x2
 2185 004c 04       		.byte	0x4
 2186 004d 07       		.byte	0x7
 2187 004e B2000000 		.4byte	.LASF5
 2188 0052 02       		.uleb128 0x2
 2189 0053 08       		.byte	0x8
 2190 0054 05       		.byte	0x5
 2191 0055 94010000 		.4byte	.LASF6
 2192 0059 02       		.uleb128 0x2
 2193 005a 08       		.byte	0x8
 2194 005b 07       		.byte	0x7
 2195 005c 49010000 		.4byte	.LASF7
 2196 0060 04       		.uleb128 0x4
 2197 0061 04       		.byte	0x4
 2198 0062 05       		.byte	0x5
 2199 0063 696E7400 		.ascii	"int\000"
 2200 0067 02       		.uleb128 0x2
 2201 0068 04       		.byte	0x4
 2202 0069 07       		.byte	0x7
 2203 006a 3C010000 		.4byte	.LASF8
 2204 006e 03       		.uleb128 0x3
 2205 006f 60010000 		.4byte	.LASF10
 2206 0073 02       		.byte	0x2
 2207 0074 18       		.byte	0x18
 2208 0075 24000000 		.4byte	0x24
 2209 0079 05       		.uleb128 0x5
 2210 007a 91000000 		.4byte	0x91
 2211 007e 8A000000 		.4byte	0x8a
 2212 0082 06       		.uleb128 0x6
 2213 0083 8A000000 		.4byte	0x8a
 2214 0087 1708     		.2byte	0x817
 2215 0089 00       		.byte	0
 2216 008a 02       		.uleb128 0x2
 2217 008b 04       		.byte	0x4
 2218 008c 07       		.byte	0x7
 2219 008d 8B010000 		.4byte	.LASF11
ARM GAS  C:\Users\abhim\AppData\Local\Temp\cc2yFcRb.s 			page 40


 2220 0091 07       		.uleb128 0x7
 2221 0092 6E000000 		.4byte	0x6e
 2222 0096 08       		.uleb128 0x8
 2223 0097 2A010000 		.4byte	.LASF12
 2224 009b 03       		.byte	0x3
 2225 009c 1F       		.byte	0x1f
 2226 009d A7000000 		.4byte	0xa7
 2227 00a1 05       		.uleb128 0x5
 2228 00a2 03       		.byte	0x3
 2229 00a3 00000000 		.4byte	cy_meta_configecc
 2230 00a7 07       		.uleb128 0x7
 2231 00a8 79000000 		.4byte	0x79
 2232 00ac 05       		.uleb128 0x5
 2233 00ad 91000000 		.4byte	0x91
 2234 00b1 BC000000 		.4byte	0xbc
 2235 00b5 09       		.uleb128 0x9
 2236 00b6 8A000000 		.4byte	0x8a
 2237 00ba 03       		.byte	0x3
 2238 00bb 00       		.byte	0
 2239 00bc 0A       		.uleb128 0xa
 2240 00bd D7000000 		.4byte	.LASF13
 2241 00c1 03       		.byte	0x3
 2242 00c2 2F01     		.2byte	0x12f
 2243 00c4 CE000000 		.4byte	0xce
 2244 00c8 05       		.uleb128 0x5
 2245 00c9 03       		.byte	0x3
 2246 00ca 00000000 		.4byte	cy_meta_custnvl
 2247 00ce 07       		.uleb128 0x7
 2248 00cf AC000000 		.4byte	0xac
 2249 00d3 0A       		.uleb128 0xa
 2250 00d4 7D010000 		.4byte	.LASF14
 2251 00d8 03       		.byte	0x3
 2252 00d9 3D01     		.2byte	0x13d
 2253 00db E5000000 		.4byte	0xe5
 2254 00df 05       		.uleb128 0x5
 2255 00e0 03       		.byte	0x3
 2256 00e1 00000000 		.4byte	cy_meta_wonvl
 2257 00e5 07       		.uleb128 0x7
 2258 00e6 AC000000 		.4byte	0xac
 2259 00ea 05       		.uleb128 0x5
 2260 00eb 91000000 		.4byte	0x91
 2261 00ef FA000000 		.4byte	0xfa
 2262 00f3 09       		.uleb128 0x9
 2263 00f4 8A000000 		.4byte	0x8a
 2264 00f8 FF       		.byte	0xff
 2265 00f9 00       		.byte	0
 2266 00fa 0A       		.uleb128 0xa
 2267 00fb 68010000 		.4byte	.LASF15
 2268 00ff 03       		.byte	0x3
 2269 0100 4B01     		.2byte	0x14b
 2270 0102 0C010000 		.4byte	0x10c
 2271 0106 05       		.uleb128 0x5
 2272 0107 03       		.byte	0x3
 2273 0108 00000000 		.4byte	cy_meta_flashprotect
 2274 010c 07       		.uleb128 0x7
 2275 010d EA000000 		.4byte	0xea
 2276 0111 05       		.uleb128 0x5
ARM GAS  C:\Users\abhim\AppData\Local\Temp\cc2yFcRb.s 			page 41


 2277 0112 91000000 		.4byte	0x91
 2278 0116 21010000 		.4byte	0x121
 2279 011a 09       		.uleb128 0x9
 2280 011b 8A000000 		.4byte	0x8a
 2281 011f 0B       		.byte	0xb
 2282 0120 00       		.byte	0
 2283 0121 0A       		.uleb128 0xa
 2284 0122 0A000000 		.4byte	.LASF16
 2285 0126 03       		.byte	0x3
 2286 0127 7801     		.2byte	0x178
 2287 0129 33010000 		.4byte	0x133
 2288 012d 05       		.uleb128 0x5
 2289 012e 03       		.byte	0x3
 2290 012f 00000000 		.4byte	cy_metadata
 2291 0133 07       		.uleb128 0x7
 2292 0134 11010000 		.4byte	0x111
 2293 0138 00       		.byte	0
 2294              		.section	.debug_abbrev,"",%progbits
 2295              	.Ldebug_abbrev0:
 2296 0000 01       		.uleb128 0x1
 2297 0001 11       		.uleb128 0x11
 2298 0002 01       		.byte	0x1
 2299 0003 25       		.uleb128 0x25
 2300 0004 0E       		.uleb128 0xe
 2301 0005 13       		.uleb128 0x13
 2302 0006 0B       		.uleb128 0xb
 2303 0007 03       		.uleb128 0x3
 2304 0008 0E       		.uleb128 0xe
 2305 0009 1B       		.uleb128 0x1b
 2306 000a 0E       		.uleb128 0xe
 2307 000b 10       		.uleb128 0x10
 2308 000c 17       		.uleb128 0x17
 2309 000d 00       		.byte	0
 2310 000e 00       		.byte	0
 2311 000f 02       		.uleb128 0x2
 2312 0010 24       		.uleb128 0x24
 2313 0011 00       		.byte	0
 2314 0012 0B       		.uleb128 0xb
 2315 0013 0B       		.uleb128 0xb
 2316 0014 3E       		.uleb128 0x3e
 2317 0015 0B       		.uleb128 0xb
 2318 0016 03       		.uleb128 0x3
 2319 0017 0E       		.uleb128 0xe
 2320 0018 00       		.byte	0
 2321 0019 00       		.byte	0
 2322 001a 03       		.uleb128 0x3
 2323 001b 16       		.uleb128 0x16
 2324 001c 00       		.byte	0
 2325 001d 03       		.uleb128 0x3
 2326 001e 0E       		.uleb128 0xe
 2327 001f 3A       		.uleb128 0x3a
 2328 0020 0B       		.uleb128 0xb
 2329 0021 3B       		.uleb128 0x3b
 2330 0022 0B       		.uleb128 0xb
 2331 0023 49       		.uleb128 0x49
 2332 0024 13       		.uleb128 0x13
 2333 0025 00       		.byte	0
ARM GAS  C:\Users\abhim\AppData\Local\Temp\cc2yFcRb.s 			page 42


 2334 0026 00       		.byte	0
 2335 0027 04       		.uleb128 0x4
 2336 0028 24       		.uleb128 0x24
 2337 0029 00       		.byte	0
 2338 002a 0B       		.uleb128 0xb
 2339 002b 0B       		.uleb128 0xb
 2340 002c 3E       		.uleb128 0x3e
 2341 002d 0B       		.uleb128 0xb
 2342 002e 03       		.uleb128 0x3
 2343 002f 08       		.uleb128 0x8
 2344 0030 00       		.byte	0
 2345 0031 00       		.byte	0
 2346 0032 05       		.uleb128 0x5
 2347 0033 01       		.uleb128 0x1
 2348 0034 01       		.byte	0x1
 2349 0035 49       		.uleb128 0x49
 2350 0036 13       		.uleb128 0x13
 2351 0037 01       		.uleb128 0x1
 2352 0038 13       		.uleb128 0x13
 2353 0039 00       		.byte	0
 2354 003a 00       		.byte	0
 2355 003b 06       		.uleb128 0x6
 2356 003c 21       		.uleb128 0x21
 2357 003d 00       		.byte	0
 2358 003e 49       		.uleb128 0x49
 2359 003f 13       		.uleb128 0x13
 2360 0040 2F       		.uleb128 0x2f
 2361 0041 05       		.uleb128 0x5
 2362 0042 00       		.byte	0
 2363 0043 00       		.byte	0
 2364 0044 07       		.uleb128 0x7
 2365 0045 26       		.uleb128 0x26
 2366 0046 00       		.byte	0
 2367 0047 49       		.uleb128 0x49
 2368 0048 13       		.uleb128 0x13
 2369 0049 00       		.byte	0
 2370 004a 00       		.byte	0
 2371 004b 08       		.uleb128 0x8
 2372 004c 34       		.uleb128 0x34
 2373 004d 00       		.byte	0
 2374 004e 03       		.uleb128 0x3
 2375 004f 0E       		.uleb128 0xe
 2376 0050 3A       		.uleb128 0x3a
 2377 0051 0B       		.uleb128 0xb
 2378 0052 3B       		.uleb128 0x3b
 2379 0053 0B       		.uleb128 0xb
 2380 0054 49       		.uleb128 0x49
 2381 0055 13       		.uleb128 0x13
 2382 0056 3F       		.uleb128 0x3f
 2383 0057 19       		.uleb128 0x19
 2384 0058 02       		.uleb128 0x2
 2385 0059 18       		.uleb128 0x18
 2386 005a 00       		.byte	0
 2387 005b 00       		.byte	0
 2388 005c 09       		.uleb128 0x9
 2389 005d 21       		.uleb128 0x21
 2390 005e 00       		.byte	0
ARM GAS  C:\Users\abhim\AppData\Local\Temp\cc2yFcRb.s 			page 43


 2391 005f 49       		.uleb128 0x49
 2392 0060 13       		.uleb128 0x13
 2393 0061 2F       		.uleb128 0x2f
 2394 0062 0B       		.uleb128 0xb
 2395 0063 00       		.byte	0
 2396 0064 00       		.byte	0
 2397 0065 0A       		.uleb128 0xa
 2398 0066 34       		.uleb128 0x34
 2399 0067 00       		.byte	0
 2400 0068 03       		.uleb128 0x3
 2401 0069 0E       		.uleb128 0xe
 2402 006a 3A       		.uleb128 0x3a
 2403 006b 0B       		.uleb128 0xb
 2404 006c 3B       		.uleb128 0x3b
 2405 006d 05       		.uleb128 0x5
 2406 006e 49       		.uleb128 0x49
 2407 006f 13       		.uleb128 0x13
 2408 0070 3F       		.uleb128 0x3f
 2409 0071 19       		.uleb128 0x19
 2410 0072 02       		.uleb128 0x2
 2411 0073 18       		.uleb128 0x18
 2412 0074 00       		.byte	0
 2413 0075 00       		.byte	0
 2414 0076 00       		.byte	0
 2415              		.section	.debug_aranges,"",%progbits
 2416 0000 14000000 		.4byte	0x14
 2417 0004 0200     		.2byte	0x2
 2418 0006 00000000 		.4byte	.Ldebug_info0
 2419 000a 04       		.byte	0x4
 2420 000b 00       		.byte	0
 2421 000c 0000     		.2byte	0
 2422 000e 0000     		.2byte	0
 2423 0010 00000000 		.4byte	0
 2424 0014 00000000 		.4byte	0
 2425              		.section	.debug_line,"",%progbits
 2426              	.Ldebug_line0:
 2427 0000 3D010000 		.section	.debug_str,"MS",%progbits,1
 2427      02003701 
 2427      00000201 
 2427      FB0E0D00 
 2427      01010101 
 2428              	.LASF9:
 2429 0000 5F5F7569 		.ascii	"__uint8_t\000"
 2429      6E74385F 
 2429      7400
 2430              	.LASF16:
 2431 000a 63795F6D 		.ascii	"cy_metadata\000"
 2431      65746164 
 2431      61746100 
 2432              	.LASF1:
 2433 0016 756E7369 		.ascii	"unsigned char\000"
 2433      676E6564 
 2433      20636861 
 2433      7200
 2434              	.LASF17:
 2435 0024 474E5520 		.ascii	"GNU C11 5.4.1 20160609 (release) [ARM/embedded-5-br"
 2435      43313120 
ARM GAS  C:\Users\abhim\AppData\Local\Temp\cc2yFcRb.s 			page 44


 2435      352E342E 
 2435      31203230 
 2435      31363036 
 2436 0057 616E6368 		.ascii	"anch revision 237715] -mcpu=cortex-m3 -mthumb -g -O"
 2436      20726576 
 2436      6973696F 
 2436      6E203233 
 2436      37373135 
 2437 008a 67202D66 		.ascii	"g -ffunction-sections -ffat-lto-objects\000"
 2437      66756E63 
 2437      74696F6E 
 2437      2D736563 
 2437      74696F6E 
 2438              	.LASF5:
 2439 00b2 6C6F6E67 		.ascii	"long unsigned int\000"
 2439      20756E73 
 2439      69676E65 
 2439      6420696E 
 2439      7400
 2440              	.LASF3:
 2441 00c4 73686F72 		.ascii	"short unsigned int\000"
 2441      7420756E 
 2441      7369676E 
 2441      65642069 
 2441      6E7400
 2442              	.LASF13:
 2443 00d7 63795F6D 		.ascii	"cy_meta_custnvl\000"
 2443      6574615F 
 2443      63757374 
 2443      6E766C00 
 2444              	.LASF19:
 2445 00e7 443A5C70 		.ascii	"D:\\psoc-workspace\\Git\\ElectronicGaspedal\\Electr"
 2445      736F632D 
 2445      776F726B 
 2445      73706163 
 2445      655C4769 
 2446 0116 6F6E6963 		.ascii	"onic Gaspedal.cydsn\000"
 2446      20476173 
 2446      70656461 
 2446      6C2E6379 
 2446      64736E00 
 2447              	.LASF12:
 2448 012a 63795F6D 		.ascii	"cy_meta_configecc\000"
 2448      6574615F 
 2448      636F6E66 
 2448      69676563 
 2448      6300
 2449              	.LASF8:
 2450 013c 756E7369 		.ascii	"unsigned int\000"
 2450      676E6564 
 2450      20696E74 
 2450      00
 2451              	.LASF7:
 2452 0149 6C6F6E67 		.ascii	"long long unsigned int\000"
 2452      206C6F6E 
 2452      6720756E 
 2452      7369676E 
ARM GAS  C:\Users\abhim\AppData\Local\Temp\cc2yFcRb.s 			page 45


 2452      65642069 
 2453              	.LASF10:
 2454 0160 75696E74 		.ascii	"uint8_t\000"
 2454      385F7400 
 2455              	.LASF15:
 2456 0168 63795F6D 		.ascii	"cy_meta_flashprotect\000"
 2456      6574615F 
 2456      666C6173 
 2456      6870726F 
 2456      74656374 
 2457              	.LASF14:
 2458 017d 63795F6D 		.ascii	"cy_meta_wonvl\000"
 2458      6574615F 
 2458      776F6E76 
 2458      6C00
 2459              	.LASF11:
 2460 018b 73697A65 		.ascii	"sizetype\000"
 2460      74797065 
 2460      00
 2461              	.LASF6:
 2462 0194 6C6F6E67 		.ascii	"long long int\000"
 2462      206C6F6E 
 2462      6720696E 
 2462      7400
 2463              	.LASF2:
 2464 01a2 73686F72 		.ascii	"short int\000"
 2464      7420696E 
 2464      7400
 2465              	.LASF4:
 2466 01ac 6C6F6E67 		.ascii	"long int\000"
 2466      20696E74 
 2466      00
 2467              	.LASF0:
 2468 01b5 7369676E 		.ascii	"signed char\000"
 2468      65642063 
 2468      68617200 
 2469              	.LASF18:
 2470 01c1 47656E65 		.ascii	"Generated_Source\\PSoC5\\cymetadata.c\000"
 2470      72617465 
 2470      645F536F 
 2470      75726365 
 2470      5C50536F 
 2471              		.ident	"GCC: (GNU Tools for ARM Embedded Processors) 5.4.1 20160609 (release) [ARM/embedded-5-bran
