ARM GAS  C:\Users\abhim\AppData\Local\Temp\ccVE7AVb.s 			page 1


   1              		.syntax unified
   2              		.cpu cortex-m3
   3              		.fpu softvfp
   4              		.eabi_attribute 20, 1
   5              		.eabi_attribute 21, 1
   6              		.eabi_attribute 23, 3
   7              		.eabi_attribute 24, 1
   8              		.eabi_attribute 25, 1
   9              		.eabi_attribute 26, 1
  10              		.eabi_attribute 30, 1
  11              		.eabi_attribute 34, 1
  12              		.eabi_attribute 18, 4
  13              		.thumb
  14              		.syntax unified
  15              		.file	"ErikaOS_eecfg.c"
  16              		.text
  17              	.Ltext0:
  18              		.cfi_sections	.debug_frame
  19              		.global	EE_oo_autostart_task_data
  20              		.comm	EE_ApplicationMode,4,4
  21              		.global	EE_oo_action_ROM
  22              		.comm	EE_oo_counter_object_RAM,16,4
  23              		.global	EE_oo_counter_object_ROM
  24              		.global	EE_ALARM_ID
  25              		.global	EE_ALARM_NAME
  26              		.global	EE_alarm_ROM
  27              		.global	EE_counter_RAM
  28              		.global	EE_counter_ROM
  29              		.global	EE_th_is_extended
  30              		.global	EE_th_waswaiting
  31              		.global	EE_th_event_waitmask
  32              		.global	EE_th_event_active
  33              		.global	EE_th_terminate_nextask
  34              		.global	EE_rq_free
  35              		.comm	EE_rq_pairs_tid,20,4
  36              		.global	EE_rq_pairs_next
  37              		.global	EE_rq_link
  38              		.global	EE_th_rnact_max
  39              		.global	EE_th_rnact
  40              		.global	EE_rq_bitmask
  41              		.global	EE_rq_queues_tail
  42              		.global	EE_rq_queues_head
  43              		.global	EE_sys_ceiling
  44              		.global	EE_stkfirst
  45              		.global	EE_th_next
  46              		.global	EE_th_status
  47              		.global	EE_th_dispatch_prio
  48              		.global	EE_EVENT_ID
  49              		.global	EE_EVENT_NAME
  50              		.global	EE_TASK_NAME
  51              		.global	EE_th_ready_prio
  52              		.global	EE_terminate_real_th_body
  53              		.comm	EE_terminate_data,20,4
  54              		.global	EE_hal_thread_body
  55              		.global	EE_cortex_mx_IRQ_tos
  56              		.global	EE_cortex_mx_active_tos
  57              		.global	EE_cortex_mx_system_tos
ARM GAS  C:\Users\abhim\AppData\Local\Temp\ccVE7AVb.s 			page 2


  58              		.global	EE_std_thread_tos
  59              		.comm	EE_cortex_mx_stack_9,512,4
  60              		.comm	EE_cortex_mx_stack_5,1000,4
  61              		.comm	EE_cortex_mx_stack_4,1000,4
  62              		.section	.rodata
  63              		.align	2
  64              		.type	EE_oo_autostart_task_data, %object
  65              		.size	EE_oo_autostart_task_data, 8
  66              	EE_oo_autostart_task_data:
  67 0000 01000000 		.word	1
  68 0004 08000000 		.word	EE_oo_autostart_task_mode_OSDEFAULTAPPMODE
  69              		.type	EE_oo_autostart_task_mode_OSDEFAULTAPPMODE, %object
  70              		.size	EE_oo_autostart_task_mode_OSDEFAULTAPPMODE, 4
  71              	EE_oo_autostart_task_mode_OSDEFAULTAPPMODE:
  72 0008 00000000 		.space	4
  73              		.type	EE_oo_action_ROM, %object
  74              		.size	EE_oo_action_ROM, 20
  75              	EE_oo_action_ROM:
  76 000c 00       		.byte	0
  77 000d 000000   		.space	3
  78 0010 02000000 		.word	2
  79 0014 00000000 		.word	0
  80 0018 00000000 		.word	0
  81 001c FFFFFFFF 		.word	-1
  82              		.type	EE_oo_counter_object_ROM, %object
  83              		.size	EE_oo_counter_object_ROM, 12
  84              	EE_oo_counter_object_ROM:
  85 0020 00000000 		.space	12
  85      00000000 
  85      00000000 
  86              		.type	EE_ALARM_ID, %object
  87              		.size	EE_ALARM_ID, 4
  88              	EE_ALARM_ID:
  89 002c 00000000 		.space	4
  90              		.type	EE_alarm_ROM, %object
  91              		.size	EE_alarm_ROM, 4
  92              	EE_alarm_ROM:
  93 0030 00000000 		.space	4
  94              		.type	EE_counter_ROM, %object
  95              		.size	EE_counter_ROM, 12
  96              	EE_counter_ROM:
  97 0034 A0860100 		.word	100000
  98 0038 01000000 		.word	1
  99 003c 00000000 		.word	0
 100              		.type	EE_th_is_extended, %object
 101              		.size	EE_th_is_extended, 20
 102              	EE_th_is_extended:
 103 0040 00000000 		.word	0
 104 0044 00000000 		.word	0
 105 0048 00000000 		.word	0
 106 004c 01000000 		.word	1
 107 0050 01000000 		.word	1
 108              		.type	EE_th_rnact_max, %object
 109              		.size	EE_th_rnact_max, 20
 110              	EE_th_rnact_max:
 111 0054 01000000 		.word	1
 112 0058 01000000 		.word	1
ARM GAS  C:\Users\abhim\AppData\Local\Temp\ccVE7AVb.s 			page 3


 113 005c 01000000 		.word	1
 114 0060 01000000 		.word	1
 115 0064 01000000 		.word	1
 116              		.type	EE_th_dispatch_prio, %object
 117              		.size	EE_th_dispatch_prio, 20
 118              	EE_th_dispatch_prio:
 119 0068 80000000 		.word	128
 120 006c 01000000 		.word	1
 121 0070 10000000 		.word	16
 122 0074 04000000 		.word	4
 123 0078 08000000 		.word	8
 124              		.type	EE_EVENT_ID, %object
 125              		.size	EE_EVENT_ID, 8
 126              	EE_EVENT_ID:
 127 007c 01000000 		.word	1
 128 0080 02000000 		.word	2
 129              		.type	EE_th_ready_prio, %object
 130              		.size	EE_th_ready_prio, 20
 131              	EE_th_ready_prio:
 132 0084 01000000 		.word	1
 133 0088 01000000 		.word	1
 134 008c 10000000 		.word	16
 135 0090 04000000 		.word	4
 136 0094 08000000 		.word	8
 137              		.type	EE_terminate_real_th_body, %object
 138              		.size	EE_terminate_real_th_body, 20
 139              	EE_terminate_real_th_body:
 140 0098 00000000 		.word	Functsk_init
 141 009c 00000000 		.word	Functsk_background
 142 00a0 00000000 		.word	Functsk_IO
 143 00a4 00000000 		.word	Functsk_Control
 144 00a8 00000000 		.word	Functsk_Brakelight
 145              		.type	EE_hal_thread_body, %object
 146              		.size	EE_hal_thread_body, 20
 147              	EE_hal_thread_body:
 148 00ac 00000000 		.word	EE_oo_thread_stub
 149 00b0 00000000 		.word	EE_oo_thread_stub
 150 00b4 00000000 		.word	EE_oo_thread_stub
 151 00b8 00000000 		.word	EE_oo_thread_stub
 152 00bc 00000000 		.word	EE_oo_thread_stub
 153              		.type	EE_std_thread_tos, %object
 154              		.size	EE_std_thread_tos, 24
 155              	EE_std_thread_tos:
 156 00c0 00000000 		.word	0
 157 00c4 00000000 		.word	0
 158 00c8 00000000 		.word	0
 159 00cc 00000000 		.word	0
 160 00d0 01000000 		.word	1
 161 00d4 02000000 		.word	2
 162              		.data
 163              		.align	2
 164              		.type	EE_ALARM_NAME, %object
 165              		.size	EE_ALARM_NAME, 4
 166              	EE_ALARM_NAME:
 167 0000 00000000 		.word	.LC0
 168              		.type	EE_counter_RAM, %object
 169              		.size	EE_counter_RAM, 8
ARM GAS  C:\Users\abhim\AppData\Local\Temp\ccVE7AVb.s 			page 4


 170              	EE_counter_RAM:
 171 0004 00000000 		.word	0
 172 0008 FFFFFFFF 		.word	-1
 173              		.type	EE_th_terminate_nextask, %object
 174              		.size	EE_th_terminate_nextask, 20
 175              	EE_th_terminate_nextask:
 176 000c FFFFFFFF 		.word	-1
 177 0010 FFFFFFFF 		.word	-1
 178 0014 FFFFFFFF 		.word	-1
 179 0018 FFFFFFFF 		.word	-1
 180 001c FFFFFFFF 		.word	-1
 181              		.type	EE_rq_pairs_next, %object
 182              		.size	EE_rq_pairs_next, 20
 183              	EE_rq_pairs_next:
 184 0020 01000000 		.word	1
 185 0024 02000000 		.word	2
 186 0028 03000000 		.word	3
 187 002c 04000000 		.word	4
 188 0030 FFFFFFFF 		.word	-1
 189              		.type	EE_rq_link, %object
 190              		.size	EE_rq_link, 20
 191              	EE_rq_link:
 192 0034 00000000 		.word	0
 193 0038 00000000 		.word	0
 194 003c 04000000 		.word	4
 195 0040 02000000 		.word	2
 196 0044 03000000 		.word	3
 197              		.type	EE_th_rnact, %object
 198              		.size	EE_th_rnact, 20
 199              	EE_th_rnact:
 200 0048 01000000 		.word	1
 201 004c 01000000 		.word	1
 202 0050 01000000 		.word	1
 203 0054 01000000 		.word	1
 204 0058 01000000 		.word	1
 205              		.type	EE_rq_queues_tail, %object
 206              		.size	EE_rq_queues_tail, 64
 207              	EE_rq_queues_tail:
 208 005c FFFFFFFF 		.word	-1
 209 0060 FFFFFFFF 		.word	-1
 210 0064 FFFFFFFF 		.word	-1
 211 0068 FFFFFFFF 		.word	-1
 212 006c FFFFFFFF 		.word	-1
 213 0070 FFFFFFFF 		.word	-1
 214 0074 FFFFFFFF 		.word	-1
 215 0078 FFFFFFFF 		.word	-1
 216 007c FFFFFFFF 		.word	-1
 217 0080 FFFFFFFF 		.word	-1
 218 0084 FFFFFFFF 		.word	-1
 219 0088 FFFFFFFF 		.word	-1
 220 008c FFFFFFFF 		.word	-1
 221 0090 FFFFFFFF 		.word	-1
 222 0094 FFFFFFFF 		.word	-1
 223 0098 FFFFFFFF 		.word	-1
 224              		.type	EE_rq_queues_head, %object
 225              		.size	EE_rq_queues_head, 64
 226              	EE_rq_queues_head:
ARM GAS  C:\Users\abhim\AppData\Local\Temp\ccVE7AVb.s 			page 5


 227 009c FFFFFFFF 		.word	-1
 228 00a0 FFFFFFFF 		.word	-1
 229 00a4 FFFFFFFF 		.word	-1
 230 00a8 FFFFFFFF 		.word	-1
 231 00ac FFFFFFFF 		.word	-1
 232 00b0 FFFFFFFF 		.word	-1
 233 00b4 FFFFFFFF 		.word	-1
 234 00b8 FFFFFFFF 		.word	-1
 235 00bc FFFFFFFF 		.word	-1
 236 00c0 FFFFFFFF 		.word	-1
 237 00c4 FFFFFFFF 		.word	-1
 238 00c8 FFFFFFFF 		.word	-1
 239 00cc FFFFFFFF 		.word	-1
 240 00d0 FFFFFFFF 		.word	-1
 241 00d4 FFFFFFFF 		.word	-1
 242 00d8 FFFFFFFF 		.word	-1
 243              		.type	EE_stkfirst, %object
 244              		.size	EE_stkfirst, 4
 245              	EE_stkfirst:
 246 00dc FFFFFFFF 		.word	-1
 247              		.type	EE_th_next, %object
 248              		.size	EE_th_next, 20
 249              	EE_th_next:
 250 00e0 FFFFFFFF 		.word	-1
 251 00e4 FFFFFFFF 		.word	-1
 252 00e8 FFFFFFFF 		.word	-1
 253 00ec FFFFFFFF 		.word	-1
 254 00f0 FFFFFFFF 		.word	-1
 255              		.type	EE_th_status, %object
 256              		.size	EE_th_status, 20
 257              	EE_th_status:
 258 00f4 03000000 		.word	3
 259 00f8 03000000 		.word	3
 260 00fc 03000000 		.word	3
 261 0100 03000000 		.word	3
 262 0104 03000000 		.word	3
 263              		.type	EE_EVENT_NAME, %object
 264              		.size	EE_EVENT_NAME, 8
 265              	EE_EVENT_NAME:
 266 0108 0C000000 		.word	.LC1
 267 010c 20000000 		.word	.LC2
 268              		.type	EE_TASK_NAME, %object
 269              		.size	EE_TASK_NAME, 20
 270              	EE_TASK_NAME:
 271 0110 38000000 		.word	.LC3
 272 0114 44000000 		.word	.LC4
 273 0118 54000000 		.word	.LC5
 274 011c 5C000000 		.word	.LC6
 275 0120 68000000 		.word	.LC7
 276              		.type	EE_cortex_mx_IRQ_tos, %object
 277              		.size	EE_cortex_mx_IRQ_tos, 4
 278              	EE_cortex_mx_IRQ_tos:
 279 0124 00020000 		.word	EE_cortex_mx_stack_9+512
 280              		.type	EE_cortex_mx_system_tos, %object
 281              		.size	EE_cortex_mx_system_tos, 12
 282              	EE_cortex_mx_system_tos:
 283 0128 00000000 		.word	0
ARM GAS  C:\Users\abhim\AppData\Local\Temp\ccVE7AVb.s 			page 6


 284 012c C0030000 		.word	EE_cortex_mx_stack_4+960
 285 0130 C0030000 		.word	EE_cortex_mx_stack_5+960
 286              		.section	.rodata.str1.4,"aMS",%progbits,1
 287              		.align	2
 288              	.LC0:
 289 0000 616C726D 		.ascii	"alrm_1ms\000"
 289      5F316D73 
 289      00
 290 0009 000000   		.space	3
 291              	.LC1:
 292 000c 65765F6A 		.ascii	"ev_joystick_onData\000"
 292      6F797374 
 292      69636B5F 
 292      6F6E4461 
 292      746100
 293 001f 00       		.space	1
 294              	.LC2:
 295 0020 65765F63 		.ascii	"ev_controlspeed_onData\000"
 295      6F6E7472 
 295      6F6C7370 
 295      6565645F 
 295      6F6E4461 
 296 0037 00       		.space	1
 297              	.LC3:
 298 0038 74736B5F 		.ascii	"tsk_init\000"
 298      696E6974 
 298      00
 299 0041 000000   		.space	3
 300              	.LC4:
 301 0044 74736B5F 		.ascii	"tsk_background\000"
 301      6261636B 
 301      67726F75 
 301      6E6400
 302 0053 00       		.space	1
 303              	.LC5:
 304 0054 74736B5F 		.ascii	"tsk_IO\000"
 304      494F00
 305 005b 00       		.space	1
 306              	.LC6:
 307 005c 74736B5F 		.ascii	"tsk_Control\000"
 307      436F6E74 
 307      726F6C00 
 308              	.LC7:
 309 0068 74736B5F 		.ascii	"tsk_Brakelight\000"
 309      4272616B 
 309      656C6967 
 309      687400
 310              		.bss
 311              		.align	2
 312              		.type	EE_th_waswaiting, %object
 313              		.size	EE_th_waswaiting, 20
 314              	EE_th_waswaiting:
 315 0000 00000000 		.space	20
 315      00000000 
 315      00000000 
 315      00000000 
 315      00000000 
ARM GAS  C:\Users\abhim\AppData\Local\Temp\ccVE7AVb.s 			page 7


 316              		.type	EE_th_event_waitmask, %object
 317              		.size	EE_th_event_waitmask, 20
 318              	EE_th_event_waitmask:
 319 0014 00000000 		.space	20
 319      00000000 
 319      00000000 
 319      00000000 
 319      00000000 
 320              		.type	EE_th_event_active, %object
 321              		.size	EE_th_event_active, 20
 322              	EE_th_event_active:
 323 0028 00000000 		.space	20
 323      00000000 
 323      00000000 
 323      00000000 
 323      00000000 
 324              		.type	EE_rq_free, %object
 325              		.size	EE_rq_free, 4
 326              	EE_rq_free:
 327 003c 00000000 		.space	4
 328              		.type	EE_rq_bitmask, %object
 329              		.size	EE_rq_bitmask, 2
 330              	EE_rq_bitmask:
 331 0040 0000     		.space	2
 332 0042 0000     		.space	2
 333              		.type	EE_sys_ceiling, %object
 334              		.size	EE_sys_ceiling, 4
 335              	EE_sys_ceiling:
 336 0044 00000000 		.space	4
 337              		.type	EE_cortex_mx_active_tos, %object
 338              		.size	EE_cortex_mx_active_tos, 4
 339              	EE_cortex_mx_active_tos:
 340 0048 00000000 		.space	4
 341              		.text
 342              	.Letext0:
 343              		.file 1 "Generated_Source\\PSoC5\\ErikaOS_common_ee_types.inc"
 344              		.file 2 "Generated_Source\\PSoC5\\ErikaOS_cortex_mx_ee_cpu.inc"
 345              		.file 3 "Generated_Source\\PSoC5\\ErikaOS_ee_oo_common.inc"
 346              		.file 4 "Generated_Source\\PSoC5\\ErikaOS_common_ee_hal_structs.inc"
 347              		.file 5 "Generated_Source\\PSoC5\\ErikaOS_eecfg.c"
 348              		.file 6 "Generated_Source\\PSoC5\\ErikaOS_ee_oo_intfunc.inc"
 349              		.file 7 "Generated_Source\\PSoC5\\ErikaOS_cortex_mx_ee_context.inc"
 350              		.file 8 "Generated_Source\\PSoC5\\ErikaOS_common_ee_primitives.inc"
 351              		.section	.debug_info,"",%progbits
 352              	.Ldebug_info0:
 353 0000 C3080000 		.4byte	0x8c3
 354 0004 0400     		.2byte	0x4
 355 0006 00000000 		.4byte	.Ldebug_abbrev0
 356 000a 04       		.byte	0x4
 357 000b 01       		.uleb128 0x1
 358 000c 54050000 		.4byte	.LASF113
 359 0010 0C       		.byte	0xc
 360 0011 7B000000 		.4byte	.LASF114
 361 0015 0A020000 		.4byte	.LASF115
 362 0019 00000000 		.4byte	.Ldebug_line0
 363 001d 02       		.uleb128 0x2
 364 001e 01       		.byte	0x1
ARM GAS  C:\Users\abhim\AppData\Local\Temp\ccVE7AVb.s 			page 8


 365 001f 06       		.byte	0x6
 366 0020 36010000 		.4byte	.LASF0
 367 0024 02       		.uleb128 0x2
 368 0025 01       		.byte	0x1
 369 0026 08       		.byte	0x8
 370 0027 CC040000 		.4byte	.LASF1
 371 002b 02       		.uleb128 0x2
 372 002c 02       		.byte	0x2
 373 002d 05       		.byte	0x5
 374 002e 11050000 		.4byte	.LASF2
 375 0032 02       		.uleb128 0x2
 376 0033 02       		.byte	0x2
 377 0034 07       		.byte	0x7
 378 0035 DD020000 		.4byte	.LASF3
 379 0039 02       		.uleb128 0x2
 380 003a 04       		.byte	0x4
 381 003b 05       		.byte	0x5
 382 003c BD010000 		.4byte	.LASF4
 383 0040 02       		.uleb128 0x2
 384 0041 04       		.byte	0x4
 385 0042 07       		.byte	0x7
 386 0043 9B020000 		.4byte	.LASF5
 387 0047 02       		.uleb128 0x2
 388 0048 08       		.byte	0x8
 389 0049 05       		.byte	0x5
 390 004a 28010000 		.4byte	.LASF6
 391 004e 02       		.uleb128 0x2
 392 004f 08       		.byte	0x8
 393 0050 07       		.byte	0x7
 394 0051 5E000000 		.4byte	.LASF7
 395 0055 03       		.uleb128 0x3
 396 0056 04       		.byte	0x4
 397 0057 05       		.byte	0x5
 398 0058 696E7400 		.ascii	"int\000"
 399 005c 02       		.uleb128 0x2
 400 005d 04       		.byte	0x4
 401 005e 07       		.byte	0x7
 402 005f 63020000 		.4byte	.LASF8
 403 0063 02       		.uleb128 0x2
 404 0064 08       		.byte	0x8
 405 0065 04       		.byte	0x4
 406 0066 1A040000 		.4byte	.LASF9
 407 006a 04       		.uleb128 0x4
 408 006b 99040000 		.4byte	.LASF10
 409 006f 01       		.byte	0x1
 410 0070 52       		.byte	0x52
 411 0071 32000000 		.4byte	0x32
 412 0075 04       		.uleb128 0x4
 413 0076 5D070000 		.4byte	.LASF11
 414 007a 01       		.byte	0x1
 415 007b 53       		.byte	0x53
 416 007c 55000000 		.4byte	0x55
 417 0080 04       		.uleb128 0x4
 418 0081 53070000 		.4byte	.LASF12
 419 0085 01       		.byte	0x1
 420 0086 54       		.byte	0x54
 421 0087 5C000000 		.4byte	0x5c
ARM GAS  C:\Users\abhim\AppData\Local\Temp\ccVE7AVb.s 			page 9


 422 008b 04       		.uleb128 0x4
 423 008c A8070000 		.4byte	.LASF13
 424 0090 01       		.byte	0x1
 425 0091 64       		.byte	0x64
 426 0092 96000000 		.4byte	0x96
 427 0096 05       		.uleb128 0x5
 428 0097 04       		.byte	0x4
 429 0098 06       		.uleb128 0x6
 430 0099 04       		.byte	0x4
 431 009a 9E000000 		.4byte	0x9e
 432 009e 07       		.uleb128 0x7
 433 009f 04       		.uleb128 0x4
 434 00a0 9D030000 		.4byte	.LASF14
 435 00a4 01       		.byte	0x1
 436 00a5 70       		.byte	0x70
 437 00a6 98000000 		.4byte	0x98
 438 00aa 04       		.uleb128 0x4
 439 00ab EE050000 		.4byte	.LASF15
 440 00af 01       		.byte	0x1
 441 00b0 73       		.byte	0x73
 442 00b1 98000000 		.4byte	0x98
 443 00b5 04       		.uleb128 0x4
 444 00b6 70020000 		.4byte	.LASF16
 445 00ba 02       		.byte	0x2
 446 00bb 4D       		.byte	0x4d
 447 00bc 80000000 		.4byte	0x80
 448 00c0 04       		.uleb128 0x4
 449 00c1 3C040000 		.4byte	.LASF17
 450 00c5 02       		.byte	0x2
 451 00c6 4E       		.byte	0x4e
 452 00c7 75000000 		.4byte	0x75
 453 00cb 04       		.uleb128 0x4
 454 00cc C2070000 		.4byte	.LASF18
 455 00d0 02       		.byte	0x2
 456 00d1 4F       		.byte	0x4f
 457 00d2 80000000 		.4byte	0x80
 458 00d6 04       		.uleb128 0x4
 459 00d7 3D000000 		.4byte	.LASF19
 460 00db 02       		.byte	0x2
 461 00dc 54       		.byte	0x54
 462 00dd B5000000 		.4byte	0xb5
 463 00e1 04       		.uleb128 0x4
 464 00e2 56020000 		.4byte	.LASF20
 465 00e6 02       		.byte	0x2
 466 00e7 78       		.byte	0x78
 467 00e8 75000000 		.4byte	0x75
 468 00ec 08       		.uleb128 0x8
 469 00ed DA000000 		.4byte	.LASF61
 470 00f1 04       		.byte	0x4
 471 00f2 04       		.byte	0x4
 472 00f3 4D       		.byte	0x4d
 473 00f4 05010000 		.4byte	0x105
 474 00f8 09       		.uleb128 0x9
 475 00f9 94070000 		.4byte	.LASF28
 476 00fd 04       		.byte	0x4
 477 00fe 4E       		.byte	0x4e
 478 00ff 8B000000 		.4byte	0x8b
ARM GAS  C:\Users\abhim\AppData\Local\Temp\ccVE7AVb.s 			page 10


 479 0103 00       		.byte	0
 480 0104 00       		.byte	0
 481 0105 0A       		.uleb128 0xa
 482 0106 01040000 		.4byte	.LASF21
 483 010a 03       		.byte	0x3
 484 010b 1101     		.2byte	0x111
 485 010d 6A000000 		.4byte	0x6a
 486 0111 0A       		.uleb128 0xa
 487 0112 D1000000 		.4byte	.LASF22
 488 0116 03       		.byte	0x3
 489 0117 F701     		.2byte	0x1f7
 490 0119 E1000000 		.4byte	0xe1
 491 011d 0A       		.uleb128 0xa
 492 011e 59010000 		.4byte	.LASF23
 493 0122 03       		.byte	0x3
 494 0123 2C02     		.2byte	0x22c
 495 0125 B5000000 		.4byte	0xb5
 496 0129 0A       		.uleb128 0xa
 497 012a 1D000000 		.4byte	.LASF24
 498 012e 03       		.byte	0x3
 499 012f 3502     		.2byte	0x235
 500 0131 B5000000 		.4byte	0xb5
 501 0135 0A       		.uleb128 0xa
 502 0136 47060000 		.4byte	.LASF25
 503 013a 03       		.byte	0x3
 504 013b 5D02     		.2byte	0x25d
 505 013d B5000000 		.4byte	0xb5
 506 0141 0A       		.uleb128 0xa
 507 0142 32000000 		.4byte	.LASF26
 508 0146 03       		.byte	0x3
 509 0147 6302     		.2byte	0x263
 510 0149 B5000000 		.4byte	0xb5
 511 014d 0A       		.uleb128 0xa
 512 014e AE030000 		.4byte	.LASF27
 513 0152 03       		.byte	0x3
 514 0153 6C02     		.2byte	0x26c
 515 0155 B5000000 		.4byte	0xb5
 516 0159 0B       		.uleb128 0xb
 517 015a 0C       		.byte	0xc
 518 015b 03       		.byte	0x3
 519 015c 7202     		.2byte	0x272
 520 015e 8A010000 		.4byte	0x18a
 521 0162 0C       		.uleb128 0xc
 522 0163 E1000000 		.4byte	.LASF29
 523 0167 03       		.byte	0x3
 524 0168 7302     		.2byte	0x273
 525 016a 29010000 		.4byte	0x129
 526 016e 00       		.byte	0
 527 016f 0C       		.uleb128 0xc
 528 0170 44040000 		.4byte	.LASF30
 529 0174 03       		.byte	0x3
 530 0175 7402     		.2byte	0x274
 531 0177 29010000 		.4byte	0x129
 532 017b 04       		.byte	0x4
 533 017c 0C       		.uleb128 0xc
 534 017d 4D020000 		.4byte	.LASF31
 535 0181 03       		.byte	0x3
ARM GAS  C:\Users\abhim\AppData\Local\Temp\ccVE7AVb.s 			page 11


 536 0182 7502     		.2byte	0x275
 537 0184 29010000 		.4byte	0x129
 538 0188 08       		.byte	0x8
 539 0189 00       		.byte	0
 540 018a 0A       		.uleb128 0xa
 541 018b 3D050000 		.4byte	.LASF32
 542 018f 03       		.byte	0x3
 543 0190 7A02     		.2byte	0x27a
 544 0192 59010000 		.4byte	0x159
 545 0196 0B       		.uleb128 0xb
 546 0197 08       		.byte	0x8
 547 0198 03       		.byte	0x3
 548 0199 7D02     		.2byte	0x27d
 549 019b BA010000 		.4byte	0x1ba
 550 019f 0C       		.uleb128 0xc
 551 01a0 5D020000 		.4byte	.LASF33
 552 01a4 03       		.byte	0x3
 553 01a5 7E02     		.2byte	0x27e
 554 01a7 29010000 		.4byte	0x129
 555 01ab 00       		.byte	0
 556 01ac 0C       		.uleb128 0xc
 557 01ad 41060000 		.4byte	.LASF34
 558 01b1 03       		.byte	0x3
 559 01b2 7F02     		.2byte	0x27f
 560 01b4 35010000 		.4byte	0x135
 561 01b8 04       		.byte	0x4
 562 01b9 00       		.byte	0
 563 01ba 0A       		.uleb128 0xa
 564 01bb 9A010000 		.4byte	.LASF35
 565 01bf 03       		.byte	0x3
 566 01c0 8002     		.2byte	0x280
 567 01c2 96010000 		.4byte	0x196
 568 01c6 0D       		.uleb128 0xd
 569 01c7 01       		.byte	0x1
 570 01c8 24000000 		.4byte	0x24
 571 01cc 03       		.byte	0x3
 572 01cd 8A02     		.2byte	0x28a
 573 01cf E0010000 		.4byte	0x1e0
 574 01d3 0E       		.uleb128 0xe
 575 01d4 DA040000 		.4byte	.LASF36
 576 01d8 00       		.byte	0
 577 01d9 0E       		.uleb128 0xe
 578 01da A3040000 		.4byte	.LASF37
 579 01de 01       		.byte	0x1
 580 01df 00       		.byte	0
 581 01e0 0A       		.uleb128 0xa
 582 01e1 08030000 		.4byte	.LASF38
 583 01e5 03       		.byte	0x3
 584 01e6 8D02     		.2byte	0x28d
 585 01e8 C6010000 		.4byte	0x1c6
 586 01ec 0A       		.uleb128 0xa
 587 01ed 34030000 		.4byte	.LASF39
 588 01f1 03       		.byte	0x3
 589 01f2 9002     		.2byte	0x290
 590 01f4 E0010000 		.4byte	0x1e0
 591 01f8 0B       		.uleb128 0xb
 592 01f9 0C       		.byte	0xc
ARM GAS  C:\Users\abhim\AppData\Local\Temp\ccVE7AVb.s 			page 12


 593 01fa 03       		.byte	0x3
 594 01fb 9402     		.2byte	0x294
 595 01fd 27020000 		.4byte	0x227
 596 0201 0F       		.uleb128 0xf
 597 0202 6300     		.ascii	"c\000"
 598 0204 03       		.byte	0x3
 599 0205 9602     		.2byte	0x296
 600 0207 4D010000 		.4byte	0x14d
 601 020b 00       		.byte	0
 602 020c 0C       		.uleb128 0xc
 603 020d 9E060000 		.4byte	.LASF40
 604 0211 03       		.byte	0x3
 605 0212 9802     		.2byte	0x298
 606 0214 35010000 		.4byte	0x135
 607 0218 04       		.byte	0x4
 608 0219 0C       		.uleb128 0xc
 609 021a D8020000 		.4byte	.LASF41
 610 021e 03       		.byte	0x3
 611 021f 9A02     		.2byte	0x29a
 612 0221 EC010000 		.4byte	0x1ec
 613 0225 08       		.byte	0x8
 614 0226 00       		.byte	0
 615 0227 0A       		.uleb128 0xa
 616 0228 A2000000 		.4byte	.LASF42
 617 022c 03       		.byte	0x3
 618 022d 9B02     		.2byte	0x29b
 619 022f F8010000 		.4byte	0x1f8
 620 0233 0B       		.uleb128 0xb
 621 0234 10       		.byte	0x10
 622 0235 03       		.byte	0x3
 623 0236 9F02     		.2byte	0x29f
 624 0238 71020000 		.4byte	0x271
 625 023c 0C       		.uleb128 0xc
 626 023d 51040000 		.4byte	.LASF43
 627 0241 03       		.byte	0x3
 628 0242 A002     		.2byte	0x2a0
 629 0244 D6000000 		.4byte	0xd6
 630 0248 00       		.byte	0
 631 0249 0C       		.uleb128 0xc
 632 024a 8B070000 		.4byte	.LASF44
 633 024e 03       		.byte	0x3
 634 024f A102     		.2byte	0x2a1
 635 0251 29010000 		.4byte	0x129
 636 0255 04       		.byte	0x4
 637 0256 0C       		.uleb128 0xc
 638 0257 75000000 		.4byte	.LASF45
 639 025b 03       		.byte	0x3
 640 025c A202     		.2byte	0x2a2
 641 025e 29010000 		.4byte	0x129
 642 0262 08       		.byte	0x8
 643 0263 0C       		.uleb128 0xc
 644 0264 00000000 		.4byte	.LASF46
 645 0268 03       		.byte	0x3
 646 0269 A302     		.2byte	0x2a3
 647 026b 35010000 		.4byte	0x135
 648 026f 0C       		.byte	0xc
 649 0270 00       		.byte	0
ARM GAS  C:\Users\abhim\AppData\Local\Temp\ccVE7AVb.s 			page 13


 650 0271 0A       		.uleb128 0xa
 651 0272 56040000 		.4byte	.LASF47
 652 0276 03       		.byte	0x3
 653 0277 A402     		.2byte	0x2a4
 654 0279 33020000 		.4byte	0x233
 655 027d 0D       		.uleb128 0xd
 656 027e 01       		.byte	0x1
 657 027f 24000000 		.4byte	0x24
 658 0283 03       		.byte	0x3
 659 0284 A702     		.2byte	0x2a7
 660 0286 A3020000 		.4byte	0x2a3
 661 028a 0E       		.uleb128 0xe
 662 028b 5E060000 		.4byte	.LASF48
 663 028f 00       		.byte	0
 664 0290 0E       		.uleb128 0xe
 665 0291 A6060000 		.4byte	.LASF49
 666 0295 01       		.byte	0x1
 667 0296 0E       		.uleb128 0xe
 668 0297 7D060000 		.4byte	.LASF50
 669 029b 02       		.byte	0x2
 670 029c 0E       		.uleb128 0xe
 671 029d 20060000 		.4byte	.LASF51
 672 02a1 03       		.byte	0x3
 673 02a2 00       		.byte	0
 674 02a3 0A       		.uleb128 0xa
 675 02a4 42010000 		.4byte	.LASF52
 676 02a8 03       		.byte	0x3
 677 02a9 AC02     		.2byte	0x2ac
 678 02ab 7D020000 		.4byte	0x27d
 679 02af 0A       		.uleb128 0xa
 680 02b0 02070000 		.4byte	.LASF53
 681 02b4 03       		.byte	0x3
 682 02b5 AF02     		.2byte	0x2af
 683 02b7 A3020000 		.4byte	0x2a3
 684 02bb 0B       		.uleb128 0xb
 685 02bc 14       		.byte	0x14
 686 02bd 03       		.byte	0x3
 687 02be B202     		.2byte	0x2b2
 688 02c0 04030000 		.4byte	0x304
 689 02c4 0C       		.uleb128 0xc
 690 02c5 D8060000 		.4byte	.LASF54
 691 02c9 03       		.byte	0x3
 692 02ca B302     		.2byte	0x2b3
 693 02cc AF020000 		.4byte	0x2af
 694 02d0 00       		.byte	0
 695 02d1 0C       		.uleb128 0xc
 696 02d2 9C070000 		.4byte	.LASF55
 697 02d6 03       		.byte	0x3
 698 02d7 B402     		.2byte	0x2b4
 699 02d9 11010000 		.4byte	0x111
 700 02dd 04       		.byte	0x4
 701 02de 0C       		.uleb128 0xc
 702 02df E2050000 		.4byte	.LASF56
 703 02e3 03       		.byte	0x3
 704 02e4 B602     		.2byte	0x2b6
 705 02e6 1D010000 		.4byte	0x11d
 706 02ea 08       		.byte	0x8
ARM GAS  C:\Users\abhim\AppData\Local\Temp\ccVE7AVb.s 			page 14


 707 02eb 0F       		.uleb128 0xf
 708 02ec 6600     		.ascii	"f\000"
 709 02ee 03       		.byte	0x3
 710 02ef B802     		.2byte	0x2b8
 711 02f1 9F000000 		.4byte	0x9f
 712 02f5 0C       		.byte	0xc
 713 02f6 0C       		.uleb128 0xc
 714 02f7 08050000 		.4byte	.LASF57
 715 02fb 03       		.byte	0x3
 716 02fc BA02     		.2byte	0x2ba
 717 02fe 4D010000 		.4byte	0x14d
 718 0302 10       		.byte	0x10
 719 0303 00       		.byte	0
 720 0304 0A       		.uleb128 0xa
 721 0305 83040000 		.4byte	.LASF58
 722 0309 03       		.byte	0x3
 723 030a BB02     		.2byte	0x2bb
 724 030c BB020000 		.4byte	0x2bb
 725 0310 0B       		.uleb128 0xb
 726 0311 04       		.byte	0x4
 727 0312 03       		.byte	0x3
 728 0313 BD02     		.2byte	0x2bd
 729 0315 27030000 		.4byte	0x327
 730 0319 0C       		.uleb128 0xc
 731 031a D3030000 		.4byte	.LASF59
 732 031e 03       		.byte	0x3
 733 031f BF02     		.2byte	0x2bf
 734 0321 41010000 		.4byte	0x141
 735 0325 00       		.byte	0
 736 0326 00       		.byte	0
 737 0327 0A       		.uleb128 0xa
 738 0328 78020000 		.4byte	.LASF60
 739 032c 03       		.byte	0x3
 740 032d C402     		.2byte	0x2c4
 741 032f 10030000 		.4byte	0x310
 742 0333 10       		.uleb128 0x10
 743 0334 BE020000 		.4byte	.LASF62
 744 0338 08       		.byte	0x8
 745 0339 03       		.byte	0x3
 746 033a 0E04     		.2byte	0x40e
 747 033c 5A030000 		.4byte	0x35a
 748 0340 0F       		.uleb128 0xf
 749 0341 6E7400   		.ascii	"nt\000"
 750 0344 03       		.byte	0x3
 751 0345 0F04     		.2byte	0x40f
 752 0347 B5000000 		.4byte	0xb5
 753 034b 00       		.byte	0
 754 034c 0C       		.uleb128 0xc
 755 034d E4060000 		.4byte	.LASF63
 756 0351 03       		.byte	0x3
 757 0352 1004     		.2byte	0x410
 758 0354 6A030000 		.4byte	0x36a
 759 0358 04       		.byte	0x4
 760 0359 00       		.byte	0
 761 035a 11       		.uleb128 0x11
 762 035b 65030000 		.4byte	0x365
 763 035f 65030000 		.4byte	0x365
ARM GAS  C:\Users\abhim\AppData\Local\Temp\ccVE7AVb.s 			page 15


 764 0363 12       		.uleb128 0x12
 765 0364 00       		.byte	0
 766 0365 13       		.uleb128 0x13
 767 0366 E1000000 		.4byte	0xe1
 768 036a 06       		.uleb128 0x6
 769 036b 04       		.byte	0x4
 770 036c 5A030000 		.4byte	0x35a
 771 0370 11       		.uleb128 0x11
 772 0371 65030000 		.4byte	0x365
 773 0375 80030000 		.4byte	0x380
 774 0379 14       		.uleb128 0x14
 775 037a 80030000 		.4byte	0x380
 776 037e 00       		.byte	0
 777 037f 00       		.byte	0
 778 0380 02       		.uleb128 0x2
 779 0381 04       		.byte	0x4
 780 0382 07       		.byte	0x7
 781 0383 11040000 		.4byte	.LASF64
 782 0387 15       		.uleb128 0x15
 783 0388 F1000000 		.4byte	.LASF116
 784 038c 05       		.byte	0x5
 785 038d 6507     		.2byte	0x765
 786 038f 99030000 		.4byte	0x399
 787 0393 05       		.uleb128 0x5
 788 0394 03       		.byte	0x3
 789 0395 08000000 		.4byte	EE_oo_autostart_task_mode_OSDEFAULTAPPMODE
 790 0399 13       		.uleb128 0x13
 791 039a 70030000 		.4byte	0x370
 792 039e 11       		.uleb128 0x11
 793 039f AE030000 		.4byte	0x3ae
 794 03a3 AE030000 		.4byte	0x3ae
 795 03a7 14       		.uleb128 0x14
 796 03a8 80030000 		.4byte	0x380
 797 03ac 04       		.byte	0x4
 798 03ad 00       		.byte	0
 799 03ae 13       		.uleb128 0x13
 800 03af AA000000 		.4byte	0xaa
 801 03b3 16       		.uleb128 0x16
 802 03b4 B6060000 		.4byte	.LASF65
 803 03b8 05       		.byte	0x5
 804 03b9 D2       		.byte	0xd2
 805 03ba C4030000 		.4byte	0x3c4
 806 03be 05       		.uleb128 0x5
 807 03bf 03       		.byte	0x3
 808 03c0 00000000 		.4byte	EE_hal_thread_body
 809 03c4 13       		.uleb128 0x13
 810 03c5 9E030000 		.4byte	0x39e
 811 03c9 11       		.uleb128 0x11
 812 03ca D9030000 		.4byte	0x3d9
 813 03ce D9030000 		.4byte	0x3d9
 814 03d2 14       		.uleb128 0x14
 815 03d3 80030000 		.4byte	0x380
 816 03d7 05       		.byte	0x5
 817 03d8 00       		.byte	0
 818 03d9 13       		.uleb128 0x13
 819 03da B5000000 		.4byte	0xb5
 820 03de 16       		.uleb128 0x16
ARM GAS  C:\Users\abhim\AppData\Local\Temp\ccVE7AVb.s 			page 16


 821 03df 0E060000 		.4byte	.LASF66
 822 03e3 05       		.byte	0x5
 823 03e4 71       		.byte	0x71
 824 03e5 EF030000 		.4byte	0x3ef
 825 03e9 05       		.uleb128 0x5
 826 03ea 03       		.byte	0x3
 827 03eb 00000000 		.4byte	EE_std_thread_tos
 828 03ef 13       		.uleb128 0x13
 829 03f0 C9030000 		.4byte	0x3c9
 830 03f4 11       		.uleb128 0x11
 831 03f5 80000000 		.4byte	0x80
 832 03f9 04040000 		.4byte	0x404
 833 03fd 14       		.uleb128 0x14
 834 03fe 80030000 		.4byte	0x380
 835 0402 04       		.byte	0x4
 836 0403 00       		.byte	0
 837 0404 16       		.uleb128 0x16
 838 0405 66070000 		.4byte	.LASF67
 839 0409 05       		.byte	0x5
 840 040a ED       		.byte	0xed
 841 040b F4030000 		.4byte	0x3f4
 842 040f 05       		.uleb128 0x5
 843 0410 03       		.byte	0x3
 844 0411 00000000 		.4byte	EE_terminate_data
 845 0415 16       		.uleb128 0x16
 846 0416 EE040000 		.4byte	.LASF68
 847 041a 05       		.byte	0x5
 848 041b F0       		.byte	0xf0
 849 041c 26040000 		.4byte	0x426
 850 0420 05       		.uleb128 0x5
 851 0421 03       		.byte	0x3
 852 0422 00000000 		.4byte	EE_terminate_real_th_body
 853 0426 13       		.uleb128 0x13
 854 0427 9E030000 		.4byte	0x39e
 855 042b 11       		.uleb128 0x11
 856 042c EC000000 		.4byte	0xec
 857 0430 3B040000 		.4byte	0x43b
 858 0434 14       		.uleb128 0x14
 859 0435 80030000 		.4byte	0x380
 860 0439 02       		.byte	0x2
 861 043a 00       		.byte	0
 862 043b 16       		.uleb128 0x16
 863 043c B4040000 		.4byte	.LASF69
 864 0440 05       		.byte	0x5
 865 0441 8D       		.byte	0x8d
 866 0442 2B040000 		.4byte	0x42b
 867 0446 05       		.uleb128 0x5
 868 0447 03       		.byte	0x3
 869 0448 00000000 		.4byte	EE_cortex_mx_system_tos
 870 044c 16       		.uleb128 0x16
 871 044d 82010000 		.4byte	.LASF70
 872 0451 05       		.byte	0x5
 873 0452 A9       		.byte	0xa9
 874 0453 B5000000 		.4byte	0xb5
 875 0457 05       		.uleb128 0x5
 876 0458 03       		.byte	0x3
 877 0459 00000000 		.4byte	EE_cortex_mx_active_tos
ARM GAS  C:\Users\abhim\AppData\Local\Temp\ccVE7AVb.s 			page 17


 878 045d 11       		.uleb128 0x11
 879 045e D9030000 		.4byte	0x3d9
 880 0462 6D040000 		.4byte	0x46d
 881 0466 14       		.uleb128 0x14
 882 0467 80030000 		.4byte	0x380
 883 046b 04       		.byte	0x4
 884 046c 00       		.byte	0
 885 046d 17       		.uleb128 0x17
 886 046e 6D060000 		.4byte	.LASF71
 887 0472 05       		.byte	0x5
 888 0473 E202     		.2byte	0x2e2
 889 0475 7F040000 		.4byte	0x47f
 890 0479 05       		.uleb128 0x5
 891 047a 03       		.byte	0x3
 892 047b 00000000 		.4byte	EE_th_rnact_max
 893 047f 13       		.uleb128 0x13
 894 0480 5D040000 		.4byte	0x45d
 895 0484 17       		.uleb128 0x17
 896 0485 11070000 		.4byte	.LASF72
 897 0489 05       		.byte	0x5
 898 048a 0C01     		.2byte	0x10c
 899 048c 96040000 		.4byte	0x496
 900 0490 05       		.uleb128 0x5
 901 0491 03       		.byte	0x3
 902 0492 00000000 		.4byte	EE_th_ready_prio
 903 0496 13       		.uleb128 0x13
 904 0497 5D040000 		.4byte	0x45d
 905 049b 17       		.uleb128 0x17
 906 049c 4A030000 		.4byte	.LASF73
 907 04a0 05       		.byte	0x5
 908 04a1 4502     		.2byte	0x245
 909 04a3 AD040000 		.4byte	0x4ad
 910 04a7 05       		.uleb128 0x5
 911 04a8 03       		.byte	0x3
 912 04a9 00000000 		.4byte	EE_th_dispatch_prio
 913 04ad 13       		.uleb128 0x13
 914 04ae 5D040000 		.4byte	0x45d
 915 04b2 11       		.uleb128 0x11
 916 04b3 C2040000 		.4byte	0x4c2
 917 04b7 C2040000 		.4byte	0x4c2
 918 04bb 14       		.uleb128 0x14
 919 04bc 80030000 		.4byte	0x380
 920 04c0 04       		.byte	0x4
 921 04c1 00       		.byte	0
 922 04c2 06       		.uleb128 0x6
 923 04c3 04       		.byte	0x4
 924 04c4 CF040000 		.4byte	0x4cf
 925 04c8 02       		.uleb128 0x2
 926 04c9 01       		.byte	0x1
 927 04ca 08       		.byte	0x8
 928 04cb 59060000 		.4byte	.LASF74
 929 04cf 13       		.uleb128 0x13
 930 04d0 C8040000 		.4byte	0x4c8
 931 04d4 17       		.uleb128 0x17
 932 04d5 30050000 		.4byte	.LASF75
 933 04d9 05       		.byte	0x5
 934 04da 2801     		.2byte	0x128
ARM GAS  C:\Users\abhim\AppData\Local\Temp\ccVE7AVb.s 			page 18


 935 04dc B2040000 		.4byte	0x4b2
 936 04e0 05       		.uleb128 0x5
 937 04e1 03       		.byte	0x3
 938 04e2 00000000 		.4byte	EE_TASK_NAME
 939 04e6 11       		.uleb128 0x11
 940 04e7 C2040000 		.4byte	0x4c2
 941 04eb F6040000 		.4byte	0x4f6
 942 04ef 14       		.uleb128 0x14
 943 04f0 80030000 		.4byte	0x380
 944 04f4 01       		.byte	0x1
 945 04f5 00       		.byte	0
 946 04f6 17       		.uleb128 0x17
 947 04f7 67010000 		.4byte	.LASF76
 948 04fb 05       		.byte	0x5
 949 04fc 8101     		.2byte	0x181
 950 04fe E6040000 		.4byte	0x4e6
 951 0502 05       		.uleb128 0x5
 952 0503 03       		.byte	0x3
 953 0504 00000000 		.4byte	EE_EVENT_NAME
 954 0508 11       		.uleb128 0x11
 955 0509 C2040000 		.4byte	0x4c2
 956 050d 18050000 		.4byte	0x518
 957 0511 14       		.uleb128 0x14
 958 0512 80030000 		.4byte	0x380
 959 0516 00       		.byte	0
 960 0517 00       		.byte	0
 961 0518 17       		.uleb128 0x17
 962 0519 8D020000 		.4byte	.LASF77
 963 051d 05       		.byte	0x5
 964 051e 3D06     		.2byte	0x63d
 965 0520 08050000 		.4byte	0x508
 966 0524 05       		.uleb128 0x5
 967 0525 03       		.byte	0x3
 968 0526 00000000 		.4byte	EE_ALARM_NAME
 969 052a 11       		.uleb128 0x11
 970 052b 3A050000 		.4byte	0x53a
 971 052f 3A050000 		.4byte	0x53a
 972 0533 14       		.uleb128 0x14
 973 0534 80030000 		.4byte	0x380
 974 0538 01       		.byte	0x1
 975 0539 00       		.byte	0
 976 053a 13       		.uleb128 0x13
 977 053b 40000000 		.4byte	0x40
 978 053f 17       		.uleb128 0x17
 979 0540 B1010000 		.4byte	.LASF78
 980 0544 05       		.byte	0x5
 981 0545 E201     		.2byte	0x1e2
 982 0547 51050000 		.4byte	0x551
 983 054b 05       		.uleb128 0x5
 984 054c 03       		.byte	0x3
 985 054d 00000000 		.4byte	EE_EVENT_ID
 986 0551 13       		.uleb128 0x13
 987 0552 2A050000 		.4byte	0x52a
 988 0556 11       		.uleb128 0x11
 989 0557 3A050000 		.4byte	0x53a
 990 055b 66050000 		.4byte	0x566
 991 055f 14       		.uleb128 0x14
ARM GAS  C:\Users\abhim\AppData\Local\Temp\ccVE7AVb.s 			page 19


 992 0560 80030000 		.4byte	0x380
 993 0564 00       		.byte	0
 994 0565 00       		.byte	0
 995 0566 17       		.uleb128 0x17
 996 0567 1C010000 		.4byte	.LASF79
 997 056b 05       		.byte	0x5
 998 056c 5906     		.2byte	0x659
 999 056e 78050000 		.4byte	0x578
 1000 0572 05       		.uleb128 0x5
 1001 0573 03       		.byte	0x3
 1002 0574 00000000 		.4byte	EE_ALARM_ID
 1003 0578 13       		.uleb128 0x13
 1004 0579 56050000 		.4byte	0x556
 1005 057d 11       		.uleb128 0x11
 1006 057e B5000000 		.4byte	0xb5
 1007 0582 8D050000 		.4byte	0x58d
 1008 0586 14       		.uleb128 0x14
 1009 0587 80030000 		.4byte	0x380
 1010 058b 04       		.byte	0x4
 1011 058c 00       		.byte	0
 1012 058d 17       		.uleb128 0x17
 1013 058e 27030000 		.4byte	.LASF80
 1014 0592 05       		.byte	0x5
 1015 0593 8102     		.2byte	0x281
 1016 0595 7D050000 		.4byte	0x57d
 1017 0599 05       		.uleb128 0x5
 1018 059a 03       		.byte	0x3
 1019 059b 00000000 		.4byte	EE_th_status
 1020 059f 11       		.uleb128 0x11
 1021 05a0 E1000000 		.4byte	0xe1
 1022 05a4 AF050000 		.4byte	0x5af
 1023 05a8 14       		.uleb128 0x14
 1024 05a9 80030000 		.4byte	0x380
 1025 05ad 04       		.byte	0x4
 1026 05ae 00       		.byte	0
 1027 05af 17       		.uleb128 0x17
 1028 05b0 E3040000 		.4byte	.LASF81
 1029 05b4 05       		.byte	0x5
 1030 05b5 9D02     		.2byte	0x29d
 1031 05b7 9F050000 		.4byte	0x59f
 1032 05bb 05       		.uleb128 0x5
 1033 05bc 03       		.byte	0x3
 1034 05bd 00000000 		.4byte	EE_th_next
 1035 05c1 17       		.uleb128 0x17
 1036 05c2 22070000 		.4byte	.LASF82
 1037 05c6 05       		.byte	0x5
 1038 05c7 C702     		.2byte	0x2c7
 1039 05c9 7D050000 		.4byte	0x57d
 1040 05cd 05       		.uleb128 0x5
 1041 05ce 03       		.byte	0x3
 1042 05cf 00000000 		.4byte	EE_th_rnact
 1043 05d3 17       		.uleb128 0x17
 1044 05d4 05000000 		.4byte	.LASF83
 1045 05d8 05       		.byte	0x5
 1046 05d9 7703     		.2byte	0x377
 1047 05db 9F050000 		.4byte	0x59f
 1048 05df 05       		.uleb128 0x5
ARM GAS  C:\Users\abhim\AppData\Local\Temp\ccVE7AVb.s 			page 20


 1049 05e0 03       		.byte	0x3
 1050 05e1 00000000 		.4byte	EE_th_terminate_nextask
 1051 05e5 17       		.uleb128 0x17
 1052 05e6 26000000 		.4byte	.LASF84
 1053 05ea 05       		.byte	0x5
 1054 05eb B902     		.2byte	0x2b9
 1055 05ed E1000000 		.4byte	0xe1
 1056 05f1 05       		.uleb128 0x5
 1057 05f2 03       		.byte	0x3
 1058 05f3 00000000 		.4byte	EE_stkfirst
 1059 05f7 17       		.uleb128 0x17
 1060 05f8 C9060000 		.4byte	.LASF85
 1061 05fc 05       		.byte	0x5
 1062 05fd BC02     		.2byte	0x2bc
 1063 05ff B5000000 		.4byte	0xb5
 1064 0603 05       		.uleb128 0x5
 1065 0604 03       		.byte	0x3
 1066 0605 00000000 		.4byte	EE_sys_ceiling
 1067 0609 17       		.uleb128 0x17
 1068 060a 31040000 		.4byte	.LASF86
 1069 060e 05       		.byte	0x5
 1070 060f FD02     		.2byte	0x2fd
 1071 0611 7D050000 		.4byte	0x57d
 1072 0615 05       		.uleb128 0x5
 1073 0616 03       		.byte	0x3
 1074 0617 00000000 		.4byte	EE_rq_link
 1075 061b 11       		.uleb128 0x11
 1076 061c C0000000 		.4byte	0xc0
 1077 0620 2B060000 		.4byte	0x62b
 1078 0624 14       		.uleb128 0x14
 1079 0625 80030000 		.4byte	0x380
 1080 0629 0F       		.byte	0xf
 1081 062a 00       		.byte	0
 1082 062b 17       		.uleb128 0x17
 1083 062c C6010000 		.4byte	.LASF87
 1084 0630 05       		.byte	0x5
 1085 0631 BF02     		.2byte	0x2bf
 1086 0633 1B060000 		.4byte	0x61b
 1087 0637 05       		.uleb128 0x5
 1088 0638 03       		.byte	0x3
 1089 0639 00000000 		.4byte	EE_rq_queues_head
 1090 063d 17       		.uleb128 0x17
 1091 063e FC050000 		.4byte	.LASF88
 1092 0642 05       		.byte	0x5
 1093 0643 C102     		.2byte	0x2c1
 1094 0645 1B060000 		.4byte	0x61b
 1095 0649 05       		.uleb128 0x5
 1096 064a 03       		.byte	0x3
 1097 064b 00000000 		.4byte	EE_rq_queues_tail
 1098 064f 11       		.uleb128 0x11
 1099 0650 C0000000 		.4byte	0xc0
 1100 0654 5F060000 		.4byte	0x65f
 1101 0658 14       		.uleb128 0x14
 1102 0659 80030000 		.4byte	0x380
 1103 065d 04       		.byte	0x4
 1104 065e 00       		.byte	0
 1105 065f 17       		.uleb128 0x17
ARM GAS  C:\Users\abhim\AppData\Local\Temp\ccVE7AVb.s 			page 21


 1106 0660 C0000000 		.4byte	.LASF89
 1107 0664 05       		.byte	0x5
 1108 0665 1B03     		.2byte	0x31b
 1109 0667 4F060000 		.4byte	0x64f
 1110 066b 05       		.uleb128 0x5
 1111 066c 03       		.byte	0x3
 1112 066d 00000000 		.4byte	EE_rq_pairs_next
 1113 0671 17       		.uleb128 0x17
 1114 0672 2E070000 		.4byte	.LASF90
 1115 0676 05       		.byte	0x5
 1116 0677 7003     		.2byte	0x370
 1117 0679 9F050000 		.4byte	0x59f
 1118 067d 05       		.uleb128 0x5
 1119 067e 03       		.byte	0x3
 1120 067f 00000000 		.4byte	EE_rq_pairs_tid
 1121 0683 17       		.uleb128 0x17
 1122 0684 33060000 		.4byte	.LASF91
 1123 0688 05       		.byte	0x5
 1124 0689 C402     		.2byte	0x2c4
 1125 068b 05010000 		.4byte	0x105
 1126 068f 05       		.uleb128 0x5
 1127 0690 03       		.byte	0x3
 1128 0691 00000000 		.4byte	EE_rq_bitmask
 1129 0695 17       		.uleb128 0x17
 1130 0696 26040000 		.4byte	.LASF92
 1131 069a 05       		.byte	0x5
 1132 069b 7303     		.2byte	0x373
 1133 069d C0000000 		.4byte	0xc0
 1134 06a1 05       		.uleb128 0x5
 1135 06a2 03       		.byte	0x3
 1136 06a3 00000000 		.4byte	EE_rq_free
 1137 06a7 17       		.uleb128 0x17
 1138 06a8 78070000 		.4byte	.LASF93
 1139 06ac 05       		.byte	0x5
 1140 06ad 9A03     		.2byte	0x39a
 1141 06af 7D050000 		.4byte	0x57d
 1142 06b3 05       		.uleb128 0x5
 1143 06b4 03       		.byte	0x3
 1144 06b5 00000000 		.4byte	EE_th_event_active
 1145 06b9 17       		.uleb128 0x17
 1146 06ba 1B050000 		.4byte	.LASF94
 1147 06be 05       		.byte	0x5
 1148 06bf B603     		.2byte	0x3b6
 1149 06c1 7D050000 		.4byte	0x57d
 1150 06c5 05       		.uleb128 0x5
 1151 06c6 03       		.byte	0x3
 1152 06c7 00000000 		.4byte	EE_th_event_waitmask
 1153 06cb 11       		.uleb128 0x11
 1154 06cc D6000000 		.4byte	0xd6
 1155 06d0 DB060000 		.4byte	0x6db
 1156 06d4 14       		.uleb128 0x14
 1157 06d5 80030000 		.4byte	0x380
 1158 06d9 04       		.byte	0x4
 1159 06da 00       		.byte	0
 1160 06db 17       		.uleb128 0x17
 1161 06dc AD020000 		.4byte	.LASF95
 1162 06e0 05       		.byte	0x5
ARM GAS  C:\Users\abhim\AppData\Local\Temp\ccVE7AVb.s 			page 22


 1163 06e1 D203     		.2byte	0x3d2
 1164 06e3 CB060000 		.4byte	0x6cb
 1165 06e7 05       		.uleb128 0x5
 1166 06e8 03       		.byte	0x3
 1167 06e9 00000000 		.4byte	EE_th_waswaiting
 1168 06ed 17       		.uleb128 0x17
 1169 06ee B0070000 		.4byte	.LASF96
 1170 06f2 05       		.byte	0x5
 1171 06f3 EE03     		.2byte	0x3ee
 1172 06f5 FF060000 		.4byte	0x6ff
 1173 06f9 05       		.uleb128 0x5
 1174 06fa 03       		.byte	0x3
 1175 06fb 00000000 		.4byte	EE_th_is_extended
 1176 06ff 13       		.uleb128 0x13
 1177 0700 5D040000 		.4byte	0x45d
 1178 0704 11       		.uleb128 0x11
 1179 0705 14070000 		.4byte	0x714
 1180 0709 14070000 		.4byte	0x714
 1181 070d 14       		.uleb128 0x14
 1182 070e 80030000 		.4byte	0x380
 1183 0712 00       		.byte	0
 1184 0713 00       		.byte	0
 1185 0714 13       		.uleb128 0x13
 1186 0715 8A010000 		.4byte	0x18a
 1187 0719 17       		.uleb128 0x17
 1188 071a 74040000 		.4byte	.LASF97
 1189 071e 05       		.byte	0x5
 1190 071f FF05     		.2byte	0x5ff
 1191 0721 2B070000 		.4byte	0x72b
 1192 0725 05       		.uleb128 0x5
 1193 0726 03       		.byte	0x3
 1194 0727 00000000 		.4byte	EE_counter_ROM
 1195 072b 13       		.uleb128 0x13
 1196 072c 04070000 		.4byte	0x704
 1197 0730 11       		.uleb128 0x11
 1198 0731 40070000 		.4byte	0x740
 1199 0735 40070000 		.4byte	0x740
 1200 0739 14       		.uleb128 0x14
 1201 073a 80030000 		.4byte	0x380
 1202 073e 00       		.byte	0
 1203 073f 00       		.byte	0
 1204 0740 13       		.uleb128 0x13
 1205 0741 27020000 		.4byte	0x227
 1206 0745 17       		.uleb128 0x17
 1207 0746 BA030000 		.4byte	.LASF98
 1208 074a 05       		.byte	0x5
 1209 074b 9606     		.2byte	0x696
 1210 074d 57070000 		.4byte	0x757
 1211 0751 05       		.uleb128 0x5
 1212 0752 03       		.byte	0x3
 1213 0753 00000000 		.4byte	EE_oo_counter_object_ROM
 1214 0757 13       		.uleb128 0x13
 1215 0758 30070000 		.4byte	0x730
 1216 075c 11       		.uleb128 0x11
 1217 075d 6C070000 		.4byte	0x76c
 1218 0761 6C070000 		.4byte	0x76c
 1219 0765 14       		.uleb128 0x14
ARM GAS  C:\Users\abhim\AppData\Local\Temp\ccVE7AVb.s 			page 23


 1220 0766 80030000 		.4byte	0x380
 1221 076a 00       		.byte	0
 1222 076b 00       		.byte	0
 1223 076c 13       		.uleb128 0x13
 1224 076d 04030000 		.4byte	0x304
 1225 0771 17       		.uleb128 0x17
 1226 0772 F0030000 		.4byte	.LASF99
 1227 0776 05       		.byte	0x5
 1228 0777 BA06     		.2byte	0x6ba
 1229 0779 83070000 		.4byte	0x783
 1230 077d 05       		.uleb128 0x5
 1231 077e 03       		.byte	0x3
 1232 077f 00000000 		.4byte	EE_oo_action_ROM
 1233 0783 13       		.uleb128 0x13
 1234 0784 5C070000 		.4byte	0x75c
 1235 0788 11       		.uleb128 0x11
 1236 0789 98070000 		.4byte	0x798
 1237 078d 98070000 		.4byte	0x798
 1238 0791 14       		.uleb128 0x14
 1239 0792 80030000 		.4byte	0x380
 1240 0796 00       		.byte	0
 1241 0797 00       		.byte	0
 1242 0798 13       		.uleb128 0x13
 1243 0799 27030000 		.4byte	0x327
 1244 079d 17       		.uleb128 0x17
 1245 079e 75010000 		.4byte	.LASF100
 1246 07a2 05       		.byte	0x5
 1247 07a3 2006     		.2byte	0x620
 1248 07a5 AF070000 		.4byte	0x7af
 1249 07a9 05       		.uleb128 0x5
 1250 07aa 03       		.byte	0x3
 1251 07ab 00000000 		.4byte	EE_alarm_ROM
 1252 07af 13       		.uleb128 0x13
 1253 07b0 88070000 		.4byte	0x788
 1254 07b4 11       		.uleb128 0x11
 1255 07b5 BA010000 		.4byte	0x1ba
 1256 07b9 C4070000 		.4byte	0x7c4
 1257 07bd 14       		.uleb128 0x14
 1258 07be 80030000 		.4byte	0x380
 1259 07c2 00       		.byte	0
 1260 07c3 00       		.byte	0
 1261 07c4 17       		.uleb128 0x17
 1262 07c5 8F060000 		.4byte	.LASF101
 1263 07c9 05       		.byte	0x5
 1264 07ca 0C06     		.2byte	0x60c
 1265 07cc B4070000 		.4byte	0x7b4
 1266 07d0 05       		.uleb128 0x5
 1267 07d1 03       		.byte	0x3
 1268 07d2 00000000 		.4byte	EE_counter_RAM
 1269 07d6 11       		.uleb128 0x11
 1270 07d7 71020000 		.4byte	0x271
 1271 07db E6070000 		.4byte	0x7e6
 1272 07df 14       		.uleb128 0x14
 1273 07e0 80030000 		.4byte	0x380
 1274 07e4 00       		.byte	0
 1275 07e5 00       		.byte	0
 1276 07e6 17       		.uleb128 0x17
ARM GAS  C:\Users\abhim\AppData\Local\Temp\ccVE7AVb.s 			page 24


 1277 07e7 E9060000 		.4byte	.LASF102
 1278 07eb 05       		.byte	0x5
 1279 07ec B106     		.2byte	0x6b1
 1280 07ee D6070000 		.4byte	0x7d6
 1281 07f2 05       		.uleb128 0x5
 1282 07f3 03       		.byte	0x3
 1283 07f4 00000000 		.4byte	EE_oo_counter_object_RAM
 1284 07f8 11       		.uleb128 0x11
 1285 07f9 08080000 		.4byte	0x808
 1286 07fd 08080000 		.4byte	0x808
 1287 0801 14       		.uleb128 0x14
 1288 0802 80030000 		.4byte	0x380
 1289 0806 00       		.byte	0
 1290 0807 00       		.byte	0
 1291 0808 13       		.uleb128 0x13
 1292 0809 33030000 		.4byte	0x333
 1293 080d 17       		.uleb128 0x17
 1294 080e CA070000 		.4byte	.LASF103
 1295 0812 05       		.byte	0x5
 1296 0813 9607     		.2byte	0x796
 1297 0815 1F080000 		.4byte	0x81f
 1298 0819 05       		.uleb128 0x5
 1299 081a 03       		.byte	0x3
 1300 081b 00000000 		.4byte	EE_oo_autostart_task_data
 1301 081f 13       		.uleb128 0x13
 1302 0820 F8070000 		.4byte	0x7f8
 1303 0824 18       		.uleb128 0x18
 1304 0825 F0020000 		.4byte	.LASF104
 1305 0829 06       		.byte	0x6
 1306 082a 40       		.byte	0x40
 1307 082b B5000000 		.4byte	0xb5
 1308 082f 18       		.uleb128 0x18
 1309 0830 D8010000 		.4byte	.LASF105
 1310 0834 06       		.byte	0x6
 1311 0835 47       		.byte	0x47
 1312 0836 CB000000 		.4byte	0xcb
 1313 083a 17       		.uleb128 0x17
 1314 083b DD030000 		.4byte	.LASF106
 1315 083f 05       		.byte	0x5
 1316 0840 5C07     		.2byte	0x75c
 1317 0842 B5000000 		.4byte	0xb5
 1318 0846 05       		.uleb128 0x5
 1319 0847 03       		.byte	0x3
 1320 0848 00000000 		.4byte	EE_ApplicationMode
 1321 084c 18       		.uleb128 0x18
 1322 084d F1010000 		.4byte	.LASF107
 1323 0851 07       		.byte	0x7
 1324 0852 48       		.byte	0x48
 1325 0853 E1000000 		.4byte	0xe1
 1326 0857 18       		.uleb128 0x18
 1327 0858 3E070000 		.4byte	.LASF108
 1328 085c 08       		.byte	0x8
 1329 085d 44       		.byte	0x44
 1330 085e B5000000 		.4byte	0xb5
 1331 0862 16       		.uleb128 0x16
 1332 0863 49000000 		.4byte	.LASF109
 1333 0867 05       		.byte	0x5
ARM GAS  C:\Users\abhim\AppData\Local\Temp\ccVE7AVb.s 			page 25


 1334 0868 AD       		.byte	0xad
 1335 0869 EC000000 		.4byte	0xec
 1336 086d 05       		.uleb128 0x5
 1337 086e 03       		.byte	0x3
 1338 086f 00000000 		.4byte	EE_cortex_mx_IRQ_tos
 1339 0873 11       		.uleb128 0x11
 1340 0874 55000000 		.4byte	0x55
 1341 0878 83080000 		.4byte	0x883
 1342 087c 14       		.uleb128 0x14
 1343 087d 80030000 		.4byte	0x380
 1344 0881 F9       		.byte	0xf9
 1345 0882 00       		.byte	0
 1346 0883 16       		.uleb128 0x16
 1347 0884 5E030000 		.4byte	.LASF110
 1348 0888 05       		.byte	0x5
 1349 0889 1D       		.byte	0x1d
 1350 088a 73080000 		.4byte	0x873
 1351 088e 05       		.uleb128 0x5
 1352 088f 03       		.byte	0x3
 1353 0890 00000000 		.4byte	EE_cortex_mx_stack_4
 1354 0894 16       		.uleb128 0x16
 1355 0895 73030000 		.4byte	.LASF111
 1356 0899 05       		.byte	0x5
 1357 089a 21       		.byte	0x21
 1358 089b 73080000 		.4byte	0x873
 1359 089f 05       		.uleb128 0x5
 1360 08a0 03       		.byte	0x3
 1361 08a1 00000000 		.4byte	EE_cortex_mx_stack_5
 1362 08a5 11       		.uleb128 0x11
 1363 08a6 55000000 		.4byte	0x55
 1364 08aa B5080000 		.4byte	0x8b5
 1365 08ae 14       		.uleb128 0x14
 1366 08af 80030000 		.4byte	0x380
 1367 08b3 7F       		.byte	0x7f
 1368 08b4 00       		.byte	0
 1369 08b5 16       		.uleb128 0x16
 1370 08b6 88030000 		.4byte	.LASF112
 1371 08ba 05       		.byte	0x5
 1372 08bb 32       		.byte	0x32
 1373 08bc A5080000 		.4byte	0x8a5
 1374 08c0 05       		.uleb128 0x5
 1375 08c1 03       		.byte	0x3
 1376 08c2 00000000 		.4byte	EE_cortex_mx_stack_9
 1377 08c6 00       		.byte	0
 1378              		.section	.debug_abbrev,"",%progbits
 1379              	.Ldebug_abbrev0:
 1380 0000 01       		.uleb128 0x1
 1381 0001 11       		.uleb128 0x11
 1382 0002 01       		.byte	0x1
 1383 0003 25       		.uleb128 0x25
 1384 0004 0E       		.uleb128 0xe
 1385 0005 13       		.uleb128 0x13
 1386 0006 0B       		.uleb128 0xb
 1387 0007 03       		.uleb128 0x3
 1388 0008 0E       		.uleb128 0xe
 1389 0009 1B       		.uleb128 0x1b
 1390 000a 0E       		.uleb128 0xe
ARM GAS  C:\Users\abhim\AppData\Local\Temp\ccVE7AVb.s 			page 26


 1391 000b 10       		.uleb128 0x10
 1392 000c 17       		.uleb128 0x17
 1393 000d 00       		.byte	0
 1394 000e 00       		.byte	0
 1395 000f 02       		.uleb128 0x2
 1396 0010 24       		.uleb128 0x24
 1397 0011 00       		.byte	0
 1398 0012 0B       		.uleb128 0xb
 1399 0013 0B       		.uleb128 0xb
 1400 0014 3E       		.uleb128 0x3e
 1401 0015 0B       		.uleb128 0xb
 1402 0016 03       		.uleb128 0x3
 1403 0017 0E       		.uleb128 0xe
 1404 0018 00       		.byte	0
 1405 0019 00       		.byte	0
 1406 001a 03       		.uleb128 0x3
 1407 001b 24       		.uleb128 0x24
 1408 001c 00       		.byte	0
 1409 001d 0B       		.uleb128 0xb
 1410 001e 0B       		.uleb128 0xb
 1411 001f 3E       		.uleb128 0x3e
 1412 0020 0B       		.uleb128 0xb
 1413 0021 03       		.uleb128 0x3
 1414 0022 08       		.uleb128 0x8
 1415 0023 00       		.byte	0
 1416 0024 00       		.byte	0
 1417 0025 04       		.uleb128 0x4
 1418 0026 16       		.uleb128 0x16
 1419 0027 00       		.byte	0
 1420 0028 03       		.uleb128 0x3
 1421 0029 0E       		.uleb128 0xe
 1422 002a 3A       		.uleb128 0x3a
 1423 002b 0B       		.uleb128 0xb
 1424 002c 3B       		.uleb128 0x3b
 1425 002d 0B       		.uleb128 0xb
 1426 002e 49       		.uleb128 0x49
 1427 002f 13       		.uleb128 0x13
 1428 0030 00       		.byte	0
 1429 0031 00       		.byte	0
 1430 0032 05       		.uleb128 0x5
 1431 0033 0F       		.uleb128 0xf
 1432 0034 00       		.byte	0
 1433 0035 0B       		.uleb128 0xb
 1434 0036 0B       		.uleb128 0xb
 1435 0037 00       		.byte	0
 1436 0038 00       		.byte	0
 1437 0039 06       		.uleb128 0x6
 1438 003a 0F       		.uleb128 0xf
 1439 003b 00       		.byte	0
 1440 003c 0B       		.uleb128 0xb
 1441 003d 0B       		.uleb128 0xb
 1442 003e 49       		.uleb128 0x49
 1443 003f 13       		.uleb128 0x13
 1444 0040 00       		.byte	0
 1445 0041 00       		.byte	0
 1446 0042 07       		.uleb128 0x7
 1447 0043 15       		.uleb128 0x15
ARM GAS  C:\Users\abhim\AppData\Local\Temp\ccVE7AVb.s 			page 27


 1448 0044 00       		.byte	0
 1449 0045 27       		.uleb128 0x27
 1450 0046 19       		.uleb128 0x19
 1451 0047 00       		.byte	0
 1452 0048 00       		.byte	0
 1453 0049 08       		.uleb128 0x8
 1454 004a 13       		.uleb128 0x13
 1455 004b 01       		.byte	0x1
 1456 004c 03       		.uleb128 0x3
 1457 004d 0E       		.uleb128 0xe
 1458 004e 0B       		.uleb128 0xb
 1459 004f 0B       		.uleb128 0xb
 1460 0050 3A       		.uleb128 0x3a
 1461 0051 0B       		.uleb128 0xb
 1462 0052 3B       		.uleb128 0x3b
 1463 0053 0B       		.uleb128 0xb
 1464 0054 01       		.uleb128 0x1
 1465 0055 13       		.uleb128 0x13
 1466 0056 00       		.byte	0
 1467 0057 00       		.byte	0
 1468 0058 09       		.uleb128 0x9
 1469 0059 0D       		.uleb128 0xd
 1470 005a 00       		.byte	0
 1471 005b 03       		.uleb128 0x3
 1472 005c 0E       		.uleb128 0xe
 1473 005d 3A       		.uleb128 0x3a
 1474 005e 0B       		.uleb128 0xb
 1475 005f 3B       		.uleb128 0x3b
 1476 0060 0B       		.uleb128 0xb
 1477 0061 49       		.uleb128 0x49
 1478 0062 13       		.uleb128 0x13
 1479 0063 38       		.uleb128 0x38
 1480 0064 0B       		.uleb128 0xb
 1481 0065 00       		.byte	0
 1482 0066 00       		.byte	0
 1483 0067 0A       		.uleb128 0xa
 1484 0068 16       		.uleb128 0x16
 1485 0069 00       		.byte	0
 1486 006a 03       		.uleb128 0x3
 1487 006b 0E       		.uleb128 0xe
 1488 006c 3A       		.uleb128 0x3a
 1489 006d 0B       		.uleb128 0xb
 1490 006e 3B       		.uleb128 0x3b
 1491 006f 05       		.uleb128 0x5
 1492 0070 49       		.uleb128 0x49
 1493 0071 13       		.uleb128 0x13
 1494 0072 00       		.byte	0
 1495 0073 00       		.byte	0
 1496 0074 0B       		.uleb128 0xb
 1497 0075 13       		.uleb128 0x13
 1498 0076 01       		.byte	0x1
 1499 0077 0B       		.uleb128 0xb
 1500 0078 0B       		.uleb128 0xb
 1501 0079 3A       		.uleb128 0x3a
 1502 007a 0B       		.uleb128 0xb
 1503 007b 3B       		.uleb128 0x3b
 1504 007c 05       		.uleb128 0x5
ARM GAS  C:\Users\abhim\AppData\Local\Temp\ccVE7AVb.s 			page 28


 1505 007d 01       		.uleb128 0x1
 1506 007e 13       		.uleb128 0x13
 1507 007f 00       		.byte	0
 1508 0080 00       		.byte	0
 1509 0081 0C       		.uleb128 0xc
 1510 0082 0D       		.uleb128 0xd
 1511 0083 00       		.byte	0
 1512 0084 03       		.uleb128 0x3
 1513 0085 0E       		.uleb128 0xe
 1514 0086 3A       		.uleb128 0x3a
 1515 0087 0B       		.uleb128 0xb
 1516 0088 3B       		.uleb128 0x3b
 1517 0089 05       		.uleb128 0x5
 1518 008a 49       		.uleb128 0x49
 1519 008b 13       		.uleb128 0x13
 1520 008c 38       		.uleb128 0x38
 1521 008d 0B       		.uleb128 0xb
 1522 008e 00       		.byte	0
 1523 008f 00       		.byte	0
 1524 0090 0D       		.uleb128 0xd
 1525 0091 04       		.uleb128 0x4
 1526 0092 01       		.byte	0x1
 1527 0093 0B       		.uleb128 0xb
 1528 0094 0B       		.uleb128 0xb
 1529 0095 49       		.uleb128 0x49
 1530 0096 13       		.uleb128 0x13
 1531 0097 3A       		.uleb128 0x3a
 1532 0098 0B       		.uleb128 0xb
 1533 0099 3B       		.uleb128 0x3b
 1534 009a 05       		.uleb128 0x5
 1535 009b 01       		.uleb128 0x1
 1536 009c 13       		.uleb128 0x13
 1537 009d 00       		.byte	0
 1538 009e 00       		.byte	0
 1539 009f 0E       		.uleb128 0xe
 1540 00a0 28       		.uleb128 0x28
 1541 00a1 00       		.byte	0
 1542 00a2 03       		.uleb128 0x3
 1543 00a3 0E       		.uleb128 0xe
 1544 00a4 1C       		.uleb128 0x1c
 1545 00a5 0B       		.uleb128 0xb
 1546 00a6 00       		.byte	0
 1547 00a7 00       		.byte	0
 1548 00a8 0F       		.uleb128 0xf
 1549 00a9 0D       		.uleb128 0xd
 1550 00aa 00       		.byte	0
 1551 00ab 03       		.uleb128 0x3
 1552 00ac 08       		.uleb128 0x8
 1553 00ad 3A       		.uleb128 0x3a
 1554 00ae 0B       		.uleb128 0xb
 1555 00af 3B       		.uleb128 0x3b
 1556 00b0 05       		.uleb128 0x5
 1557 00b1 49       		.uleb128 0x49
 1558 00b2 13       		.uleb128 0x13
 1559 00b3 38       		.uleb128 0x38
 1560 00b4 0B       		.uleb128 0xb
 1561 00b5 00       		.byte	0
ARM GAS  C:\Users\abhim\AppData\Local\Temp\ccVE7AVb.s 			page 29


 1562 00b6 00       		.byte	0
 1563 00b7 10       		.uleb128 0x10
 1564 00b8 13       		.uleb128 0x13
 1565 00b9 01       		.byte	0x1
 1566 00ba 03       		.uleb128 0x3
 1567 00bb 0E       		.uleb128 0xe
 1568 00bc 0B       		.uleb128 0xb
 1569 00bd 0B       		.uleb128 0xb
 1570 00be 3A       		.uleb128 0x3a
 1571 00bf 0B       		.uleb128 0xb
 1572 00c0 3B       		.uleb128 0x3b
 1573 00c1 05       		.uleb128 0x5
 1574 00c2 01       		.uleb128 0x1
 1575 00c3 13       		.uleb128 0x13
 1576 00c4 00       		.byte	0
 1577 00c5 00       		.byte	0
 1578 00c6 11       		.uleb128 0x11
 1579 00c7 01       		.uleb128 0x1
 1580 00c8 01       		.byte	0x1
 1581 00c9 49       		.uleb128 0x49
 1582 00ca 13       		.uleb128 0x13
 1583 00cb 01       		.uleb128 0x1
 1584 00cc 13       		.uleb128 0x13
 1585 00cd 00       		.byte	0
 1586 00ce 00       		.byte	0
 1587 00cf 12       		.uleb128 0x12
 1588 00d0 21       		.uleb128 0x21
 1589 00d1 00       		.byte	0
 1590 00d2 00       		.byte	0
 1591 00d3 00       		.byte	0
 1592 00d4 13       		.uleb128 0x13
 1593 00d5 26       		.uleb128 0x26
 1594 00d6 00       		.byte	0
 1595 00d7 49       		.uleb128 0x49
 1596 00d8 13       		.uleb128 0x13
 1597 00d9 00       		.byte	0
 1598 00da 00       		.byte	0
 1599 00db 14       		.uleb128 0x14
 1600 00dc 21       		.uleb128 0x21
 1601 00dd 00       		.byte	0
 1602 00de 49       		.uleb128 0x49
 1603 00df 13       		.uleb128 0x13
 1604 00e0 2F       		.uleb128 0x2f
 1605 00e1 0B       		.uleb128 0xb
 1606 00e2 00       		.byte	0
 1607 00e3 00       		.byte	0
 1608 00e4 15       		.uleb128 0x15
 1609 00e5 34       		.uleb128 0x34
 1610 00e6 00       		.byte	0
 1611 00e7 03       		.uleb128 0x3
 1612 00e8 0E       		.uleb128 0xe
 1613 00e9 3A       		.uleb128 0x3a
 1614 00ea 0B       		.uleb128 0xb
 1615 00eb 3B       		.uleb128 0x3b
 1616 00ec 05       		.uleb128 0x5
 1617 00ed 49       		.uleb128 0x49
 1618 00ee 13       		.uleb128 0x13
ARM GAS  C:\Users\abhim\AppData\Local\Temp\ccVE7AVb.s 			page 30


 1619 00ef 02       		.uleb128 0x2
 1620 00f0 18       		.uleb128 0x18
 1621 00f1 00       		.byte	0
 1622 00f2 00       		.byte	0
 1623 00f3 16       		.uleb128 0x16
 1624 00f4 34       		.uleb128 0x34
 1625 00f5 00       		.byte	0
 1626 00f6 03       		.uleb128 0x3
 1627 00f7 0E       		.uleb128 0xe
 1628 00f8 3A       		.uleb128 0x3a
 1629 00f9 0B       		.uleb128 0xb
 1630 00fa 3B       		.uleb128 0x3b
 1631 00fb 0B       		.uleb128 0xb
 1632 00fc 49       		.uleb128 0x49
 1633 00fd 13       		.uleb128 0x13
 1634 00fe 3F       		.uleb128 0x3f
 1635 00ff 19       		.uleb128 0x19
 1636 0100 02       		.uleb128 0x2
 1637 0101 18       		.uleb128 0x18
 1638 0102 00       		.byte	0
 1639 0103 00       		.byte	0
 1640 0104 17       		.uleb128 0x17
 1641 0105 34       		.uleb128 0x34
 1642 0106 00       		.byte	0
 1643 0107 03       		.uleb128 0x3
 1644 0108 0E       		.uleb128 0xe
 1645 0109 3A       		.uleb128 0x3a
 1646 010a 0B       		.uleb128 0xb
 1647 010b 3B       		.uleb128 0x3b
 1648 010c 05       		.uleb128 0x5
 1649 010d 49       		.uleb128 0x49
 1650 010e 13       		.uleb128 0x13
 1651 010f 3F       		.uleb128 0x3f
 1652 0110 19       		.uleb128 0x19
 1653 0111 02       		.uleb128 0x2
 1654 0112 18       		.uleb128 0x18
 1655 0113 00       		.byte	0
 1656 0114 00       		.byte	0
 1657 0115 18       		.uleb128 0x18
 1658 0116 34       		.uleb128 0x34
 1659 0117 00       		.byte	0
 1660 0118 03       		.uleb128 0x3
 1661 0119 0E       		.uleb128 0xe
 1662 011a 3A       		.uleb128 0x3a
 1663 011b 0B       		.uleb128 0xb
 1664 011c 3B       		.uleb128 0x3b
 1665 011d 0B       		.uleb128 0xb
 1666 011e 49       		.uleb128 0x49
 1667 011f 13       		.uleb128 0x13
 1668 0120 3F       		.uleb128 0x3f
 1669 0121 19       		.uleb128 0x19
 1670 0122 3C       		.uleb128 0x3c
 1671 0123 19       		.uleb128 0x19
 1672 0124 00       		.byte	0
 1673 0125 00       		.byte	0
 1674 0126 00       		.byte	0
 1675              		.section	.debug_aranges,"",%progbits
ARM GAS  C:\Users\abhim\AppData\Local\Temp\ccVE7AVb.s 			page 31


 1676 0000 14000000 		.4byte	0x14
 1677 0004 0200     		.2byte	0x2
 1678 0006 00000000 		.4byte	.Ldebug_info0
 1679 000a 04       		.byte	0x4
 1680 000b 00       		.byte	0
 1681 000c 0000     		.2byte	0
 1682 000e 0000     		.2byte	0
 1683 0010 00000000 		.4byte	0
 1684 0014 00000000 		.4byte	0
 1685              		.section	.debug_line,"",%progbits
 1686              	.Ldebug_line0:
 1687 0000 28010000 		.section	.debug_str,"MS",%progbits,1
 1687      02002201 
 1687      00000201 
 1687      FB0E0D00 
 1687      01010101 
 1688              	.LASF46:
 1689 0000 6E657874 		.ascii	"next\000"
 1689      00
 1690              	.LASF83:
 1691 0005 45455F74 		.ascii	"EE_th_terminate_nextask\000"
 1691      685F7465 
 1691      726D696E 
 1691      6174655F 
 1691      6E657874 
 1692              	.LASF24:
 1693 001d 5469636B 		.ascii	"TickType\000"
 1693      54797065 
 1693      00
 1694              	.LASF84:
 1695 0026 45455F73 		.ascii	"EE_stkfirst\000"
 1695      746B6669 
 1695      72737400 
 1696              	.LASF26:
 1697 0032 41637469 		.ascii	"ActionType\000"
 1697      6F6E5479 
 1697      706500
 1698              	.LASF19:
 1699 003d 45455F54 		.ascii	"EE_TYPEBOOL\000"
 1699      59504542 
 1699      4F4F4C00 
 1700              	.LASF109:
 1701 0049 45455F63 		.ascii	"EE_cortex_mx_IRQ_tos\000"
 1701      6F727465 
 1701      785F6D78 
 1701      5F495251 
 1701      5F746F73 
 1702              	.LASF7:
 1703 005e 6C6F6E67 		.ascii	"long long unsigned int\000"
 1703      206C6F6E 
 1703      6720756E 
 1703      7369676E 
 1703      65642069 
 1704              	.LASF45:
 1705 0075 64656C74 		.ascii	"delta\000"
 1705      6100
 1706              	.LASF114:
ARM GAS  C:\Users\abhim\AppData\Local\Temp\ccVE7AVb.s 			page 32


 1707 007b 47656E65 		.ascii	"Generated_Source\\PSoC5\\ErikaOS_eecfg.c\000"
 1707      72617465 
 1707      645F536F 
 1707      75726365 
 1707      5C50536F 
 1708              	.LASF42:
 1709 00a2 45455F6F 		.ascii	"EE_oo_counter_object_ROM_type\000"
 1709      6F5F636F 
 1709      756E7465 
 1709      725F6F62 
 1709      6A656374 
 1710              	.LASF89:
 1711 00c0 45455F72 		.ascii	"EE_rq_pairs_next\000"
 1711      715F7061 
 1711      6972735F 
 1711      6E657874 
 1711      00
 1712              	.LASF22:
 1713 00d1 5461736B 		.ascii	"TaskType\000"
 1713      54797065 
 1713      00
 1714              	.LASF61:
 1715 00da 45455F54 		.ascii	"EE_TOS\000"
 1715      4F5300
 1716              	.LASF29:
 1717 00e1 6D617861 		.ascii	"maxallowedvalue\000"
 1717      6C6C6F77 
 1717      65647661 
 1717      6C756500 
 1718              	.LASF116:
 1719 00f1 45455F6F 		.ascii	"EE_oo_autostart_task_mode_OSDEFAULTAPPMODE\000"
 1719      6F5F6175 
 1719      746F7374 
 1719      6172745F 
 1719      7461736B 
 1720              	.LASF79:
 1721 011c 45455F41 		.ascii	"EE_ALARM_ID\000"
 1721      4C41524D 
 1721      5F494400 
 1722              	.LASF6:
 1723 0128 6C6F6E67 		.ascii	"long long int\000"
 1723      206C6F6E 
 1723      6720696E 
 1723      7400
 1724              	.LASF0:
 1725 0136 7369676E 		.ascii	"signed char\000"
 1725      65642063 
 1725      68617200 
 1726              	.LASF52:
 1727 0142 45455F6F 		.ascii	"EE_oo_action_kind_type\000"
 1727      6F5F6163 
 1727      74696F6E 
 1727      5F6B696E 
 1727      645F7479 
 1728              	.LASF23:
 1729 0159 4576656E 		.ascii	"EventMaskType\000"
 1729      744D6173 
ARM GAS  C:\Users\abhim\AppData\Local\Temp\ccVE7AVb.s 			page 33


 1729      6B547970 
 1729      6500
 1730              	.LASF76:
 1731 0167 45455F45 		.ascii	"EE_EVENT_NAME\000"
 1731      56454E54 
 1731      5F4E414D 
 1731      4500
 1732              	.LASF100:
 1733 0175 45455F61 		.ascii	"EE_alarm_ROM\000"
 1733      6C61726D 
 1733      5F524F4D 
 1733      00
 1734              	.LASF70:
 1735 0182 45455F63 		.ascii	"EE_cortex_mx_active_tos\000"
 1735      6F727465 
 1735      785F6D78 
 1735      5F616374 
 1735      6976655F 
 1736              	.LASF35:
 1737 019a 45455F6F 		.ascii	"EE_oo_counter_RAM_type\000"
 1737      6F5F636F 
 1737      756E7465 
 1737      725F5241 
 1737      4D5F7479 
 1738              	.LASF78:
 1739 01b1 45455F45 		.ascii	"EE_EVENT_ID\000"
 1739      56454E54 
 1739      5F494400 
 1740              	.LASF4:
 1741 01bd 6C6F6E67 		.ascii	"long int\000"
 1741      20696E74 
 1741      00
 1742              	.LASF87:
 1743 01c6 45455F72 		.ascii	"EE_rq_queues_head\000"
 1743      715F7175 
 1743      65756573 
 1743      5F686561 
 1743      6400
 1744              	.LASF105:
 1745 01d8 45455F6F 		.ascii	"EE_oo_IRQ_suspend_status\000"
 1745      6F5F4952 
 1745      515F7375 
 1745      7370656E 
 1745      645F7374 
 1746              	.LASF107:
 1747 01f1 45455F73 		.ascii	"EE_std_endcycle_next_tid\000"
 1747      74645F65 
 1747      6E646379 
 1747      636C655F 
 1747      6E657874 
 1748              	.LASF115:
 1749 020a 443A5C70 		.ascii	"D:\\psoc-workspace\\Git\\ElectronicGaspedal\\Electr"
 1749      736F632D 
 1749      776F726B 
 1749      73706163 
 1749      655C4769 
 1750 0239 6F6E6963 		.ascii	"onic Gaspedal.cydsn\000"
ARM GAS  C:\Users\abhim\AppData\Local\Temp\ccVE7AVb.s 			page 34


 1750      20476173 
 1750      70656461 
 1750      6C2E6379 
 1750      64736E00 
 1751              	.LASF31:
 1752 024d 6D696E63 		.ascii	"mincycle\000"
 1752      79636C65 
 1752      00
 1753              	.LASF20:
 1754 0256 45455F54 		.ascii	"EE_TID\000"
 1754      494400
 1755              	.LASF33:
 1756 025d 76616C75 		.ascii	"value\000"
 1756      6500
 1757              	.LASF8:
 1758 0263 756E7369 		.ascii	"unsigned int\000"
 1758      676E6564 
 1758      20696E74 
 1758      00
 1759              	.LASF16:
 1760 0270 45455F55 		.ascii	"EE_UREG\000"
 1760      52454700 
 1761              	.LASF60:
 1762 0278 45455F6F 		.ascii	"EE_oo_alarm_ROM_type\000"
 1762      6F5F616C 
 1762      61726D5F 
 1762      524F4D5F 
 1762      74797065 
 1763              	.LASF77:
 1764 028d 45455F41 		.ascii	"EE_ALARM_NAME\000"
 1764      4C41524D 
 1764      5F4E414D 
 1764      4500
 1765              	.LASF5:
 1766 029b 6C6F6E67 		.ascii	"long unsigned int\000"
 1766      20756E73 
 1766      69676E65 
 1766      6420696E 
 1766      7400
 1767              	.LASF95:
 1768 02ad 45455F74 		.ascii	"EE_th_waswaiting\000"
 1768      685F7761 
 1768      73776169 
 1768      74696E67 
 1768      00
 1769              	.LASF62:
 1770 02be 45455F6F 		.ascii	"EE_oo_autostart_task_type\000"
 1770      6F5F6175 
 1770      746F7374 
 1770      6172745F 
 1770      7461736B 
 1771              	.LASF41:
 1772 02d8 6B696E64 		.ascii	"kind\000"
 1772      00
 1773              	.LASF3:
 1774 02dd 73686F72 		.ascii	"short unsigned int\000"
 1774      7420756E 
ARM GAS  C:\Users\abhim\AppData\Local\Temp\ccVE7AVb.s 			page 35


 1774      7369676E 
 1774      65642069 
 1774      6E7400
 1775              	.LASF104:
 1776 02f0 45455F6F 		.ascii	"EE_oo_IRQ_disable_count\000"
 1776      6F5F4952 
 1776      515F6469 
 1776      7361626C 
 1776      655F636F 
 1777              	.LASF38:
 1778 0308 45455F6F 		.ascii	"EE_oo_counter_object_kind_type\000"
 1778      6F5F636F 
 1778      756E7465 
 1778      725F6F62 
 1778      6A656374 
 1779              	.LASF80:
 1780 0327 45455F74 		.ascii	"EE_th_status\000"
 1780      685F7374 
 1780      61747573 
 1780      00
 1781              	.LASF39:
 1782 0334 436F756E 		.ascii	"CounterObjectKindType\000"
 1782      7465724F 
 1782      626A6563 
 1782      744B696E 
 1782      64547970 
 1783              	.LASF73:
 1784 034a 45455F74 		.ascii	"EE_th_dispatch_prio\000"
 1784      685F6469 
 1784      73706174 
 1784      63685F70 
 1784      72696F00 
 1785              	.LASF110:
 1786 035e 45455F63 		.ascii	"EE_cortex_mx_stack_4\000"
 1786      6F727465 
 1786      785F6D78 
 1786      5F737461 
 1786      636B5F34 
 1787              	.LASF111:
 1788 0373 45455F63 		.ascii	"EE_cortex_mx_stack_5\000"
 1788      6F727465 
 1788      785F6D78 
 1788      5F737461 
 1788      636B5F35 
 1789              	.LASF112:
 1790 0388 45455F63 		.ascii	"EE_cortex_mx_stack_9\000"
 1790      6F727465 
 1790      785F6D78 
 1790      5F737461 
 1790      636B5F39 
 1791              	.LASF14:
 1792 039d 45455F56 		.ascii	"EE_VOID_CALLBACK\000"
 1792      4F49445F 
 1792      43414C4C 
 1792      4241434B 
 1792      00
 1793              	.LASF27:
ARM GAS  C:\Users\abhim\AppData\Local\Temp\ccVE7AVb.s 			page 36


 1794 03ae 436F756E 		.ascii	"CounterType\000"
 1794      74657254 
 1794      79706500 
 1795              	.LASF98:
 1796 03ba 45455F6F 		.ascii	"EE_oo_counter_object_ROM\000"
 1796      6F5F636F 
 1796      756E7465 
 1796      725F6F62 
 1796      6A656374 
 1797              	.LASF59:
 1798 03d3 61637469 		.ascii	"action_id\000"
 1798      6F6E5F69 
 1798      6400
 1799              	.LASF106:
 1800 03dd 45455F41 		.ascii	"EE_ApplicationMode\000"
 1800      70706C69 
 1800      63617469 
 1800      6F6E4D6F 
 1800      646500
 1801              	.LASF99:
 1802 03f0 45455F6F 		.ascii	"EE_oo_action_ROM\000"
 1802      6F5F6163 
 1802      74696F6E 
 1802      5F524F4D 
 1802      00
 1803              	.LASF21:
 1804 0401 45455F54 		.ascii	"EE_TYPE_RQ_MASK\000"
 1804      5950455F 
 1804      52515F4D 
 1804      41534B00 
 1805              	.LASF64:
 1806 0411 73697A65 		.ascii	"sizetype\000"
 1806      74797065 
 1806      00
 1807              	.LASF9:
 1808 041a 6C6F6E67 		.ascii	"long double\000"
 1808      20646F75 
 1808      626C6500 
 1809              	.LASF92:
 1810 0426 45455F72 		.ascii	"EE_rq_free\000"
 1810      715F6672 
 1810      656500
 1811              	.LASF86:
 1812 0431 45455F72 		.ascii	"EE_rq_link\000"
 1812      715F6C69 
 1812      6E6B00
 1813              	.LASF17:
 1814 043c 45455F53 		.ascii	"EE_SREG\000"
 1814      52454700 
 1815              	.LASF30:
 1816 0444 7469636B 		.ascii	"ticksperbase\000"
 1816      73706572 
 1816      62617365 
 1816      00
 1817              	.LASF43:
 1818 0451 75736564 		.ascii	"used\000"
 1818      00
ARM GAS  C:\Users\abhim\AppData\Local\Temp\ccVE7AVb.s 			page 37


 1819              	.LASF47:
 1820 0456 45455F6F 		.ascii	"EE_oo_counter_object_RAM_type\000"
 1820      6F5F636F 
 1820      756E7465 
 1820      725F6F62 
 1820      6A656374 
 1821              	.LASF97:
 1822 0474 45455F63 		.ascii	"EE_counter_ROM\000"
 1822      6F756E74 
 1822      65725F52 
 1822      4F4D00
 1823              	.LASF58:
 1824 0483 45455F6F 		.ascii	"EE_oo_action_ROM_type\000"
 1824      6F5F6163 
 1824      74696F6E 
 1824      5F524F4D 
 1824      5F747970 
 1825              	.LASF10:
 1826 0499 45455F55 		.ascii	"EE_UINT16\000"
 1826      494E5431 
 1826      3600
 1827              	.LASF37:
 1828 04a3 45455F53 		.ascii	"EE_SCHEDULETABLE\000"
 1828      43484544 
 1828      554C4554 
 1828      41424C45 
 1828      00
 1829              	.LASF69:
 1830 04b4 45455F63 		.ascii	"EE_cortex_mx_system_tos\000"
 1830      6F727465 
 1830      785F6D78 
 1830      5F737973 
 1830      74656D5F 
 1831              	.LASF1:
 1832 04cc 756E7369 		.ascii	"unsigned char\000"
 1832      676E6564 
 1832      20636861 
 1832      7200
 1833              	.LASF36:
 1834 04da 45455F41 		.ascii	"EE_ALARM\000"
 1834      4C41524D 
 1834      00
 1835              	.LASF81:
 1836 04e3 45455F74 		.ascii	"EE_th_next\000"
 1836      685F6E65 
 1836      787400
 1837              	.LASF68:
 1838 04ee 45455F74 		.ascii	"EE_terminate_real_th_body\000"
 1838      65726D69 
 1838      6E617465 
 1838      5F726561 
 1838      6C5F7468 
 1839              	.LASF57:
 1840 0508 696E6363 		.ascii	"inccount\000"
 1840      6F756E74 
 1840      00
 1841              	.LASF2:
ARM GAS  C:\Users\abhim\AppData\Local\Temp\ccVE7AVb.s 			page 38


 1842 0511 73686F72 		.ascii	"short int\000"
 1842      7420696E 
 1842      7400
 1843              	.LASF94:
 1844 051b 45455F74 		.ascii	"EE_th_event_waitmask\000"
 1844      685F6576 
 1844      656E745F 
 1844      77616974 
 1844      6D61736B 
 1845              	.LASF75:
 1846 0530 45455F54 		.ascii	"EE_TASK_NAME\000"
 1846      41534B5F 
 1846      4E414D45 
 1846      00
 1847              	.LASF32:
 1848 053d 45455F6F 		.ascii	"EE_oo_counter_ROM_type\000"
 1848      6F5F636F 
 1848      756E7465 
 1848      725F524F 
 1848      4D5F7479 
 1849              	.LASF113:
 1850 0554 474E5520 		.ascii	"GNU C11 5.4.1 20160609 (release) [ARM/embedded-5-br"
 1850      43313120 
 1850      352E342E 
 1850      31203230 
 1850      31363036 
 1851 0587 616E6368 		.ascii	"anch revision 237715] -mcpu=cortex-m3 -mthumb -g -O"
 1851      20726576 
 1851      6973696F 
 1851      6E203233 
 1851      37373135 
 1852 05ba 67202D66 		.ascii	"g -ffunction-sections -ffat-lto-objects\000"
 1852      66756E63 
 1852      74696F6E 
 1852      2D736563 
 1852      74696F6E 
 1853              	.LASF56:
 1854 05e2 61637469 		.ascii	"action_mask\000"
 1854      6F6E5F6D 
 1854      61736B00 
 1855              	.LASF15:
 1856 05ee 45455F54 		.ascii	"EE_THREAD_PTR\000"
 1856      48524541 
 1856      445F5054 
 1856      5200
 1857              	.LASF88:
 1858 05fc 45455F72 		.ascii	"EE_rq_queues_tail\000"
 1858      715F7175 
 1858      65756573 
 1858      5F746169 
 1858      6C00
 1859              	.LASF66:
 1860 060e 45455F73 		.ascii	"EE_std_thread_tos\000"
 1860      74645F74 
 1860      68726561 
 1860      645F746F 
 1860      7300
ARM GAS  C:\Users\abhim\AppData\Local\Temp\ccVE7AVb.s 			page 39


 1861              	.LASF51:
 1862 0620 45455F41 		.ascii	"EE_ACTION_CALLBACK\000"
 1862      4354494F 
 1862      4E5F4341 
 1862      4C4C4241 
 1862      434B00
 1863              	.LASF91:
 1864 0633 45455F72 		.ascii	"EE_rq_bitmask\000"
 1864      715F6269 
 1864      746D6173 
 1864      6B00
 1865              	.LASF34:
 1866 0641 66697273 		.ascii	"first\000"
 1866      7400
 1867              	.LASF25:
 1868 0647 436F756E 		.ascii	"CounterObjectType\000"
 1868      7465724F 
 1868      626A6563 
 1868      74547970 
 1868      6500
 1869              	.LASF74:
 1870 0659 63686172 		.ascii	"char\000"
 1870      00
 1871              	.LASF48:
 1872 065e 45455F41 		.ascii	"EE_ACTION_TASK\000"
 1872      4354494F 
 1872      4E5F5441 
 1872      534B00
 1873              	.LASF71:
 1874 066d 45455F74 		.ascii	"EE_th_rnact_max\000"
 1874      685F726E 
 1874      6163745F 
 1874      6D617800 
 1875              	.LASF50:
 1876 067d 45455F41 		.ascii	"EE_ACTION_COUNTER\000"
 1876      4354494F 
 1876      4E5F434F 
 1876      554E5445 
 1876      5200
 1877              	.LASF101:
 1878 068f 45455F63 		.ascii	"EE_counter_RAM\000"
 1878      6F756E74 
 1878      65725F52 
 1878      414D00
 1879              	.LASF40:
 1880 069e 73706563 		.ascii	"spec_id\000"
 1880      5F696400 
 1881              	.LASF49:
 1882 06a6 45455F41 		.ascii	"EE_ACTION_EVENT\000"
 1882      4354494F 
 1882      4E5F4556 
 1882      454E5400 
 1883              	.LASF65:
 1884 06b6 45455F68 		.ascii	"EE_hal_thread_body\000"
 1884      616C5F74 
 1884      68726561 
 1884      645F626F 
ARM GAS  C:\Users\abhim\AppData\Local\Temp\ccVE7AVb.s 			page 40


 1884      647900
 1885              	.LASF85:
 1886 06c9 45455F73 		.ascii	"EE_sys_ceiling\000"
 1886      79735F63 
 1886      65696C69 
 1886      6E6700
 1887              	.LASF54:
 1888 06d8 61637469 		.ascii	"action_kind\000"
 1888      6F6E5F6B 
 1888      696E6400 
 1889              	.LASF63:
 1890 06e4 7461736B 		.ascii	"task\000"
 1890      00
 1891              	.LASF102:
 1892 06e9 45455F6F 		.ascii	"EE_oo_counter_object_RAM\000"
 1892      6F5F636F 
 1892      756E7465 
 1892      725F6F62 
 1892      6A656374 
 1893              	.LASF53:
 1894 0702 41637469 		.ascii	"ActionKindType\000"
 1894      6F6E4B69 
 1894      6E645479 
 1894      706500
 1895              	.LASF72:
 1896 0711 45455F74 		.ascii	"EE_th_ready_prio\000"
 1896      685F7265 
 1896      6164795F 
 1896      7072696F 
 1896      00
 1897              	.LASF82:
 1898 0722 45455F74 		.ascii	"EE_th_rnact\000"
 1898      685F726E 
 1898      61637400 
 1899              	.LASF90:
 1900 072e 45455F72 		.ascii	"EE_rq_pairs_tid\000"
 1900      715F7061 
 1900      6972735F 
 1900      74696400 
 1901              	.LASF108:
 1902 073e 45455F49 		.ascii	"EE_IRQ_nesting_level\000"
 1902      52515F6E 
 1902      65737469 
 1902      6E675F6C 
 1902      6576656C 
 1903              	.LASF12:
 1904 0753 45455F55 		.ascii	"EE_UINT32\000"
 1904      494E5433 
 1904      3200
 1905              	.LASF11:
 1906 075d 45455F49 		.ascii	"EE_INT32\000"
 1906      4E543332 
 1906      00
 1907              	.LASF67:
 1908 0766 45455F74 		.ascii	"EE_terminate_data\000"
 1908      65726D69 
 1908      6E617465 
ARM GAS  C:\Users\abhim\AppData\Local\Temp\ccVE7AVb.s 			page 41


 1908      5F646174 
 1908      6100
 1909              	.LASF93:
 1910 0778 45455F74 		.ascii	"EE_th_event_active\000"
 1910      685F6576 
 1910      656E745F 
 1910      61637469 
 1910      766500
 1911              	.LASF44:
 1912 078b 636E7463 		.ascii	"cntcycle\000"
 1912      79636C65 
 1912      00
 1913              	.LASF28:
 1914 0794 5359535F 		.ascii	"SYS_tos\000"
 1914      746F7300 
 1915              	.LASF55:
 1916 079c 61637469 		.ascii	"action_task\000"
 1916      6F6E5F74 
 1916      61736B00 
 1917              	.LASF13:
 1918 07a8 45455F41 		.ascii	"EE_ADDR\000"
 1918      44445200 
 1919              	.LASF96:
 1920 07b0 45455F74 		.ascii	"EE_th_is_extended\000"
 1920      685F6973 
 1920      5F657874 
 1920      656E6465 
 1920      6400
 1921              	.LASF18:
 1922 07c2 45455F46 		.ascii	"EE_FREG\000"
 1922      52454700 
 1923              	.LASF103:
 1924 07ca 45455F6F 		.ascii	"EE_oo_autostart_task_data\000"
 1924      6F5F6175 
 1924      746F7374 
 1924      6172745F 
 1924      7461736B 
 1925              		.ident	"GCC: (GNU Tools for ARM Embedded Processors) 5.4.1 20160609 (release) [ARM/embedded-5-bran
