ARM GAS  C:\Users\abhim\AppData\Local\Temp\ccE6NQYk.s 			page 1


   1              		.syntax unified
   2              		.cpu cortex-m3
   3              		.fpu softvfp
   4              		.eabi_attribute 20, 1
   5              		.eabi_attribute 21, 1
   6              		.eabi_attribute 23, 3
   7              		.eabi_attribute 24, 1
   8              		.eabi_attribute 25, 1
   9              		.eabi_attribute 26, 1
  10              		.eabi_attribute 30, 1
  11              		.eabi_attribute 34, 1
  12              		.eabi_attribute 18, 4
  13              		.thumb
  14              		.syntax unified
  15              		.file	"sc_joystick_type.c"
  16              		.text
  17              	.Ltext0:
  18              		.cfi_sections	.debug_frame
  19              		.section	.text.SC_JOYSTICK_driverIn,"ax",%progbits
  20              		.align	2
  21              		.global	SC_JOYSTICK_driverIn
  22              		.thumb
  23              		.thumb_func
  24              		.type	SC_JOYSTICK_driverIn, %function
  25              	SC_JOYSTICK_driverIn:
  26              	.LFB110:
  27              		.file 1 "source\\rte\\sc_joystick_type.c"
   1:source\rte/sc_joystick_type.c **** /*
   2:source\rte/sc_joystick_type.c ****  * Filename: sc_joystick_type.c
   3:source\rte/sc_joystick_type.c ****  *
   4:source\rte/sc_joystick_type.c ****  * Author: Autogenerated by H-DA RTE Generator, (c) Prof. Fromm
   5:source\rte/sc_joystick_type.c ****  *
   6:source\rte/sc_joystick_type.c ****  * description: signal is updated every 10ms and is used by the control logic to compute the vehicl
   7:source\rte/sc_joystick_type.c ****  * name: sc_joystick
   8:source\rte/sc_joystick_type.c ****  * shortname: joystick
   9:source\rte/sc_joystick_type.c ****  *
  10:source\rte/sc_joystick_type.c ****  */
  11:source\rte/sc_joystick_type.c **** 
  12:source\rte/sc_joystick_type.c **** #include "project.h"
  13:source\rte/sc_joystick_type.c **** #include "global.h"
  14:source\rte/sc_joystick_type.c **** #include "rte.h"
  15:source\rte/sc_joystick_type.c **** #include "rte_types.h"
  16:source\rte/sc_joystick_type.c **** #include "sc_joystick_type.h"
  17:source\rte/sc_joystick_type.c **** 
  18:source\rte/sc_joystick_type.c **** 
  19:source\rte/sc_joystick_type.c **** 
  20:source\rte/sc_joystick_type.c **** /* USER CODE START SC_JOYSTICK_INCLUDE */
  21:source\rte/sc_joystick_type.c **** 
  22:source\rte/sc_joystick_type.c **** /* USER CODE END SC_JOYSTICK_INCLUDE */
  23:source\rte/sc_joystick_type.c **** 
  24:source\rte/sc_joystick_type.c **** 
  25:source\rte/sc_joystick_type.c **** 
  26:source\rte/sc_joystick_type.c **** 
  27:source\rte/sc_joystick_type.c **** /* USER CODE START SC_JOYSTICK_USERDEFINITIONS */
  28:source\rte/sc_joystick_type.c **** 
  29:source\rte/sc_joystick_type.c **** /* USER CODE END SC_JOYSTICK_USERDEFINITIONS */
  30:source\rte/sc_joystick_type.c **** 
ARM GAS  C:\Users\abhim\AppData\Local\Temp\ccE6NQYk.s 			page 2


  31:source\rte/sc_joystick_type.c **** 
  32:source\rte/sc_joystick_type.c **** /*****************************************************************************************
  33:source\rte/sc_joystick_type.c ****  *************** Port Wrapper Implementation for SC_JOYSTICK signal  ****************
  34:source\rte/sc_joystick_type.c ****  *****************************************************************************************/
  35:source\rte/sc_joystick_type.c ****  
  36:source\rte/sc_joystick_type.c ****  
  37:source\rte/sc_joystick_type.c **** 
  38:source\rte/sc_joystick_type.c **** /**
  39:source\rte/sc_joystick_type.c ****  * Default IN driver API
  40:source\rte/sc_joystick_type.c ****  */
  41:source\rte/sc_joystick_type.c **** inline RC_t SC_JOYSTICK_driverIn(SC_JOYSTICK_data_t *const data)
  42:source\rte/sc_joystick_type.c **** {
  28              		.loc 1 42 0
  29              		.cfi_startproc
  30              		@ args = 0, pretend = 0, frame = 8
  31              		@ frame_needed = 0, uses_anonymous_args = 0
  32              	.LVL0:
  33 0000 10B5     		push	{r4, lr}
  34              		.cfi_def_cfa_offset 8
  35              		.cfi_offset 4, -8
  36              		.cfi_offset 14, -4
  37 0002 82B0     		sub	sp, sp, #8
  38              		.cfi_def_cfa_offset 16
  39 0004 0446     		mov	r4, r0
  43:source\rte/sc_joystick_type.c **** 	/* USER CODE START driverInSC_JOYSTICK */
  44:source\rte/sc_joystick_type.c ****     sint8_t posX;
  45:source\rte/sc_joystick_type.c ****     sint8_t posY;
  46:source\rte/sc_joystick_type.c ****     JOYSTICK_Init();
  40              		.loc 1 46 0
  41 0006 FFF7FEFF 		bl	JOYSTICK_Init
  42              	.LVL1:
  47:source\rte/sc_joystick_type.c ****     RC_t result = JOYSTICK_ReadPosition(&posX,&posY);
  43              		.loc 1 47 0
  44 000a 0DF10601 		add	r1, sp, #6
  45 000e 0DF10700 		add	r0, sp, #7
  46 0012 FFF7FEFF 		bl	JOYSTICK_ReadPosition
  47              	.LVL2:
  48:source\rte/sc_joystick_type.c ****     data->x = posX;
  48              		.loc 1 48 0
  49 0016 9DF90730 		ldrsb	r3, [sp, #7]
  50 001a 2370     		strb	r3, [r4]
  49:source\rte/sc_joystick_type.c ****     data->y = posY;
  51              		.loc 1 49 0
  52 001c 9DF80630 		ldrb	r3, [sp, #6]	@ zero_extendqisi2
  53 0020 6370     		strb	r3, [r4, #1]
  50:source\rte/sc_joystick_type.c **** 
  51:source\rte/sc_joystick_type.c **** 	return RC_SUCCESS;
  52:source\rte/sc_joystick_type.c **** 	/* USER CODE END driverInSC_JOYSTICK */
  53:source\rte/sc_joystick_type.c **** }
  54              		.loc 1 53 0
  55 0022 0020     		movs	r0, #0
  56 0024 02B0     		add	sp, sp, #8
  57              		.cfi_def_cfa_offset 8
  58              		@ sp needed
  59 0026 10BD     		pop	{r4, pc}
  60              		.cfi_endproc
  61              	.LFE110:
ARM GAS  C:\Users\abhim\AppData\Local\Temp\ccE6NQYk.s 			page 3


  62              		.size	SC_JOYSTICK_driverIn, .-SC_JOYSTICK_driverIn
  63              		.text
  64              	.Letext0:
  65              		.file 2 "c:\\program files (x86)\\cypress\\psoc creator\\4.4\\psoc creator\\import\\gnu\\arm\\5.4.
  66              		.file 3 "c:\\program files (x86)\\cypress\\psoc creator\\4.4\\psoc creator\\import\\gnu\\arm\\5.4.
  67              		.file 4 "Generated_Source\\PSoC5/ErikaOS_common_ee_types.inc"
  68              		.file 5 "Generated_Source\\PSoC5/ErikaOS_cortex_mx_ee_cpu.inc"
  69              		.file 6 ".\\source\\bsw/global.h"
  70              		.file 7 "source\\rte\\sc_joystick_type.h"
  71              		.file 8 "Generated_Source\\PSoC5/ErikaOS_ee_oo_intfunc.inc"
  72              		.file 9 "Generated_Source\\PSoC5/ErikaOS_cortex_mx_ee_context.inc"
  73              		.file 10 "Generated_Source\\PSoC5/ErikaOS_common_ee_primitives.inc"
  74              		.file 11 "Generated_Source\\PSoC5/core_cm3.h"
  75              		.file 12 ".\\source\\bsw/joystick.h"
  76              		.section	.debug_info,"",%progbits
  77              	.Ldebug_info0:
  78 0000 97020000 		.4byte	0x297
  79 0004 0400     		.2byte	0x4
  80 0006 00000000 		.4byte	.Ldebug_abbrev0
  81 000a 04       		.byte	0x4
  82 000b 01       		.uleb128 0x1
  83 000c 77020000 		.4byte	.LASF60
  84 0010 0C       		.byte	0xc
  85 0011 39030000 		.4byte	.LASF61
  86 0015 94030000 		.4byte	.LASF62
  87 0019 00000000 		.4byte	.Ldebug_ranges0+0
  88 001d 00000000 		.4byte	0
  89 0021 00000000 		.4byte	.Ldebug_line0
  90 0025 02       		.uleb128 0x2
  91 0026 01       		.byte	0x1
  92 0027 06       		.byte	0x6
  93 0028 F9010000 		.4byte	.LASF0
  94 002c 02       		.uleb128 0x2
  95 002d 01       		.byte	0x1
  96 002e 08       		.byte	0x8
  97 002f D8010000 		.4byte	.LASF1
  98 0033 02       		.uleb128 0x2
  99 0034 02       		.byte	0x2
 100 0035 05       		.byte	0x5
 101 0036 39000000 		.4byte	.LASF2
 102 003a 02       		.uleb128 0x2
 103 003b 02       		.byte	0x2
 104 003c 07       		.byte	0x7
 105 003d 64020000 		.4byte	.LASF3
 106 0041 03       		.uleb128 0x3
 107 0042 F4030000 		.4byte	.LASF9
 108 0046 02       		.byte	0x2
 109 0047 3F       		.byte	0x3f
 110 0048 4C000000 		.4byte	0x4c
 111 004c 02       		.uleb128 0x2
 112 004d 04       		.byte	0x4
 113 004e 05       		.byte	0x5
 114 004f 6B010000 		.4byte	.LASF4
 115 0053 02       		.uleb128 0x2
 116 0054 04       		.byte	0x4
 117 0055 07       		.byte	0x7
 118 0056 82030000 		.4byte	.LASF5
ARM GAS  C:\Users\abhim\AppData\Local\Temp\ccE6NQYk.s 			page 4


 119 005a 02       		.uleb128 0x2
 120 005b 08       		.byte	0x8
 121 005c 05       		.byte	0x5
 122 005d 20010000 		.4byte	.LASF6
 123 0061 02       		.uleb128 0x2
 124 0062 08       		.byte	0x8
 125 0063 07       		.byte	0x7
 126 0064 05020000 		.4byte	.LASF7
 127 0068 04       		.uleb128 0x4
 128 0069 04       		.byte	0x4
 129 006a 05       		.byte	0x5
 130 006b 696E7400 		.ascii	"int\000"
 131 006f 02       		.uleb128 0x2
 132 0070 04       		.byte	0x4
 133 0071 07       		.byte	0x7
 134 0072 1C020000 		.4byte	.LASF8
 135 0076 03       		.uleb128 0x3
 136 0077 31030000 		.4byte	.LASF10
 137 007b 03       		.byte	0x3
 138 007c 2C       		.byte	0x2c
 139 007d 41000000 		.4byte	0x41
 140 0081 02       		.uleb128 0x2
 141 0082 04       		.byte	0x4
 142 0083 04       		.byte	0x4
 143 0084 01010000 		.4byte	.LASF11
 144 0088 02       		.uleb128 0x2
 145 0089 08       		.byte	0x8
 146 008a 04       		.byte	0x4
 147 008b D7030000 		.4byte	.LASF12
 148 008f 02       		.uleb128 0x2
 149 0090 01       		.byte	0x1
 150 0091 08       		.byte	0x8
 151 0092 17030000 		.4byte	.LASF13
 152 0096 02       		.uleb128 0x2
 153 0097 08       		.byte	0x8
 154 0098 04       		.byte	0x4
 155 0099 CC010000 		.4byte	.LASF14
 156 009d 03       		.uleb128 0x3
 157 009e 5B020000 		.4byte	.LASF15
 158 00a2 04       		.byte	0x4
 159 00a3 53       		.byte	0x53
 160 00a4 68000000 		.4byte	0x68
 161 00a8 03       		.uleb128 0x3
 162 00a9 9C000000 		.4byte	.LASF16
 163 00ad 04       		.byte	0x4
 164 00ae 54       		.byte	0x54
 165 00af 6F000000 		.4byte	0x6f
 166 00b3 03       		.uleb128 0x3
 167 00b4 EC030000 		.4byte	.LASF17
 168 00b8 05       		.byte	0x5
 169 00b9 4D       		.byte	0x4d
 170 00ba A8000000 		.4byte	0xa8
 171 00be 03       		.uleb128 0x3
 172 00bf 80000000 		.4byte	.LASF18
 173 00c3 05       		.byte	0x5
 174 00c4 4F       		.byte	0x4f
 175 00c5 A8000000 		.4byte	0xa8
ARM GAS  C:\Users\abhim\AppData\Local\Temp\ccE6NQYk.s 			page 5


 176 00c9 03       		.uleb128 0x3
 177 00ca A6000000 		.4byte	.LASF19
 178 00ce 05       		.byte	0x5
 179 00cf 78       		.byte	0x78
 180 00d0 9D000000 		.4byte	0x9d
 181 00d4 02       		.uleb128 0x2
 182 00d5 04       		.byte	0x4
 183 00d6 07       		.byte	0x7
 184 00d7 69000000 		.4byte	.LASF20
 185 00db 03       		.uleb128 0x3
 186 00dc 73040000 		.4byte	.LASF21
 187 00e0 06       		.byte	0x6
 188 00e1 90       		.byte	0x90
 189 00e2 25000000 		.4byte	0x25
 190 00e6 05       		.uleb128 0x5
 191 00e7 01       		.byte	0x1
 192 00e8 25000000 		.4byte	0x25
 193 00ec 06       		.byte	0x6
 194 00ed CF       		.byte	0xcf
 195 00ee 8F010000 		.4byte	0x18f
 196 00f2 06       		.uleb128 0x6
 197 00f3 1A000000 		.4byte	.LASF22
 198 00f7 00       		.byte	0
 199 00f8 07       		.uleb128 0x7
 200 00f9 27040000 		.4byte	.LASF23
 201 00fd 7F       		.sleb128 -1
 202 00fe 07       		.uleb128 0x7
 203 00ff 37020000 		.4byte	.LASF24
 204 0103 7E       		.sleb128 -2
 205 0104 07       		.uleb128 0x7
 206 0105 72000000 		.4byte	.LASF25
 207 0109 7D       		.sleb128 -3
 208 010a 07       		.uleb128 0x7
 209 010b 46040000 		.4byte	.LASF26
 210 010f 7C       		.sleb128 -4
 211 0110 07       		.uleb128 0x7
 212 0111 F2000000 		.4byte	.LASF27
 213 0115 7B       		.sleb128 -5
 214 0116 07       		.uleb128 0x7
 215 0117 43000000 		.4byte	.LASF28
 216 011b 7A       		.sleb128 -6
 217 011c 07       		.uleb128 0x7
 218 011d 74010000 		.4byte	.LASF29
 219 0121 79       		.sleb128 -7
 220 0122 07       		.uleb128 0x7
 221 0123 1C030000 		.4byte	.LASF30
 222 0127 78       		.sleb128 -8
 223 0128 07       		.uleb128 0x7
 224 0129 45020000 		.4byte	.LASF31
 225 012d 77       		.sleb128 -9
 226 012e 07       		.uleb128 0x7
 227 012f 86010000 		.4byte	.LASF32
 228 0133 76       		.sleb128 -10
 229 0134 07       		.uleb128 0x7
 230 0135 7B040000 		.4byte	.LASF33
 231 0139 75       		.sleb128 -11
 232 013a 07       		.uleb128 0x7
ARM GAS  C:\Users\abhim\AppData\Local\Temp\ccE6NQYk.s 			page 6


 233 013b 29020000 		.4byte	.LASF34
 234 013f 74       		.sleb128 -12
 235 0140 07       		.uleb128 0x7
 236 0141 05030000 		.4byte	.LASF35
 237 0145 73       		.sleb128 -13
 238 0146 07       		.uleb128 0x7
 239 0147 07000000 		.4byte	.LASF36
 240 014b 72       		.sleb128 -14
 241 014c 07       		.uleb128 0x7
 242 014d 25000000 		.4byte	.LASF37
 243 0151 71       		.sleb128 -15
 244 0152 07       		.uleb128 0x7
 245 0153 94010000 		.4byte	.LASF38
 246 0157 70       		.sleb128 -16
 247 0158 07       		.uleb128 0x7
 248 0159 88000000 		.4byte	.LASF39
 249 015d 6F       		.sleb128 -17
 250 015e 07       		.uleb128 0x7
 251 015f 54000000 		.4byte	.LASF40
 252 0163 6E       		.sleb128 -18
 253 0164 07       		.uleb128 0x7
 254 0165 47010000 		.4byte	.LASF41
 255 0169 6D       		.sleb128 -19
 256 016a 07       		.uleb128 0x7
 257 016b 57030000 		.4byte	.LASF42
 258 016f 6C       		.sleb128 -20
 259 0170 07       		.uleb128 0x7
 260 0171 A5010000 		.4byte	.LASF43
 261 0175 6B       		.sleb128 -21
 262 0176 07       		.uleb128 0x7
 263 0177 FE030000 		.4byte	.LASF44
 264 017b 6A       		.sleb128 -22
 265 017c 07       		.uleb128 0x7
 266 017d AD000000 		.4byte	.LASF45
 267 0181 69       		.sleb128 -23
 268 0182 07       		.uleb128 0x7
 269 0183 5A010000 		.4byte	.LASF46
 270 0187 68       		.sleb128 -24
 271 0188 07       		.uleb128 0x7
 272 0189 07010000 		.4byte	.LASF47
 273 018d 67       		.sleb128 -25
 274 018e 00       		.byte	0
 275 018f 03       		.uleb128 0x3
 276 0190 6E040000 		.4byte	.LASF48
 277 0194 06       		.byte	0x6
 278 0195 EA       		.byte	0xea
 279 0196 E6000000 		.4byte	0xe6
 280 019a 08       		.uleb128 0x8
 281 019b 02       		.byte	0x2
 282 019c 07       		.byte	0x7
 283 019d 21       		.byte	0x21
 284 019e B7010000 		.4byte	0x1b7
 285 01a2 09       		.uleb128 0x9
 286 01a3 7800     		.ascii	"x\000"
 287 01a5 07       		.byte	0x7
 288 01a6 23       		.byte	0x23
 289 01a7 DB000000 		.4byte	0xdb
ARM GAS  C:\Users\abhim\AppData\Local\Temp\ccE6NQYk.s 			page 7


 290 01ab 00       		.byte	0
 291 01ac 09       		.uleb128 0x9
 292 01ad 7900     		.ascii	"y\000"
 293 01af 07       		.byte	0x7
 294 01b0 24       		.byte	0x24
 295 01b1 DB000000 		.4byte	0xdb
 296 01b5 01       		.byte	0x1
 297 01b6 00       		.byte	0
 298 01b7 03       		.uleb128 0x3
 299 01b8 E6010000 		.4byte	.LASF49
 300 01bc 07       		.byte	0x7
 301 01bd 27       		.byte	0x27
 302 01be 9A010000 		.4byte	0x19a
 303 01c2 0A       		.uleb128 0xa
 304 01c3 B7010000 		.4byte	.LASF63
 305 01c7 01       		.byte	0x1
 306 01c8 29       		.byte	0x29
 307 01c9 8F010000 		.4byte	0x18f
 308 01cd 00000000 		.4byte	.LFB110
 309 01d1 28000000 		.4byte	.LFE110-.LFB110
 310 01d5 01       		.uleb128 0x1
 311 01d6 9C       		.byte	0x9c
 312 01d7 31020000 		.4byte	0x231
 313 01db 0B       		.uleb128 0xb
 314 01dc 6A030000 		.4byte	.LASF64
 315 01e0 01       		.byte	0x1
 316 01e1 29       		.byte	0x29
 317 01e2 37020000 		.4byte	0x237
 318 01e6 00000000 		.4byte	.LLST0
 319 01ea 0C       		.uleb128 0xc
 320 01eb 10040000 		.4byte	.LASF50
 321 01ef 01       		.byte	0x1
 322 01f0 2C       		.byte	0x2c
 323 01f1 DB000000 		.4byte	0xdb
 324 01f5 02       		.uleb128 0x2
 325 01f6 91       		.byte	0x91
 326 01f7 77       		.sleb128 -9
 327 01f8 0C       		.uleb128 0xc
 328 01f9 15040000 		.4byte	.LASF51
 329 01fd 01       		.byte	0x1
 330 01fe 2D       		.byte	0x2d
 331 01ff DB000000 		.4byte	0xdb
 332 0203 02       		.uleb128 0x2
 333 0204 91       		.byte	0x91
 334 0205 76       		.sleb128 -10
 335 0206 0D       		.uleb128 0xd
 336 0207 00000000 		.4byte	.LASF65
 337 020b 01       		.byte	0x1
 338 020c 2F       		.byte	0x2f
 339 020d 8F010000 		.4byte	0x18f
 340 0211 0E       		.uleb128 0xe
 341 0212 0A000000 		.4byte	.LVL1
 342 0216 84020000 		.4byte	0x284
 343 021a 0F       		.uleb128 0xf
 344 021b 16000000 		.4byte	.LVL2
 345 021f 8F020000 		.4byte	0x28f
 346 0223 10       		.uleb128 0x10
ARM GAS  C:\Users\abhim\AppData\Local\Temp\ccE6NQYk.s 			page 8


 347 0224 01       		.uleb128 0x1
 348 0225 50       		.byte	0x50
 349 0226 02       		.uleb128 0x2
 350 0227 91       		.byte	0x91
 351 0228 77       		.sleb128 -9
 352 0229 10       		.uleb128 0x10
 353 022a 01       		.uleb128 0x1
 354 022b 51       		.byte	0x51
 355 022c 02       		.uleb128 0x2
 356 022d 91       		.byte	0x91
 357 022e 76       		.sleb128 -10
 358 022f 00       		.byte	0
 359 0230 00       		.byte	0
 360 0231 11       		.uleb128 0x11
 361 0232 04       		.byte	0x4
 362 0233 B7010000 		.4byte	0x1b7
 363 0237 12       		.uleb128 0x12
 364 0238 31020000 		.4byte	0x231
 365 023c 13       		.uleb128 0x13
 366 023d 56040000 		.4byte	.LASF52
 367 0241 08       		.byte	0x8
 368 0242 40       		.byte	0x40
 369 0243 B3000000 		.4byte	0xb3
 370 0247 13       		.uleb128 0x13
 371 0248 2E010000 		.4byte	.LASF53
 372 024c 08       		.byte	0x8
 373 024d 47       		.byte	0x47
 374 024e BE000000 		.4byte	0xbe
 375 0252 13       		.uleb128 0x13
 376 0253 6F030000 		.4byte	.LASF54
 377 0257 08       		.byte	0x8
 378 0258 4A       		.byte	0x4a
 379 0259 B3000000 		.4byte	0xb3
 380 025d 13       		.uleb128 0x13
 381 025e D9000000 		.4byte	.LASF55
 382 0262 09       		.byte	0x9
 383 0263 48       		.byte	0x48
 384 0264 C9000000 		.4byte	0xc9
 385 0268 13       		.uleb128 0x13
 386 0269 C4000000 		.4byte	.LASF56
 387 026d 0A       		.byte	0xa
 388 026e 44       		.byte	0x44
 389 026f B3000000 		.4byte	0xb3
 390 0273 14       		.uleb128 0x14
 391 0274 1A040000 		.4byte	.LASF57
 392 0278 0B       		.byte	0xb
 393 0279 1207     		.2byte	0x712
 394 027b 7F020000 		.4byte	0x27f
 395 027f 15       		.uleb128 0x15
 396 0280 76000000 		.4byte	0x76
 397 0284 16       		.uleb128 0x16
 398 0285 DE030000 		.4byte	.LASF58
 399 0289 DE030000 		.4byte	.LASF58
 400 028d 0C       		.byte	0xc
 401 028e 6D       		.byte	0x6d
 402 028f 16       		.uleb128 0x16
 403 0290 30040000 		.4byte	.LASF59
ARM GAS  C:\Users\abhim\AppData\Local\Temp\ccE6NQYk.s 			page 9


 404 0294 30040000 		.4byte	.LASF59
 405 0298 0C       		.byte	0xc
 406 0299 75       		.byte	0x75
 407 029a 00       		.byte	0
 408              		.section	.debug_abbrev,"",%progbits
 409              	.Ldebug_abbrev0:
 410 0000 01       		.uleb128 0x1
 411 0001 11       		.uleb128 0x11
 412 0002 01       		.byte	0x1
 413 0003 25       		.uleb128 0x25
 414 0004 0E       		.uleb128 0xe
 415 0005 13       		.uleb128 0x13
 416 0006 0B       		.uleb128 0xb
 417 0007 03       		.uleb128 0x3
 418 0008 0E       		.uleb128 0xe
 419 0009 1B       		.uleb128 0x1b
 420 000a 0E       		.uleb128 0xe
 421 000b 55       		.uleb128 0x55
 422 000c 17       		.uleb128 0x17
 423 000d 11       		.uleb128 0x11
 424 000e 01       		.uleb128 0x1
 425 000f 10       		.uleb128 0x10
 426 0010 17       		.uleb128 0x17
 427 0011 00       		.byte	0
 428 0012 00       		.byte	0
 429 0013 02       		.uleb128 0x2
 430 0014 24       		.uleb128 0x24
 431 0015 00       		.byte	0
 432 0016 0B       		.uleb128 0xb
 433 0017 0B       		.uleb128 0xb
 434 0018 3E       		.uleb128 0x3e
 435 0019 0B       		.uleb128 0xb
 436 001a 03       		.uleb128 0x3
 437 001b 0E       		.uleb128 0xe
 438 001c 00       		.byte	0
 439 001d 00       		.byte	0
 440 001e 03       		.uleb128 0x3
 441 001f 16       		.uleb128 0x16
 442 0020 00       		.byte	0
 443 0021 03       		.uleb128 0x3
 444 0022 0E       		.uleb128 0xe
 445 0023 3A       		.uleb128 0x3a
 446 0024 0B       		.uleb128 0xb
 447 0025 3B       		.uleb128 0x3b
 448 0026 0B       		.uleb128 0xb
 449 0027 49       		.uleb128 0x49
 450 0028 13       		.uleb128 0x13
 451 0029 00       		.byte	0
 452 002a 00       		.byte	0
 453 002b 04       		.uleb128 0x4
 454 002c 24       		.uleb128 0x24
 455 002d 00       		.byte	0
 456 002e 0B       		.uleb128 0xb
 457 002f 0B       		.uleb128 0xb
 458 0030 3E       		.uleb128 0x3e
 459 0031 0B       		.uleb128 0xb
 460 0032 03       		.uleb128 0x3
ARM GAS  C:\Users\abhim\AppData\Local\Temp\ccE6NQYk.s 			page 10


 461 0033 08       		.uleb128 0x8
 462 0034 00       		.byte	0
 463 0035 00       		.byte	0
 464 0036 05       		.uleb128 0x5
 465 0037 04       		.uleb128 0x4
 466 0038 01       		.byte	0x1
 467 0039 0B       		.uleb128 0xb
 468 003a 0B       		.uleb128 0xb
 469 003b 49       		.uleb128 0x49
 470 003c 13       		.uleb128 0x13
 471 003d 3A       		.uleb128 0x3a
 472 003e 0B       		.uleb128 0xb
 473 003f 3B       		.uleb128 0x3b
 474 0040 0B       		.uleb128 0xb
 475 0041 01       		.uleb128 0x1
 476 0042 13       		.uleb128 0x13
 477 0043 00       		.byte	0
 478 0044 00       		.byte	0
 479 0045 06       		.uleb128 0x6
 480 0046 28       		.uleb128 0x28
 481 0047 00       		.byte	0
 482 0048 03       		.uleb128 0x3
 483 0049 0E       		.uleb128 0xe
 484 004a 1C       		.uleb128 0x1c
 485 004b 0B       		.uleb128 0xb
 486 004c 00       		.byte	0
 487 004d 00       		.byte	0
 488 004e 07       		.uleb128 0x7
 489 004f 28       		.uleb128 0x28
 490 0050 00       		.byte	0
 491 0051 03       		.uleb128 0x3
 492 0052 0E       		.uleb128 0xe
 493 0053 1C       		.uleb128 0x1c
 494 0054 0D       		.uleb128 0xd
 495 0055 00       		.byte	0
 496 0056 00       		.byte	0
 497 0057 08       		.uleb128 0x8
 498 0058 13       		.uleb128 0x13
 499 0059 01       		.byte	0x1
 500 005a 0B       		.uleb128 0xb
 501 005b 0B       		.uleb128 0xb
 502 005c 3A       		.uleb128 0x3a
 503 005d 0B       		.uleb128 0xb
 504 005e 3B       		.uleb128 0x3b
 505 005f 0B       		.uleb128 0xb
 506 0060 01       		.uleb128 0x1
 507 0061 13       		.uleb128 0x13
 508 0062 00       		.byte	0
 509 0063 00       		.byte	0
 510 0064 09       		.uleb128 0x9
 511 0065 0D       		.uleb128 0xd
 512 0066 00       		.byte	0
 513 0067 03       		.uleb128 0x3
 514 0068 08       		.uleb128 0x8
 515 0069 3A       		.uleb128 0x3a
 516 006a 0B       		.uleb128 0xb
 517 006b 3B       		.uleb128 0x3b
ARM GAS  C:\Users\abhim\AppData\Local\Temp\ccE6NQYk.s 			page 11


 518 006c 0B       		.uleb128 0xb
 519 006d 49       		.uleb128 0x49
 520 006e 13       		.uleb128 0x13
 521 006f 38       		.uleb128 0x38
 522 0070 0B       		.uleb128 0xb
 523 0071 00       		.byte	0
 524 0072 00       		.byte	0
 525 0073 0A       		.uleb128 0xa
 526 0074 2E       		.uleb128 0x2e
 527 0075 01       		.byte	0x1
 528 0076 3F       		.uleb128 0x3f
 529 0077 19       		.uleb128 0x19
 530 0078 03       		.uleb128 0x3
 531 0079 0E       		.uleb128 0xe
 532 007a 3A       		.uleb128 0x3a
 533 007b 0B       		.uleb128 0xb
 534 007c 3B       		.uleb128 0x3b
 535 007d 0B       		.uleb128 0xb
 536 007e 27       		.uleb128 0x27
 537 007f 19       		.uleb128 0x19
 538 0080 49       		.uleb128 0x49
 539 0081 13       		.uleb128 0x13
 540 0082 11       		.uleb128 0x11
 541 0083 01       		.uleb128 0x1
 542 0084 12       		.uleb128 0x12
 543 0085 06       		.uleb128 0x6
 544 0086 40       		.uleb128 0x40
 545 0087 18       		.uleb128 0x18
 546 0088 9742     		.uleb128 0x2117
 547 008a 19       		.uleb128 0x19
 548 008b 01       		.uleb128 0x1
 549 008c 13       		.uleb128 0x13
 550 008d 00       		.byte	0
 551 008e 00       		.byte	0
 552 008f 0B       		.uleb128 0xb
 553 0090 05       		.uleb128 0x5
 554 0091 00       		.byte	0
 555 0092 03       		.uleb128 0x3
 556 0093 0E       		.uleb128 0xe
 557 0094 3A       		.uleb128 0x3a
 558 0095 0B       		.uleb128 0xb
 559 0096 3B       		.uleb128 0x3b
 560 0097 0B       		.uleb128 0xb
 561 0098 49       		.uleb128 0x49
 562 0099 13       		.uleb128 0x13
 563 009a 02       		.uleb128 0x2
 564 009b 17       		.uleb128 0x17
 565 009c 00       		.byte	0
 566 009d 00       		.byte	0
 567 009e 0C       		.uleb128 0xc
 568 009f 34       		.uleb128 0x34
 569 00a0 00       		.byte	0
 570 00a1 03       		.uleb128 0x3
 571 00a2 0E       		.uleb128 0xe
 572 00a3 3A       		.uleb128 0x3a
 573 00a4 0B       		.uleb128 0xb
 574 00a5 3B       		.uleb128 0x3b
ARM GAS  C:\Users\abhim\AppData\Local\Temp\ccE6NQYk.s 			page 12


 575 00a6 0B       		.uleb128 0xb
 576 00a7 49       		.uleb128 0x49
 577 00a8 13       		.uleb128 0x13
 578 00a9 02       		.uleb128 0x2
 579 00aa 18       		.uleb128 0x18
 580 00ab 00       		.byte	0
 581 00ac 00       		.byte	0
 582 00ad 0D       		.uleb128 0xd
 583 00ae 34       		.uleb128 0x34
 584 00af 00       		.byte	0
 585 00b0 03       		.uleb128 0x3
 586 00b1 0E       		.uleb128 0xe
 587 00b2 3A       		.uleb128 0x3a
 588 00b3 0B       		.uleb128 0xb
 589 00b4 3B       		.uleb128 0x3b
 590 00b5 0B       		.uleb128 0xb
 591 00b6 49       		.uleb128 0x49
 592 00b7 13       		.uleb128 0x13
 593 00b8 00       		.byte	0
 594 00b9 00       		.byte	0
 595 00ba 0E       		.uleb128 0xe
 596 00bb 898201   		.uleb128 0x4109
 597 00be 00       		.byte	0
 598 00bf 11       		.uleb128 0x11
 599 00c0 01       		.uleb128 0x1
 600 00c1 31       		.uleb128 0x31
 601 00c2 13       		.uleb128 0x13
 602 00c3 00       		.byte	0
 603 00c4 00       		.byte	0
 604 00c5 0F       		.uleb128 0xf
 605 00c6 898201   		.uleb128 0x4109
 606 00c9 01       		.byte	0x1
 607 00ca 11       		.uleb128 0x11
 608 00cb 01       		.uleb128 0x1
 609 00cc 31       		.uleb128 0x31
 610 00cd 13       		.uleb128 0x13
 611 00ce 00       		.byte	0
 612 00cf 00       		.byte	0
 613 00d0 10       		.uleb128 0x10
 614 00d1 8A8201   		.uleb128 0x410a
 615 00d4 00       		.byte	0
 616 00d5 02       		.uleb128 0x2
 617 00d6 18       		.uleb128 0x18
 618 00d7 9142     		.uleb128 0x2111
 619 00d9 18       		.uleb128 0x18
 620 00da 00       		.byte	0
 621 00db 00       		.byte	0
 622 00dc 11       		.uleb128 0x11
 623 00dd 0F       		.uleb128 0xf
 624 00de 00       		.byte	0
 625 00df 0B       		.uleb128 0xb
 626 00e0 0B       		.uleb128 0xb
 627 00e1 49       		.uleb128 0x49
 628 00e2 13       		.uleb128 0x13
 629 00e3 00       		.byte	0
 630 00e4 00       		.byte	0
 631 00e5 12       		.uleb128 0x12
ARM GAS  C:\Users\abhim\AppData\Local\Temp\ccE6NQYk.s 			page 13


 632 00e6 26       		.uleb128 0x26
 633 00e7 00       		.byte	0
 634 00e8 49       		.uleb128 0x49
 635 00e9 13       		.uleb128 0x13
 636 00ea 00       		.byte	0
 637 00eb 00       		.byte	0
 638 00ec 13       		.uleb128 0x13
 639 00ed 34       		.uleb128 0x34
 640 00ee 00       		.byte	0
 641 00ef 03       		.uleb128 0x3
 642 00f0 0E       		.uleb128 0xe
 643 00f1 3A       		.uleb128 0x3a
 644 00f2 0B       		.uleb128 0xb
 645 00f3 3B       		.uleb128 0x3b
 646 00f4 0B       		.uleb128 0xb
 647 00f5 49       		.uleb128 0x49
 648 00f6 13       		.uleb128 0x13
 649 00f7 3F       		.uleb128 0x3f
 650 00f8 19       		.uleb128 0x19
 651 00f9 3C       		.uleb128 0x3c
 652 00fa 19       		.uleb128 0x19
 653 00fb 00       		.byte	0
 654 00fc 00       		.byte	0
 655 00fd 14       		.uleb128 0x14
 656 00fe 34       		.uleb128 0x34
 657 00ff 00       		.byte	0
 658 0100 03       		.uleb128 0x3
 659 0101 0E       		.uleb128 0xe
 660 0102 3A       		.uleb128 0x3a
 661 0103 0B       		.uleb128 0xb
 662 0104 3B       		.uleb128 0x3b
 663 0105 05       		.uleb128 0x5
 664 0106 49       		.uleb128 0x49
 665 0107 13       		.uleb128 0x13
 666 0108 3F       		.uleb128 0x3f
 667 0109 19       		.uleb128 0x19
 668 010a 3C       		.uleb128 0x3c
 669 010b 19       		.uleb128 0x19
 670 010c 00       		.byte	0
 671 010d 00       		.byte	0
 672 010e 15       		.uleb128 0x15
 673 010f 35       		.uleb128 0x35
 674 0110 00       		.byte	0
 675 0111 49       		.uleb128 0x49
 676 0112 13       		.uleb128 0x13
 677 0113 00       		.byte	0
 678 0114 00       		.byte	0
 679 0115 16       		.uleb128 0x16
 680 0116 2E       		.uleb128 0x2e
 681 0117 00       		.byte	0
 682 0118 3F       		.uleb128 0x3f
 683 0119 19       		.uleb128 0x19
 684 011a 3C       		.uleb128 0x3c
 685 011b 19       		.uleb128 0x19
 686 011c 6E       		.uleb128 0x6e
 687 011d 0E       		.uleb128 0xe
 688 011e 03       		.uleb128 0x3
ARM GAS  C:\Users\abhim\AppData\Local\Temp\ccE6NQYk.s 			page 14


 689 011f 0E       		.uleb128 0xe
 690 0120 3A       		.uleb128 0x3a
 691 0121 0B       		.uleb128 0xb
 692 0122 3B       		.uleb128 0x3b
 693 0123 0B       		.uleb128 0xb
 694 0124 00       		.byte	0
 695 0125 00       		.byte	0
 696 0126 00       		.byte	0
 697              		.section	.debug_loc,"",%progbits
 698              	.Ldebug_loc0:
 699              	.LLST0:
 700 0000 00000000 		.4byte	.LVL0
 701 0004 09000000 		.4byte	.LVL1-1
 702 0008 0100     		.2byte	0x1
 703 000a 50       		.byte	0x50
 704 000b 09000000 		.4byte	.LVL1-1
 705 000f 28000000 		.4byte	.LFE110
 706 0013 0100     		.2byte	0x1
 707 0015 54       		.byte	0x54
 708 0016 00000000 		.4byte	0
 709 001a 00000000 		.4byte	0
 710              		.section	.debug_aranges,"",%progbits
 711 0000 1C000000 		.4byte	0x1c
 712 0004 0200     		.2byte	0x2
 713 0006 00000000 		.4byte	.Ldebug_info0
 714 000a 04       		.byte	0x4
 715 000b 00       		.byte	0
 716 000c 0000     		.2byte	0
 717 000e 0000     		.2byte	0
 718 0010 00000000 		.4byte	.LFB110
 719 0014 28000000 		.4byte	.LFE110-.LFB110
 720 0018 00000000 		.4byte	0
 721 001c 00000000 		.4byte	0
 722              		.section	.debug_ranges,"",%progbits
 723              	.Ldebug_ranges0:
 724 0000 00000000 		.4byte	.LFB110
 725 0004 28000000 		.4byte	.LFE110
 726 0008 00000000 		.4byte	0
 727 000c 00000000 		.4byte	0
 728              		.section	.debug_line,"",%progbits
 729              	.Ldebug_line0:
 730 0000 51020000 		.section	.debug_str,"MS",%progbits,1
 730      02003702 
 730      00000201 
 730      FB0E0D00 
 730      01010101 
 731              	.LASF65:
 732 0000 72657375 		.ascii	"result\000"
 732      6C7400
 733              	.LASF36:
 734 0007 52435F45 		.ascii	"RC_ERROR_READ_ONLY\000"
 734      52524F52 
 734      5F524541 
 734      445F4F4E 
 734      4C5900
 735              	.LASF22:
 736 001a 52435F53 		.ascii	"RC_SUCCESS\000"
ARM GAS  C:\Users\abhim\AppData\Local\Temp\ccE6NQYk.s 			page 15


 736      55434345 
 736      535300
 737              	.LASF37:
 738 0025 52435F45 		.ascii	"RC_ERROR_WRITE_ONLY\000"
 738      52524F52 
 738      5F575249 
 738      54455F4F 
 738      4E4C5900 
 739              	.LASF2:
 740 0039 73686F72 		.ascii	"short int\000"
 740      7420696E 
 740      7400
 741              	.LASF28:
 742 0043 52435F45 		.ascii	"RC_ERROR_OVERRUN\000"
 742      52524F52 
 742      5F4F5645 
 742      5252554E 
 742      00
 743              	.LASF40:
 744 0054 52435F45 		.ascii	"RC_ERROR_WRITE_FAILS\000"
 744      52524F52 
 744      5F575249 
 744      54455F46 
 744      41494C53 
 745              	.LASF20:
 746 0069 73697A65 		.ascii	"sizetype\000"
 746      74797065 
 746      00
 747              	.LASF25:
 748 0072 52435F45 		.ascii	"RC_ERROR_ZERO\000"
 748      52524F52 
 748      5F5A4552 
 748      4F00
 749              	.LASF18:
 750 0080 45455F46 		.ascii	"EE_FREG\000"
 750      52454700 
 751              	.LASF39:
 752 0088 52435F45 		.ascii	"RC_ERROR_READ_FAILS\000"
 752      52524F52 
 752      5F524541 
 752      445F4641 
 752      494C5300 
 753              	.LASF16:
 754 009c 45455F55 		.ascii	"EE_UINT32\000"
 754      494E5433 
 754      3200
 755              	.LASF19:
 756 00a6 45455F54 		.ascii	"EE_TID\000"
 756      494400
 757              	.LASF45:
 758 00ad 52435F45 		.ascii	"RC_ERROR_INVALID_STATE\000"
 758      52524F52 
 758      5F494E56 
 758      414C4944 
 758      5F535441 
 759              	.LASF56:
 760 00c4 45455F49 		.ascii	"EE_IRQ_nesting_level\000"
ARM GAS  C:\Users\abhim\AppData\Local\Temp\ccE6NQYk.s 			page 16


 760      52515F6E 
 760      65737469 
 760      6E675F6C 
 760      6576656C 
 761              	.LASF55:
 762 00d9 45455F73 		.ascii	"EE_std_endcycle_next_tid\000"
 762      74645F65 
 762      6E646379 
 762      636C655F 
 762      6E657874 
 763              	.LASF27:
 764 00f2 52435F45 		.ascii	"RC_ERROR_RANGE\000"
 764      52524F52 
 764      5F52414E 
 764      474500
 765              	.LASF11:
 766 0101 666C6F61 		.ascii	"float\000"
 766      7400
 767              	.LASF47:
 768 0107 52435F45 		.ascii	"RC_ERROR_NOT_IMPLEMENTED\000"
 768      52524F52 
 768      5F4E4F54 
 768      5F494D50 
 768      4C454D45 
 769              	.LASF6:
 770 0120 6C6F6E67 		.ascii	"long long int\000"
 770      206C6F6E 
 770      6720696E 
 770      7400
 771              	.LASF53:
 772 012e 45455F6F 		.ascii	"EE_oo_IRQ_suspend_status\000"
 772      6F5F4952 
 772      515F7375 
 772      7370656E 
 772      645F7374 
 773              	.LASF41:
 774 0147 52435F45 		.ascii	"RC_ERROR_NOT_MATCH\000"
 774      52524F52 
 774      5F4E4F54 
 774      5F4D4154 
 774      434800
 775              	.LASF46:
 776 015a 52435F45 		.ascii	"RC_ERROR_UNKNOWN\000"
 776      52524F52 
 776      5F554E4B 
 776      4E4F574E 
 776      00
 777              	.LASF4:
 778 016b 6C6F6E67 		.ascii	"long int\000"
 778      20696E74 
 778      00
 779              	.LASF29:
 780 0174 52435F45 		.ascii	"RC_ERROR_UNDERRUN\000"
 780      52524F52 
 780      5F554E44 
 780      45525255 
 780      4E00
ARM GAS  C:\Users\abhim\AppData\Local\Temp\ccE6NQYk.s 			page 17


 781              	.LASF32:
 782 0186 52435F45 		.ascii	"RC_ERROR_BUSY\000"
 782      52524F52 
 782      5F425553 
 782      5900
 783              	.LASF38:
 784 0194 52435F45 		.ascii	"RC_ERROR_INVALID\000"
 784      52524F52 
 784      5F494E56 
 784      414C4944 
 784      00
 785              	.LASF43:
 786 01a5 52435F45 		.ascii	"RC_ERROR_BAD_DATA\000"
 786      52524F52 
 786      5F424144 
 786      5F444154 
 786      4100
 787              	.LASF63:
 788 01b7 53435F4A 		.ascii	"SC_JOYSTICK_driverIn\000"
 788      4F595354 
 788      49434B5F 
 788      64726976 
 788      6572496E 
 789              	.LASF14:
 790 01cc 6C6F6E67 		.ascii	"long double\000"
 790      20646F75 
 790      626C6500 
 791              	.LASF1:
 792 01d8 756E7369 		.ascii	"unsigned char\000"
 792      676E6564 
 792      20636861 
 792      7200
 793              	.LASF49:
 794 01e6 53435F4A 		.ascii	"SC_JOYSTICK_data_t\000"
 794      4F595354 
 794      49434B5F 
 794      64617461 
 794      5F7400
 795              	.LASF0:
 796 01f9 7369676E 		.ascii	"signed char\000"
 796      65642063 
 796      68617200 
 797              	.LASF7:
 798 0205 6C6F6E67 		.ascii	"long long unsigned int\000"
 798      206C6F6E 
 798      6720756E 
 798      7369676E 
 798      65642069 
 799              	.LASF8:
 800 021c 756E7369 		.ascii	"unsigned int\000"
 800      676E6564 
 800      20696E74 
 800      00
 801              	.LASF34:
 802 0229 52435F45 		.ascii	"RC_ERROR_OPEN\000"
 802      52524F52 
 802      5F4F5045 
ARM GAS  C:\Users\abhim\AppData\Local\Temp\ccE6NQYk.s 			page 18


 802      4E00
 803              	.LASF24:
 804 0237 52435F45 		.ascii	"RC_ERROR_NULL\000"
 804      52524F52 
 804      5F4E554C 
 804      4C00
 805              	.LASF31:
 806 0245 52435F45 		.ascii	"RC_ERROR_BUFFER_EMTPY\000"
 806      52524F52 
 806      5F425546 
 806      4645525F 
 806      454D5450 
 807              	.LASF15:
 808 025b 45455F49 		.ascii	"EE_INT32\000"
 808      4E543332 
 808      00
 809              	.LASF3:
 810 0264 73686F72 		.ascii	"short unsigned int\000"
 810      7420756E 
 810      7369676E 
 810      65642069 
 810      6E7400
 811              	.LASF60:
 812 0277 474E5520 		.ascii	"GNU C11 5.4.1 20160609 (release) [ARM/embedded-5-br"
 812      43313120 
 812      352E342E 
 812      31203230 
 812      31363036 
 813 02aa 616E6368 		.ascii	"anch revision 237715] -mcpu=cortex-m3 -mthumb -g -O"
 813      20726576 
 813      6973696F 
 813      6E203233 
 813      37373135 
 814 02dd 67202D66 		.ascii	"g -ffunction-sections -ffat-lto-objects\000"
 814      66756E63 
 814      74696F6E 
 814      2D736563 
 814      74696F6E 
 815              	.LASF35:
 816 0305 52435F45 		.ascii	"RC_ERROR_CHECKSUM\000"
 816      52524F52 
 816      5F434845 
 816      434B5355 
 816      4D00
 817              	.LASF13:
 818 0317 63686172 		.ascii	"char\000"
 818      00
 819              	.LASF30:
 820 031c 52435F45 		.ascii	"RC_ERROR_BUFFER_FULL\000"
 820      52524F52 
 820      5F425546 
 820      4645525F 
 820      46554C4C 
 821              	.LASF10:
 822 0331 696E7433 		.ascii	"int32_t\000"
 822      325F7400 
 823              	.LASF61:
ARM GAS  C:\Users\abhim\AppData\Local\Temp\ccE6NQYk.s 			page 19


 824 0339 736F7572 		.ascii	"source\\rte\\sc_joystick_type.c\000"
 824      63655C72 
 824      74655C73 
 824      635F6A6F 
 824      79737469 
 825              	.LASF42:
 826 0357 52435F45 		.ascii	"RC_ERROR_BAD_PARAM\000"
 826      52524F52 
 826      5F424144 
 826      5F504152 
 826      414D00
 827              	.LASF64:
 828 036a 64617461 		.ascii	"data\000"
 828      00
 829              	.LASF54:
 830 036f 45455F41 		.ascii	"EE_ApplicationMode\000"
 830      70706C69 
 830      63617469 
 830      6F6E4D6F 
 830      646500
 831              	.LASF5:
 832 0382 6C6F6E67 		.ascii	"long unsigned int\000"
 832      20756E73 
 832      69676E65 
 832      6420696E 
 832      7400
 833              	.LASF62:
 834 0394 443A5C70 		.ascii	"D:\\psoc-workspace\\Git\\ElectronicGaspedal\\Electr"
 834      736F632D 
 834      776F726B 
 834      73706163 
 834      655C4769 
 835 03c3 6F6E6963 		.ascii	"onic Gaspedal.cydsn\000"
 835      20476173 
 835      70656461 
 835      6C2E6379 
 835      64736E00 
 836              	.LASF12:
 837 03d7 646F7562 		.ascii	"double\000"
 837      6C6500
 838              	.LASF58:
 839 03de 4A4F5953 		.ascii	"JOYSTICK_Init\000"
 839      5449434B 
 839      5F496E69 
 839      7400
 840              	.LASF17:
 841 03ec 45455F55 		.ascii	"EE_UREG\000"
 841      52454700 
 842              	.LASF9:
 843 03f4 5F5F696E 		.ascii	"__int32_t\000"
 843      7433325F 
 843      7400
 844              	.LASF44:
 845 03fe 52435F45 		.ascii	"RC_ERROR_CANCELED\000"
 845      52524F52 
 845      5F43414E 
 845      43454C45 
ARM GAS  C:\Users\abhim\AppData\Local\Temp\ccE6NQYk.s 			page 20


 845      4400
 846              	.LASF50:
 847 0410 706F7358 		.ascii	"posX\000"
 847      00
 848              	.LASF51:
 849 0415 706F7359 		.ascii	"posY\000"
 849      00
 850              	.LASF57:
 851 041a 49544D5F 		.ascii	"ITM_RxBuffer\000"
 851      52784275 
 851      66666572 
 851      00
 852              	.LASF23:
 853 0427 52435F45 		.ascii	"RC_ERROR\000"
 853      52524F52 
 853      00
 854              	.LASF59:
 855 0430 4A4F5953 		.ascii	"JOYSTICK_ReadPosition\000"
 855      5449434B 
 855      5F526561 
 855      64506F73 
 855      6974696F 
 856              	.LASF26:
 857 0446 52435F45 		.ascii	"RC_ERROR_MEMORY\000"
 857      52524F52 
 857      5F4D454D 
 857      4F525900 
 858              	.LASF52:
 859 0456 45455F6F 		.ascii	"EE_oo_IRQ_disable_count\000"
 859      6F5F4952 
 859      515F6469 
 859      7361626C 
 859      655F636F 
 860              	.LASF48:
 861 046e 52435F74 		.ascii	"RC_t\000"
 861      00
 862              	.LASF21:
 863 0473 73696E74 		.ascii	"sint8_t\000"
 863      385F7400 
 864              	.LASF33:
 865 047b 52435F45 		.ascii	"RC_ERROR_TIME_OUT\000"
 865      52524F52 
 865      5F54494D 
 865      455F4F55 
 865      5400
 866              		.ident	"GCC: (GNU Tools for ARM Embedded Processors) 5.4.1 20160609 (release) [ARM/embedded-5-bran
