ARM GAS  C:\Users\abhim\AppData\Local\Temp\ccGRbxVh.s 			page 1


   1              		.syntax unified
   2              		.cpu cortex-m3
   3              		.fpu softvfp
   4              		.eabi_attribute 20, 1
   5              		.eabi_attribute 21, 1
   6              		.eabi_attribute 23, 3
   7              		.eabi_attribute 24, 1
   8              		.eabi_attribute 25, 1
   9              		.eabi_attribute 26, 1
  10              		.eabi_attribute 30, 1
  11              		.eabi_attribute 34, 1
  12              		.eabi_attribute 18, 4
  13              		.thumb
  14              		.syntax unified
  15              		.file	"sc_speed_type.c"
  16              		.text
  17              	.Ltext0:
  18              		.cfi_sections	.debug_frame
  19              		.section	.text.SC_SPEED_driverOut,"ax",%progbits
  20              		.align	2
  21              		.global	SC_SPEED_driverOut
  22              		.thumb
  23              		.thumb_func
  24              		.type	SC_SPEED_driverOut, %function
  25              	SC_SPEED_driverOut:
  26              	.LFB110:
  27              		.file 1 "source\\rte\\sc_speed_type.c"
   1:source\rte/sc_speed_type.c **** /*
   2:source\rte/sc_speed_type.c ****  * Filename: sc_speed_type.c
   3:source\rte/sc_speed_type.c ****  *
   4:source\rte/sc_speed_type.c ****  * Author: Autogenerated by H-DA RTE Generator, (c) Prof. Fromm
   5:source\rte/sc_speed_type.c ****  *
   6:source\rte/sc_speed_type.c ****  * description: signal is updated every time the control logic (run_calcControl) processes new joys
   7:source\rte/sc_speed_type.c ****  * name: sc_speed
   8:source\rte/sc_speed_type.c ****  * shortname: speed
   9:source\rte/sc_speed_type.c ****  *
  10:source\rte/sc_speed_type.c ****  */
  11:source\rte/sc_speed_type.c **** 
  12:source\rte/sc_speed_type.c **** #include "project.h"
  13:source\rte/sc_speed_type.c **** #include "global.h"
  14:source\rte/sc_speed_type.c **** #include "rte.h"
  15:source\rte/sc_speed_type.c **** #include "rte_types.h"
  16:source\rte/sc_speed_type.c **** #include "sc_speed_type.h"
  17:source\rte/sc_speed_type.c **** 
  18:source\rte/sc_speed_type.c **** 
  19:source\rte/sc_speed_type.c **** 
  20:source\rte/sc_speed_type.c **** /* USER CODE START SC_SPEED_INCLUDE */
  21:source\rte/sc_speed_type.c **** 
  22:source\rte/sc_speed_type.c **** /* USER CODE END SC_SPEED_INCLUDE */
  23:source\rte/sc_speed_type.c **** 
  24:source\rte/sc_speed_type.c **** 
  25:source\rte/sc_speed_type.c **** 
  26:source\rte/sc_speed_type.c **** 
  27:source\rte/sc_speed_type.c **** /* USER CODE START SC_SPEED_USERDEFINITIONS */
  28:source\rte/sc_speed_type.c **** 
  29:source\rte/sc_speed_type.c **** /* USER CODE END SC_SPEED_USERDEFINITIONS */
  30:source\rte/sc_speed_type.c **** 
ARM GAS  C:\Users\abhim\AppData\Local\Temp\ccGRbxVh.s 			page 2


  31:source\rte/sc_speed_type.c **** 
  32:source\rte/sc_speed_type.c **** /*****************************************************************************************
  33:source\rte/sc_speed_type.c ****  *************** Port Wrapper Implementation for SC_SPEED signal  ****************
  34:source\rte/sc_speed_type.c ****  *****************************************************************************************/
  35:source\rte/sc_speed_type.c ****  
  36:source\rte/sc_speed_type.c ****  
  37:source\rte/sc_speed_type.c **** /**
  38:source\rte/sc_speed_type.c ****  * Default OUT driver API
  39:source\rte/sc_speed_type.c ****  */
  40:source\rte/sc_speed_type.c **** inline RC_t SC_SPEED_driverOut(const SC_SPEED_data_t  *const data)
  41:source\rte/sc_speed_type.c **** {
  28              		.loc 1 41 0
  29              		.cfi_startproc
  30              		@ args = 0, pretend = 0, frame = 0
  31              		@ frame_needed = 0, uses_anonymous_args = 0
  32              	.LVL0:
  33 0000 10B5     		push	{r4, lr}
  34              		.cfi_def_cfa_offset 8
  35              		.cfi_offset 4, -8
  36              		.cfi_offset 14, -4
  42:source\rte/sc_speed_type.c **** 	/* USER CODE START driverOutSC_SPEED */
  43:source\rte/sc_speed_type.c **** //#error "Add your code here"
  44:source\rte/sc_speed_type.c ****     if(data->speedVal == 0){
  37              		.loc 1 44 0
  38 0002 0368     		ldr	r3, [r0]
  39 0004 43B9     		cbnz	r3, .L2
  45:source\rte/sc_speed_type.c ****         redLED_Write(1);
  40              		.loc 1 45 0
  41 0006 0120     		movs	r0, #1
  42              	.LVL1:
  43 0008 FFF7FEFF 		bl	redLED_Write
  44              	.LVL2:
  46:source\rte/sc_speed_type.c ****         LED_RGB_Set(0,0,0);
  45              		.loc 1 46 0
  46 000c 0022     		movs	r2, #0
  47 000e 1146     		mov	r1, r2
  48 0010 1046     		mov	r0, r2
  49 0012 FFF7FEFF 		bl	LED_RGB_Set
  50              	.LVL3:
  51 0016 08E0     		b	.L3
  52              	.LVL4:
  53              	.L2:
  54 0018 0446     		mov	r4, r0
  47:source\rte/sc_speed_type.c ****     }else{
  48:source\rte/sc_speed_type.c ****         redLED_Write(0);
  55              		.loc 1 48 0
  56 001a 0020     		movs	r0, #0
  57              	.LVL5:
  58 001c FFF7FEFF 		bl	redLED_Write
  59              	.LVL6:
  49:source\rte/sc_speed_type.c ****        // RGB_PWM_green_WriteCompare(data->speedVal);
  50:source\rte/sc_speed_type.c ****         LED_RGB_Set(0,data->speedVal,0);
  60              		.loc 1 50 0
  61 0020 0022     		movs	r2, #0
  62 0022 2178     		ldrb	r1, [r4]	@ zero_extendqisi2
  63 0024 1046     		mov	r0, r2
  64 0026 FFF7FEFF 		bl	LED_RGB_Set
ARM GAS  C:\Users\abhim\AppData\Local\Temp\ccGRbxVh.s 			page 3


  65              	.LVL7:
  66              	.L3:
  51:source\rte/sc_speed_type.c ****     }
  52:source\rte/sc_speed_type.c **** 	//Scale application data to drive format
  53:source\rte/sc_speed_type.c **** 
  54:source\rte/sc_speed_type.c **** 	//Write scaled data to driver
  55:source\rte/sc_speed_type.c **** 
  56:source\rte/sc_speed_type.c **** 	return RC_SUCCESS;
  57:source\rte/sc_speed_type.c **** 	/* USER CODE END driverOutSC_SPEED */
  58:source\rte/sc_speed_type.c **** }
  67              		.loc 1 58 0
  68 002a 0020     		movs	r0, #0
  69 002c 10BD     		pop	{r4, pc}
  70              		.cfi_endproc
  71              	.LFE110:
  72              		.size	SC_SPEED_driverOut, .-SC_SPEED_driverOut
  73 002e 00BF     		.text
  74              	.Letext0:
  75              		.file 2 "c:\\program files (x86)\\cypress\\psoc creator\\4.4\\psoc creator\\import\\gnu\\arm\\5.4.
  76              		.file 3 "c:\\program files (x86)\\cypress\\psoc creator\\4.4\\psoc creator\\import\\gnu\\arm\\5.4.
  77              		.file 4 "Generated_Source\\PSoC5/ErikaOS_common_ee_types.inc"
  78              		.file 5 "Generated_Source\\PSoC5/ErikaOS_cortex_mx_ee_cpu.inc"
  79              		.file 6 ".\\source\\bsw/global.h"
  80              		.file 7 "source\\rte\\sc_speed_type.h"
  81              		.file 8 "Generated_Source\\PSoC5/ErikaOS_ee_oo_intfunc.inc"
  82              		.file 9 "Generated_Source\\PSoC5/ErikaOS_cortex_mx_ee_context.inc"
  83              		.file 10 "Generated_Source\\PSoC5/ErikaOS_common_ee_primitives.inc"
  84              		.file 11 "Generated_Source\\PSoC5/core_cm3.h"
  85              		.file 12 "Generated_Source\\PSoC5/redLED.h"
  86              		.file 13 ".\\source\\bsw/led.h"
  87              		.section	.debug_info,"",%progbits
  88              	.Ldebug_info0:
  89 0000 B0020000 		.4byte	0x2b0
  90 0004 0400     		.2byte	0x4
  91 0006 00000000 		.4byte	.Ldebug_abbrev0
  92 000a 04       		.byte	0x4
  93 000b 01       		.uleb128 0x1
  94 000c 95020000 		.4byte	.LASF59
  95 0010 0C       		.byte	0xc
  96 0011 51030000 		.4byte	.LASF60
  97 0015 96030000 		.4byte	.LASF61
  98 0019 00000000 		.4byte	.Ldebug_ranges0+0
  99 001d 00000000 		.4byte	0
 100 0021 00000000 		.4byte	.Ldebug_line0
 101 0025 02       		.uleb128 0x2
 102 0026 01       		.byte	0x1
 103 0027 06       		.byte	0x6
 104 0028 01020000 		.4byte	.LASF0
 105 002c 02       		.uleb128 0x2
 106 002d 01       		.byte	0x1
 107 002e 08       		.byte	0x8
 108 002f E0010000 		.4byte	.LASF1
 109 0033 02       		.uleb128 0x2
 110 0034 02       		.byte	0x2
 111 0035 05       		.byte	0x5
 112 0036 32000000 		.4byte	.LASF2
 113 003a 02       		.uleb128 0x2
ARM GAS  C:\Users\abhim\AppData\Local\Temp\ccGRbxVh.s 			page 4


 114 003b 02       		.byte	0x2
 115 003c 07       		.byte	0x7
 116 003d 82020000 		.4byte	.LASF3
 117 0041 03       		.uleb128 0x3
 118 0042 FA030000 		.4byte	.LASF5
 119 0046 02       		.byte	0x2
 120 0047 3F       		.byte	0x3f
 121 0048 4C000000 		.4byte	0x4c
 122 004c 02       		.uleb128 0x2
 123 004d 04       		.byte	0x4
 124 004e 05       		.byte	0x5
 125 004f 7F010000 		.4byte	.LASF4
 126 0053 03       		.uleb128 0x3
 127 0054 95000000 		.4byte	.LASF6
 128 0058 02       		.byte	0x2
 129 0059 41       		.byte	0x41
 130 005a 5E000000 		.4byte	0x5e
 131 005e 02       		.uleb128 0x2
 132 005f 04       		.byte	0x4
 133 0060 07       		.byte	0x7
 134 0061 84030000 		.4byte	.LASF7
 135 0065 02       		.uleb128 0x2
 136 0066 08       		.byte	0x8
 137 0067 05       		.byte	0x5
 138 0068 34010000 		.4byte	.LASF8
 139 006c 02       		.uleb128 0x2
 140 006d 08       		.byte	0x8
 141 006e 07       		.byte	0x7
 142 006f 0D020000 		.4byte	.LASF9
 143 0073 04       		.uleb128 0x4
 144 0074 04       		.byte	0x4
 145 0075 05       		.byte	0x5
 146 0076 696E7400 		.ascii	"int\000"
 147 007a 02       		.uleb128 0x2
 148 007b 04       		.byte	0x4
 149 007c 07       		.byte	0x7
 150 007d 3A020000 		.4byte	.LASF10
 151 0081 03       		.uleb128 0x3
 152 0082 3D030000 		.4byte	.LASF11
 153 0086 03       		.byte	0x3
 154 0087 2C       		.byte	0x2c
 155 0088 41000000 		.4byte	0x41
 156 008c 03       		.uleb128 0x3
 157 008d 24020000 		.4byte	.LASF12
 158 0091 03       		.byte	0x3
 159 0092 30       		.byte	0x30
 160 0093 53000000 		.4byte	0x53
 161 0097 02       		.uleb128 0x2
 162 0098 04       		.byte	0x4
 163 0099 04       		.byte	0x4
 164 009a 15010000 		.4byte	.LASF13
 165 009e 02       		.uleb128 0x2
 166 009f 08       		.byte	0x8
 167 00a0 04       		.byte	0x4
 168 00a1 D9030000 		.4byte	.LASF14
 169 00a5 02       		.uleb128 0x2
 170 00a6 01       		.byte	0x1
ARM GAS  C:\Users\abhim\AppData\Local\Temp\ccGRbxVh.s 			page 5


 171 00a7 08       		.byte	0x8
 172 00a8 23030000 		.4byte	.LASF15
 173 00ac 02       		.uleb128 0x2
 174 00ad 08       		.byte	0x8
 175 00ae 04       		.byte	0x4
 176 00af CB010000 		.4byte	.LASF16
 177 00b3 03       		.uleb128 0x3
 178 00b4 79020000 		.4byte	.LASF17
 179 00b8 04       		.byte	0x4
 180 00b9 53       		.byte	0x53
 181 00ba 73000000 		.4byte	0x73
 182 00be 03       		.uleb128 0x3
 183 00bf A0000000 		.4byte	.LASF18
 184 00c3 04       		.byte	0x4
 185 00c4 54       		.byte	0x54
 186 00c5 7A000000 		.4byte	0x7a
 187 00c9 03       		.uleb128 0x3
 188 00ca F2030000 		.4byte	.LASF19
 189 00ce 05       		.byte	0x5
 190 00cf 4D       		.byte	0x4d
 191 00d0 BE000000 		.4byte	0xbe
 192 00d4 03       		.uleb128 0x3
 193 00d5 79000000 		.4byte	.LASF20
 194 00d9 05       		.byte	0x5
 195 00da 4F       		.byte	0x4f
 196 00db BE000000 		.4byte	0xbe
 197 00df 03       		.uleb128 0x3
 198 00e0 AA000000 		.4byte	.LASF21
 199 00e4 05       		.byte	0x5
 200 00e5 78       		.byte	0x78
 201 00e6 B3000000 		.4byte	0xb3
 202 00ea 02       		.uleb128 0x2
 203 00eb 04       		.byte	0x4
 204 00ec 07       		.byte	0x7
 205 00ed 62000000 		.4byte	.LASF22
 206 00f1 05       		.uleb128 0x5
 207 00f2 01       		.byte	0x1
 208 00f3 25000000 		.4byte	0x25
 209 00f7 06       		.byte	0x6
 210 00f8 CE       		.byte	0xce
 211 00f9 9A010000 		.4byte	0x19a
 212 00fd 06       		.uleb128 0x6
 213 00fe 13000000 		.4byte	.LASF23
 214 0102 00       		.byte	0
 215 0103 07       		.uleb128 0x7
 216 0104 23040000 		.4byte	.LASF24
 217 0108 7F       		.sleb128 -1
 218 0109 07       		.uleb128 0x7
 219 010a 55020000 		.4byte	.LASF25
 220 010e 7E       		.sleb128 -2
 221 010f 07       		.uleb128 0x7
 222 0110 6B000000 		.4byte	.LASF26
 223 0114 7D       		.sleb128 -3
 224 0115 07       		.uleb128 0x7
 225 0116 2C040000 		.4byte	.LASF27
 226 011a 7C       		.sleb128 -4
 227 011b 07       		.uleb128 0x7
ARM GAS  C:\Users\abhim\AppData\Local\Temp\ccGRbxVh.s 			page 6


 228 011c 06010000 		.4byte	.LASF28
 229 0120 7B       		.sleb128 -5
 230 0121 07       		.uleb128 0x7
 231 0122 3C000000 		.4byte	.LASF29
 232 0126 7A       		.sleb128 -6
 233 0127 07       		.uleb128 0x7
 234 0128 88010000 		.4byte	.LASF30
 235 012c 79       		.sleb128 -7
 236 012d 07       		.uleb128 0x7
 237 012e 28030000 		.4byte	.LASF31
 238 0132 78       		.sleb128 -8
 239 0133 07       		.uleb128 0x7
 240 0134 63020000 		.4byte	.LASF32
 241 0138 77       		.sleb128 -9
 242 0139 07       		.uleb128 0x7
 243 013a 9A010000 		.4byte	.LASF33
 244 013e 76       		.sleb128 -10
 245 013f 07       		.uleb128 0x7
 246 0140 6C040000 		.4byte	.LASF34
 247 0144 75       		.sleb128 -11
 248 0145 07       		.uleb128 0x7
 249 0146 47020000 		.4byte	.LASF35
 250 014a 74       		.sleb128 -12
 251 014b 07       		.uleb128 0x7
 252 014c E0030000 		.4byte	.LASF36
 253 0150 73       		.sleb128 -13
 254 0151 07       		.uleb128 0x7
 255 0152 00000000 		.4byte	.LASF37
 256 0156 72       		.sleb128 -14
 257 0157 07       		.uleb128 0x7
 258 0158 1E000000 		.4byte	.LASF38
 259 015c 71       		.sleb128 -15
 260 015d 07       		.uleb128 0x7
 261 015e A8010000 		.4byte	.LASF39
 262 0162 70       		.sleb128 -16
 263 0163 07       		.uleb128 0x7
 264 0164 81000000 		.4byte	.LASF40
 265 0168 6F       		.sleb128 -17
 266 0169 07       		.uleb128 0x7
 267 016a 4D000000 		.4byte	.LASF41
 268 016e 6E       		.sleb128 -18
 269 016f 07       		.uleb128 0x7
 270 0170 5B010000 		.4byte	.LASF42
 271 0174 6D       		.sleb128 -19
 272 0175 07       		.uleb128 0x7
 273 0176 EE010000 		.4byte	.LASF43
 274 017a 6C       		.sleb128 -20
 275 017b 07       		.uleb128 0x7
 276 017c B9010000 		.4byte	.LASF44
 277 0180 6B       		.sleb128 -21
 278 0181 07       		.uleb128 0x7
 279 0182 04040000 		.4byte	.LASF45
 280 0186 6A       		.sleb128 -22
 281 0187 07       		.uleb128 0x7
 282 0188 C1000000 		.4byte	.LASF46
 283 018c 69       		.sleb128 -23
 284 018d 07       		.uleb128 0x7
ARM GAS  C:\Users\abhim\AppData\Local\Temp\ccGRbxVh.s 			page 7


 285 018e 6E010000 		.4byte	.LASF47
 286 0192 68       		.sleb128 -24
 287 0193 07       		.uleb128 0x7
 288 0194 1B010000 		.4byte	.LASF48
 289 0198 67       		.sleb128 -25
 290 0199 00       		.byte	0
 291 019a 03       		.uleb128 0x3
 292 019b 67040000 		.4byte	.LASF49
 293 019f 06       		.byte	0x6
 294 01a0 E9       		.byte	0xe9
 295 01a1 F1000000 		.4byte	0xf1
 296 01a5 08       		.uleb128 0x8
 297 01a6 04       		.byte	0x4
 298 01a7 07       		.byte	0x7
 299 01a8 21       		.byte	0x21
 300 01a9 BA010000 		.4byte	0x1ba
 301 01ad 09       		.uleb128 0x9
 302 01ae D7010000 		.4byte	.LASF62
 303 01b2 07       		.byte	0x7
 304 01b3 23       		.byte	0x23
 305 01b4 8C000000 		.4byte	0x8c
 306 01b8 00       		.byte	0
 307 01b9 00       		.byte	0
 308 01ba 03       		.uleb128 0x3
 309 01bb B1000000 		.4byte	.LASF50
 310 01bf 07       		.byte	0x7
 311 01c0 26       		.byte	0x26
 312 01c1 A5010000 		.4byte	0x1a5
 313 01c5 0A       		.uleb128 0xa
 314 01c6 54040000 		.4byte	.LASF63
 315 01ca 01       		.byte	0x1
 316 01cb 28       		.byte	0x28
 317 01cc 9A010000 		.4byte	0x19a
 318 01d0 00000000 		.4byte	.LFB110
 319 01d4 2E000000 		.4byte	.LFE110-.LFB110
 320 01d8 01       		.uleb128 0x1
 321 01d9 9C       		.byte	0x9c
 322 01da 45020000 		.4byte	0x245
 323 01de 0B       		.uleb128 0xb
 324 01df 6C030000 		.4byte	.LASF64
 325 01e3 01       		.byte	0x1
 326 01e4 28       		.byte	0x28
 327 01e5 50020000 		.4byte	0x250
 328 01e9 00000000 		.4byte	.LLST0
 329 01ed 0C       		.uleb128 0xc
 330 01ee 0C000000 		.4byte	.LVL2
 331 01f2 9D020000 		.4byte	0x29d
 332 01f6 00020000 		.4byte	0x200
 333 01fa 0D       		.uleb128 0xd
 334 01fb 01       		.uleb128 0x1
 335 01fc 50       		.byte	0x50
 336 01fd 01       		.uleb128 0x1
 337 01fe 31       		.byte	0x31
 338 01ff 00       		.byte	0
 339 0200 0C       		.uleb128 0xc
 340 0201 16000000 		.4byte	.LVL3
 341 0205 A8020000 		.4byte	0x2a8
ARM GAS  C:\Users\abhim\AppData\Local\Temp\ccGRbxVh.s 			page 8


 342 0209 1D020000 		.4byte	0x21d
 343 020d 0D       		.uleb128 0xd
 344 020e 01       		.uleb128 0x1
 345 020f 50       		.byte	0x50
 346 0210 01       		.uleb128 0x1
 347 0211 30       		.byte	0x30
 348 0212 0D       		.uleb128 0xd
 349 0213 01       		.uleb128 0x1
 350 0214 51       		.byte	0x51
 351 0215 01       		.uleb128 0x1
 352 0216 30       		.byte	0x30
 353 0217 0D       		.uleb128 0xd
 354 0218 01       		.uleb128 0x1
 355 0219 52       		.byte	0x52
 356 021a 01       		.uleb128 0x1
 357 021b 30       		.byte	0x30
 358 021c 00       		.byte	0
 359 021d 0C       		.uleb128 0xc
 360 021e 20000000 		.4byte	.LVL6
 361 0222 9D020000 		.4byte	0x29d
 362 0226 30020000 		.4byte	0x230
 363 022a 0D       		.uleb128 0xd
 364 022b 01       		.uleb128 0x1
 365 022c 50       		.byte	0x50
 366 022d 01       		.uleb128 0x1
 367 022e 30       		.byte	0x30
 368 022f 00       		.byte	0
 369 0230 0E       		.uleb128 0xe
 370 0231 2A000000 		.4byte	.LVL7
 371 0235 A8020000 		.4byte	0x2a8
 372 0239 0D       		.uleb128 0xd
 373 023a 01       		.uleb128 0x1
 374 023b 50       		.byte	0x50
 375 023c 01       		.uleb128 0x1
 376 023d 30       		.byte	0x30
 377 023e 0D       		.uleb128 0xd
 378 023f 01       		.uleb128 0x1
 379 0240 52       		.byte	0x52
 380 0241 01       		.uleb128 0x1
 381 0242 30       		.byte	0x30
 382 0243 00       		.byte	0
 383 0244 00       		.byte	0
 384 0245 0F       		.uleb128 0xf
 385 0246 04       		.byte	0x4
 386 0247 4B020000 		.4byte	0x24b
 387 024b 10       		.uleb128 0x10
 388 024c BA010000 		.4byte	0x1ba
 389 0250 10       		.uleb128 0x10
 390 0251 45020000 		.4byte	0x245
 391 0255 11       		.uleb128 0x11
 392 0256 3C040000 		.4byte	.LASF51
 393 025a 08       		.byte	0x8
 394 025b 40       		.byte	0x40
 395 025c C9000000 		.4byte	0xc9
 396 0260 11       		.uleb128 0x11
 397 0261 42010000 		.4byte	.LASF52
 398 0265 08       		.byte	0x8
ARM GAS  C:\Users\abhim\AppData\Local\Temp\ccGRbxVh.s 			page 9


 399 0266 47       		.byte	0x47
 400 0267 D4000000 		.4byte	0xd4
 401 026b 11       		.uleb128 0x11
 402 026c 71030000 		.4byte	.LASF53
 403 0270 08       		.byte	0x8
 404 0271 4A       		.byte	0x4a
 405 0272 C9000000 		.4byte	0xc9
 406 0276 11       		.uleb128 0x11
 407 0277 ED000000 		.4byte	.LASF54
 408 027b 09       		.byte	0x9
 409 027c 48       		.byte	0x48
 410 027d DF000000 		.4byte	0xdf
 411 0281 11       		.uleb128 0x11
 412 0282 D8000000 		.4byte	.LASF55
 413 0286 0A       		.byte	0xa
 414 0287 44       		.byte	0x44
 415 0288 C9000000 		.4byte	0xc9
 416 028c 12       		.uleb128 0x12
 417 028d 16040000 		.4byte	.LASF56
 418 0291 0B       		.byte	0xb
 419 0292 1207     		.2byte	0x712
 420 0294 98020000 		.4byte	0x298
 421 0298 13       		.uleb128 0x13
 422 0299 81000000 		.4byte	0x81
 423 029d 14       		.uleb128 0x14
 424 029e 2D020000 		.4byte	.LASF57
 425 02a2 2D020000 		.4byte	.LASF57
 426 02a6 0C       		.byte	0xc
 427 02a7 26       		.byte	0x26
 428 02a8 14       		.uleb128 0x14
 429 02a9 45030000 		.4byte	.LASF58
 430 02ad 45030000 		.4byte	.LASF58
 431 02b1 0D       		.byte	0xd
 432 02b2 A5       		.byte	0xa5
 433 02b3 00       		.byte	0
 434              		.section	.debug_abbrev,"",%progbits
 435              	.Ldebug_abbrev0:
 436 0000 01       		.uleb128 0x1
 437 0001 11       		.uleb128 0x11
 438 0002 01       		.byte	0x1
 439 0003 25       		.uleb128 0x25
 440 0004 0E       		.uleb128 0xe
 441 0005 13       		.uleb128 0x13
 442 0006 0B       		.uleb128 0xb
 443 0007 03       		.uleb128 0x3
 444 0008 0E       		.uleb128 0xe
 445 0009 1B       		.uleb128 0x1b
 446 000a 0E       		.uleb128 0xe
 447 000b 55       		.uleb128 0x55
 448 000c 17       		.uleb128 0x17
 449 000d 11       		.uleb128 0x11
 450 000e 01       		.uleb128 0x1
 451 000f 10       		.uleb128 0x10
 452 0010 17       		.uleb128 0x17
 453 0011 00       		.byte	0
 454 0012 00       		.byte	0
 455 0013 02       		.uleb128 0x2
ARM GAS  C:\Users\abhim\AppData\Local\Temp\ccGRbxVh.s 			page 10


 456 0014 24       		.uleb128 0x24
 457 0015 00       		.byte	0
 458 0016 0B       		.uleb128 0xb
 459 0017 0B       		.uleb128 0xb
 460 0018 3E       		.uleb128 0x3e
 461 0019 0B       		.uleb128 0xb
 462 001a 03       		.uleb128 0x3
 463 001b 0E       		.uleb128 0xe
 464 001c 00       		.byte	0
 465 001d 00       		.byte	0
 466 001e 03       		.uleb128 0x3
 467 001f 16       		.uleb128 0x16
 468 0020 00       		.byte	0
 469 0021 03       		.uleb128 0x3
 470 0022 0E       		.uleb128 0xe
 471 0023 3A       		.uleb128 0x3a
 472 0024 0B       		.uleb128 0xb
 473 0025 3B       		.uleb128 0x3b
 474 0026 0B       		.uleb128 0xb
 475 0027 49       		.uleb128 0x49
 476 0028 13       		.uleb128 0x13
 477 0029 00       		.byte	0
 478 002a 00       		.byte	0
 479 002b 04       		.uleb128 0x4
 480 002c 24       		.uleb128 0x24
 481 002d 00       		.byte	0
 482 002e 0B       		.uleb128 0xb
 483 002f 0B       		.uleb128 0xb
 484 0030 3E       		.uleb128 0x3e
 485 0031 0B       		.uleb128 0xb
 486 0032 03       		.uleb128 0x3
 487 0033 08       		.uleb128 0x8
 488 0034 00       		.byte	0
 489 0035 00       		.byte	0
 490 0036 05       		.uleb128 0x5
 491 0037 04       		.uleb128 0x4
 492 0038 01       		.byte	0x1
 493 0039 0B       		.uleb128 0xb
 494 003a 0B       		.uleb128 0xb
 495 003b 49       		.uleb128 0x49
 496 003c 13       		.uleb128 0x13
 497 003d 3A       		.uleb128 0x3a
 498 003e 0B       		.uleb128 0xb
 499 003f 3B       		.uleb128 0x3b
 500 0040 0B       		.uleb128 0xb
 501 0041 01       		.uleb128 0x1
 502 0042 13       		.uleb128 0x13
 503 0043 00       		.byte	0
 504 0044 00       		.byte	0
 505 0045 06       		.uleb128 0x6
 506 0046 28       		.uleb128 0x28
 507 0047 00       		.byte	0
 508 0048 03       		.uleb128 0x3
 509 0049 0E       		.uleb128 0xe
 510 004a 1C       		.uleb128 0x1c
 511 004b 0B       		.uleb128 0xb
 512 004c 00       		.byte	0
ARM GAS  C:\Users\abhim\AppData\Local\Temp\ccGRbxVh.s 			page 11


 513 004d 00       		.byte	0
 514 004e 07       		.uleb128 0x7
 515 004f 28       		.uleb128 0x28
 516 0050 00       		.byte	0
 517 0051 03       		.uleb128 0x3
 518 0052 0E       		.uleb128 0xe
 519 0053 1C       		.uleb128 0x1c
 520 0054 0D       		.uleb128 0xd
 521 0055 00       		.byte	0
 522 0056 00       		.byte	0
 523 0057 08       		.uleb128 0x8
 524 0058 13       		.uleb128 0x13
 525 0059 01       		.byte	0x1
 526 005a 0B       		.uleb128 0xb
 527 005b 0B       		.uleb128 0xb
 528 005c 3A       		.uleb128 0x3a
 529 005d 0B       		.uleb128 0xb
 530 005e 3B       		.uleb128 0x3b
 531 005f 0B       		.uleb128 0xb
 532 0060 01       		.uleb128 0x1
 533 0061 13       		.uleb128 0x13
 534 0062 00       		.byte	0
 535 0063 00       		.byte	0
 536 0064 09       		.uleb128 0x9
 537 0065 0D       		.uleb128 0xd
 538 0066 00       		.byte	0
 539 0067 03       		.uleb128 0x3
 540 0068 0E       		.uleb128 0xe
 541 0069 3A       		.uleb128 0x3a
 542 006a 0B       		.uleb128 0xb
 543 006b 3B       		.uleb128 0x3b
 544 006c 0B       		.uleb128 0xb
 545 006d 49       		.uleb128 0x49
 546 006e 13       		.uleb128 0x13
 547 006f 38       		.uleb128 0x38
 548 0070 0B       		.uleb128 0xb
 549 0071 00       		.byte	0
 550 0072 00       		.byte	0
 551 0073 0A       		.uleb128 0xa
 552 0074 2E       		.uleb128 0x2e
 553 0075 01       		.byte	0x1
 554 0076 3F       		.uleb128 0x3f
 555 0077 19       		.uleb128 0x19
 556 0078 03       		.uleb128 0x3
 557 0079 0E       		.uleb128 0xe
 558 007a 3A       		.uleb128 0x3a
 559 007b 0B       		.uleb128 0xb
 560 007c 3B       		.uleb128 0x3b
 561 007d 0B       		.uleb128 0xb
 562 007e 27       		.uleb128 0x27
 563 007f 19       		.uleb128 0x19
 564 0080 49       		.uleb128 0x49
 565 0081 13       		.uleb128 0x13
 566 0082 11       		.uleb128 0x11
 567 0083 01       		.uleb128 0x1
 568 0084 12       		.uleb128 0x12
 569 0085 06       		.uleb128 0x6
ARM GAS  C:\Users\abhim\AppData\Local\Temp\ccGRbxVh.s 			page 12


 570 0086 40       		.uleb128 0x40
 571 0087 18       		.uleb128 0x18
 572 0088 9742     		.uleb128 0x2117
 573 008a 19       		.uleb128 0x19
 574 008b 01       		.uleb128 0x1
 575 008c 13       		.uleb128 0x13
 576 008d 00       		.byte	0
 577 008e 00       		.byte	0
 578 008f 0B       		.uleb128 0xb
 579 0090 05       		.uleb128 0x5
 580 0091 00       		.byte	0
 581 0092 03       		.uleb128 0x3
 582 0093 0E       		.uleb128 0xe
 583 0094 3A       		.uleb128 0x3a
 584 0095 0B       		.uleb128 0xb
 585 0096 3B       		.uleb128 0x3b
 586 0097 0B       		.uleb128 0xb
 587 0098 49       		.uleb128 0x49
 588 0099 13       		.uleb128 0x13
 589 009a 02       		.uleb128 0x2
 590 009b 17       		.uleb128 0x17
 591 009c 00       		.byte	0
 592 009d 00       		.byte	0
 593 009e 0C       		.uleb128 0xc
 594 009f 898201   		.uleb128 0x4109
 595 00a2 01       		.byte	0x1
 596 00a3 11       		.uleb128 0x11
 597 00a4 01       		.uleb128 0x1
 598 00a5 31       		.uleb128 0x31
 599 00a6 13       		.uleb128 0x13
 600 00a7 01       		.uleb128 0x1
 601 00a8 13       		.uleb128 0x13
 602 00a9 00       		.byte	0
 603 00aa 00       		.byte	0
 604 00ab 0D       		.uleb128 0xd
 605 00ac 8A8201   		.uleb128 0x410a
 606 00af 00       		.byte	0
 607 00b0 02       		.uleb128 0x2
 608 00b1 18       		.uleb128 0x18
 609 00b2 9142     		.uleb128 0x2111
 610 00b4 18       		.uleb128 0x18
 611 00b5 00       		.byte	0
 612 00b6 00       		.byte	0
 613 00b7 0E       		.uleb128 0xe
 614 00b8 898201   		.uleb128 0x4109
 615 00bb 01       		.byte	0x1
 616 00bc 11       		.uleb128 0x11
 617 00bd 01       		.uleb128 0x1
 618 00be 31       		.uleb128 0x31
 619 00bf 13       		.uleb128 0x13
 620 00c0 00       		.byte	0
 621 00c1 00       		.byte	0
 622 00c2 0F       		.uleb128 0xf
 623 00c3 0F       		.uleb128 0xf
 624 00c4 00       		.byte	0
 625 00c5 0B       		.uleb128 0xb
 626 00c6 0B       		.uleb128 0xb
ARM GAS  C:\Users\abhim\AppData\Local\Temp\ccGRbxVh.s 			page 13


 627 00c7 49       		.uleb128 0x49
 628 00c8 13       		.uleb128 0x13
 629 00c9 00       		.byte	0
 630 00ca 00       		.byte	0
 631 00cb 10       		.uleb128 0x10
 632 00cc 26       		.uleb128 0x26
 633 00cd 00       		.byte	0
 634 00ce 49       		.uleb128 0x49
 635 00cf 13       		.uleb128 0x13
 636 00d0 00       		.byte	0
 637 00d1 00       		.byte	0
 638 00d2 11       		.uleb128 0x11
 639 00d3 34       		.uleb128 0x34
 640 00d4 00       		.byte	0
 641 00d5 03       		.uleb128 0x3
 642 00d6 0E       		.uleb128 0xe
 643 00d7 3A       		.uleb128 0x3a
 644 00d8 0B       		.uleb128 0xb
 645 00d9 3B       		.uleb128 0x3b
 646 00da 0B       		.uleb128 0xb
 647 00db 49       		.uleb128 0x49
 648 00dc 13       		.uleb128 0x13
 649 00dd 3F       		.uleb128 0x3f
 650 00de 19       		.uleb128 0x19
 651 00df 3C       		.uleb128 0x3c
 652 00e0 19       		.uleb128 0x19
 653 00e1 00       		.byte	0
 654 00e2 00       		.byte	0
 655 00e3 12       		.uleb128 0x12
 656 00e4 34       		.uleb128 0x34
 657 00e5 00       		.byte	0
 658 00e6 03       		.uleb128 0x3
 659 00e7 0E       		.uleb128 0xe
 660 00e8 3A       		.uleb128 0x3a
 661 00e9 0B       		.uleb128 0xb
 662 00ea 3B       		.uleb128 0x3b
 663 00eb 05       		.uleb128 0x5
 664 00ec 49       		.uleb128 0x49
 665 00ed 13       		.uleb128 0x13
 666 00ee 3F       		.uleb128 0x3f
 667 00ef 19       		.uleb128 0x19
 668 00f0 3C       		.uleb128 0x3c
 669 00f1 19       		.uleb128 0x19
 670 00f2 00       		.byte	0
 671 00f3 00       		.byte	0
 672 00f4 13       		.uleb128 0x13
 673 00f5 35       		.uleb128 0x35
 674 00f6 00       		.byte	0
 675 00f7 49       		.uleb128 0x49
 676 00f8 13       		.uleb128 0x13
 677 00f9 00       		.byte	0
 678 00fa 00       		.byte	0
 679 00fb 14       		.uleb128 0x14
 680 00fc 2E       		.uleb128 0x2e
 681 00fd 00       		.byte	0
 682 00fe 3F       		.uleb128 0x3f
 683 00ff 19       		.uleb128 0x19
ARM GAS  C:\Users\abhim\AppData\Local\Temp\ccGRbxVh.s 			page 14


 684 0100 3C       		.uleb128 0x3c
 685 0101 19       		.uleb128 0x19
 686 0102 6E       		.uleb128 0x6e
 687 0103 0E       		.uleb128 0xe
 688 0104 03       		.uleb128 0x3
 689 0105 0E       		.uleb128 0xe
 690 0106 3A       		.uleb128 0x3a
 691 0107 0B       		.uleb128 0xb
 692 0108 3B       		.uleb128 0x3b
 693 0109 0B       		.uleb128 0xb
 694 010a 00       		.byte	0
 695 010b 00       		.byte	0
 696 010c 00       		.byte	0
 697              		.section	.debug_loc,"",%progbits
 698              	.Ldebug_loc0:
 699              	.LLST0:
 700 0000 00000000 		.4byte	.LVL0
 701 0004 08000000 		.4byte	.LVL1
 702 0008 0100     		.2byte	0x1
 703 000a 50       		.byte	0x50
 704 000b 08000000 		.4byte	.LVL1
 705 000f 18000000 		.4byte	.LVL4
 706 0013 0400     		.2byte	0x4
 707 0015 F3       		.byte	0xf3
 708 0016 01       		.uleb128 0x1
 709 0017 50       		.byte	0x50
 710 0018 9F       		.byte	0x9f
 711 0019 18000000 		.4byte	.LVL4
 712 001d 1C000000 		.4byte	.LVL5
 713 0021 0100     		.2byte	0x1
 714 0023 50       		.byte	0x50
 715 0024 1C000000 		.4byte	.LVL5
 716 0028 2A000000 		.4byte	.LVL7
 717 002c 0100     		.2byte	0x1
 718 002e 54       		.byte	0x54
 719 002f 2A000000 		.4byte	.LVL7
 720 0033 2E000000 		.4byte	.LFE110
 721 0037 0400     		.2byte	0x4
 722 0039 F3       		.byte	0xf3
 723 003a 01       		.uleb128 0x1
 724 003b 50       		.byte	0x50
 725 003c 9F       		.byte	0x9f
 726 003d 00000000 		.4byte	0
 727 0041 00000000 		.4byte	0
 728              		.section	.debug_aranges,"",%progbits
 729 0000 1C000000 		.4byte	0x1c
 730 0004 0200     		.2byte	0x2
 731 0006 00000000 		.4byte	.Ldebug_info0
 732 000a 04       		.byte	0x4
 733 000b 00       		.byte	0
 734 000c 0000     		.2byte	0
 735 000e 0000     		.2byte	0
 736 0010 00000000 		.4byte	.LFB110
 737 0014 2E000000 		.4byte	.LFE110-.LFB110
 738 0018 00000000 		.4byte	0
 739 001c 00000000 		.4byte	0
 740              		.section	.debug_ranges,"",%progbits
ARM GAS  C:\Users\abhim\AppData\Local\Temp\ccGRbxVh.s 			page 15


 741              	.Ldebug_ranges0:
 742 0000 00000000 		.4byte	.LFB110
 743 0004 2E000000 		.4byte	.LFE110
 744 0008 00000000 		.4byte	0
 745 000c 00000000 		.4byte	0
 746              		.section	.debug_line,"",%progbits
 747              	.Ldebug_line0:
 748 0000 53020000 		.section	.debug_str,"MS",%progbits,1
 748      02003802 
 748      00000201 
 748      FB0E0D00 
 748      01010101 
 749              	.LASF37:
 750 0000 52435F45 		.ascii	"RC_ERROR_READ_ONLY\000"
 750      52524F52 
 750      5F524541 
 750      445F4F4E 
 750      4C5900
 751              	.LASF23:
 752 0013 52435F53 		.ascii	"RC_SUCCESS\000"
 752      55434345 
 752      535300
 753              	.LASF38:
 754 001e 52435F45 		.ascii	"RC_ERROR_WRITE_ONLY\000"
 754      52524F52 
 754      5F575249 
 754      54455F4F 
 754      4E4C5900 
 755              	.LASF2:
 756 0032 73686F72 		.ascii	"short int\000"
 756      7420696E 
 756      7400
 757              	.LASF29:
 758 003c 52435F45 		.ascii	"RC_ERROR_OVERRUN\000"
 758      52524F52 
 758      5F4F5645 
 758      5252554E 
 758      00
 759              	.LASF41:
 760 004d 52435F45 		.ascii	"RC_ERROR_WRITE_FAILS\000"
 760      52524F52 
 760      5F575249 
 760      54455F46 
 760      41494C53 
 761              	.LASF22:
 762 0062 73697A65 		.ascii	"sizetype\000"
 762      74797065 
 762      00
 763              	.LASF26:
 764 006b 52435F45 		.ascii	"RC_ERROR_ZERO\000"
 764      52524F52 
 764      5F5A4552 
 764      4F00
 765              	.LASF20:
 766 0079 45455F46 		.ascii	"EE_FREG\000"
 766      52454700 
 767              	.LASF40:
ARM GAS  C:\Users\abhim\AppData\Local\Temp\ccGRbxVh.s 			page 16


 768 0081 52435F45 		.ascii	"RC_ERROR_READ_FAILS\000"
 768      52524F52 
 768      5F524541 
 768      445F4641 
 768      494C5300 
 769              	.LASF6:
 770 0095 5F5F7569 		.ascii	"__uint32_t\000"
 770      6E743332 
 770      5F7400
 771              	.LASF18:
 772 00a0 45455F55 		.ascii	"EE_UINT32\000"
 772      494E5433 
 772      3200
 773              	.LASF21:
 774 00aa 45455F54 		.ascii	"EE_TID\000"
 774      494400
 775              	.LASF50:
 776 00b1 53435F53 		.ascii	"SC_SPEED_data_t\000"
 776      50454544 
 776      5F646174 
 776      615F7400 
 777              	.LASF46:
 778 00c1 52435F45 		.ascii	"RC_ERROR_INVALID_STATE\000"
 778      52524F52 
 778      5F494E56 
 778      414C4944 
 778      5F535441 
 779              	.LASF55:
 780 00d8 45455F49 		.ascii	"EE_IRQ_nesting_level\000"
 780      52515F6E 
 780      65737469 
 780      6E675F6C 
 780      6576656C 
 781              	.LASF54:
 782 00ed 45455F73 		.ascii	"EE_std_endcycle_next_tid\000"
 782      74645F65 
 782      6E646379 
 782      636C655F 
 782      6E657874 
 783              	.LASF28:
 784 0106 52435F45 		.ascii	"RC_ERROR_RANGE\000"
 784      52524F52 
 784      5F52414E 
 784      474500
 785              	.LASF13:
 786 0115 666C6F61 		.ascii	"float\000"
 786      7400
 787              	.LASF48:
 788 011b 52435F45 		.ascii	"RC_ERROR_NOT_IMPLEMENTED\000"
 788      52524F52 
 788      5F4E4F54 
 788      5F494D50 
 788      4C454D45 
 789              	.LASF8:
 790 0134 6C6F6E67 		.ascii	"long long int\000"
 790      206C6F6E 
 790      6720696E 
ARM GAS  C:\Users\abhim\AppData\Local\Temp\ccGRbxVh.s 			page 17


 790      7400
 791              	.LASF52:
 792 0142 45455F6F 		.ascii	"EE_oo_IRQ_suspend_status\000"
 792      6F5F4952 
 792      515F7375 
 792      7370656E 
 792      645F7374 
 793              	.LASF42:
 794 015b 52435F45 		.ascii	"RC_ERROR_NOT_MATCH\000"
 794      52524F52 
 794      5F4E4F54 
 794      5F4D4154 
 794      434800
 795              	.LASF47:
 796 016e 52435F45 		.ascii	"RC_ERROR_UNKNOWN\000"
 796      52524F52 
 796      5F554E4B 
 796      4E4F574E 
 796      00
 797              	.LASF4:
 798 017f 6C6F6E67 		.ascii	"long int\000"
 798      20696E74 
 798      00
 799              	.LASF30:
 800 0188 52435F45 		.ascii	"RC_ERROR_UNDERRUN\000"
 800      52524F52 
 800      5F554E44 
 800      45525255 
 800      4E00
 801              	.LASF33:
 802 019a 52435F45 		.ascii	"RC_ERROR_BUSY\000"
 802      52524F52 
 802      5F425553 
 802      5900
 803              	.LASF39:
 804 01a8 52435F45 		.ascii	"RC_ERROR_INVALID\000"
 804      52524F52 
 804      5F494E56 
 804      414C4944 
 804      00
 805              	.LASF44:
 806 01b9 52435F45 		.ascii	"RC_ERROR_BAD_DATA\000"
 806      52524F52 
 806      5F424144 
 806      5F444154 
 806      4100
 807              	.LASF16:
 808 01cb 6C6F6E67 		.ascii	"long double\000"
 808      20646F75 
 808      626C6500 
 809              	.LASF62:
 810 01d7 73706565 		.ascii	"speedVal\000"
 810      6456616C 
 810      00
 811              	.LASF1:
 812 01e0 756E7369 		.ascii	"unsigned char\000"
 812      676E6564 
ARM GAS  C:\Users\abhim\AppData\Local\Temp\ccGRbxVh.s 			page 18


 812      20636861 
 812      7200
 813              	.LASF43:
 814 01ee 52435F45 		.ascii	"RC_ERROR_BAD_PARAM\000"
 814      52524F52 
 814      5F424144 
 814      5F504152 
 814      414D00
 815              	.LASF0:
 816 0201 7369676E 		.ascii	"signed char\000"
 816      65642063 
 816      68617200 
 817              	.LASF9:
 818 020d 6C6F6E67 		.ascii	"long long unsigned int\000"
 818      206C6F6E 
 818      6720756E 
 818      7369676E 
 818      65642069 
 819              	.LASF12:
 820 0224 75696E74 		.ascii	"uint32_t\000"
 820      33325F74 
 820      00
 821              	.LASF57:
 822 022d 7265644C 		.ascii	"redLED_Write\000"
 822      45445F57 
 822      72697465 
 822      00
 823              	.LASF10:
 824 023a 756E7369 		.ascii	"unsigned int\000"
 824      676E6564 
 824      20696E74 
 824      00
 825              	.LASF35:
 826 0247 52435F45 		.ascii	"RC_ERROR_OPEN\000"
 826      52524F52 
 826      5F4F5045 
 826      4E00
 827              	.LASF25:
 828 0255 52435F45 		.ascii	"RC_ERROR_NULL\000"
 828      52524F52 
 828      5F4E554C 
 828      4C00
 829              	.LASF32:
 830 0263 52435F45 		.ascii	"RC_ERROR_BUFFER_EMTPY\000"
 830      52524F52 
 830      5F425546 
 830      4645525F 
 830      454D5450 
 831              	.LASF17:
 832 0279 45455F49 		.ascii	"EE_INT32\000"
 832      4E543332 
 832      00
 833              	.LASF3:
 834 0282 73686F72 		.ascii	"short unsigned int\000"
 834      7420756E 
 834      7369676E 
 834      65642069 
ARM GAS  C:\Users\abhim\AppData\Local\Temp\ccGRbxVh.s 			page 19


 834      6E7400
 835              	.LASF59:
 836 0295 474E5520 		.ascii	"GNU C11 5.4.1 20160609 (release) [ARM/embedded-5-br"
 836      43313120 
 836      352E342E 
 836      31203230 
 836      31363036 
 837 02c8 616E6368 		.ascii	"anch revision 237715] -mcpu=cortex-m3 -mthumb -g -O"
 837      20726576 
 837      6973696F 
 837      6E203233 
 837      37373135 
 838 02fb 67202D66 		.ascii	"g -ffunction-sections -ffat-lto-objects\000"
 838      66756E63 
 838      74696F6E 
 838      2D736563 
 838      74696F6E 
 839              	.LASF15:
 840 0323 63686172 		.ascii	"char\000"
 840      00
 841              	.LASF31:
 842 0328 52435F45 		.ascii	"RC_ERROR_BUFFER_FULL\000"
 842      52524F52 
 842      5F425546 
 842      4645525F 
 842      46554C4C 
 843              	.LASF11:
 844 033d 696E7433 		.ascii	"int32_t\000"
 844      325F7400 
 845              	.LASF58:
 846 0345 4C45445F 		.ascii	"LED_RGB_Set\000"
 846      5247425F 
 846      53657400 
 847              	.LASF60:
 848 0351 736F7572 		.ascii	"source\\rte\\sc_speed_type.c\000"
 848      63655C72 
 848      74655C73 
 848      635F7370 
 848      6565645F 
 849              	.LASF64:
 850 036c 64617461 		.ascii	"data\000"
 850      00
 851              	.LASF53:
 852 0371 45455F41 		.ascii	"EE_ApplicationMode\000"
 852      70706C69 
 852      63617469 
 852      6F6E4D6F 
 852      646500
 853              	.LASF7:
 854 0384 6C6F6E67 		.ascii	"long unsigned int\000"
 854      20756E73 
 854      69676E65 
 854      6420696E 
 854      7400
 855              	.LASF61:
 856 0396 443A5C70 		.ascii	"D:\\psoc-workspace\\Git\\ElectronicGaspedal\\Electr"
 856      736F632D 
ARM GAS  C:\Users\abhim\AppData\Local\Temp\ccGRbxVh.s 			page 20


 856      776F726B 
 856      73706163 
 856      655C4769 
 857 03c5 6F6E6963 		.ascii	"onic Gaspedal.cydsn\000"
 857      20476173 
 857      70656461 
 857      6C2E6379 
 857      64736E00 
 858              	.LASF14:
 859 03d9 646F7562 		.ascii	"double\000"
 859      6C6500
 860              	.LASF36:
 861 03e0 52435F45 		.ascii	"RC_ERROR_CHECKSUM\000"
 861      52524F52 
 861      5F434845 
 861      434B5355 
 861      4D00
 862              	.LASF19:
 863 03f2 45455F55 		.ascii	"EE_UREG\000"
 863      52454700 
 864              	.LASF5:
 865 03fa 5F5F696E 		.ascii	"__int32_t\000"
 865      7433325F 
 865      7400
 866              	.LASF45:
 867 0404 52435F45 		.ascii	"RC_ERROR_CANCELED\000"
 867      52524F52 
 867      5F43414E 
 867      43454C45 
 867      4400
 868              	.LASF56:
 869 0416 49544D5F 		.ascii	"ITM_RxBuffer\000"
 869      52784275 
 869      66666572 
 869      00
 870              	.LASF24:
 871 0423 52435F45 		.ascii	"RC_ERROR\000"
 871      52524F52 
 871      00
 872              	.LASF27:
 873 042c 52435F45 		.ascii	"RC_ERROR_MEMORY\000"
 873      52524F52 
 873      5F4D454D 
 873      4F525900 
 874              	.LASF51:
 875 043c 45455F6F 		.ascii	"EE_oo_IRQ_disable_count\000"
 875      6F5F4952 
 875      515F6469 
 875      7361626C 
 875      655F636F 
 876              	.LASF63:
 877 0454 53435F53 		.ascii	"SC_SPEED_driverOut\000"
 877      50454544 
 877      5F647269 
 877      7665724F 
 877      757400
 878              	.LASF49:
ARM GAS  C:\Users\abhim\AppData\Local\Temp\ccGRbxVh.s 			page 21


 879 0467 52435F74 		.ascii	"RC_t\000"
 879      00
 880              	.LASF34:
 881 046c 52435F45 		.ascii	"RC_ERROR_TIME_OUT\000"
 881      52524F52 
 881      5F54494D 
 881      455F4F55 
 881      5400
 882              		.ident	"GCC: (GNU Tools for ARM Embedded Processors) 5.4.1 20160609 (release) [ARM/embedded-5-bran
