ARM GAS  C:\Users\abhim\AppData\Local\Temp\ccHvMBmm.s 			page 1


   1              		.syntax unified
   2              		.cpu cortex-m3
   3              		.fpu softvfp
   4              		.eabi_attribute 20, 1
   5              		.eabi_attribute 21, 1
   6              		.eabi_attribute 23, 3
   7              		.eabi_attribute 24, 1
   8              		.eabi_attribute 25, 1
   9              		.eabi_attribute 26, 1
  10              		.eabi_attribute 30, 1
  11              		.eabi_attribute 34, 1
  12              		.eabi_attribute 18, 4
  13              		.thumb
  14              		.syntax unified
  15              		.file	"sc_speed.c"
  16              		.text
  17              	.Ltext0:
  18              		.cfi_sections	.debug_frame
  19              	.Letext0:
  20              		.section	.debug_line,"",%progbits
  21              	.Ldebug_line0:
  22              		.section	.debug_str,"MS",%progbits,1
  23              	.LASF0:
  24 0000 736F7572 		.ascii	"source\\rte\\sc_speed.c\000"
  24      63655C72 
  24      74655C73 
  24      635F7370 
  24      6565642E 
  25              	.LASF1:
  26 0016 443A5C70 		.ascii	"D:\\psoc-workspace\\Git\\ElectronicGaspedal\\Electr"
  26      736F632D 
  26      776F726B 
  26      73706163 
  26      655C4769 
  27 0045 6F6E6963 		.ascii	"onic Gaspedal.cydsn\000"
  27      20476173 
  27      70656461 
  27      6C2E6379 
  27      64736E00 
  28              	.LASF2:
  29 0059 474E5520 		.ascii	"GNU C11 5.4.1 20160609 (release) [ARM/embedded-5-br"
  29      43313120 
  29      352E342E 
  29      31203230 
  29      31363036 
  30 008c 616E6368 		.ascii	"anch revision 237715] -mcpu=cortex-m3 -mthumb -g -O"
  30      20726576 
  30      6973696F 
  30      6E203233 
  30      37373135 
  31 00bf 67202D66 		.ascii	"g -ffunction-sections -ffat-lto-objects\000"
  31      66756E63 
  31      74696F6E 
  31      2D736563 
  31      74696F6E 
  32              		.ident	"GCC: (GNU Tools for ARM Embedded Processors) 5.4.1 20160609 (release) [ARM/embedded-5-bran
