ARM GAS  C:\Users\abhim\AppData\Local\Temp\ccei80q3.s 			page 1


   1              		.syntax unified
   2              		.cpu cortex-m3
   3              		.fpu softvfp
   4              		.eabi_attribute 20, 1
   5              		.eabi_attribute 21, 1
   6              		.eabi_attribute 23, 3
   7              		.eabi_attribute 24, 1
   8              		.eabi_attribute 25, 1
   9              		.eabi_attribute 26, 1
  10              		.eabi_attribute 30, 1
  11              		.eabi_attribute 34, 1
  12              		.eabi_attribute 18, 4
  13              		.thumb
  14              		.syntax unified
  15              		.file	"swc_brakelight_control.c"
  16              		.text
  17              	.Ltext0:
  18              		.cfi_sections	.debug_frame
  19              		.section	.text.BRAKELIGHT_CONTROL_setBrakeLight_run,"ax",%progbits
  20              		.align	2
  21              		.global	BRAKELIGHT_CONTROL_setBrakeLight_run
  22              		.thumb
  23              		.thumb_func
  24              		.type	BRAKELIGHT_CONTROL_setBrakeLight_run, %function
  25              	BRAKELIGHT_CONTROL_setBrakeLight_run:
  26              	.LFB132:
  27              		.file 1 "source\\bsw\\swc_brakelight_control.c"
   1:source\bsw/swc_brakelight_control.c **** /*
   2:source\bsw/swc_brakelight_control.c ****  * Filename: swc_brakelight_control.c
   3:source\bsw/swc_brakelight_control.c ****  *
   4:source\bsw/swc_brakelight_control.c ****  * Author: Autogenerated by H-DA RTE Generator, (c) Prof. Fromm
   5:source\bsw/swc_brakelight_control.c ****  *
   6:source\bsw/swc_brakelight_control.c ****  * description: Software component
   7:source\bsw/swc_brakelight_control.c ****  * name: swc_brakelight_control
   8:source\bsw/swc_brakelight_control.c ****  * shortname: brakelight_control
   9:source\bsw/swc_brakelight_control.c ****  *
  10:source\bsw/swc_brakelight_control.c ****  */
  11:source\bsw/swc_brakelight_control.c **** 
  12:source\bsw/swc_brakelight_control.c **** #include "project.h"
  13:source\bsw/swc_brakelight_control.c **** #include "global.h"
  14:source\bsw/swc_brakelight_control.c **** #include "rte.h"
  15:source\bsw/swc_brakelight_control.c **** #include "rte_types.h"
  16:source\bsw/swc_brakelight_control.c **** #include "swc_brakelight_control.h"
  17:source\bsw/swc_brakelight_control.c **** 
  18:source\bsw/swc_brakelight_control.c **** 
  19:source\bsw/swc_brakelight_control.c **** 
  20:source\bsw/swc_brakelight_control.c **** /* USER CODE START SWC_BRAKELIGHT_CONTROL_INCLUDE */
  21:source\bsw/swc_brakelight_control.c **** 
  22:source\bsw/swc_brakelight_control.c **** /* USER CODE END SWC_BRAKELIGHT_CONTROL_INCLUDE */
  23:source\bsw/swc_brakelight_control.c **** 
  24:source\bsw/swc_brakelight_control.c **** 
  25:source\bsw/swc_brakelight_control.c **** #include "sp_signalpool.h"
  26:source\bsw/swc_brakelight_control.c **** 
  27:source\bsw/swc_brakelight_control.c **** /* USER CODE START SWC_BRAKELIGHT_CONTROL_USERDEFINITIONS */
  28:source\bsw/swc_brakelight_control.c **** 
  29:source\bsw/swc_brakelight_control.c **** /* USER CODE END SWC_BRAKELIGHT_CONTROL_USERDEFINITIONS */
  30:source\bsw/swc_brakelight_control.c **** 
ARM GAS  C:\Users\abhim\AppData\Local\Temp\ccei80q3.s 			page 2


  31:source\bsw/swc_brakelight_control.c **** 
  32:source\bsw/swc_brakelight_control.c **** 
  33:source\bsw/swc_brakelight_control.c **** /*
  34:source\bsw/swc_brakelight_control.c ****  * component: swc_brakelight_control
  35:source\bsw/swc_brakelight_control.c ****  * cycletime: 0
  36:source\bsw/swc_brakelight_control.c ****  * description: Runnable
  37:source\bsw/swc_brakelight_control.c ****  * events: ev_controlspeed_onData
  38:source\bsw/swc_brakelight_control.c ****  * name: BRAKELIGHT_CONTROL_setBrakeLight_run
  39:source\bsw/swc_brakelight_control.c ****  * shortname: setBrakeLight
  40:source\bsw/swc_brakelight_control.c ****  * signalIN: so_speed
  41:source\bsw/swc_brakelight_control.c ****  * signalOUT: so_brakelight
  42:source\bsw/swc_brakelight_control.c ****  * task: tsk_Brakelight
  43:source\bsw/swc_brakelight_control.c ****  */
  44:source\bsw/swc_brakelight_control.c **** void BRAKELIGHT_CONTROL_setBrakeLight_run(RTE_event ev){
  28              		.loc 1 44 0
  29              		.cfi_startproc
  30              		@ args = 0, pretend = 0, frame = 0
  31              		@ frame_needed = 0, uses_anonymous_args = 0
  32              	.LVL0:
  33 0000 38B5     		push	{r3, r4, r5, lr}
  34              		.cfi_def_cfa_offset 16
  35              		.cfi_offset 3, -16
  36              		.cfi_offset 4, -12
  37              		.cfi_offset 5, -8
  38              		.cfi_offset 14, -4
  39              	.LVL1:
  40              	.LBB9:
  41              	.LBB10:
  42              		.file 2 ".\\source\\rte/sc_speed.h"
   1:.\source\rte/sc_speed.h **** 
   2:.\source\rte/sc_speed.h **** 
   3:.\source\rte/sc_speed.h **** /**
   4:.\source\rte/sc_speed.h ****  *  file    SC_SPEED_signal.h
   5:.\source\rte/sc_speed.h ****  *
   6:.\source\rte/sc_speed.h ****  *  brief   signal base class for signal sc_speed
   7:.\source\rte/sc_speed.h ****  *
   8:.\source\rte/sc_speed.h ****  *  author  Autogenerated, Peter Fromm       <peter.fromm@h-da.de>
   9:.\source\rte/sc_speed.h ****  *
  10:.\source\rte/sc_speed.h ****  * description: signal is updated every time the control logic (run_calcControl) processes new joys
  11:.\source\rte/sc_speed.h ****  * name: sc_speed
  12:.\source\rte/sc_speed.h ****  * shortname: speed
  13:.\source\rte/sc_speed.h ****  *
  14:.\source\rte/sc_speed.h ****  */
  15:.\source\rte/sc_speed.h **** 
  16:.\source\rte/sc_speed.h **** 
  17:.\source\rte/sc_speed.h **** 
  18:.\source\rte/sc_speed.h **** #ifndef SC_SPEED_SIGNAL_H_INCLUDED
  19:.\source\rte/sc_speed.h **** #define SC_SPEED_SIGNAL_H_INCLUDED
  20:.\source\rte/sc_speed.h **** 
  21:.\source\rte/sc_speed.h **** /*================================================[ public includes  ]=============================
  22:.\source\rte/sc_speed.h **** #include "global.h"
  23:.\source\rte/sc_speed.h **** #include "project.h"
  24:.\source\rte/sc_speed.h **** #include "rte.h"
  25:.\source\rte/sc_speed.h **** #include "rte_types.h"
  26:.\source\rte/sc_speed.h **** 
  27:.\source\rte/sc_speed.h **** #include "sc_speed_type.h"
  28:.\source\rte/sc_speed.h **** 
ARM GAS  C:\Users\abhim\AppData\Local\Temp\ccei80q3.s 			page 3


  29:.\source\rte/sc_speed.h **** 
  30:.\source\rte/sc_speed.h **** /**************************************************************************************************
  31:.\source\rte/sc_speed.h **** /* The driver API block																						*/
  32:.\source\rte/sc_speed.h **** /**************************************************************************************************
  33:.\source\rte/sc_speed.h ****                                                                                                    
  34:.\source\rte/sc_speed.h **** /**
  35:.\source\rte/sc_speed.h ****  *  Definition of function types for driver interfaces.
  36:.\source\rte/sc_speed.h ****  *  I-Port
  37:.\source\rte/sc_speed.h ****  */
  38:.\source\rte/sc_speed.h **** typedef RC_t (*SC_SPEED_driverIn_t)(SC_SPEED_data_t * const);
  39:.\source\rte/sc_speed.h **** 
  40:.\source\rte/sc_speed.h **** /**
  41:.\source\rte/sc_speed.h ****  *  Definition of function types for driver interfaces.
  42:.\source\rte/sc_speed.h ****  *  O-Port
  43:.\source\rte/sc_speed.h ****  */
  44:.\source\rte/sc_speed.h **** typedef RC_t (*SC_SPEED_driverOut_t)( const SC_SPEED_data_t * const);
  45:.\source\rte/sc_speed.h **** 
  46:.\source\rte/sc_speed.h **** 
  47:.\source\rte/sc_speed.h **** /**************************************************************************************************
  48:.\source\rte/sc_speed.h **** /* The signal configuration API block																				*/
  49:.\source\rte/sc_speed.h **** /**************************************************************************************************
  50:.\source\rte/sc_speed.h **** 
  51:.\source\rte/sc_speed.h **** /**
  52:.\source\rte/sc_speed.h ****  * Instances of the struct SC_SPEED_cfg_t represent the signal object configuration.
  53:.\source\rte/sc_speed.h ****  */
  54:.\source\rte/sc_speed.h **** struct SC_SPEED_cfg_s
  55:.\source\rte/sc_speed.h **** {
  56:.\source\rte/sc_speed.h ****     /**
  57:.\source\rte/sc_speed.h ****      * Function pointer to the input driver
  58:.\source\rte/sc_speed.h ****      */
  59:.\source\rte/sc_speed.h ****     SC_SPEED_driverIn_t const inDriver;
  60:.\source\rte/sc_speed.h **** 
  61:.\source\rte/sc_speed.h ****     /**
  62:.\source\rte/sc_speed.h ****      * Function pointer to the output driver table
  63:.\source\rte/sc_speed.h ****      */
  64:.\source\rte/sc_speed.h ****    SC_SPEED_driverOut_t const outDriver;
  65:.\source\rte/sc_speed.h ****    
  66:.\source\rte/sc_speed.h ****     /**
  67:.\source\rte/sc_speed.h ****      * Event onUpdate
  68:.\source\rte/sc_speed.h ****      */
  69:.\source\rte/sc_speed.h ****     EventMaskType const evOnUpdate;
  70:.\source\rte/sc_speed.h ****     
  71:.\source\rte/sc_speed.h ****     
  72:.\source\rte/sc_speed.h ****     /**
  73:.\source\rte/sc_speed.h ****      * Event onError
  74:.\source\rte/sc_speed.h ****      */
  75:.\source\rte/sc_speed.h ****     EventMaskType const evOnError;
  76:.\source\rte/sc_speed.h ****     
  77:.\source\rte/sc_speed.h ****     /**
  78:.\source\rte/sc_speed.h ****      * Task Count onUpdate
  79:.\source\rte/sc_speed.h ****      */
  80:.\source\rte/sc_speed.h ****     size_t const onUpdateTaskCount;
  81:.\source\rte/sc_speed.h **** 
  82:.\source\rte/sc_speed.h ****     /**
  83:.\source\rte/sc_speed.h ****      * Task List onUpdate
  84:.\source\rte/sc_speed.h ****      */
  85:.\source\rte/sc_speed.h ****     TaskTypeArray* const onUpdateTasks;
ARM GAS  C:\Users\abhim\AppData\Local\Temp\ccei80q3.s 			page 4


  86:.\source\rte/sc_speed.h ****     
  87:.\source\rte/sc_speed.h ****     /**
  88:.\source\rte/sc_speed.h ****      * Task Count onError
  89:.\source\rte/sc_speed.h ****      */
  90:.\source\rte/sc_speed.h ****     size_t const onErrorTaskCount;
  91:.\source\rte/sc_speed.h **** 
  92:.\source\rte/sc_speed.h ****     /**
  93:.\source\rte/sc_speed.h ****      * Task List onError
  94:.\source\rte/sc_speed.h ****      */
  95:.\source\rte/sc_speed.h ****     TaskTypeArray* const onErrorTasks;
  96:.\source\rte/sc_speed.h **** 	
  97:.\source\rte/sc_speed.h **** 	
  98:.\source\rte/sc_speed.h **** 	/**
  99:.\source\rte/sc_speed.h **** 	 * Ressourse is active? We need an additional boolean as a ressource value 0 is valid.
 100:.\source\rte/sc_speed.h **** 	 */
 101:.\source\rte/sc_speed.h **** 	 boolean_t const resourceActive;
 102:.\source\rte/sc_speed.h **** 	 
 103:.\source\rte/sc_speed.h **** 	/**
 104:.\source\rte/sc_speed.h **** 	 * Ressourse 
 105:.\source\rte/sc_speed.h **** 	 */
 106:.\source\rte/sc_speed.h **** 	 ResourceType const resource;
 107:.\source\rte/sc_speed.h **** 
 108:.\source\rte/sc_speed.h **** };                                                                                                 
 109:.\source\rte/sc_speed.h **** typedef const struct SC_SPEED_cfg_s SC_SPEED_cfg_t;
 110:.\source\rte/sc_speed.h ****                               
 111:.\source\rte/sc_speed.h **** /**************************************************************************************************
 112:.\source\rte/sc_speed.h **** /* The data interface block																							*/
 113:.\source\rte/sc_speed.h **** /**************************************************************************************************
 114:.\source\rte/sc_speed.h **** 
 115:.\source\rte/sc_speed.h ****                                                                                                    
 116:.\source\rte/sc_speed.h **** 							  
 117:.\source\rte/sc_speed.h **** /**
 118:.\source\rte/sc_speed.h ****  * Instances of the struct SC_SPEED_t represent the signal objects.
 119:.\source\rte/sc_speed.h ****  * A signal object contains the current application value 'value' as well as relevant meta data.
 120:.\source\rte/sc_speed.h ****  */
 121:.\source\rte/sc_speed.h **** struct SC_SPEED_s
 122:.\source\rte/sc_speed.h **** {                                                                                                  
 123:.\source\rte/sc_speed.h **** 
 124:.\source\rte/sc_speed.h **** 	/**
 125:.\source\rte/sc_speed.h **** 	 * Data buffer for the application value
 126:.\source\rte/sc_speed.h **** 	 */
 127:.\source\rte/sc_speed.h ****     SC_SPEED_data_t value;
 128:.\source\rte/sc_speed.h **** 
 129:.\source\rte/sc_speed.h ****     /**
 130:.\source\rte/sc_speed.h ****      * Current signal status
 131:.\source\rte/sc_speed.h ****      */
 132:.\source\rte/sc_speed.h ****     RTE_signalStatus_t status;
 133:.\source\rte/sc_speed.h **** 
 134:.\source\rte/sc_speed.h ****     /**
 135:.\source\rte/sc_speed.h ****      * Current age of the signal (in calling cycles)
 136:.\source\rte/sc_speed.h ****      */
 137:.\source\rte/sc_speed.h ****     uint32_t age;
 138:.\source\rte/sc_speed.h **** 
 139:.\source\rte/sc_speed.h ****     /**
 140:.\source\rte/sc_speed.h ****      * Pointer to the signal configuration
 141:.\source\rte/sc_speed.h ****      */
 142:.\source\rte/sc_speed.h **** 	const SC_SPEED_cfg_t * const    pSigCfg;
ARM GAS  C:\Users\abhim\AppData\Local\Temp\ccei80q3.s 			page 5


 143:.\source\rte/sc_speed.h **** 
 144:.\source\rte/sc_speed.h **** };                                                                                                 
 145:.\source\rte/sc_speed.h **** typedef struct SC_SPEED_s SC_SPEED_t;
 146:.\source\rte/sc_speed.h **** 
 147:.\source\rte/sc_speed.h **** /**************************************************************************************************
 148:.\source\rte/sc_speed.h **** /* Signal initialisation   																							*/
 149:.\source\rte/sc_speed.h **** /**************************************************************************************************
 150:.\source\rte/sc_speed.h **** 
 151:.\source\rte/sc_speed.h **** /**
 152:.\source\rte/sc_speed.h ****  * Initializes a signal instance with a passed init value.
 153:.\source\rte/sc_speed.h ****  * Depending on the configured conversion or scaling function the raw_value will be calculated.
 154:.\source\rte/sc_speed.h ****  * Signal status will change from RTE_SIGNALSTATUS_STARTUP to RTE_SIGNALSTATUS_INITIALIZED.
 155:.\source\rte/sc_speed.h ****  *
 156:.\source\rte/sc_speed.h ****  * @param  SC_SPEED_t * const signal: Pointer to the signal object which will be initialised
 157:.\source\rte/sc_speed.h ****  * @return RC_t: standard return code, currently only RC_SUCCESS
 158:.\source\rte/sc_speed.h ****  *
 159:.\source\rte/sc_speed.h ****  **/
 160:.\source\rte/sc_speed.h **** inline RC_t RTE_SC_SPEED_init( SC_SPEED_t * const signal )
 161:.\source\rte/sc_speed.h **** {                                                                                                  
 162:.\source\rte/sc_speed.h **** 
 163:.\source\rte/sc_speed.h ****    RC_t ret = RC_SUCCESS;
 164:.\source\rte/sc_speed.h **** 
 165:.\source\rte/sc_speed.h ****    //Set value and raw value
 166:.\source\rte/sc_speed.h ****    signal->value  = SC_SPEED_INIT_DATA;
 167:.\source\rte/sc_speed.h ****    signal->age    = 0;
 168:.\source\rte/sc_speed.h ****    signal->status = RTE_SIGNALSTATUS_INITIALIZED;
 169:.\source\rte/sc_speed.h **** 
 170:.\source\rte/sc_speed.h ****    return ret;
 171:.\source\rte/sc_speed.h **** }
 172:.\source\rte/sc_speed.h **** 
 173:.\source\rte/sc_speed.h **** /**************************************************************************************************
 174:.\source\rte/sc_speed.h **** /* Status and timeout control																						*/
 175:.\source\rte/sc_speed.h **** /**************************************************************************************************
 176:.\source\rte/sc_speed.h **** 
 177:.\source\rte/sc_speed.h **** /**
 178:.\source\rte/sc_speed.h ****  *  Returns the current signal status of the passed signal instance.
 179:.\source\rte/sc_speed.h ****  *
 180:.\source\rte/sc_speed.h ****  * @param  SC_SPEED_t * const signal: Pointer to the signal object
 181:.\source\rte/sc_speed.h ****  * @return  sig_status_t: The current signal status
 182:.\source\rte/sc_speed.h ****  *
 183:.\source\rte/sc_speed.h ****  **/
 184:.\source\rte/sc_speed.h **** inline RTE_signalStatus_t RTE_SC_SPEED_getStatus( const SC_SPEED_t * const signal )
 185:.\source\rte/sc_speed.h **** {
 186:.\source\rte/sc_speed.h ****    return signal->status;
 187:.\source\rte/sc_speed.h **** }
 188:.\source\rte/sc_speed.h **** 
 189:.\source\rte/sc_speed.h **** 
 190:.\source\rte/sc_speed.h **** /**
 191:.\source\rte/sc_speed.h ****  *  Sets a new signal status of the passed signal instance by passing the new status.
 192:.\source\rte/sc_speed.h ****  *
 193:.\source\rte/sc_speed.h ****  * @param  SC_SPEED_t * const signal: Pointer to the signal object
 194:.\source\rte/sc_speed.h ****  * @param  const sig_status_t status: New signal status
 195:.\source\rte/sc_speed.h ****  * @return RC_t: standard return code, currently only RC_SUCCESS
 196:.\source\rte/sc_speed.h ****  *
 197:.\source\rte/sc_speed.h ****  */
 198:.\source\rte/sc_speed.h **** inline RC_t RTE_SC_SPEED_setStatus( SC_SPEED_t * const signal, const RTE_signalStatus_t status )
 199:.\source\rte/sc_speed.h **** {
ARM GAS  C:\Users\abhim\AppData\Local\Temp\ccei80q3.s 			page 6


 200:.\source\rte/sc_speed.h ****    signal->status = status;
 201:.\source\rte/sc_speed.h ****    size_t taskNum=0;
 202:.\source\rte/sc_speed.h ****    
 203:.\source\rte/sc_speed.h ****    //Fire error events in case of invalid state
 204:.\source\rte/sc_speed.h ****    if (signal->status == RTE_SIGNALSTATUS_INVALID)
 205:.\source\rte/sc_speed.h ****    {
 206:.\source\rte/sc_speed.h **** 	    //Pointer to the Taskarray, containing the tasks receiving the onUpdate events
 207:.\source\rte/sc_speed.h **** 		TaskTypeArray* pTaskArray = signal->pSigCfg->onErrorTasks;
 208:.\source\rte/sc_speed.h **** 
 209:.\source\rte/sc_speed.h **** 		if (0 != signal->pSigCfg->evOnError && NULL != pTaskArray){
 210:.\source\rte/sc_speed.h **** 			for( taskNum=0 ; taskNum < signal->pSigCfg->onErrorTaskCount ;taskNum++){
 211:.\source\rte/sc_speed.h **** 				TaskType task = (*pTaskArray)[taskNum];
 212:.\source\rte/sc_speed.h **** 				SetEvent( task, signal->pSigCfg->evOnError);
 213:.\source\rte/sc_speed.h **** 			}
 214:.\source\rte/sc_speed.h **** 		}
 215:.\source\rte/sc_speed.h ****    }
 216:.\source\rte/sc_speed.h ****    
 217:.\source\rte/sc_speed.h ****    return RC_SUCCESS;
 218:.\source\rte/sc_speed.h **** }
 219:.\source\rte/sc_speed.h **** 
 220:.\source\rte/sc_speed.h **** 
 221:.\source\rte/sc_speed.h **** /**
 222:.\source\rte/sc_speed.h ****  * Returns the count of refreshing trials (refresh, set or set_raw) that failed.
 223:.\source\rte/sc_speed.h ****  * Prerquisite: The signal is refreshed cyclically
 224:.\source\rte/sc_speed.h ****  *
 225:.\source\rte/sc_speed.h ****  * @param  SC_SPEED_t * const signal: Pointer to the signal object
 226:.\source\rte/sc_speed.h ****  * @return uint32_t: Number of cycles since the signal has been updated for the last time
 227:.\source\rte/sc_speed.h ****  */
 228:.\source\rte/sc_speed.h **** inline uint32_t RTE_SC_SPEED_getAge( const SC_SPEED_t * const signal )
 229:.\source\rte/sc_speed.h **** {
 230:.\source\rte/sc_speed.h ****    return signal->age;
 231:.\source\rte/sc_speed.h **** }
 232:.\source\rte/sc_speed.h **** 
 233:.\source\rte/sc_speed.h **** /**
 234:.\source\rte/sc_speed.h ****  * Should be called by application or driver if no new value can be provided.
 235:.\source\rte/sc_speed.h ****  * @param  SC_SPEED_t * const signal: Pointer to the signal object
 236:.\source\rte/sc_speed.h ****  * @param uint32_t increment: incrementvalue, typically in [ms]
 237:.\source\rte/sc_speed.h ****  * @return void
 238:.\source\rte/sc_speed.h ****  */
 239:.\source\rte/sc_speed.h **** inline void RTE_SC_SPEED_incAge(  SC_SPEED_t * const signal , uint32_t increment)
 240:.\source\rte/sc_speed.h **** {
 241:.\source\rte/sc_speed.h **** 	   //Hack....
 242:.\source\rte/sc_speed.h **** 	   if ( 0xFFFF0000 > (signal->age + increment) )
 243:.\source\rte/sc_speed.h **** 	   {
 244:.\source\rte/sc_speed.h **** 	      signal->age += increment;
 245:.\source\rte/sc_speed.h **** 	   }
 246:.\source\rte/sc_speed.h **** }
 247:.\source\rte/sc_speed.h **** 
 248:.\source\rte/sc_speed.h **** 
 249:.\source\rte/sc_speed.h **** /**************************************************************************************************
 250:.\source\rte/sc_speed.h **** /* Application Data read/write Interface																			*/
 251:.\source\rte/sc_speed.h **** /**************************************************************************************************
 252:.\source\rte/sc_speed.h **** 
 253:.\source\rte/sc_speed.h **** /**
 254:.\source\rte/sc_speed.h ****  * Returns the current application value as pointer to the signal payload.
 255:.\source\rte/sc_speed.h ****  * Careful: This is not threadsafe!!!
 256:.\source\rte/sc_speed.h ****  *
ARM GAS  C:\Users\abhim\AppData\Local\Temp\ccei80q3.s 			page 7


 257:.\source\rte/sc_speed.h ****  * @param  SC_SPEED_t * const signal: Pointer to the signal object
 258:.\source\rte/sc_speed.h ****  * @return sc_speed_data_t*: pointer to the current value of the application data buffer
 259:.\source\rte/sc_speed.h ****  *
 260:.\source\rte/sc_speed.h ****  **/
 261:.\source\rte/sc_speed.h **** inline SC_SPEED_data_t* RTE_SC_SPEED_getPtr( SC_SPEED_t * const signal )
 262:.\source\rte/sc_speed.h **** {               
 263:.\source\rte/sc_speed.h ****    //Todo: Critical region cannot be protected using return values																						
 264:.\source\rte/sc_speed.h ****    return &(signal->value);                                                                        
 265:.\source\rte/sc_speed.h **** }
 266:.\source\rte/sc_speed.h **** 
 267:.\source\rte/sc_speed.h **** /**
 268:.\source\rte/sc_speed.h ****  * Returns the current application value of the passed signal instance.
 269:.\source\rte/sc_speed.h ****  *
 270:.\source\rte/sc_speed.h ****  * @param  SC_SPEED_t * const signal: Pointer to the signal object
 271:.\source\rte/sc_speed.h ****  * @return sc_speed_data_t: current value of the application data buffer
 272:.\source\rte/sc_speed.h ****  *
 273:.\source\rte/sc_speed.h ****  **/
 274:.\source\rte/sc_speed.h **** inline SC_SPEED_data_t RTE_SC_SPEED_get( const SC_SPEED_t * const signal )
 275:.\source\rte/sc_speed.h **** {               
 276:.\source\rte/sc_speed.h ****    //Todo: Critical region cannot be protected using return values																						
 277:.\source\rte/sc_speed.h ****    return signal->value;                                                                           
  43              		.loc 2 277 0
  44 0002 124B     		ldr	r3, .L8
  45 0004 1968     		ldr	r1, [r3]
  46              	.LVL2:
  47              	.LBE10:
  48              	.LBE9:
  49              	.LBB11:
  50              	.LBB12:
 278:.\source\rte/sc_speed.h **** }                                                                                                  
 279:.\source\rte/sc_speed.h ****                                                                                                    
 280:.\source\rte/sc_speed.h **** /**
 281:.\source\rte/sc_speed.h ****  * Returns the current application value of the passed signal instance threadsafe.
 282:.\source\rte/sc_speed.h ****  *
 283:.\source\rte/sc_speed.h ****  * @param  SC_SPEED_t * const signal: Pointer to the signal object
 284:.\source\rte/sc_speed.h ****  * @param  SC_SPEED_data_t* data: Pointer to the return data Pointer to the signal object
 285:.\source\rte/sc_speed.h ****  * @return RC_SUCCESS
 286:.\source\rte/sc_speed.h ****  *
 287:.\source\rte/sc_speed.h ****  **/
 288:.\source\rte/sc_speed.h **** inline RC_t RTE_SC_SPEED_getThreadSafe( const SC_SPEED_t * const signal, SC_SPEED_data_t * const da
 289:.\source\rte/sc_speed.h **** {    
 290:.\source\rte/sc_speed.h ****    if (TRUE == signal->pSigCfg->resourceActive) GetResource(signal->pSigCfg->resource);
 291:.\source\rte/sc_speed.h ****    *data = signal->value;
 292:.\source\rte/sc_speed.h ****    if (TRUE == signal->pSigCfg->resourceActive) ReleaseResource(signal->pSigCfg->resource);        
 293:.\source\rte/sc_speed.h **** 
 294:.\source\rte/sc_speed.h ****    return RC_SUCCESS;                                                                   
 295:.\source\rte/sc_speed.h ****    
 296:.\source\rte/sc_speed.h **** }                                                                                                  
 297:.\source\rte/sc_speed.h ****                                                                                                    
 298:.\source\rte/sc_speed.h **** /**
 299:.\source\rte/sc_speed.h ****  * Sets a new application value to the passed signal instance by passing the new value.
 300:.\source\rte/sc_speed.h ****  * The corresponding driver raw value will be calculated immediately by using the default conversio
 301:.\source\rte/sc_speed.h ****  * signal specific scaling function.
 302:.\source\rte/sc_speed.h ****  * The signal age will be set to 0 and the new status will be 'RTE_SIGNALSTATUS_VALID'.
 303:.\source\rte/sc_speed.h ****  *
 304:.\source\rte/sc_speed.h ****  * @param  SC_SPEED_t * const signal: Pointer to the signal object
 305:.\source\rte/sc_speed.h ****  * @param  sc_speed_data_t const value: value for the application data buffer
ARM GAS  C:\Users\abhim\AppData\Local\Temp\ccei80q3.s 			page 8


 306:.\source\rte/sc_speed.h ****  * @return RC_t: standard return code, currently only RC_SUCCESS
 307:.\source\rte/sc_speed.h ****  *
 308:.\source\rte/sc_speed.h ****  **/
 309:.\source\rte/sc_speed.h **** inline RC_t RTE_SC_SPEED_set(SC_SPEED_t * const signal, const SC_SPEED_data_t value  )
 310:.\source\rte/sc_speed.h **** {
 311:.\source\rte/sc_speed.h **** 
 312:.\source\rte/sc_speed.h ****    RC_t ret = RC_SUCCESS;
 313:.\source\rte/sc_speed.h ****    size_t taskNum=0;
 314:.\source\rte/sc_speed.h **** 
 315:.\source\rte/sc_speed.h **** 
 316:.\source\rte/sc_speed.h ****    if (TRUE == signal->pSigCfg->resourceActive) GetResource(signal->pSigCfg->resource);
  51              		.loc 2 316 0
  52 0006 124B     		ldr	r3, .L8+4
  53 0008 DA68     		ldr	r2, [r3, #12]
 317:.\source\rte/sc_speed.h ****    signal->value  = value;
  54              		.loc 2 317 0
  55 000a 1960     		str	r1, [r3]
 318:.\source\rte/sc_speed.h ****    signal->age    = 0;
  56              		.loc 2 318 0
  57 000c 0021     		movs	r1, #0
  58 000e 9960     		str	r1, [r3, #8]
 319:.\source\rte/sc_speed.h ****    signal->status = RTE_SIGNALSTATUS_VALID;
  59              		.loc 2 319 0
  60 0010 0221     		movs	r1, #2
  61 0012 1971     		strb	r1, [r3, #4]
 320:.\source\rte/sc_speed.h ****    if (TRUE == signal->pSigCfg->resourceActive) ReleaseResource(signal->pSigCfg->resource);
 321:.\source\rte/sc_speed.h **** 
 322:.\source\rte/sc_speed.h ****    //Pointer to the Taskarray, containing the tasks receiving the onUpdate events
 323:.\source\rte/sc_speed.h ****    TaskTypeArray* pTaskArray = signal->pSigCfg->onUpdateTasks;
  62              		.loc 2 323 0
  63 0014 5569     		ldr	r5, [r2, #20]
  64              	.LVL3:
 324:.\source\rte/sc_speed.h **** 
 325:.\source\rte/sc_speed.h ****    if (0 != signal->pSigCfg->evOnUpdate && NULL != pTaskArray){
  65              		.loc 2 325 0
  66 0016 9368     		ldr	r3, [r2, #8]
  67 0018 73B1     		cbz	r3, .L2
  68 001a 3DB9     		cbnz	r5, .L6
  69 001c 0CE0     		b	.L2
  70              	.LVL4:
  71              	.L4:
  72              	.LBB13:
 326:.\source\rte/sc_speed.h ****       for( taskNum=0 ; taskNum < signal->pSigCfg->onUpdateTaskCount ;taskNum++){
 327:.\source\rte/sc_speed.h **** 		  
 328:.\source\rte/sc_speed.h ****           TaskType task = (*pTaskArray)[taskNum];
 329:.\source\rte/sc_speed.h **** 	      SetEvent( task, signal->pSigCfg->evOnUpdate);
  73              		.loc 2 329 0
  74 001e 9968     		ldr	r1, [r3, #8]
  75 0020 55F82400 		ldr	r0, [r5, r4, lsl #2]
  76 0024 FFF7FEFF 		bl	EE_oo_SetEvent
  77              	.LVL5:
  78              	.LBE13:
 326:.\source\rte/sc_speed.h ****       for( taskNum=0 ; taskNum < signal->pSigCfg->onUpdateTaskCount ;taskNum++){
  79              		.loc 2 326 0
  80 0028 0134     		adds	r4, r4, #1
  81              	.LVL6:
  82 002a 00E0     		b	.L3
ARM GAS  C:\Users\abhim\AppData\Local\Temp\ccei80q3.s 			page 9


  83              	.LVL7:
  84              	.L6:
 325:.\source\rte/sc_speed.h ****       for( taskNum=0 ; taskNum < signal->pSigCfg->onUpdateTaskCount ;taskNum++){
  85              		.loc 2 325 0
  86 002c 0024     		movs	r4, #0
  87              	.LVL8:
  88              	.L3:
 326:.\source\rte/sc_speed.h ****       for( taskNum=0 ; taskNum < signal->pSigCfg->onUpdateTaskCount ;taskNum++){
  89              		.loc 2 326 0
  90 002e 084B     		ldr	r3, .L8+4
  91 0030 DB68     		ldr	r3, [r3, #12]
  92 0032 1A69     		ldr	r2, [r3, #16]
  93 0034 9442     		cmp	r4, r2
  94 0036 F2D3     		bcc	.L4
  95              	.LVL9:
  96              	.L2:
  97              	.LBE12:
  98              	.LBE11:
  99              	.LBB14:
 100              	.LBB15:
 330:.\source\rte/sc_speed.h ****       }
 331:.\source\rte/sc_speed.h ****    }
 332:.\source\rte/sc_speed.h **** 
 333:.\source\rte/sc_speed.h ****    return ret;
 334:.\source\rte/sc_speed.h **** }                                                                                                  
 335:.\source\rte/sc_speed.h ****                                                                                                    
 336:.\source\rte/sc_speed.h ****                                                                                                    
 337:.\source\rte/sc_speed.h **** /**************************************************************************************************
 338:.\source\rte/sc_speed.h **** /* Call functions to the connected drivers																			*/
 339:.\source\rte/sc_speed.h **** /**************************************************************************************************
 340:.\source\rte/sc_speed.h **** 
 341:.\source\rte/sc_speed.h ****                                                                                                    
 342:.\source\rte/sc_speed.h **** /**
 343:.\source\rte/sc_speed.h ****  *  Calls the connected driver interface to get a new value.
 344:.\source\rte/sc_speed.h ****  *
 345:.\source\rte/sc_speed.h ****  * @param SC_SPEED_t * const signal: Pointer to the signal object
 346:.\source\rte/sc_speed.h ****  * @return  RC_t: Return value of the driver call
 347:.\source\rte/sc_speed.h ****  *
 348:.\source\rte/sc_speed.h ****  */
 349:.\source\rte/sc_speed.h **** inline RC_t RTE_SC_SPEED_pullPort( SC_SPEED_t * const signal )
 350:.\source\rte/sc_speed.h **** {                                                                                                  
 351:.\source\rte/sc_speed.h ****    RC_t ret = RC_SUCCESS;
 352:.\source\rte/sc_speed.h **** 
 353:.\source\rte/sc_speed.h ****                                                                                                    
 354:.\source\rte/sc_speed.h ****    if ( NULL != signal->pSigCfg->inDriver )
 355:.\source\rte/sc_speed.h ****    {
 356:.\source\rte/sc_speed.h **** 	  SC_SPEED_data_t value = signal->value;
 357:.\source\rte/sc_speed.h ****       ret = signal->pSigCfg->inDriver(&value);
 358:.\source\rte/sc_speed.h ****                                                                                                    
 359:.\source\rte/sc_speed.h ****       if ( ret == RC_SUCCESS )                                                                     
 360:.\source\rte/sc_speed.h ****       {
 361:.\source\rte/sc_speed.h ****     	  //Critical Section
 362:.\source\rte/sc_speed.h ****     	  RTE_SC_SPEED_set(signal, value);
 363:.\source\rte/sc_speed.h ****       }
 364:.\source\rte/sc_speed.h ****       else
 365:.\source\rte/sc_speed.h ****       {
 366:.\source\rte/sc_speed.h **** 		  //Signal is invalid. Error event (if present) will be fired
ARM GAS  C:\Users\abhim\AppData\Local\Temp\ccei80q3.s 			page 10


 367:.\source\rte/sc_speed.h **** 		  RTE_SC_SPEED_setStatus(signal, RTE_SIGNALSTATUS_INVALID);
 368:.\source\rte/sc_speed.h ****       }
 369:.\source\rte/sc_speed.h **** 
 370:.\source\rte/sc_speed.h ****    }                                                                                               
 371:.\source\rte/sc_speed.h ****                                                                                                    
 372:.\source\rte/sc_speed.h ****    return ret;                                                                                     
 373:.\source\rte/sc_speed.h **** }                                                                                                  
 374:.\source\rte/sc_speed.h ****                                                                                                    
 375:.\source\rte/sc_speed.h **** /**
 376:.\source\rte/sc_speed.h ****  *  Calls the connected driver interfaces to send a value. Value will not be sent if it is INVALID.
 377:.\source\rte/sc_speed.h ****  *
 378:.\source\rte/sc_speed.h ****  * @param SC_SPEED_t * const signal: Pointer to the signal object
 379:.\source\rte/sc_speed.h ****  * @return  RC_t: Return value of the driver call
 380:.\source\rte/sc_speed.h ****  *
 381:.\source\rte/sc_speed.h ****  **/
 382:.\source\rte/sc_speed.h **** inline RC_t RTE_SC_SPEED_pushPort( const SC_SPEED_t * const signal )
 383:.\source\rte/sc_speed.h **** {                                                                                                  
 384:.\source\rte/sc_speed.h ****    RC_t ret = RC_ERROR;
 385:.\source\rte/sc_speed.h **** 
 386:.\source\rte/sc_speed.h ****    if (RTE_SIGNALSTATUS_VALID == signal->status)
 101              		.loc 2 386 0
 102 0038 054B     		ldr	r3, .L8+4
 103 003a 1B79     		ldrb	r3, [r3, #4]	@ zero_extendqisi2
 104 003c 022B     		cmp	r3, #2
 105 003e 03D1     		bne	.L1
 387:.\source\rte/sc_speed.h ****    {
 388:.\source\rte/sc_speed.h **** 	   ret = signal->pSigCfg->outDriver(&(signal->value));
 106              		.loc 2 388 0
 107 0040 0348     		ldr	r0, .L8+4
 108 0042 C368     		ldr	r3, [r0, #12]
 109 0044 5B68     		ldr	r3, [r3, #4]
 110 0046 9847     		blx	r3
 111              	.LVL10:
 112              	.L1:
 113 0048 38BD     		pop	{r3, r4, r5, pc}
 114              	.L9:
 115 004a 00BF     		.align	2
 116              	.L8:
 117 004c 00000000 		.word	SO_SPEED_signal
 118 0050 00000000 		.word	SO_BRAKELIGHT_signal
 119              	.LBE15:
 120              	.LBE14:
 121              		.cfi_endproc
 122              	.LFE132:
 123              		.size	BRAKELIGHT_CONTROL_setBrakeLight_run, .-BRAKELIGHT_CONTROL_setBrakeLight_run
 124              		.text
 125              	.Letext0:
 126              		.file 3 "c:\\program files (x86)\\cypress\\psoc creator\\4.4\\psoc creator\\import\\gnu\\arm\\5.4.
 127              		.file 4 "c:\\program files (x86)\\cypress\\psoc creator\\4.4\\psoc creator\\import\\gnu\\arm\\5.4.
 128              		.file 5 "c:\\program files (x86)\\cypress\\psoc creator\\4.4\\psoc creator\\import\\gnu\\arm\\5.4.
 129              		.file 6 "Generated_Source\\PSoC5/ErikaOS_common_ee_types.inc"
 130              		.file 7 "Generated_Source\\PSoC5/ErikaOS_cortex_mx_ee_cpu.inc"
 131              		.file 8 "Generated_Source\\PSoC5/ErikaOS_ee_oo_common.inc"
 132              		.file 9 "source\\bsw\\global.h"
 133              		.file 10 ".\\source\\rte/rte_types.h"
 134              		.file 11 ".\\source\\rte/rte.h"
 135              		.file 12 ".\\source\\rte/sc_speed_type.h"
ARM GAS  C:\Users\abhim\AppData\Local\Temp\ccei80q3.s 			page 11


 136              		.file 13 "Generated_Source\\PSoC5/ErikaOS_ee_oo_intfunc.inc"
 137              		.file 14 "Generated_Source\\PSoC5/ErikaOS_cortex_mx_ee_context.inc"
 138              		.file 15 "Generated_Source\\PSoC5/ErikaOS_common_ee_primitives.inc"
 139              		.file 16 "Generated_Source\\PSoC5/core_cm3.h"
 140              		.file 17 ".\\source\\rte/sp_signalpool.h"
 141              		.file 18 "Generated_Source\\PSoC5/ErikaOS_ee_oo_kernel.inc"
 142              		.section	.debug_info,"",%progbits
 143              	.Ldebug_info0:
 144 0000 B8050000 		.4byte	0x5b8
 145 0004 0400     		.2byte	0x4
 146 0006 00000000 		.4byte	.Ldebug_abbrev0
 147 000a 04       		.byte	0x4
 148 000b 01       		.uleb128 0x1
 149 000c 00000000 		.4byte	.LASF99
 150 0010 0C       		.byte	0xc
 151 0011 62030000 		.4byte	.LASF100
 152 0015 04050000 		.4byte	.LASF101
 153 0019 00000000 		.4byte	.Ldebug_ranges0+0
 154 001d 00000000 		.4byte	0
 155 0021 00000000 		.4byte	.Ldebug_line0
 156 0025 02       		.uleb128 0x2
 157 0026 01       		.byte	0x1
 158 0027 06       		.byte	0x6
 159 0028 A5030000 		.4byte	.LASF0
 160 002c 02       		.uleb128 0x2
 161 002d 01       		.byte	0x1
 162 002e 08       		.byte	0x8
 163 002f 97030000 		.4byte	.LASF1
 164 0033 02       		.uleb128 0x2
 165 0034 02       		.byte	0x2
 166 0035 05       		.byte	0x5
 167 0036 03010000 		.4byte	.LASF2
 168 003a 02       		.uleb128 0x2
 169 003b 02       		.byte	0x2
 170 003c 07       		.byte	0x7
 171 003d 9B040000 		.4byte	.LASF3
 172 0041 03       		.uleb128 0x3
 173 0042 95050000 		.4byte	.LASF5
 174 0046 03       		.byte	0x3
 175 0047 3F       		.byte	0x3f
 176 0048 4C000000 		.4byte	0x4c
 177 004c 02       		.uleb128 0x2
 178 004d 04       		.byte	0x4
 179 004e 05       		.byte	0x5
 180 004f CB020000 		.4byte	.LASF4
 181 0053 03       		.uleb128 0x3
 182 0054 72010000 		.4byte	.LASF6
 183 0058 03       		.byte	0x3
 184 0059 41       		.byte	0x41
 185 005a 5E000000 		.4byte	0x5e
 186 005e 02       		.uleb128 0x2
 187 005f 04       		.byte	0x4
 188 0060 07       		.byte	0x7
 189 0061 EC030000 		.4byte	.LASF7
 190 0065 02       		.uleb128 0x2
 191 0066 08       		.byte	0x8
 192 0067 05       		.byte	0x5
ARM GAS  C:\Users\abhim\AppData\Local\Temp\ccei80q3.s 			page 12


 193 0068 6D020000 		.4byte	.LASF8
 194 006c 02       		.uleb128 0x2
 195 006d 08       		.byte	0x8
 196 006e 07       		.byte	0x7
 197 006f B1030000 		.4byte	.LASF9
 198 0073 04       		.uleb128 0x4
 199 0074 04       		.byte	0x4
 200 0075 05       		.byte	0x5
 201 0076 696E7400 		.ascii	"int\000"
 202 007a 02       		.uleb128 0x2
 203 007b 04       		.byte	0x4
 204 007c 07       		.byte	0x7
 205 007d D1030000 		.4byte	.LASF10
 206 0081 03       		.uleb128 0x3
 207 0082 89040000 		.4byte	.LASF11
 208 0086 04       		.byte	0x4
 209 0087 2C       		.byte	0x2c
 210 0088 41000000 		.4byte	0x41
 211 008c 03       		.uleb128 0x3
 212 008d C8030000 		.4byte	.LASF12
 213 0091 04       		.byte	0x4
 214 0092 30       		.byte	0x30
 215 0093 53000000 		.4byte	0x53
 216 0097 02       		.uleb128 0x2
 217 0098 04       		.byte	0x4
 218 0099 04       		.byte	0x4
 219 009a 3E020000 		.4byte	.LASF13
 220 009e 02       		.uleb128 0x2
 221 009f 08       		.byte	0x8
 222 00a0 04       		.byte	0x4
 223 00a1 F2050000 		.4byte	.LASF14
 224 00a5 02       		.uleb128 0x2
 225 00a6 01       		.byte	0x1
 226 00a7 08       		.byte	0x8
 227 00a8 EA000000 		.4byte	.LASF15
 228 00ac 03       		.uleb128 0x3
 229 00ad 0D010000 		.4byte	.LASF16
 230 00b1 05       		.byte	0x5
 231 00b2 D8       		.byte	0xd8
 232 00b3 7A000000 		.4byte	0x7a
 233 00b7 02       		.uleb128 0x2
 234 00b8 08       		.byte	0x8
 235 00b9 04       		.byte	0x4
 236 00ba 56030000 		.4byte	.LASF17
 237 00be 03       		.uleb128 0x3
 238 00bf 22040000 		.4byte	.LASF18
 239 00c3 06       		.byte	0x6
 240 00c4 53       		.byte	0x53
 241 00c5 73000000 		.4byte	0x73
 242 00c9 03       		.uleb128 0x3
 243 00ca 7D010000 		.4byte	.LASF19
 244 00ce 06       		.byte	0x6
 245 00cf 54       		.byte	0x54
 246 00d0 7A000000 		.4byte	0x7a
 247 00d4 03       		.uleb128 0x3
 248 00d5 7C050000 		.4byte	.LASF20
 249 00d9 07       		.byte	0x7
ARM GAS  C:\Users\abhim\AppData\Local\Temp\ccei80q3.s 			page 13


 250 00da 4D       		.byte	0x4d
 251 00db C9000000 		.4byte	0xc9
 252 00df 03       		.uleb128 0x3
 253 00e0 56010000 		.4byte	.LASF21
 254 00e4 07       		.byte	0x7
 255 00e5 4F       		.byte	0x4f
 256 00e6 C9000000 		.4byte	0xc9
 257 00ea 03       		.uleb128 0x3
 258 00eb 87010000 		.4byte	.LASF22
 259 00ef 07       		.byte	0x7
 260 00f0 78       		.byte	0x78
 261 00f1 BE000000 		.4byte	0xbe
 262 00f5 05       		.uleb128 0x5
 263 00f6 8E030000 		.4byte	.LASF23
 264 00fa 08       		.byte	0x8
 265 00fb F701     		.2byte	0x1f7
 266 00fd EA000000 		.4byte	0xea
 267 0101 05       		.uleb128 0x5
 268 0102 8E000000 		.4byte	.LASF24
 269 0106 08       		.byte	0x8
 270 0107 2C02     		.2byte	0x22c
 271 0109 D4000000 		.4byte	0xd4
 272 010d 02       		.uleb128 0x2
 273 010e 04       		.byte	0x4
 274 010f 07       		.byte	0x7
 275 0110 29010000 		.4byte	.LASF25
 276 0114 03       		.uleb128 0x3
 277 0115 30030000 		.4byte	.LASF26
 278 0119 09       		.byte	0x9
 279 011a 9C       		.byte	0x9c
 280 011b 2C000000 		.4byte	0x2c
 281 011f 06       		.uleb128 0x6
 282 0120 01       		.byte	0x1
 283 0121 25000000 		.4byte	0x25
 284 0125 09       		.byte	0x9
 285 0126 CF       		.byte	0xcf
 286 0127 C8010000 		.4byte	0x1c8
 287 012b 07       		.uleb128 0x7
 288 012c C0000000 		.4byte	.LASF27
 289 0130 00       		.byte	0
 290 0131 08       		.uleb128 0x8
 291 0132 35060000 		.4byte	.LASF28
 292 0136 7F       		.sleb128 -1
 293 0137 08       		.uleb128 0x8
 294 0138 FE030000 		.4byte	.LASF29
 295 013c 7E       		.sleb128 -2
 296 013d 08       		.uleb128 0x8
 297 013e 48010000 		.4byte	.LASF30
 298 0142 7D       		.sleb128 -3
 299 0143 08       		.uleb128 0x8
 300 0144 3E060000 		.4byte	.LASF31
 301 0148 7C       		.sleb128 -4
 302 0149 08       		.uleb128 0x8
 303 014a 2F020000 		.4byte	.LASF32
 304 014e 7B       		.sleb128 -5
 305 014f 08       		.uleb128 0x8
 306 0150 84050000 		.4byte	.LASF33
ARM GAS  C:\Users\abhim\AppData\Local\Temp\ccei80q3.s 			page 14


 307 0154 7A       		.sleb128 -6
 308 0155 08       		.uleb128 0x8
 309 0156 D4020000 		.4byte	.LASF34
 310 015a 79       		.sleb128 -7
 311 015b 08       		.uleb128 0x8
 312 015c 74040000 		.4byte	.LASF35
 313 0160 78       		.sleb128 -8
 314 0161 08       		.uleb128 0x8
 315 0162 0C040000 		.4byte	.LASF36
 316 0166 77       		.sleb128 -9
 317 0167 08       		.uleb128 0x8
 318 0168 E6020000 		.4byte	.LASF37
 319 016c 76       		.sleb128 -10
 320 016d 08       		.uleb128 0x8
 321 016e BB060000 		.4byte	.LASF38
 322 0172 75       		.sleb128 -11
 323 0173 08       		.uleb128 0x8
 324 0174 DE030000 		.4byte	.LASF39
 325 0178 74       		.sleb128 -12
 326 0179 08       		.uleb128 0x8
 327 017a 6A050000 		.4byte	.LASF40
 328 017e 73       		.sleb128 -13
 329 017f 08       		.uleb128 0x8
 330 0180 AD000000 		.4byte	.LASF41
 331 0184 72       		.sleb128 -14
 332 0185 08       		.uleb128 0x8
 333 0186 EF000000 		.4byte	.LASF42
 334 018a 71       		.sleb128 -15
 335 018b 08       		.uleb128 0x8
 336 018c 0D030000 		.4byte	.LASF43
 337 0190 70       		.sleb128 -16
 338 0191 08       		.uleb128 0x8
 339 0192 5E010000 		.4byte	.LASF44
 340 0196 6F       		.sleb128 -17
 341 0197 08       		.uleb128 0x8
 342 0198 14010000 		.4byte	.LASF45
 343 019c 6E       		.sleb128 -18
 344 019d 08       		.uleb128 0x8
 345 019e 94020000 		.4byte	.LASF46
 346 01a2 6D       		.sleb128 -19
 347 01a3 08       		.uleb128 0x8
 348 01a4 AE040000 		.4byte	.LASF47
 349 01a8 6C       		.sleb128 -20
 350 01a9 08       		.uleb128 0x8
 351 01aa 1E030000 		.4byte	.LASF48
 352 01ae 6B       		.sleb128 -21
 353 01af 08       		.uleb128 0x8
 354 01b0 C8050000 		.4byte	.LASF49
 355 01b4 6A       		.sleb128 -22
 356 01b5 08       		.uleb128 0x8
 357 01b6 BA010000 		.4byte	.LASF50
 358 01ba 69       		.sleb128 -23
 359 01bb 08       		.uleb128 0x8
 360 01bc A7020000 		.4byte	.LASF51
 361 01c0 68       		.sleb128 -24
 362 01c1 08       		.uleb128 0x8
 363 01c2 54020000 		.4byte	.LASF52
ARM GAS  C:\Users\abhim\AppData\Local\Temp\ccei80q3.s 			page 15


 364 01c6 67       		.sleb128 -25
 365 01c7 00       		.byte	0
 366 01c8 03       		.uleb128 0x3
 367 01c9 99060000 		.4byte	.LASF53
 368 01cd 09       		.byte	0x9
 369 01ce EA       		.byte	0xea
 370 01cf 1F010000 		.4byte	0x11f
 371 01d3 03       		.uleb128 0x3
 372 01d4 66060000 		.4byte	.LASF54
 373 01d8 0A       		.byte	0xa
 374 01d9 19       		.byte	0x19
 375 01da DE010000 		.4byte	0x1de
 376 01de 09       		.uleb128 0x9
 377 01df F5000000 		.4byte	0xf5
 378 01e3 E9010000 		.4byte	0x1e9
 379 01e7 0A       		.uleb128 0xa
 380 01e8 00       		.byte	0
 381 01e9 03       		.uleb128 0x3
 382 01ea 9F050000 		.4byte	.LASF55
 383 01ee 0A       		.byte	0xa
 384 01ef 21       		.byte	0x21
 385 01f0 01010000 		.4byte	0x101
 386 01f4 03       		.uleb128 0x3
 387 01f5 E5050000 		.4byte	.LASF56
 388 01f9 0A       		.byte	0xa
 389 01fa 2D       		.byte	0x2d
 390 01fb 8C000000 		.4byte	0x8c
 391 01ff 06       		.uleb128 0x6
 392 0200 01       		.byte	0x1
 393 0201 2C000000 		.4byte	0x2c
 394 0205 0B       		.byte	0xb
 395 0206 59       		.byte	0x59
 396 0207 24020000 		.4byte	0x224
 397 020b 07       		.uleb128 0x7
 398 020c F4020000 		.4byte	.LASF57
 399 0210 00       		.byte	0
 400 0211 07       		.uleb128 0x7
 401 0212 9E060000 		.4byte	.LASF58
 402 0216 01       		.byte	0x1
 403 0217 07       		.uleb128 0x7
 404 0218 F9050000 		.4byte	.LASF59
 405 021c 02       		.byte	0x2
 406 021d 07       		.uleb128 0x7
 407 021e 5B040000 		.4byte	.LASF60
 408 0222 03       		.byte	0x3
 409 0223 00       		.byte	0
 410 0224 03       		.uleb128 0x3
 411 0225 B8020000 		.4byte	.LASF61
 412 0229 0B       		.byte	0xb
 413 022a 5E       		.byte	0x5e
 414 022b FF010000 		.4byte	0x1ff
 415 022f 0B       		.uleb128 0xb
 416 0230 04       		.byte	0x4
 417 0231 0C       		.byte	0xc
 418 0232 21       		.byte	0x21
 419 0233 44020000 		.4byte	0x244
 420 0237 0C       		.uleb128 0xc
ARM GAS  C:\Users\abhim\AppData\Local\Temp\ccei80q3.s 			page 16


 421 0238 0D020000 		.4byte	.LASF65
 422 023c 0C       		.byte	0xc
 423 023d 23       		.byte	0x23
 424 023e 8C000000 		.4byte	0x8c
 425 0242 00       		.byte	0
 426 0243 00       		.byte	0
 427 0244 03       		.uleb128 0x3
 428 0245 AA010000 		.4byte	.LASF62
 429 0249 0C       		.byte	0xc
 430 024a 26       		.byte	0x26
 431 024b 2F020000 		.4byte	0x22f
 432 024f 03       		.uleb128 0x3
 433 0250 A9050000 		.4byte	.LASF63
 434 0254 02       		.byte	0x2
 435 0255 26       		.byte	0x26
 436 0256 5A020000 		.4byte	0x25a
 437 025a 0D       		.uleb128 0xd
 438 025b 04       		.byte	0x4
 439 025c 60020000 		.4byte	0x260
 440 0260 0E       		.uleb128 0xe
 441 0261 C8010000 		.4byte	0x1c8
 442 0265 6F020000 		.4byte	0x26f
 443 0269 0F       		.uleb128 0xf
 444 026a 75020000 		.4byte	0x275
 445 026e 00       		.byte	0
 446 026f 0D       		.uleb128 0xd
 447 0270 04       		.byte	0x4
 448 0271 44020000 		.4byte	0x244
 449 0275 10       		.uleb128 0x10
 450 0276 6F020000 		.4byte	0x26f
 451 027a 03       		.uleb128 0x3
 452 027b CB000000 		.4byte	.LASF64
 453 027f 02       		.byte	0x2
 454 0280 2C       		.byte	0x2c
 455 0281 85020000 		.4byte	0x285
 456 0285 0D       		.uleb128 0xd
 457 0286 04       		.byte	0x4
 458 0287 8B020000 		.4byte	0x28b
 459 028b 0E       		.uleb128 0xe
 460 028c C8010000 		.4byte	0x1c8
 461 0290 9A020000 		.4byte	0x29a
 462 0294 0F       		.uleb128 0xf
 463 0295 A5020000 		.4byte	0x2a5
 464 0299 00       		.byte	0
 465 029a 0D       		.uleb128 0xd
 466 029b 04       		.byte	0x4
 467 029c A0020000 		.4byte	0x2a0
 468 02a0 10       		.uleb128 0x10
 469 02a1 44020000 		.4byte	0x244
 470 02a5 10       		.uleb128 0x10
 471 02a6 9A020000 		.4byte	0x29a
 472 02aa 11       		.uleb128 0x11
 473 02ab D1010000 		.4byte	.LASF77
 474 02af 28       		.byte	0x28
 475 02b0 02       		.byte	0x2
 476 02b1 36       		.byte	0x36
 477 02b2 2F030000 		.4byte	0x32f
ARM GAS  C:\Users\abhim\AppData\Local\Temp\ccei80q3.s 			page 17


 478 02b6 0C       		.uleb128 0xc
 479 02b7 1F060000 		.4byte	.LASF66
 480 02bb 02       		.byte	0x2
 481 02bc 3B       		.byte	0x3b
 482 02bd 2F030000 		.4byte	0x32f
 483 02c1 00       		.byte	0
 484 02c2 0C       		.uleb128 0xc
 485 02c3 91040000 		.4byte	.LASF67
 486 02c7 02       		.byte	0x2
 487 02c8 40       		.byte	0x40
 488 02c9 34030000 		.4byte	0x334
 489 02cd 04       		.byte	0x4
 490 02ce 0C       		.uleb128 0xc
 491 02cf 33040000 		.4byte	.LASF68
 492 02d3 02       		.byte	0x2
 493 02d4 45       		.byte	0x45
 494 02d5 39030000 		.4byte	0x339
 495 02d9 08       		.byte	0x8
 496 02da 0C       		.uleb128 0xc
 497 02db E0000000 		.4byte	.LASF69
 498 02df 02       		.byte	0x2
 499 02e0 4B       		.byte	0x4b
 500 02e1 39030000 		.4byte	0x339
 501 02e5 0C       		.byte	0xc
 502 02e6 0C       		.uleb128 0xc
 503 02e7 CE040000 		.4byte	.LASF70
 504 02eb 02       		.byte	0x2
 505 02ec 50       		.byte	0x50
 506 02ed 3E030000 		.4byte	0x33e
 507 02f1 10       		.byte	0x10
 508 02f2 0C       		.uleb128 0xc
 509 02f3 47050000 		.4byte	.LASF71
 510 02f7 02       		.byte	0x2
 511 02f8 55       		.byte	0x55
 512 02f9 49030000 		.4byte	0x349
 513 02fd 14       		.byte	0x14
 514 02fe 0C       		.uleb128 0xc
 515 02ff 9C000000 		.4byte	.LASF72
 516 0303 02       		.byte	0x2
 517 0304 5A       		.byte	0x5a
 518 0305 3E030000 		.4byte	0x33e
 519 0309 18       		.byte	0x18
 520 030a 0C       		.uleb128 0xc
 521 030b C1040000 		.4byte	.LASF73
 522 030f 02       		.byte	0x2
 523 0310 5F       		.byte	0x5f
 524 0311 49030000 		.4byte	0x349
 525 0315 1C       		.byte	0x1c
 526 0316 0C       		.uleb128 0xc
 527 0317 45040000 		.4byte	.LASF74
 528 031b 02       		.byte	0x2
 529 031c 65       		.byte	0x65
 530 031d 4E030000 		.4byte	0x34e
 531 0321 20       		.byte	0x20
 532 0322 0C       		.uleb128 0xc
 533 0323 EF010000 		.4byte	.LASF75
 534 0327 02       		.byte	0x2
ARM GAS  C:\Users\abhim\AppData\Local\Temp\ccei80q3.s 			page 18


 535 0328 6A       		.byte	0x6a
 536 0329 53030000 		.4byte	0x353
 537 032d 24       		.byte	0x24
 538 032e 00       		.byte	0
 539 032f 10       		.uleb128 0x10
 540 0330 4F020000 		.4byte	0x24f
 541 0334 10       		.uleb128 0x10
 542 0335 7A020000 		.4byte	0x27a
 543 0339 10       		.uleb128 0x10
 544 033a 01010000 		.4byte	0x101
 545 033e 10       		.uleb128 0x10
 546 033f AC000000 		.4byte	0xac
 547 0343 0D       		.uleb128 0xd
 548 0344 04       		.byte	0x4
 549 0345 D3010000 		.4byte	0x1d3
 550 0349 10       		.uleb128 0x10
 551 034a 43030000 		.4byte	0x343
 552 034e 10       		.uleb128 0x10
 553 034f 14010000 		.4byte	0x114
 554 0353 10       		.uleb128 0x10
 555 0354 F4010000 		.4byte	0x1f4
 556 0358 03       		.uleb128 0x3
 557 0359 E0010000 		.4byte	.LASF76
 558 035d 02       		.byte	0x2
 559 035e 6D       		.byte	0x6d
 560 035f 63030000 		.4byte	0x363
 561 0363 10       		.uleb128 0x10
 562 0364 AA020000 		.4byte	0x2aa
 563 0368 11       		.uleb128 0x11
 564 0369 BD050000 		.4byte	.LASF78
 565 036d 10       		.byte	0x10
 566 036e 02       		.byte	0x2
 567 036f 79       		.byte	0x79
 568 0370 A5030000 		.4byte	0x3a5
 569 0374 0C       		.uleb128 0xc
 570 0375 8E010000 		.4byte	.LASF79
 571 0379 02       		.byte	0x2
 572 037a 7F       		.byte	0x7f
 573 037b 44020000 		.4byte	0x244
 574 037f 00       		.byte	0
 575 0380 0C       		.uleb128 0xc
 576 0381 3E040000 		.4byte	.LASF80
 577 0385 02       		.byte	0x2
 578 0386 84       		.byte	0x84
 579 0387 24020000 		.4byte	0x224
 580 038b 04       		.byte	0x4
 581 038c 12       		.uleb128 0x12
 582 038d 61676500 		.ascii	"age\000"
 583 0391 02       		.byte	0x2
 584 0392 89       		.byte	0x89
 585 0393 8C000000 		.4byte	0x8c
 586 0397 08       		.byte	0x8
 587 0398 0C       		.uleb128 0xc
 588 0399 2B040000 		.4byte	.LASF81
 589 039d 02       		.byte	0x2
 590 039e 8E       		.byte	0x8e
 591 039f AB030000 		.4byte	0x3ab
ARM GAS  C:\Users\abhim\AppData\Local\Temp\ccei80q3.s 			page 19


 592 03a3 0C       		.byte	0xc
 593 03a4 00       		.byte	0
 594 03a5 0D       		.uleb128 0xd
 595 03a6 04       		.byte	0x4
 596 03a7 58030000 		.4byte	0x358
 597 03ab 10       		.uleb128 0x10
 598 03ac A5030000 		.4byte	0x3a5
 599 03b0 03       		.uleb128 0x3
 600 03b1 DA050000 		.4byte	.LASF82
 601 03b5 02       		.byte	0x2
 602 03b6 91       		.byte	0x91
 603 03b7 68030000 		.4byte	0x368
 604 03bb 13       		.uleb128 0x13
 605 03bc F3040000 		.4byte	.LASF87
 606 03c0 02       		.byte	0x2
 607 03c1 3501     		.2byte	0x135
 608 03c3 C8010000 		.4byte	0x1c8
 609 03c7 03       		.byte	0x3
 610 03c8 17040000 		.4byte	0x417
 611 03cc 14       		.uleb128 0x14
 612 03cd 54040000 		.4byte	.LASF83
 613 03d1 02       		.byte	0x2
 614 03d2 3501     		.2byte	0x135
 615 03d4 1D040000 		.4byte	0x41d
 616 03d8 14       		.uleb128 0x14
 617 03d9 8E010000 		.4byte	.LASF79
 618 03dd 02       		.byte	0x2
 619 03de 3501     		.2byte	0x135
 620 03e0 A0020000 		.4byte	0x2a0
 621 03e4 15       		.uleb128 0x15
 622 03e5 72657400 		.ascii	"ret\000"
 623 03e9 02       		.byte	0x2
 624 03ea 3801     		.2byte	0x138
 625 03ec C8010000 		.4byte	0x1c8
 626 03f0 16       		.uleb128 0x16
 627 03f1 86030000 		.4byte	.LASF84
 628 03f5 02       		.byte	0x2
 629 03f6 3901     		.2byte	0x139
 630 03f8 AC000000 		.4byte	0xac
 631 03fc 16       		.uleb128 0x16
 632 03fd 4B030000 		.4byte	.LASF85
 633 0401 02       		.byte	0x2
 634 0402 4301     		.2byte	0x143
 635 0404 43030000 		.4byte	0x343
 636 0408 17       		.uleb128 0x17
 637 0409 16       		.uleb128 0x16
 638 040a 32010000 		.4byte	.LASF86
 639 040e 02       		.byte	0x2
 640 040f 4801     		.2byte	0x148
 641 0411 F5000000 		.4byte	0xf5
 642 0415 00       		.byte	0
 643 0416 00       		.byte	0
 644 0417 0D       		.uleb128 0xd
 645 0418 04       		.byte	0x4
 646 0419 B0030000 		.4byte	0x3b0
 647 041d 10       		.uleb128 0x10
 648 041e 17040000 		.4byte	0x417
ARM GAS  C:\Users\abhim\AppData\Local\Temp\ccei80q3.s 			page 20


 649 0422 13       		.uleb128 0x13
 650 0423 37010000 		.4byte	.LASF88
 651 0427 02       		.byte	0x2
 652 0428 1201     		.2byte	0x112
 653 042a 44020000 		.4byte	0x244
 654 042e 03       		.byte	0x3
 655 042f 40040000 		.4byte	0x440
 656 0433 14       		.uleb128 0x14
 657 0434 54040000 		.4byte	.LASF83
 658 0438 02       		.byte	0x2
 659 0439 1201     		.2byte	0x112
 660 043b 4B040000 		.4byte	0x44b
 661 043f 00       		.byte	0
 662 0440 0D       		.uleb128 0xd
 663 0441 04       		.byte	0x4
 664 0442 46040000 		.4byte	0x446
 665 0446 10       		.uleb128 0x10
 666 0447 B0030000 		.4byte	0x3b0
 667 044b 10       		.uleb128 0x10
 668 044c 40040000 		.4byte	0x440
 669 0450 13       		.uleb128 0x13
 670 0451 94010000 		.4byte	.LASF89
 671 0455 02       		.byte	0x2
 672 0456 7E01     		.2byte	0x17e
 673 0458 C8010000 		.4byte	0x1c8
 674 045c 03       		.byte	0x3
 675 045d 7A040000 		.4byte	0x47a
 676 0461 14       		.uleb128 0x14
 677 0462 54040000 		.4byte	.LASF83
 678 0466 02       		.byte	0x2
 679 0467 7E01     		.2byte	0x17e
 680 0469 4B040000 		.4byte	0x44b
 681 046d 15       		.uleb128 0x15
 682 046e 72657400 		.ascii	"ret\000"
 683 0472 02       		.byte	0x2
 684 0473 8001     		.2byte	0x180
 685 0475 C8010000 		.4byte	0x1c8
 686 0479 00       		.byte	0
 687 047a 18       		.uleb128 0x18
 688 047b 74060000 		.4byte	.LASF102
 689 047f 01       		.byte	0x1
 690 0480 2C       		.byte	0x2c
 691 0481 00000000 		.4byte	.LFB132
 692 0485 54000000 		.4byte	.LFE132-.LFB132
 693 0489 01       		.uleb128 0x1
 694 048a 9C       		.byte	0x9c
 695 048b 51050000 		.4byte	0x551
 696 048f 19       		.uleb128 0x19
 697 0490 657600   		.ascii	"ev\000"
 698 0493 01       		.byte	0x1
 699 0494 2C       		.byte	0x2c
 700 0495 E9010000 		.4byte	0x1e9
 701 0499 00000000 		.4byte	.LLST0
 702 049d 1A       		.uleb128 0x1a
 703 049e 3A030000 		.4byte	.LASF90
 704 04a2 01       		.byte	0x1
 705 04a3 2F       		.byte	0x2f
ARM GAS  C:\Users\abhim\AppData\Local\Temp\ccei80q3.s 			page 21


 706 04a4 44020000 		.4byte	0x244
 707 04a8 1B       		.uleb128 0x1b
 708 04a9 72657300 		.ascii	"res\000"
 709 04ad 01       		.byte	0x1
 710 04ae 31       		.byte	0x31
 711 04af C8010000 		.4byte	0x1c8
 712 04b3 1C       		.uleb128 0x1c
 713 04b4 22040000 		.4byte	0x422
 714 04b8 02000000 		.4byte	.LBB9
 715 04bc 04000000 		.4byte	.LBE9-.LBB9
 716 04c0 01       		.byte	0x1
 717 04c1 30       		.byte	0x30
 718 04c2 CC040000 		.4byte	0x4cc
 719 04c6 1D       		.uleb128 0x1d
 720 04c7 33040000 		.4byte	0x433
 721 04cb 00       		.byte	0
 722 04cc 1C       		.uleb128 0x1c
 723 04cd BB030000 		.4byte	0x3bb
 724 04d1 06000000 		.4byte	.LBB11
 725 04d5 32000000 		.4byte	.LBE11-.LBB11
 726 04d9 01       		.byte	0x1
 727 04da 31       		.byte	0x31
 728 04db 28050000 		.4byte	0x528
 729 04df 1D       		.uleb128 0x1d
 730 04e0 D8030000 		.4byte	0x3d8
 731 04e4 1D       		.uleb128 0x1d
 732 04e5 CC030000 		.4byte	0x3cc
 733 04e9 1E       		.uleb128 0x1e
 734 04ea 06000000 		.4byte	.LBB12
 735 04ee 32000000 		.4byte	.LBE12-.LBB12
 736 04f2 1F       		.uleb128 0x1f
 737 04f3 E4030000 		.4byte	0x3e4
 738 04f7 00       		.byte	0
 739 04f8 20       		.uleb128 0x20
 740 04f9 F0030000 		.4byte	0x3f0
 741 04fd 3A000000 		.4byte	.LLST1
 742 0501 20       		.uleb128 0x20
 743 0502 FC030000 		.4byte	0x3fc
 744 0506 70000000 		.4byte	.LLST2
 745 050a 1E       		.uleb128 0x1e
 746 050b 1E000000 		.4byte	.LBB13
 747 050f 0A000000 		.4byte	.LBE13-.LBB13
 748 0513 20       		.uleb128 0x20
 749 0514 09040000 		.4byte	0x409
 750 0518 83000000 		.4byte	.LLST3
 751 051c 21       		.uleb128 0x21
 752 051d 28000000 		.4byte	.LVL5
 753 0521 AF050000 		.4byte	0x5af
 754 0525 00       		.byte	0
 755 0526 00       		.byte	0
 756 0527 00       		.byte	0
 757 0528 22       		.uleb128 0x22
 758 0529 50040000 		.4byte	0x450
 759 052d 38000000 		.4byte	.LBB14
 760 0531 1C000000 		.4byte	.LBE14-.LBB14
 761 0535 01       		.byte	0x1
 762 0536 33       		.byte	0x33
ARM GAS  C:\Users\abhim\AppData\Local\Temp\ccei80q3.s 			page 22


 763 0537 1D       		.uleb128 0x1d
 764 0538 61040000 		.4byte	0x461
 765 053c 1E       		.uleb128 0x1e
 766 053d 38000000 		.4byte	.LBB15
 767 0541 1C000000 		.4byte	.LBE15-.LBB15
 768 0545 20       		.uleb128 0x20
 769 0546 6D040000 		.4byte	0x46d
 770 054a 9C000000 		.4byte	.LLST4
 771 054e 00       		.byte	0
 772 054f 00       		.byte	0
 773 0550 00       		.byte	0
 774 0551 23       		.uleb128 0x23
 775 0552 4E060000 		.4byte	.LASF91
 776 0556 0D       		.byte	0xd
 777 0557 40       		.byte	0x40
 778 0558 D4000000 		.4byte	0xd4
 779 055c 23       		.uleb128 0x23
 780 055d 7B020000 		.4byte	.LASF92
 781 0561 0D       		.byte	0xd
 782 0562 47       		.byte	0x47
 783 0563 DF000000 		.4byte	0xdf
 784 0567 23       		.uleb128 0x23
 785 0568 E0040000 		.4byte	.LASF93
 786 056c 0D       		.byte	0xd
 787 056d 4A       		.byte	0x4a
 788 056e D4000000 		.4byte	0xd4
 789 0572 23       		.uleb128 0x23
 790 0573 16020000 		.4byte	.LASF94
 791 0577 0E       		.byte	0xe
 792 0578 48       		.byte	0x48
 793 0579 EA000000 		.4byte	0xea
 794 057d 23       		.uleb128 0x23
 795 057e F8010000 		.4byte	.LASF95
 796 0582 0F       		.byte	0xf
 797 0583 44       		.byte	0x44
 798 0584 D4000000 		.4byte	0xd4
 799 0588 24       		.uleb128 0x24
 800 0589 28060000 		.4byte	.LASF96
 801 058d 10       		.byte	0x10
 802 058e 1207     		.2byte	0x712
 803 0590 94050000 		.4byte	0x594
 804 0594 25       		.uleb128 0x25
 805 0595 81000000 		.4byte	0x81
 806 0599 23       		.uleb128 0x23
 807 059a 44020000 		.4byte	.LASF97
 808 059e 11       		.byte	0x11
 809 059f 2A       		.byte	0x2a
 810 05a0 B0030000 		.4byte	0x3b0
 811 05a4 23       		.uleb128 0x23
 812 05a5 55050000 		.4byte	.LASF98
 813 05a9 11       		.byte	0x11
 814 05aa 57       		.byte	0x57
 815 05ab B0030000 		.4byte	0x3b0
 816 05af 26       		.uleb128 0x26
 817 05b0 10060000 		.4byte	.LASF103
 818 05b4 10060000 		.4byte	.LASF103
 819 05b8 12       		.byte	0x12
ARM GAS  C:\Users\abhim\AppData\Local\Temp\ccei80q3.s 			page 23


 820 05b9 4A01     		.2byte	0x14a
 821 05bb 00       		.byte	0
 822              		.section	.debug_abbrev,"",%progbits
 823              	.Ldebug_abbrev0:
 824 0000 01       		.uleb128 0x1
 825 0001 11       		.uleb128 0x11
 826 0002 01       		.byte	0x1
 827 0003 25       		.uleb128 0x25
 828 0004 0E       		.uleb128 0xe
 829 0005 13       		.uleb128 0x13
 830 0006 0B       		.uleb128 0xb
 831 0007 03       		.uleb128 0x3
 832 0008 0E       		.uleb128 0xe
 833 0009 1B       		.uleb128 0x1b
 834 000a 0E       		.uleb128 0xe
 835 000b 55       		.uleb128 0x55
 836 000c 17       		.uleb128 0x17
 837 000d 11       		.uleb128 0x11
 838 000e 01       		.uleb128 0x1
 839 000f 10       		.uleb128 0x10
 840 0010 17       		.uleb128 0x17
 841 0011 00       		.byte	0
 842 0012 00       		.byte	0
 843 0013 02       		.uleb128 0x2
 844 0014 24       		.uleb128 0x24
 845 0015 00       		.byte	0
 846 0016 0B       		.uleb128 0xb
 847 0017 0B       		.uleb128 0xb
 848 0018 3E       		.uleb128 0x3e
 849 0019 0B       		.uleb128 0xb
 850 001a 03       		.uleb128 0x3
 851 001b 0E       		.uleb128 0xe
 852 001c 00       		.byte	0
 853 001d 00       		.byte	0
 854 001e 03       		.uleb128 0x3
 855 001f 16       		.uleb128 0x16
 856 0020 00       		.byte	0
 857 0021 03       		.uleb128 0x3
 858 0022 0E       		.uleb128 0xe
 859 0023 3A       		.uleb128 0x3a
 860 0024 0B       		.uleb128 0xb
 861 0025 3B       		.uleb128 0x3b
 862 0026 0B       		.uleb128 0xb
 863 0027 49       		.uleb128 0x49
 864 0028 13       		.uleb128 0x13
 865 0029 00       		.byte	0
 866 002a 00       		.byte	0
 867 002b 04       		.uleb128 0x4
 868 002c 24       		.uleb128 0x24
 869 002d 00       		.byte	0
 870 002e 0B       		.uleb128 0xb
 871 002f 0B       		.uleb128 0xb
 872 0030 3E       		.uleb128 0x3e
 873 0031 0B       		.uleb128 0xb
 874 0032 03       		.uleb128 0x3
 875 0033 08       		.uleb128 0x8
 876 0034 00       		.byte	0
ARM GAS  C:\Users\abhim\AppData\Local\Temp\ccei80q3.s 			page 24


 877 0035 00       		.byte	0
 878 0036 05       		.uleb128 0x5
 879 0037 16       		.uleb128 0x16
 880 0038 00       		.byte	0
 881 0039 03       		.uleb128 0x3
 882 003a 0E       		.uleb128 0xe
 883 003b 3A       		.uleb128 0x3a
 884 003c 0B       		.uleb128 0xb
 885 003d 3B       		.uleb128 0x3b
 886 003e 05       		.uleb128 0x5
 887 003f 49       		.uleb128 0x49
 888 0040 13       		.uleb128 0x13
 889 0041 00       		.byte	0
 890 0042 00       		.byte	0
 891 0043 06       		.uleb128 0x6
 892 0044 04       		.uleb128 0x4
 893 0045 01       		.byte	0x1
 894 0046 0B       		.uleb128 0xb
 895 0047 0B       		.uleb128 0xb
 896 0048 49       		.uleb128 0x49
 897 0049 13       		.uleb128 0x13
 898 004a 3A       		.uleb128 0x3a
 899 004b 0B       		.uleb128 0xb
 900 004c 3B       		.uleb128 0x3b
 901 004d 0B       		.uleb128 0xb
 902 004e 01       		.uleb128 0x1
 903 004f 13       		.uleb128 0x13
 904 0050 00       		.byte	0
 905 0051 00       		.byte	0
 906 0052 07       		.uleb128 0x7
 907 0053 28       		.uleb128 0x28
 908 0054 00       		.byte	0
 909 0055 03       		.uleb128 0x3
 910 0056 0E       		.uleb128 0xe
 911 0057 1C       		.uleb128 0x1c
 912 0058 0B       		.uleb128 0xb
 913 0059 00       		.byte	0
 914 005a 00       		.byte	0
 915 005b 08       		.uleb128 0x8
 916 005c 28       		.uleb128 0x28
 917 005d 00       		.byte	0
 918 005e 03       		.uleb128 0x3
 919 005f 0E       		.uleb128 0xe
 920 0060 1C       		.uleb128 0x1c
 921 0061 0D       		.uleb128 0xd
 922 0062 00       		.byte	0
 923 0063 00       		.byte	0
 924 0064 09       		.uleb128 0x9
 925 0065 01       		.uleb128 0x1
 926 0066 01       		.byte	0x1
 927 0067 49       		.uleb128 0x49
 928 0068 13       		.uleb128 0x13
 929 0069 01       		.uleb128 0x1
 930 006a 13       		.uleb128 0x13
 931 006b 00       		.byte	0
 932 006c 00       		.byte	0
 933 006d 0A       		.uleb128 0xa
ARM GAS  C:\Users\abhim\AppData\Local\Temp\ccei80q3.s 			page 25


 934 006e 21       		.uleb128 0x21
 935 006f 00       		.byte	0
 936 0070 00       		.byte	0
 937 0071 00       		.byte	0
 938 0072 0B       		.uleb128 0xb
 939 0073 13       		.uleb128 0x13
 940 0074 01       		.byte	0x1
 941 0075 0B       		.uleb128 0xb
 942 0076 0B       		.uleb128 0xb
 943 0077 3A       		.uleb128 0x3a
 944 0078 0B       		.uleb128 0xb
 945 0079 3B       		.uleb128 0x3b
 946 007a 0B       		.uleb128 0xb
 947 007b 01       		.uleb128 0x1
 948 007c 13       		.uleb128 0x13
 949 007d 00       		.byte	0
 950 007e 00       		.byte	0
 951 007f 0C       		.uleb128 0xc
 952 0080 0D       		.uleb128 0xd
 953 0081 00       		.byte	0
 954 0082 03       		.uleb128 0x3
 955 0083 0E       		.uleb128 0xe
 956 0084 3A       		.uleb128 0x3a
 957 0085 0B       		.uleb128 0xb
 958 0086 3B       		.uleb128 0x3b
 959 0087 0B       		.uleb128 0xb
 960 0088 49       		.uleb128 0x49
 961 0089 13       		.uleb128 0x13
 962 008a 38       		.uleb128 0x38
 963 008b 0B       		.uleb128 0xb
 964 008c 00       		.byte	0
 965 008d 00       		.byte	0
 966 008e 0D       		.uleb128 0xd
 967 008f 0F       		.uleb128 0xf
 968 0090 00       		.byte	0
 969 0091 0B       		.uleb128 0xb
 970 0092 0B       		.uleb128 0xb
 971 0093 49       		.uleb128 0x49
 972 0094 13       		.uleb128 0x13
 973 0095 00       		.byte	0
 974 0096 00       		.byte	0
 975 0097 0E       		.uleb128 0xe
 976 0098 15       		.uleb128 0x15
 977 0099 01       		.byte	0x1
 978 009a 27       		.uleb128 0x27
 979 009b 19       		.uleb128 0x19
 980 009c 49       		.uleb128 0x49
 981 009d 13       		.uleb128 0x13
 982 009e 01       		.uleb128 0x1
 983 009f 13       		.uleb128 0x13
 984 00a0 00       		.byte	0
 985 00a1 00       		.byte	0
 986 00a2 0F       		.uleb128 0xf
 987 00a3 05       		.uleb128 0x5
 988 00a4 00       		.byte	0
 989 00a5 49       		.uleb128 0x49
 990 00a6 13       		.uleb128 0x13
ARM GAS  C:\Users\abhim\AppData\Local\Temp\ccei80q3.s 			page 26


 991 00a7 00       		.byte	0
 992 00a8 00       		.byte	0
 993 00a9 10       		.uleb128 0x10
 994 00aa 26       		.uleb128 0x26
 995 00ab 00       		.byte	0
 996 00ac 49       		.uleb128 0x49
 997 00ad 13       		.uleb128 0x13
 998 00ae 00       		.byte	0
 999 00af 00       		.byte	0
 1000 00b0 11       		.uleb128 0x11
 1001 00b1 13       		.uleb128 0x13
 1002 00b2 01       		.byte	0x1
 1003 00b3 03       		.uleb128 0x3
 1004 00b4 0E       		.uleb128 0xe
 1005 00b5 0B       		.uleb128 0xb
 1006 00b6 0B       		.uleb128 0xb
 1007 00b7 3A       		.uleb128 0x3a
 1008 00b8 0B       		.uleb128 0xb
 1009 00b9 3B       		.uleb128 0x3b
 1010 00ba 0B       		.uleb128 0xb
 1011 00bb 01       		.uleb128 0x1
 1012 00bc 13       		.uleb128 0x13
 1013 00bd 00       		.byte	0
 1014 00be 00       		.byte	0
 1015 00bf 12       		.uleb128 0x12
 1016 00c0 0D       		.uleb128 0xd
 1017 00c1 00       		.byte	0
 1018 00c2 03       		.uleb128 0x3
 1019 00c3 08       		.uleb128 0x8
 1020 00c4 3A       		.uleb128 0x3a
 1021 00c5 0B       		.uleb128 0xb
 1022 00c6 3B       		.uleb128 0x3b
 1023 00c7 0B       		.uleb128 0xb
 1024 00c8 49       		.uleb128 0x49
 1025 00c9 13       		.uleb128 0x13
 1026 00ca 38       		.uleb128 0x38
 1027 00cb 0B       		.uleb128 0xb
 1028 00cc 00       		.byte	0
 1029 00cd 00       		.byte	0
 1030 00ce 13       		.uleb128 0x13
 1031 00cf 2E       		.uleb128 0x2e
 1032 00d0 01       		.byte	0x1
 1033 00d1 3F       		.uleb128 0x3f
 1034 00d2 19       		.uleb128 0x19
 1035 00d3 03       		.uleb128 0x3
 1036 00d4 0E       		.uleb128 0xe
 1037 00d5 3A       		.uleb128 0x3a
 1038 00d6 0B       		.uleb128 0xb
 1039 00d7 3B       		.uleb128 0x3b
 1040 00d8 05       		.uleb128 0x5
 1041 00d9 27       		.uleb128 0x27
 1042 00da 19       		.uleb128 0x19
 1043 00db 49       		.uleb128 0x49
 1044 00dc 13       		.uleb128 0x13
 1045 00dd 20       		.uleb128 0x20
 1046 00de 0B       		.uleb128 0xb
 1047 00df 01       		.uleb128 0x1
ARM GAS  C:\Users\abhim\AppData\Local\Temp\ccei80q3.s 			page 27


 1048 00e0 13       		.uleb128 0x13
 1049 00e1 00       		.byte	0
 1050 00e2 00       		.byte	0
 1051 00e3 14       		.uleb128 0x14
 1052 00e4 05       		.uleb128 0x5
 1053 00e5 00       		.byte	0
 1054 00e6 03       		.uleb128 0x3
 1055 00e7 0E       		.uleb128 0xe
 1056 00e8 3A       		.uleb128 0x3a
 1057 00e9 0B       		.uleb128 0xb
 1058 00ea 3B       		.uleb128 0x3b
 1059 00eb 05       		.uleb128 0x5
 1060 00ec 49       		.uleb128 0x49
 1061 00ed 13       		.uleb128 0x13
 1062 00ee 00       		.byte	0
 1063 00ef 00       		.byte	0
 1064 00f0 15       		.uleb128 0x15
 1065 00f1 34       		.uleb128 0x34
 1066 00f2 00       		.byte	0
 1067 00f3 03       		.uleb128 0x3
 1068 00f4 08       		.uleb128 0x8
 1069 00f5 3A       		.uleb128 0x3a
 1070 00f6 0B       		.uleb128 0xb
 1071 00f7 3B       		.uleb128 0x3b
 1072 00f8 05       		.uleb128 0x5
 1073 00f9 49       		.uleb128 0x49
 1074 00fa 13       		.uleb128 0x13
 1075 00fb 00       		.byte	0
 1076 00fc 00       		.byte	0
 1077 00fd 16       		.uleb128 0x16
 1078 00fe 34       		.uleb128 0x34
 1079 00ff 00       		.byte	0
 1080 0100 03       		.uleb128 0x3
 1081 0101 0E       		.uleb128 0xe
 1082 0102 3A       		.uleb128 0x3a
 1083 0103 0B       		.uleb128 0xb
 1084 0104 3B       		.uleb128 0x3b
 1085 0105 05       		.uleb128 0x5
 1086 0106 49       		.uleb128 0x49
 1087 0107 13       		.uleb128 0x13
 1088 0108 00       		.byte	0
 1089 0109 00       		.byte	0
 1090 010a 17       		.uleb128 0x17
 1091 010b 0B       		.uleb128 0xb
 1092 010c 01       		.byte	0x1
 1093 010d 00       		.byte	0
 1094 010e 00       		.byte	0
 1095 010f 18       		.uleb128 0x18
 1096 0110 2E       		.uleb128 0x2e
 1097 0111 01       		.byte	0x1
 1098 0112 3F       		.uleb128 0x3f
 1099 0113 19       		.uleb128 0x19
 1100 0114 03       		.uleb128 0x3
 1101 0115 0E       		.uleb128 0xe
 1102 0116 3A       		.uleb128 0x3a
 1103 0117 0B       		.uleb128 0xb
 1104 0118 3B       		.uleb128 0x3b
ARM GAS  C:\Users\abhim\AppData\Local\Temp\ccei80q3.s 			page 28


 1105 0119 0B       		.uleb128 0xb
 1106 011a 27       		.uleb128 0x27
 1107 011b 19       		.uleb128 0x19
 1108 011c 11       		.uleb128 0x11
 1109 011d 01       		.uleb128 0x1
 1110 011e 12       		.uleb128 0x12
 1111 011f 06       		.uleb128 0x6
 1112 0120 40       		.uleb128 0x40
 1113 0121 18       		.uleb128 0x18
 1114 0122 9642     		.uleb128 0x2116
 1115 0124 19       		.uleb128 0x19
 1116 0125 01       		.uleb128 0x1
 1117 0126 13       		.uleb128 0x13
 1118 0127 00       		.byte	0
 1119 0128 00       		.byte	0
 1120 0129 19       		.uleb128 0x19
 1121 012a 05       		.uleb128 0x5
 1122 012b 00       		.byte	0
 1123 012c 03       		.uleb128 0x3
 1124 012d 08       		.uleb128 0x8
 1125 012e 3A       		.uleb128 0x3a
 1126 012f 0B       		.uleb128 0xb
 1127 0130 3B       		.uleb128 0x3b
 1128 0131 0B       		.uleb128 0xb
 1129 0132 49       		.uleb128 0x49
 1130 0133 13       		.uleb128 0x13
 1131 0134 02       		.uleb128 0x2
 1132 0135 17       		.uleb128 0x17
 1133 0136 00       		.byte	0
 1134 0137 00       		.byte	0
 1135 0138 1A       		.uleb128 0x1a
 1136 0139 34       		.uleb128 0x34
 1137 013a 00       		.byte	0
 1138 013b 03       		.uleb128 0x3
 1139 013c 0E       		.uleb128 0xe
 1140 013d 3A       		.uleb128 0x3a
 1141 013e 0B       		.uleb128 0xb
 1142 013f 3B       		.uleb128 0x3b
 1143 0140 0B       		.uleb128 0xb
 1144 0141 49       		.uleb128 0x49
 1145 0142 13       		.uleb128 0x13
 1146 0143 00       		.byte	0
 1147 0144 00       		.byte	0
 1148 0145 1B       		.uleb128 0x1b
 1149 0146 34       		.uleb128 0x34
 1150 0147 00       		.byte	0
 1151 0148 03       		.uleb128 0x3
 1152 0149 08       		.uleb128 0x8
 1153 014a 3A       		.uleb128 0x3a
 1154 014b 0B       		.uleb128 0xb
 1155 014c 3B       		.uleb128 0x3b
 1156 014d 0B       		.uleb128 0xb
 1157 014e 49       		.uleb128 0x49
 1158 014f 13       		.uleb128 0x13
 1159 0150 00       		.byte	0
 1160 0151 00       		.byte	0
 1161 0152 1C       		.uleb128 0x1c
ARM GAS  C:\Users\abhim\AppData\Local\Temp\ccei80q3.s 			page 29


 1162 0153 1D       		.uleb128 0x1d
 1163 0154 01       		.byte	0x1
 1164 0155 31       		.uleb128 0x31
 1165 0156 13       		.uleb128 0x13
 1166 0157 11       		.uleb128 0x11
 1167 0158 01       		.uleb128 0x1
 1168 0159 12       		.uleb128 0x12
 1169 015a 06       		.uleb128 0x6
 1170 015b 58       		.uleb128 0x58
 1171 015c 0B       		.uleb128 0xb
 1172 015d 59       		.uleb128 0x59
 1173 015e 0B       		.uleb128 0xb
 1174 015f 01       		.uleb128 0x1
 1175 0160 13       		.uleb128 0x13
 1176 0161 00       		.byte	0
 1177 0162 00       		.byte	0
 1178 0163 1D       		.uleb128 0x1d
 1179 0164 05       		.uleb128 0x5
 1180 0165 00       		.byte	0
 1181 0166 31       		.uleb128 0x31
 1182 0167 13       		.uleb128 0x13
 1183 0168 00       		.byte	0
 1184 0169 00       		.byte	0
 1185 016a 1E       		.uleb128 0x1e
 1186 016b 0B       		.uleb128 0xb
 1187 016c 01       		.byte	0x1
 1188 016d 11       		.uleb128 0x11
 1189 016e 01       		.uleb128 0x1
 1190 016f 12       		.uleb128 0x12
 1191 0170 06       		.uleb128 0x6
 1192 0171 00       		.byte	0
 1193 0172 00       		.byte	0
 1194 0173 1F       		.uleb128 0x1f
 1195 0174 34       		.uleb128 0x34
 1196 0175 00       		.byte	0
 1197 0176 31       		.uleb128 0x31
 1198 0177 13       		.uleb128 0x13
 1199 0178 1C       		.uleb128 0x1c
 1200 0179 0B       		.uleb128 0xb
 1201 017a 00       		.byte	0
 1202 017b 00       		.byte	0
 1203 017c 20       		.uleb128 0x20
 1204 017d 34       		.uleb128 0x34
 1205 017e 00       		.byte	0
 1206 017f 31       		.uleb128 0x31
 1207 0180 13       		.uleb128 0x13
 1208 0181 02       		.uleb128 0x2
 1209 0182 17       		.uleb128 0x17
 1210 0183 00       		.byte	0
 1211 0184 00       		.byte	0
 1212 0185 21       		.uleb128 0x21
 1213 0186 898201   		.uleb128 0x4109
 1214 0189 00       		.byte	0
 1215 018a 11       		.uleb128 0x11
 1216 018b 01       		.uleb128 0x1
 1217 018c 31       		.uleb128 0x31
 1218 018d 13       		.uleb128 0x13
ARM GAS  C:\Users\abhim\AppData\Local\Temp\ccei80q3.s 			page 30


 1219 018e 00       		.byte	0
 1220 018f 00       		.byte	0
 1221 0190 22       		.uleb128 0x22
 1222 0191 1D       		.uleb128 0x1d
 1223 0192 01       		.byte	0x1
 1224 0193 31       		.uleb128 0x31
 1225 0194 13       		.uleb128 0x13
 1226 0195 11       		.uleb128 0x11
 1227 0196 01       		.uleb128 0x1
 1228 0197 12       		.uleb128 0x12
 1229 0198 06       		.uleb128 0x6
 1230 0199 58       		.uleb128 0x58
 1231 019a 0B       		.uleb128 0xb
 1232 019b 59       		.uleb128 0x59
 1233 019c 0B       		.uleb128 0xb
 1234 019d 00       		.byte	0
 1235 019e 00       		.byte	0
 1236 019f 23       		.uleb128 0x23
 1237 01a0 34       		.uleb128 0x34
 1238 01a1 00       		.byte	0
 1239 01a2 03       		.uleb128 0x3
 1240 01a3 0E       		.uleb128 0xe
 1241 01a4 3A       		.uleb128 0x3a
 1242 01a5 0B       		.uleb128 0xb
 1243 01a6 3B       		.uleb128 0x3b
 1244 01a7 0B       		.uleb128 0xb
 1245 01a8 49       		.uleb128 0x49
 1246 01a9 13       		.uleb128 0x13
 1247 01aa 3F       		.uleb128 0x3f
 1248 01ab 19       		.uleb128 0x19
 1249 01ac 3C       		.uleb128 0x3c
 1250 01ad 19       		.uleb128 0x19
 1251 01ae 00       		.byte	0
 1252 01af 00       		.byte	0
 1253 01b0 24       		.uleb128 0x24
 1254 01b1 34       		.uleb128 0x34
 1255 01b2 00       		.byte	0
 1256 01b3 03       		.uleb128 0x3
 1257 01b4 0E       		.uleb128 0xe
 1258 01b5 3A       		.uleb128 0x3a
 1259 01b6 0B       		.uleb128 0xb
 1260 01b7 3B       		.uleb128 0x3b
 1261 01b8 05       		.uleb128 0x5
 1262 01b9 49       		.uleb128 0x49
 1263 01ba 13       		.uleb128 0x13
 1264 01bb 3F       		.uleb128 0x3f
 1265 01bc 19       		.uleb128 0x19
 1266 01bd 3C       		.uleb128 0x3c
 1267 01be 19       		.uleb128 0x19
 1268 01bf 00       		.byte	0
 1269 01c0 00       		.byte	0
 1270 01c1 25       		.uleb128 0x25
 1271 01c2 35       		.uleb128 0x35
 1272 01c3 00       		.byte	0
 1273 01c4 49       		.uleb128 0x49
 1274 01c5 13       		.uleb128 0x13
 1275 01c6 00       		.byte	0
ARM GAS  C:\Users\abhim\AppData\Local\Temp\ccei80q3.s 			page 31


 1276 01c7 00       		.byte	0
 1277 01c8 26       		.uleb128 0x26
 1278 01c9 2E       		.uleb128 0x2e
 1279 01ca 00       		.byte	0
 1280 01cb 3F       		.uleb128 0x3f
 1281 01cc 19       		.uleb128 0x19
 1282 01cd 3C       		.uleb128 0x3c
 1283 01ce 19       		.uleb128 0x19
 1284 01cf 6E       		.uleb128 0x6e
 1285 01d0 0E       		.uleb128 0xe
 1286 01d1 03       		.uleb128 0x3
 1287 01d2 0E       		.uleb128 0xe
 1288 01d3 3A       		.uleb128 0x3a
 1289 01d4 0B       		.uleb128 0xb
 1290 01d5 3B       		.uleb128 0x3b
 1291 01d6 05       		.uleb128 0x5
 1292 01d7 00       		.byte	0
 1293 01d8 00       		.byte	0
 1294 01d9 00       		.byte	0
 1295              		.section	.debug_loc,"",%progbits
 1296              	.Ldebug_loc0:
 1297              	.LLST0:
 1298 0000 00000000 		.4byte	.LVL0
 1299 0004 1E000000 		.4byte	.LVL4
 1300 0008 0100     		.2byte	0x1
 1301 000a 50       		.byte	0x50
 1302 000b 1E000000 		.4byte	.LVL4
 1303 000f 2C000000 		.4byte	.LVL7
 1304 0013 0400     		.2byte	0x4
 1305 0015 F3       		.byte	0xf3
 1306 0016 01       		.uleb128 0x1
 1307 0017 50       		.byte	0x50
 1308 0018 9F       		.byte	0x9f
 1309 0019 2C000000 		.4byte	.LVL7
 1310 001d 2E000000 		.4byte	.LVL8
 1311 0021 0100     		.2byte	0x1
 1312 0023 50       		.byte	0x50
 1313 0024 2E000000 		.4byte	.LVL8
 1314 0028 54000000 		.4byte	.LFE132
 1315 002c 0400     		.2byte	0x4
 1316 002e F3       		.byte	0xf3
 1317 002f 01       		.uleb128 0x1
 1318 0030 50       		.byte	0x50
 1319 0031 9F       		.byte	0x9f
 1320 0032 00000000 		.4byte	0
 1321 0036 00000000 		.4byte	0
 1322              	.LLST1:
 1323 003a 06000000 		.4byte	.LVL2
 1324 003e 1E000000 		.4byte	.LVL4
 1325 0042 0200     		.2byte	0x2
 1326 0044 30       		.byte	0x30
 1327 0045 9F       		.byte	0x9f
 1328 0046 1E000000 		.4byte	.LVL4
 1329 004a 2C000000 		.4byte	.LVL7
 1330 004e 0100     		.2byte	0x1
 1331 0050 54       		.byte	0x54
 1332 0051 2C000000 		.4byte	.LVL7
ARM GAS  C:\Users\abhim\AppData\Local\Temp\ccei80q3.s 			page 32


 1333 0055 2E000000 		.4byte	.LVL8
 1334 0059 0200     		.2byte	0x2
 1335 005b 30       		.byte	0x30
 1336 005c 9F       		.byte	0x9f
 1337 005d 2E000000 		.4byte	.LVL8
 1338 0061 38000000 		.4byte	.LVL9
 1339 0065 0100     		.2byte	0x1
 1340 0067 54       		.byte	0x54
 1341 0068 00000000 		.4byte	0
 1342 006c 00000000 		.4byte	0
 1343              	.LLST2:
 1344 0070 16000000 		.4byte	.LVL3
 1345 0074 38000000 		.4byte	.LVL9
 1346 0078 0100     		.2byte	0x1
 1347 007a 55       		.byte	0x55
 1348 007b 00000000 		.4byte	0
 1349 007f 00000000 		.4byte	0
 1350              	.LLST3:
 1351 0083 1E000000 		.4byte	.LVL4
 1352 0087 27000000 		.4byte	.LVL5-1
 1353 008b 0700     		.2byte	0x7
 1354 008d 74       		.byte	0x74
 1355 008e 00       		.sleb128 0
 1356 008f 32       		.byte	0x32
 1357 0090 24       		.byte	0x24
 1358 0091 75       		.byte	0x75
 1359 0092 00       		.sleb128 0
 1360 0093 22       		.byte	0x22
 1361 0094 00000000 		.4byte	0
 1362 0098 00000000 		.4byte	0
 1363              	.LLST4:
 1364 009c 38000000 		.4byte	.LVL9
 1365 00a0 48000000 		.4byte	.LVL10
 1366 00a4 0300     		.2byte	0x3
 1367 00a6 09       		.byte	0x9
 1368 00a7 FF       		.byte	0xff
 1369 00a8 9F       		.byte	0x9f
 1370 00a9 00000000 		.4byte	0
 1371 00ad 00000000 		.4byte	0
 1372              		.section	.debug_aranges,"",%progbits
 1373 0000 1C000000 		.4byte	0x1c
 1374 0004 0200     		.2byte	0x2
 1375 0006 00000000 		.4byte	.Ldebug_info0
 1376 000a 04       		.byte	0x4
 1377 000b 00       		.byte	0
 1378 000c 0000     		.2byte	0
 1379 000e 0000     		.2byte	0
 1380 0010 00000000 		.4byte	.LFB132
 1381 0014 54000000 		.4byte	.LFE132-.LFB132
 1382 0018 00000000 		.4byte	0
 1383 001c 00000000 		.4byte	0
 1384              		.section	.debug_ranges,"",%progbits
 1385              	.Ldebug_ranges0:
 1386 0000 00000000 		.4byte	.LFB132
 1387 0004 54000000 		.4byte	.LFE132
 1388 0008 00000000 		.4byte	0
 1389 000c 00000000 		.4byte	0
ARM GAS  C:\Users\abhim\AppData\Local\Temp\ccei80q3.s 			page 33


 1390              		.section	.debug_line,"",%progbits
 1391              	.Ldebug_line0:
 1392 0000 4A030000 		.section	.debug_str,"MS",%progbits,1
 1392      02001F03 
 1392      00000201 
 1392      FB0E0D00 
 1392      01010101 
 1393              	.LASF99:
 1394 0000 474E5520 		.ascii	"GNU C11 5.4.1 20160609 (release) [ARM/embedded-5-br"
 1394      43313120 
 1394      352E342E 
 1394      31203230 
 1394      31363036 
 1395 0033 616E6368 		.ascii	"anch revision 237715] -mcpu=cortex-m3 -mthumb -g -O"
 1395      20726576 
 1395      6973696F 
 1395      6E203233 
 1395      37373135 
 1396 0066 67202D66 		.ascii	"g -ffunction-sections -ffat-lto-objects\000"
 1396      66756E63 
 1396      74696F6E 
 1396      2D736563 
 1396      74696F6E 
 1397              	.LASF24:
 1398 008e 4576656E 		.ascii	"EventMaskType\000"
 1398      744D6173 
 1398      6B547970 
 1398      6500
 1399              	.LASF72:
 1400 009c 6F6E4572 		.ascii	"onErrorTaskCount\000"
 1400      726F7254 
 1400      61736B43 
 1400      6F756E74 
 1400      00
 1401              	.LASF41:
 1402 00ad 52435F45 		.ascii	"RC_ERROR_READ_ONLY\000"
 1402      52524F52 
 1402      5F524541 
 1402      445F4F4E 
 1402      4C5900
 1403              	.LASF27:
 1404 00c0 52435F53 		.ascii	"RC_SUCCESS\000"
 1404      55434345 
 1404      535300
 1405              	.LASF64:
 1406 00cb 53435F53 		.ascii	"SC_SPEED_driverOut_t\000"
 1406      50454544 
 1406      5F647269 
 1406      7665724F 
 1406      75745F74 
 1407              	.LASF69:
 1408 00e0 65764F6E 		.ascii	"evOnError\000"
 1408      4572726F 
 1408      7200
 1409              	.LASF15:
 1410 00ea 63686172 		.ascii	"char\000"
 1410      00
ARM GAS  C:\Users\abhim\AppData\Local\Temp\ccei80q3.s 			page 34


 1411              	.LASF42:
 1412 00ef 52435F45 		.ascii	"RC_ERROR_WRITE_ONLY\000"
 1412      52524F52 
 1412      5F575249 
 1412      54455F4F 
 1412      4E4C5900 
 1413              	.LASF2:
 1414 0103 73686F72 		.ascii	"short int\000"
 1414      7420696E 
 1414      7400
 1415              	.LASF16:
 1416 010d 73697A65 		.ascii	"size_t\000"
 1416      5F7400
 1417              	.LASF45:
 1418 0114 52435F45 		.ascii	"RC_ERROR_WRITE_FAILS\000"
 1418      52524F52 
 1418      5F575249 
 1418      54455F46 
 1418      41494C53 
 1419              	.LASF25:
 1420 0129 73697A65 		.ascii	"sizetype\000"
 1420      74797065 
 1420      00
 1421              	.LASF86:
 1422 0132 7461736B 		.ascii	"task\000"
 1422      00
 1423              	.LASF88:
 1424 0137 5254455F 		.ascii	"RTE_SC_SPEED_get\000"
 1424      53435F53 
 1424      50454544 
 1424      5F676574 
 1424      00
 1425              	.LASF30:
 1426 0148 52435F45 		.ascii	"RC_ERROR_ZERO\000"
 1426      52524F52 
 1426      5F5A4552 
 1426      4F00
 1427              	.LASF21:
 1428 0156 45455F46 		.ascii	"EE_FREG\000"
 1428      52454700 
 1429              	.LASF44:
 1430 015e 52435F45 		.ascii	"RC_ERROR_READ_FAILS\000"
 1430      52524F52 
 1430      5F524541 
 1430      445F4641 
 1430      494C5300 
 1431              	.LASF6:
 1432 0172 5F5F7569 		.ascii	"__uint32_t\000"
 1432      6E743332 
 1432      5F7400
 1433              	.LASF19:
 1434 017d 45455F55 		.ascii	"EE_UINT32\000"
 1434      494E5433 
 1434      3200
 1435              	.LASF22:
 1436 0187 45455F54 		.ascii	"EE_TID\000"
 1436      494400
ARM GAS  C:\Users\abhim\AppData\Local\Temp\ccei80q3.s 			page 35


 1437              	.LASF79:
 1438 018e 76616C75 		.ascii	"value\000"
 1438      6500
 1439              	.LASF89:
 1440 0194 5254455F 		.ascii	"RTE_SC_SPEED_pushPort\000"
 1440      53435F53 
 1440      50454544 
 1440      5F707573 
 1440      68506F72 
 1441              	.LASF62:
 1442 01aa 53435F53 		.ascii	"SC_SPEED_data_t\000"
 1442      50454544 
 1442      5F646174 
 1442      615F7400 
 1443              	.LASF50:
 1444 01ba 52435F45 		.ascii	"RC_ERROR_INVALID_STATE\000"
 1444      52524F52 
 1444      5F494E56 
 1444      414C4944 
 1444      5F535441 
 1445              	.LASF77:
 1446 01d1 53435F53 		.ascii	"SC_SPEED_cfg_s\000"
 1446      50454544 
 1446      5F636667 
 1446      5F7300
 1447              	.LASF76:
 1448 01e0 53435F53 		.ascii	"SC_SPEED_cfg_t\000"
 1448      50454544 
 1448      5F636667 
 1448      5F7400
 1449              	.LASF75:
 1450 01ef 7265736F 		.ascii	"resource\000"
 1450      75726365 
 1450      00
 1451              	.LASF95:
 1452 01f8 45455F49 		.ascii	"EE_IRQ_nesting_level\000"
 1452      52515F6E 
 1452      65737469 
 1452      6E675F6C 
 1452      6576656C 
 1453              	.LASF65:
 1454 020d 73706565 		.ascii	"speedVal\000"
 1454      6456616C 
 1454      00
 1455              	.LASF94:
 1456 0216 45455F73 		.ascii	"EE_std_endcycle_next_tid\000"
 1456      74645F65 
 1456      6E646379 
 1456      636C655F 
 1456      6E657874 
 1457              	.LASF32:
 1458 022f 52435F45 		.ascii	"RC_ERROR_RANGE\000"
 1458      52524F52 
 1458      5F52414E 
 1458      474500
 1459              	.LASF13:
 1460 023e 666C6F61 		.ascii	"float\000"
ARM GAS  C:\Users\abhim\AppData\Local\Temp\ccei80q3.s 			page 36


 1460      7400
 1461              	.LASF97:
 1462 0244 534F5F53 		.ascii	"SO_SPEED_signal\000"
 1462      50454544 
 1462      5F736967 
 1462      6E616C00 
 1463              	.LASF52:
 1464 0254 52435F45 		.ascii	"RC_ERROR_NOT_IMPLEMENTED\000"
 1464      52524F52 
 1464      5F4E4F54 
 1464      5F494D50 
 1464      4C454D45 
 1465              	.LASF8:
 1466 026d 6C6F6E67 		.ascii	"long long int\000"
 1466      206C6F6E 
 1466      6720696E 
 1466      7400
 1467              	.LASF92:
 1468 027b 45455F6F 		.ascii	"EE_oo_IRQ_suspend_status\000"
 1468      6F5F4952 
 1468      515F7375 
 1468      7370656E 
 1468      645F7374 
 1469              	.LASF46:
 1470 0294 52435F45 		.ascii	"RC_ERROR_NOT_MATCH\000"
 1470      52524F52 
 1470      5F4E4F54 
 1470      5F4D4154 
 1470      434800
 1471              	.LASF51:
 1472 02a7 52435F45 		.ascii	"RC_ERROR_UNKNOWN\000"
 1472      52524F52 
 1472      5F554E4B 
 1472      4E4F574E 
 1472      00
 1473              	.LASF61:
 1474 02b8 5254455F 		.ascii	"RTE_signalStatus_t\000"
 1474      7369676E 
 1474      616C5374 
 1474      61747573 
 1474      5F7400
 1475              	.LASF4:
 1476 02cb 6C6F6E67 		.ascii	"long int\000"
 1476      20696E74 
 1476      00
 1477              	.LASF34:
 1478 02d4 52435F45 		.ascii	"RC_ERROR_UNDERRUN\000"
 1478      52524F52 
 1478      5F554E44 
 1478      45525255 
 1478      4E00
 1479              	.LASF37:
 1480 02e6 52435F45 		.ascii	"RC_ERROR_BUSY\000"
 1480      52524F52 
 1480      5F425553 
 1480      5900
 1481              	.LASF57:
ARM GAS  C:\Users\abhim\AppData\Local\Temp\ccei80q3.s 			page 37


 1482 02f4 5254455F 		.ascii	"RTE_SIGNALSTATUS_STARTUP\000"
 1482      5349474E 
 1482      414C5354 
 1482      41545553 
 1482      5F535441 
 1483              	.LASF43:
 1484 030d 52435F45 		.ascii	"RC_ERROR_INVALID\000"
 1484      52524F52 
 1484      5F494E56 
 1484      414C4944 
 1484      00
 1485              	.LASF48:
 1486 031e 52435F45 		.ascii	"RC_ERROR_BAD_DATA\000"
 1486      52524F52 
 1486      5F424144 
 1486      5F444154 
 1486      4100
 1487              	.LASF26:
 1488 0330 626F6F6C 		.ascii	"boolean_t\000"
 1488      65616E5F 
 1488      7400
 1489              	.LASF90:
 1490 033a 656E6769 		.ascii	"enginespeedvalue\000"
 1490      6E657370 
 1490      65656476 
 1490      616C7565 
 1490      00
 1491              	.LASF85:
 1492 034b 70546173 		.ascii	"pTaskArray\000"
 1492      6B417272 
 1492      617900
 1493              	.LASF17:
 1494 0356 6C6F6E67 		.ascii	"long double\000"
 1494      20646F75 
 1494      626C6500 
 1495              	.LASF100:
 1496 0362 736F7572 		.ascii	"source\\bsw\\swc_brakelight_control.c\000"
 1496      63655C62 
 1496      73775C73 
 1496      77635F62 
 1496      72616B65 
 1497              	.LASF84:
 1498 0386 7461736B 		.ascii	"taskNum\000"
 1498      4E756D00 
 1499              	.LASF23:
 1500 038e 5461736B 		.ascii	"TaskType\000"
 1500      54797065 
 1500      00
 1501              	.LASF1:
 1502 0397 756E7369 		.ascii	"unsigned char\000"
 1502      676E6564 
 1502      20636861 
 1502      7200
 1503              	.LASF0:
 1504 03a5 7369676E 		.ascii	"signed char\000"
 1504      65642063 
 1504      68617200 
ARM GAS  C:\Users\abhim\AppData\Local\Temp\ccei80q3.s 			page 38


 1505              	.LASF9:
 1506 03b1 6C6F6E67 		.ascii	"long long unsigned int\000"
 1506      206C6F6E 
 1506      6720756E 
 1506      7369676E 
 1506      65642069 
 1507              	.LASF12:
 1508 03c8 75696E74 		.ascii	"uint32_t\000"
 1508      33325F74 
 1508      00
 1509              	.LASF10:
 1510 03d1 756E7369 		.ascii	"unsigned int\000"
 1510      676E6564 
 1510      20696E74 
 1510      00
 1511              	.LASF39:
 1512 03de 52435F45 		.ascii	"RC_ERROR_OPEN\000"
 1512      52524F52 
 1512      5F4F5045 
 1512      4E00
 1513              	.LASF7:
 1514 03ec 6C6F6E67 		.ascii	"long unsigned int\000"
 1514      20756E73 
 1514      69676E65 
 1514      6420696E 
 1514      7400
 1515              	.LASF29:
 1516 03fe 52435F45 		.ascii	"RC_ERROR_NULL\000"
 1516      52524F52 
 1516      5F4E554C 
 1516      4C00
 1517              	.LASF36:
 1518 040c 52435F45 		.ascii	"RC_ERROR_BUFFER_EMTPY\000"
 1518      52524F52 
 1518      5F425546 
 1518      4645525F 
 1518      454D5450 
 1519              	.LASF18:
 1520 0422 45455F49 		.ascii	"EE_INT32\000"
 1520      4E543332 
 1520      00
 1521              	.LASF81:
 1522 042b 70536967 		.ascii	"pSigCfg\000"
 1522      43666700 
 1523              	.LASF68:
 1524 0433 65764F6E 		.ascii	"evOnUpdate\000"
 1524      55706461 
 1524      746500
 1525              	.LASF80:
 1526 043e 73746174 		.ascii	"status\000"
 1526      757300
 1527              	.LASF74:
 1528 0445 7265736F 		.ascii	"resourceActive\000"
 1528      75726365 
 1528      41637469 
 1528      766500
 1529              	.LASF83:
ARM GAS  C:\Users\abhim\AppData\Local\Temp\ccei80q3.s 			page 39


 1530 0454 7369676E 		.ascii	"signal\000"
 1530      616C00
 1531              	.LASF60:
 1532 045b 5254455F 		.ascii	"RTE_SIGNALSTATUS_INVALID\000"
 1532      5349474E 
 1532      414C5354 
 1532      41545553 
 1532      5F494E56 
 1533              	.LASF35:
 1534 0474 52435F45 		.ascii	"RC_ERROR_BUFFER_FULL\000"
 1534      52524F52 
 1534      5F425546 
 1534      4645525F 
 1534      46554C4C 
 1535              	.LASF11:
 1536 0489 696E7433 		.ascii	"int32_t\000"
 1536      325F7400 
 1537              	.LASF67:
 1538 0491 6F757444 		.ascii	"outDriver\000"
 1538      72697665 
 1538      7200
 1539              	.LASF3:
 1540 049b 73686F72 		.ascii	"short unsigned int\000"
 1540      7420756E 
 1540      7369676E 
 1540      65642069 
 1540      6E7400
 1541              	.LASF47:
 1542 04ae 52435F45 		.ascii	"RC_ERROR_BAD_PARAM\000"
 1542      52524F52 
 1542      5F424144 
 1542      5F504152 
 1542      414D00
 1543              	.LASF73:
 1544 04c1 6F6E4572 		.ascii	"onErrorTasks\000"
 1544      726F7254 
 1544      61736B73 
 1544      00
 1545              	.LASF70:
 1546 04ce 6F6E5570 		.ascii	"onUpdateTaskCount\000"
 1546      64617465 
 1546      5461736B 
 1546      436F756E 
 1546      7400
 1547              	.LASF93:
 1548 04e0 45455F41 		.ascii	"EE_ApplicationMode\000"
 1548      70706C69 
 1548      63617469 
 1548      6F6E4D6F 
 1548      646500
 1549              	.LASF87:
 1550 04f3 5254455F 		.ascii	"RTE_SC_SPEED_set\000"
 1550      53435F53 
 1550      50454544 
 1550      5F736574 
 1550      00
 1551              	.LASF101:
ARM GAS  C:\Users\abhim\AppData\Local\Temp\ccei80q3.s 			page 40


 1552 0504 443A5C70 		.ascii	"D:\\psoc-workspace\\Git\\ElectronicGaspedal\\Electr"
 1552      736F632D 
 1552      776F726B 
 1552      73706163 
 1552      655C4769 
 1553 0533 6F6E6963 		.ascii	"onic Gaspedal.cydsn\000"
 1553      20476173 
 1553      70656461 
 1553      6C2E6379 
 1553      64736E00 
 1554              	.LASF71:
 1555 0547 6F6E5570 		.ascii	"onUpdateTasks\000"
 1555      64617465 
 1555      5461736B 
 1555      7300
 1556              	.LASF98:
 1557 0555 534F5F42 		.ascii	"SO_BRAKELIGHT_signal\000"
 1557      52414B45 
 1557      4C494748 
 1557      545F7369 
 1557      676E616C 
 1558              	.LASF40:
 1559 056a 52435F45 		.ascii	"RC_ERROR_CHECKSUM\000"
 1559      52524F52 
 1559      5F434845 
 1559      434B5355 
 1559      4D00
 1560              	.LASF20:
 1561 057c 45455F55 		.ascii	"EE_UREG\000"
 1561      52454700 
 1562              	.LASF33:
 1563 0584 52435F45 		.ascii	"RC_ERROR_OVERRUN\000"
 1563      52524F52 
 1563      5F4F5645 
 1563      5252554E 
 1563      00
 1564              	.LASF5:
 1565 0595 5F5F696E 		.ascii	"__int32_t\000"
 1565      7433325F 
 1565      7400
 1566              	.LASF55:
 1567 059f 5254455F 		.ascii	"RTE_event\000"
 1567      6576656E 
 1567      7400
 1568              	.LASF63:
 1569 05a9 53435F53 		.ascii	"SC_SPEED_driverIn_t\000"
 1569      50454544 
 1569      5F647269 
 1569      76657249 
 1569      6E5F7400 
 1570              	.LASF78:
 1571 05bd 53435F53 		.ascii	"SC_SPEED_s\000"
 1571      50454544 
 1571      5F7300
 1572              	.LASF49:
 1573 05c8 52435F45 		.ascii	"RC_ERROR_CANCELED\000"
 1573      52524F52 
ARM GAS  C:\Users\abhim\AppData\Local\Temp\ccei80q3.s 			page 41


 1573      5F43414E 
 1573      43454C45 
 1573      4400
 1574              	.LASF82:
 1575 05da 53435F53 		.ascii	"SC_SPEED_t\000"
 1575      50454544 
 1575      5F7400
 1576              	.LASF56:
 1577 05e5 5265736F 		.ascii	"ResourceType\000"
 1577      75726365 
 1577      54797065 
 1577      00
 1578              	.LASF14:
 1579 05f2 646F7562 		.ascii	"double\000"
 1579      6C6500
 1580              	.LASF59:
 1581 05f9 5254455F 		.ascii	"RTE_SIGNALSTATUS_VALID\000"
 1581      5349474E 
 1581      414C5354 
 1581      41545553 
 1581      5F56414C 
 1582              	.LASF103:
 1583 0610 45455F6F 		.ascii	"EE_oo_SetEvent\000"
 1583      6F5F5365 
 1583      74457665 
 1583      6E7400
 1584              	.LASF66:
 1585 061f 696E4472 		.ascii	"inDriver\000"
 1585      69766572 
 1585      00
 1586              	.LASF96:
 1587 0628 49544D5F 		.ascii	"ITM_RxBuffer\000"
 1587      52784275 
 1587      66666572 
 1587      00
 1588              	.LASF28:
 1589 0635 52435F45 		.ascii	"RC_ERROR\000"
 1589      52524F52 
 1589      00
 1590              	.LASF31:
 1591 063e 52435F45 		.ascii	"RC_ERROR_MEMORY\000"
 1591      52524F52 
 1591      5F4D454D 
 1591      4F525900 
 1592              	.LASF91:
 1593 064e 45455F6F 		.ascii	"EE_oo_IRQ_disable_count\000"
 1593      6F5F4952 
 1593      515F6469 
 1593      7361626C 
 1593      655F636F 
 1594              	.LASF54:
 1595 0666 5461736B 		.ascii	"TaskTypeArray\000"
 1595      54797065 
 1595      41727261 
 1595      7900
 1596              	.LASF102:
 1597 0674 4252414B 		.ascii	"BRAKELIGHT_CONTROL_setBrakeLight_run\000"
ARM GAS  C:\Users\abhim\AppData\Local\Temp\ccei80q3.s 			page 42


 1597      454C4947 
 1597      48545F43 
 1597      4F4E5452 
 1597      4F4C5F73 
 1598              	.LASF53:
 1599 0699 52435F74 		.ascii	"RC_t\000"
 1599      00
 1600              	.LASF58:
 1601 069e 5254455F 		.ascii	"RTE_SIGNALSTATUS_INITIALIZED\000"
 1601      5349474E 
 1601      414C5354 
 1601      41545553 
 1601      5F494E49 
 1602              	.LASF38:
 1603 06bb 52435F45 		.ascii	"RC_ERROR_TIME_OUT\000"
 1603      52524F52 
 1603      5F54494D 
 1603      455F4F55 
 1603      5400
 1604              		.ident	"GCC: (GNU Tools for ARM Embedded Processors) 5.4.1 20160609 (release) [ARM/embedded-5-bran
