ARM GAS  C:\Users\abhim\AppData\Local\Temp\ccNrNVTG.s 			page 1


   1              		.syntax unified
   2              		.cpu cortex-m3
   3              		.fpu softvfp
   4              		.eabi_attribute 20, 1
   5              		.eabi_attribute 21, 1
   6              		.eabi_attribute 23, 3
   7              		.eabi_attribute 24, 1
   8              		.eabi_attribute 25, 1
   9              		.eabi_attribute 26, 1
  10              		.eabi_attribute 30, 1
  11              		.eabi_attribute 34, 1
  12              		.eabi_attribute 18, 4
  13              		.thumb
  14              		.syntax unified
  15              		.file	"tsk_brakelight.c"
  16              		.text
  17              	.Ltext0:
  18              		.cfi_sections	.debug_frame
  19              		.section	.text.Functsk_Brakelight,"ax",%progbits
  20              		.align	2
  21              		.global	Functsk_Brakelight
  22              		.thumb
  23              		.thumb_func
  24              		.type	Functsk_Brakelight, %function
  25              	Functsk_Brakelight:
  26              	.LFB110:
  27              		.file 1 "source\\bsw\\tsk_brakelight.c"
   1:source\bsw/tsk_brakelight.c **** /*
   2:source\bsw/tsk_brakelight.c ****  * Filename: tsk_brakelight.c
   3:source\bsw/tsk_brakelight.c ****  *
   4:source\bsw/tsk_brakelight.c ****  * Author: Autogenerated by H-DA RTE Generator, (c) Prof. Fromm
   5:source\bsw/tsk_brakelight.c ****  *
   6:source\bsw/tsk_brakelight.c ****  * description: Task doing work
   7:source\bsw/tsk_brakelight.c ****  * events: ev_controlspeed_onData
   8:source\bsw/tsk_brakelight.c ****  * mode: Event
   9:source\bsw/tsk_brakelight.c ****  * name: tsk_Brakelight
  10:source\bsw/tsk_brakelight.c ****  * shortname: Brakelight
  11:source\bsw/tsk_brakelight.c ****  * signalpoolsRO: sp_signalPool
  12:source\bsw/tsk_brakelight.c ****  * signalpoolsRW: sp_signalPool
  13:source\bsw/tsk_brakelight.c ****  * tickEvent: 0
  14:source\bsw/tsk_brakelight.c ****  * timertickperiod: 0
  15:source\bsw/tsk_brakelight.c ****  *
  16:source\bsw/tsk_brakelight.c ****  */
  17:source\bsw/tsk_brakelight.c **** 
  18:source\bsw/tsk_brakelight.c **** #include "project.h"
  19:source\bsw/tsk_brakelight.c **** #include "global.h"
  20:source\bsw/tsk_brakelight.c **** #include "rte.h"
  21:source\bsw/tsk_brakelight.c **** #include "rte_types.h"
  22:source\bsw/tsk_brakelight.c **** #include "tsk_brakelight.h"
  23:source\bsw/tsk_brakelight.c **** 
  24:source\bsw/tsk_brakelight.c **** 
  25:source\bsw/tsk_brakelight.c **** 
  26:source\bsw/tsk_brakelight.c **** 
  27:source\bsw/tsk_brakelight.c **** /* USER CODE START TSK_BRAKELIGHT_INCLUDE */
  28:source\bsw/tsk_brakelight.c **** 
  29:source\bsw/tsk_brakelight.c **** /* USER CODE END TSK_BRAKELIGHT_INCLUDE */
  30:source\bsw/tsk_brakelight.c **** 
ARM GAS  C:\Users\abhim\AppData\Local\Temp\ccNrNVTG.s 			page 2


  31:source\bsw/tsk_brakelight.c **** #include "swc_brakelight_control.h"
  32:source\bsw/tsk_brakelight.c **** 
  33:source\bsw/tsk_brakelight.c **** 
  34:source\bsw/tsk_brakelight.c **** 
  35:source\bsw/tsk_brakelight.c **** /* USER CODE START TSK_BRAKELIGHT_USERDEFINITIONS */
  36:source\bsw/tsk_brakelight.c **** 
  37:source\bsw/tsk_brakelight.c **** /* USER CODE END TSK_BRAKELIGHT_USERDEFINITIONS */
  38:source\bsw/tsk_brakelight.c **** 
  39:source\bsw/tsk_brakelight.c **** /*******************************************************************************
  40:source\bsw/tsk_brakelight.c ****  * Runnable Tables from Activation Engine
  41:source\bsw/tsk_brakelight.c ****  *******************************************************************************/
  42:source\bsw/tsk_brakelight.c **** 
  43:source\bsw/tsk_brakelight.c **** /* Event Table */
  44:source\bsw/tsk_brakelight.c **** const RTE_eventTable_t RTE_eventActivationTable_tsk_brakelight[] = {
  45:source\bsw/tsk_brakelight.c ****     { BRAKELIGHT_CONTROL_setBrakeLight_run, ev_controlspeed_onData },  //Runnable
  46:source\bsw/tsk_brakelight.c **** }; 
  47:source\bsw/tsk_brakelight.c **** const uint16_t RTE_eventActivation_tsk_brakelight_size = sizeof (RTE_eventActivationTable_tsk_brake
  48:source\bsw/tsk_brakelight.c **** 
  49:source\bsw/tsk_brakelight.c **** /*******************************************************************************
  50:source\bsw/tsk_brakelight.c ****  * Task Body
  51:source\bsw/tsk_brakelight.c ****  *******************************************************************************/
  52:source\bsw/tsk_brakelight.c **** 
  53:source\bsw/tsk_brakelight.c **** 
  54:source\bsw/tsk_brakelight.c **** /*
  55:source\bsw/tsk_brakelight.c ****  * description: Task doing work
  56:source\bsw/tsk_brakelight.c ****  * events: ev_controlspeed_onData
  57:source\bsw/tsk_brakelight.c ****  * mode: Event
  58:source\bsw/tsk_brakelight.c ****  * name: tsk_Brakelight
  59:source\bsw/tsk_brakelight.c ****  * shortname: Brakelight
  60:source\bsw/tsk_brakelight.c ****  * signalpoolsRO: sp_signalPool
  61:source\bsw/tsk_brakelight.c ****  * signalpoolsRW: sp_signalPool
  62:source\bsw/tsk_brakelight.c ****  * tickEvent: 0
  63:source\bsw/tsk_brakelight.c ****  * timertickperiod: 0
  64:source\bsw/tsk_brakelight.c ****  */
  65:source\bsw/tsk_brakelight.c **** TASK(tsk_Brakelight)
  66:source\bsw/tsk_brakelight.c **** {
  28              		.loc 1 66 0
  29              		.cfi_startproc
  30              		@ args = 0, pretend = 0, frame = 8
  31              		@ frame_needed = 0, uses_anonymous_args = 0
  32 0000 00B5     		push	{lr}
  33              		.cfi_def_cfa_offset 4
  34              		.cfi_offset 14, -4
  35 0002 83B0     		sub	sp, sp, #12
  36              		.cfi_def_cfa_offset 16
  67:source\bsw/tsk_brakelight.c ****     EventMaskType ev = 0;
  37              		.loc 1 67 0
  38 0004 0023     		movs	r3, #0
  39 0006 0193     		str	r3, [sp, #4]
  40              	.L2:
  68:source\bsw/tsk_brakelight.c ****     
  69:source\bsw/tsk_brakelight.c **** 	/* USER CODE START TSK_BRAKELIGHT_INIT */
  70:source\bsw/tsk_brakelight.c **** 
  71:source\bsw/tsk_brakelight.c **** 	/* USER CODE END TSK_BRAKELIGHT_INIT */
  72:source\bsw/tsk_brakelight.c **** 	
  73:source\bsw/tsk_brakelight.c ****     while(1)
  74:source\bsw/tsk_brakelight.c ****     {
ARM GAS  C:\Users\abhim\AppData\Local\Temp\ccNrNVTG.s 			page 3


  75:source\bsw/tsk_brakelight.c ****         //Wait, read and clear the event
  76:source\bsw/tsk_brakelight.c ****         WaitEvent(ev_controlspeed_onData);
  41              		.loc 1 76 0 discriminator 1
  42 0008 0220     		movs	r0, #2
  43 000a FFF7FEFF 		bl	EE_oo_WaitEvent
  44              	.LVL0:
  77:source\bsw/tsk_brakelight.c ****         GetEvent(tsk_Brakelight,&ev);
  45              		.loc 1 77 0 discriminator 1
  46 000e 01A9     		add	r1, sp, #4
  47 0010 0420     		movs	r0, #4
  48 0012 FFF7FEFF 		bl	EE_oo_GetEvent
  49              	.LVL1:
  78:source\bsw/tsk_brakelight.c ****         ClearEvent(ev);
  50              		.loc 1 78 0 discriminator 1
  51 0016 0198     		ldr	r0, [sp, #4]
  52 0018 FFF7FEFF 		bl	EE_oo_ClearEvent
  53              	.LVL2:
  79:source\bsw/tsk_brakelight.c **** 		
  80:source\bsw/tsk_brakelight.c **** 		/* USER CODE START TSK_BRAKELIGHT_TASKBODY_PRE */
  81:source\bsw/tsk_brakelight.c **** 
  82:source\bsw/tsk_brakelight.c **** 		/* USER CODE END TSK_BRAKELIGHT_TASKBODY_PRE */
  83:source\bsw/tsk_brakelight.c ****     
  84:source\bsw/tsk_brakelight.c **** 
  85:source\bsw/tsk_brakelight.c ****         //Process Event table on event
  86:source\bsw/tsk_brakelight.c ****         RTE_ProcessEventTable(RTE_eventActivationTable_tsk_brakelight, RTE_eventActivation_tsk_brak
  54              		.loc 1 86 0 discriminator 1
  55 001c 019A     		ldr	r2, [sp, #4]
  56 001e 0121     		movs	r1, #1
  57 0020 0148     		ldr	r0, .L4
  58 0022 FFF7FEFF 		bl	RTE_ProcessEventTable
  59              	.LVL3:
  60 0026 EFE7     		b	.L2
  61              	.L5:
  62              		.align	2
  63              	.L4:
  64 0028 00000000 		.word	.LANCHOR0
  65              		.cfi_endproc
  66              	.LFE110:
  67              		.size	Functsk_Brakelight, .-Functsk_Brakelight
  68              		.global	RTE_eventActivation_tsk_brakelight_size
  69              		.global	RTE_eventActivationTable_tsk_brakelight
  70              		.section	.rodata
  71              		.align	2
  72              		.set	.LANCHOR0,. + 0
  73              		.type	RTE_eventActivationTable_tsk_brakelight, %object
  74              		.size	RTE_eventActivationTable_tsk_brakelight, 8
  75              	RTE_eventActivationTable_tsk_brakelight:
  76 0000 00000000 		.word	BRAKELIGHT_CONTROL_setBrakeLight_run
  77 0004 02000000 		.word	2
  78              		.type	RTE_eventActivation_tsk_brakelight_size, %object
  79              		.size	RTE_eventActivation_tsk_brakelight_size, 2
  80              	RTE_eventActivation_tsk_brakelight_size:
  81 0008 0100     		.short	1
  82              		.text
  83              	.Letext0:
  84              		.file 2 "c:\\program files (x86)\\cypress\\psoc creator\\4.4\\psoc creator\\import\\gnu\\arm\\5.4.
  85              		.file 3 "c:\\program files (x86)\\cypress\\psoc creator\\4.4\\psoc creator\\import\\gnu\\arm\\5.4.
ARM GAS  C:\Users\abhim\AppData\Local\Temp\ccNrNVTG.s 			page 4


  86              		.file 4 "Generated_Source\\PSoC5/ErikaOS_common_ee_types.inc"
  87              		.file 5 "Generated_Source\\PSoC5/ErikaOS_cortex_mx_ee_cpu.inc"
  88              		.file 6 "Generated_Source\\PSoC5/ErikaOS_ee_oo_common.inc"
  89              		.file 7 ".\\source\\rte/rte_types.h"
  90              		.file 8 ".\\source\\rte/rte.h"
  91              		.file 9 "Generated_Source\\PSoC5/ErikaOS_ee_oo_intfunc.inc"
  92              		.file 10 "Generated_Source\\PSoC5/ErikaOS_cortex_mx_ee_context.inc"
  93              		.file 11 "Generated_Source\\PSoC5/ErikaOS_common_ee_primitives.inc"
  94              		.file 12 "Generated_Source\\PSoC5/core_cm3.h"
  95              		.file 13 "Generated_Source\\PSoC5/ErikaOS_ee_oo_kernel.inc"
  96              		.file 14 "./watchdog.h"
  97              		.section	.debug_info,"",%progbits
  98              	.Ldebug_info0:
  99 0000 97020000 		.4byte	0x297
 100 0004 0400     		.2byte	0x4
 101 0006 00000000 		.4byte	.Ldebug_abbrev0
 102 000a 04       		.byte	0x4
 103 000b 01       		.uleb128 0x1
 104 000c CE000000 		.4byte	.LASF43
 105 0010 0C       		.byte	0xc
 106 0011 20020000 		.4byte	.LASF44
 107 0015 DD010000 		.4byte	.LASF45
 108 0019 00000000 		.4byte	.Ldebug_ranges0+0
 109 001d 00000000 		.4byte	0
 110 0021 00000000 		.4byte	.Ldebug_line0
 111 0025 02       		.uleb128 0x2
 112 0026 01       		.byte	0x1
 113 0027 06       		.byte	0x6
 114 0028 4E030000 		.4byte	.LASF0
 115 002c 03       		.uleb128 0x3
 116 002d 00000000 		.4byte	.LASF3
 117 0031 02       		.byte	0x2
 118 0032 1D       		.byte	0x1d
 119 0033 37000000 		.4byte	0x37
 120 0037 02       		.uleb128 0x2
 121 0038 01       		.byte	0x1
 122 0039 08       		.byte	0x8
 123 003a C0000000 		.4byte	.LASF1
 124 003e 02       		.uleb128 0x2
 125 003f 02       		.byte	0x2
 126 0040 05       		.byte	0x5
 127 0041 1B030000 		.4byte	.LASF2
 128 0045 03       		.uleb128 0x3
 129 0046 25030000 		.4byte	.LASF4
 130 004a 02       		.byte	0x2
 131 004b 2B       		.byte	0x2b
 132 004c 50000000 		.4byte	0x50
 133 0050 02       		.uleb128 0x2
 134 0051 02       		.byte	0x2
 135 0052 07       		.byte	0x7
 136 0053 6E010000 		.4byte	.LASF5
 137 0057 03       		.uleb128 0x3
 138 0058 2B000000 		.4byte	.LASF6
 139 005c 02       		.byte	0x2
 140 005d 3F       		.byte	0x3f
 141 005e 62000000 		.4byte	0x62
 142 0062 02       		.uleb128 0x2
ARM GAS  C:\Users\abhim\AppData\Local\Temp\ccNrNVTG.s 			page 5


 143 0063 04       		.byte	0x4
 144 0064 05       		.byte	0x5
 145 0065 39030000 		.4byte	.LASF7
 146 0069 02       		.uleb128 0x2
 147 006a 04       		.byte	0x4
 148 006b 07       		.byte	0x7
 149 006c 5C010000 		.4byte	.LASF8
 150 0070 02       		.uleb128 0x2
 151 0071 08       		.byte	0x8
 152 0072 05       		.byte	0x5
 153 0073 EB020000 		.4byte	.LASF9
 154 0077 02       		.uleb128 0x2
 155 0078 08       		.byte	0x8
 156 0079 07       		.byte	0x7
 157 007a 7A020000 		.4byte	.LASF10
 158 007e 04       		.uleb128 0x4
 159 007f 04       		.byte	0x4
 160 0080 05       		.byte	0x5
 161 0081 696E7400 		.ascii	"int\000"
 162 0085 02       		.uleb128 0x2
 163 0086 04       		.byte	0x4
 164 0087 07       		.byte	0x7
 165 0088 5B020000 		.4byte	.LASF11
 166 008c 03       		.uleb128 0x3
 167 008d 91020000 		.4byte	.LASF12
 168 0091 03       		.byte	0x3
 169 0092 18       		.byte	0x18
 170 0093 2C000000 		.4byte	0x2c
 171 0097 03       		.uleb128 0x3
 172 0098 30030000 		.4byte	.LASF13
 173 009c 03       		.byte	0x3
 174 009d 24       		.byte	0x24
 175 009e 45000000 		.4byte	0x45
 176 00a2 03       		.uleb128 0x3
 177 00a3 DA020000 		.4byte	.LASF14
 178 00a7 03       		.byte	0x3
 179 00a8 2C       		.byte	0x2c
 180 00a9 57000000 		.4byte	0x57
 181 00ad 02       		.uleb128 0x2
 182 00ae 04       		.byte	0x4
 183 00af 04       		.byte	0x4
 184 00b0 BA000000 		.4byte	.LASF15
 185 00b4 02       		.uleb128 0x2
 186 00b5 08       		.byte	0x8
 187 00b6 04       		.byte	0x4
 188 00b7 43000000 		.4byte	.LASF16
 189 00bb 02       		.uleb128 0x2
 190 00bc 01       		.byte	0x1
 191 00bd 08       		.byte	0x8
 192 00be F9020000 		.4byte	.LASF17
 193 00c2 02       		.uleb128 0x2
 194 00c3 08       		.byte	0x8
 195 00c4 04       		.byte	0x4
 196 00c5 42030000 		.4byte	.LASF18
 197 00c9 03       		.uleb128 0x3
 198 00ca 94010000 		.4byte	.LASF19
 199 00ce 04       		.byte	0x4
ARM GAS  C:\Users\abhim\AppData\Local\Temp\ccNrNVTG.s 			page 6


 200 00cf 53       		.byte	0x53
 201 00d0 7E000000 		.4byte	0x7e
 202 00d4 03       		.uleb128 0x3
 203 00d5 70020000 		.4byte	.LASF20
 204 00d9 04       		.byte	0x4
 205 00da 54       		.byte	0x54
 206 00db 85000000 		.4byte	0x85
 207 00df 03       		.uleb128 0x3
 208 00e0 FE020000 		.4byte	.LASF21
 209 00e4 05       		.byte	0x5
 210 00e5 4D       		.byte	0x4d
 211 00e6 D4000000 		.4byte	0xd4
 212 00ea 03       		.uleb128 0x3
 213 00eb 68020000 		.4byte	.LASF22
 214 00ef 05       		.byte	0x5
 215 00f0 4F       		.byte	0x4f
 216 00f1 D4000000 		.4byte	0xd4
 217 00f5 03       		.uleb128 0x3
 218 00f6 63000000 		.4byte	.LASF23
 219 00fa 05       		.byte	0x5
 220 00fb 78       		.byte	0x78
 221 00fc C9000000 		.4byte	0xc9
 222 0100 05       		.uleb128 0x5
 223 0101 35000000 		.4byte	.LASF24
 224 0105 06       		.byte	0x6
 225 0106 2C02     		.2byte	0x22c
 226 0108 DF000000 		.4byte	0xdf
 227 010c 02       		.uleb128 0x2
 228 010d 04       		.byte	0x4
 229 010e 07       		.byte	0x7
 230 010f E2020000 		.4byte	.LASF25
 231 0113 03       		.uleb128 0x3
 232 0114 C2010000 		.4byte	.LASF26
 233 0118 07       		.byte	0x7
 234 0119 21       		.byte	0x21
 235 011a 00010000 		.4byte	0x100
 236 011e 03       		.uleb128 0x3
 237 011f 5A030000 		.4byte	.LASF27
 238 0123 08       		.byte	0x8
 239 0124 66       		.byte	0x66
 240 0125 29010000 		.4byte	0x129
 241 0129 06       		.uleb128 0x6
 242 012a 04       		.byte	0x4
 243 012b 2F010000 		.4byte	0x12f
 244 012f 07       		.uleb128 0x7
 245 0130 3A010000 		.4byte	0x13a
 246 0134 08       		.uleb128 0x8
 247 0135 13010000 		.4byte	0x113
 248 0139 00       		.byte	0
 249 013a 09       		.uleb128 0x9
 250 013b 08       		.byte	0x8
 251 013c 08       		.byte	0x8
 252 013d 74       		.byte	0x74
 253 013e 5B010000 		.4byte	0x15b
 254 0142 0A       		.uleb128 0xa
 255 0143 72756E00 		.ascii	"run\000"
 256 0147 08       		.byte	0x8
ARM GAS  C:\Users\abhim\AppData\Local\Temp\ccNrNVTG.s 			page 7


 257 0148 76       		.byte	0x76
 258 0149 1E010000 		.4byte	0x11e
 259 014d 00       		.byte	0
 260 014e 0B       		.uleb128 0xb
 261 014f 3C020000 		.4byte	.LASF28
 262 0153 08       		.byte	0x8
 263 0154 77       		.byte	0x77
 264 0155 00010000 		.4byte	0x100
 265 0159 04       		.byte	0x4
 266 015a 00       		.byte	0
 267 015b 03       		.uleb128 0x3
 268 015c 1A000000 		.4byte	.LASF29
 269 0160 08       		.byte	0x8
 270 0161 78       		.byte	0x78
 271 0162 3A010000 		.4byte	0x13a
 272 0166 0C       		.uleb128 0xc
 273 0167 81010000 		.4byte	.LASF46
 274 016b 01       		.byte	0x1
 275 016c 41       		.byte	0x41
 276 016d 00000000 		.4byte	.LFB110
 277 0171 2C000000 		.4byte	.LFE110-.LFB110
 278 0175 01       		.uleb128 0x1
 279 0176 9C       		.byte	0x9c
 280 0177 D6010000 		.4byte	0x1d6
 281 017b 0D       		.uleb128 0xd
 282 017c 657600   		.ascii	"ev\000"
 283 017f 01       		.byte	0x1
 284 0180 43       		.byte	0x43
 285 0181 00010000 		.4byte	0x100
 286 0185 02       		.uleb128 0x2
 287 0186 91       		.byte	0x91
 288 0187 74       		.sleb128 -12
 289 0188 0E       		.uleb128 0xe
 290 0189 0E000000 		.4byte	.LVL0
 291 018d 6B020000 		.4byte	0x26b
 292 0191 9B010000 		.4byte	0x19b
 293 0195 0F       		.uleb128 0xf
 294 0196 01       		.uleb128 0x1
 295 0197 50       		.byte	0x50
 296 0198 01       		.uleb128 0x1
 297 0199 32       		.byte	0x32
 298 019a 00       		.byte	0
 299 019b 0E       		.uleb128 0xe
 300 019c 16000000 		.4byte	.LVL1
 301 01a0 77020000 		.4byte	0x277
 302 01a4 B4010000 		.4byte	0x1b4
 303 01a8 0F       		.uleb128 0xf
 304 01a9 01       		.uleb128 0x1
 305 01aa 50       		.byte	0x50
 306 01ab 01       		.uleb128 0x1
 307 01ac 34       		.byte	0x34
 308 01ad 0F       		.uleb128 0xf
 309 01ae 01       		.uleb128 0x1
 310 01af 51       		.byte	0x51
 311 01b0 02       		.uleb128 0x2
 312 01b1 91       		.byte	0x91
 313 01b2 74       		.sleb128 -12
ARM GAS  C:\Users\abhim\AppData\Local\Temp\ccNrNVTG.s 			page 8


 314 01b3 00       		.byte	0
 315 01b4 10       		.uleb128 0x10
 316 01b5 1C000000 		.4byte	.LVL2
 317 01b9 83020000 		.4byte	0x283
 318 01bd 11       		.uleb128 0x11
 319 01be 26000000 		.4byte	.LVL3
 320 01c2 8F020000 		.4byte	0x28f
 321 01c6 0F       		.uleb128 0xf
 322 01c7 01       		.uleb128 0x1
 323 01c8 50       		.byte	0x50
 324 01c9 05       		.uleb128 0x5
 325 01ca 03       		.byte	0x3
 326 01cb 00000000 		.4byte	.LANCHOR0
 327 01cf 0F       		.uleb128 0xf
 328 01d0 01       		.uleb128 0x1
 329 01d1 51       		.byte	0x51
 330 01d2 01       		.uleb128 0x1
 331 01d3 31       		.byte	0x31
 332 01d4 00       		.byte	0
 333 01d5 00       		.byte	0
 334 01d6 12       		.uleb128 0x12
 335 01d7 AA010000 		.4byte	.LASF30
 336 01db 0E       		.byte	0xe
 337 01dc 26       		.byte	0x26
 338 01dd 8C000000 		.4byte	0x8c
 339 01e1 00       		.byte	0
 340 01e2 13       		.uleb128 0x13
 341 01e3 C2020000 		.4byte	.LASF31
 342 01e7 09       		.byte	0x9
 343 01e8 40       		.byte	0x40
 344 01e9 DF000000 		.4byte	0xdf
 345 01ed 13       		.uleb128 0x13
 346 01ee 4A000000 		.4byte	.LASF32
 347 01f2 09       		.byte	0x9
 348 01f3 47       		.byte	0x47
 349 01f4 EA000000 		.4byte	0xea
 350 01f8 13       		.uleb128 0x13
 351 01f9 99020000 		.4byte	.LASF33
 352 01fd 09       		.byte	0x9
 353 01fe 4A       		.byte	0x4a
 354 01ff DF000000 		.4byte	0xdf
 355 0203 13       		.uleb128 0x13
 356 0204 42020000 		.4byte	.LASF34
 357 0208 0A       		.byte	0xa
 358 0209 48       		.byte	0x48
 359 020a F5000000 		.4byte	0xf5
 360 020e 13       		.uleb128 0x13
 361 020f 06030000 		.4byte	.LASF35
 362 0213 0B       		.byte	0xb
 363 0214 44       		.byte	0x44
 364 0215 DF000000 		.4byte	0xdf
 365 0219 14       		.uleb128 0x14
 366 021a 9D010000 		.4byte	.LASF36
 367 021e 0C       		.byte	0xc
 368 021f 1207     		.2byte	0x712
 369 0221 25020000 		.4byte	0x225
 370 0225 15       		.uleb128 0x15
ARM GAS  C:\Users\abhim\AppData\Local\Temp\ccNrNVTG.s 			page 9


 371 0226 A2000000 		.4byte	0xa2
 372 022a 16       		.uleb128 0x16
 373 022b 3A020000 		.4byte	0x23a
 374 022f 3A020000 		.4byte	0x23a
 375 0233 17       		.uleb128 0x17
 376 0234 0C010000 		.4byte	0x10c
 377 0238 00       		.byte	0
 378 0239 00       		.byte	0
 379 023a 18       		.uleb128 0x18
 380 023b 5B010000 		.4byte	0x15b
 381 023f 19       		.uleb128 0x19
 382 0240 92000000 		.4byte	.LASF37
 383 0244 01       		.byte	0x1
 384 0245 2C       		.byte	0x2c
 385 0246 50020000 		.4byte	0x250
 386 024a 05       		.uleb128 0x5
 387 024b 03       		.byte	0x3
 388 024c 00000000 		.4byte	RTE_eventActivationTable_tsk_brakelight
 389 0250 18       		.uleb128 0x18
 390 0251 2A020000 		.4byte	0x22a
 391 0255 19       		.uleb128 0x19
 392 0256 6A000000 		.4byte	.LASF38
 393 025a 01       		.byte	0x1
 394 025b 2F       		.byte	0x2f
 395 025c 66020000 		.4byte	0x266
 396 0260 05       		.uleb128 0x5
 397 0261 03       		.byte	0x3
 398 0262 00000000 		.4byte	RTE_eventActivation_tsk_brakelight_size
 399 0266 18       		.uleb128 0x18
 400 0267 97000000 		.4byte	0x97
 401 026b 1A       		.uleb128 0x1a
 402 026c 0A000000 		.4byte	.LASF39
 403 0270 0A000000 		.4byte	.LASF39
 404 0274 0D       		.byte	0xd
 405 0275 5901     		.2byte	0x159
 406 0277 1A       		.uleb128 0x1a
 407 0278 68030000 		.4byte	.LASF40
 408 027c 68030000 		.4byte	.LASF40
 409 0280 0D       		.byte	0xd
 410 0281 5401     		.2byte	0x154
 411 0283 1A       		.uleb128 0x1a
 412 0284 CC010000 		.4byte	.LASF41
 413 0288 CC010000 		.4byte	.LASF41
 414 028c 0D       		.byte	0xd
 415 028d 4F01     		.2byte	0x14f
 416 028f 1B       		.uleb128 0x1b
 417 0290 AC020000 		.4byte	.LASF42
 418 0294 AC020000 		.4byte	.LASF42
 419 0298 08       		.byte	0x8
 420 0299 97       		.byte	0x97
 421 029a 00       		.byte	0
 422              		.section	.debug_abbrev,"",%progbits
 423              	.Ldebug_abbrev0:
 424 0000 01       		.uleb128 0x1
 425 0001 11       		.uleb128 0x11
 426 0002 01       		.byte	0x1
 427 0003 25       		.uleb128 0x25
ARM GAS  C:\Users\abhim\AppData\Local\Temp\ccNrNVTG.s 			page 10


 428 0004 0E       		.uleb128 0xe
 429 0005 13       		.uleb128 0x13
 430 0006 0B       		.uleb128 0xb
 431 0007 03       		.uleb128 0x3
 432 0008 0E       		.uleb128 0xe
 433 0009 1B       		.uleb128 0x1b
 434 000a 0E       		.uleb128 0xe
 435 000b 55       		.uleb128 0x55
 436 000c 17       		.uleb128 0x17
 437 000d 11       		.uleb128 0x11
 438 000e 01       		.uleb128 0x1
 439 000f 10       		.uleb128 0x10
 440 0010 17       		.uleb128 0x17
 441 0011 00       		.byte	0
 442 0012 00       		.byte	0
 443 0013 02       		.uleb128 0x2
 444 0014 24       		.uleb128 0x24
 445 0015 00       		.byte	0
 446 0016 0B       		.uleb128 0xb
 447 0017 0B       		.uleb128 0xb
 448 0018 3E       		.uleb128 0x3e
 449 0019 0B       		.uleb128 0xb
 450 001a 03       		.uleb128 0x3
 451 001b 0E       		.uleb128 0xe
 452 001c 00       		.byte	0
 453 001d 00       		.byte	0
 454 001e 03       		.uleb128 0x3
 455 001f 16       		.uleb128 0x16
 456 0020 00       		.byte	0
 457 0021 03       		.uleb128 0x3
 458 0022 0E       		.uleb128 0xe
 459 0023 3A       		.uleb128 0x3a
 460 0024 0B       		.uleb128 0xb
 461 0025 3B       		.uleb128 0x3b
 462 0026 0B       		.uleb128 0xb
 463 0027 49       		.uleb128 0x49
 464 0028 13       		.uleb128 0x13
 465 0029 00       		.byte	0
 466 002a 00       		.byte	0
 467 002b 04       		.uleb128 0x4
 468 002c 24       		.uleb128 0x24
 469 002d 00       		.byte	0
 470 002e 0B       		.uleb128 0xb
 471 002f 0B       		.uleb128 0xb
 472 0030 3E       		.uleb128 0x3e
 473 0031 0B       		.uleb128 0xb
 474 0032 03       		.uleb128 0x3
 475 0033 08       		.uleb128 0x8
 476 0034 00       		.byte	0
 477 0035 00       		.byte	0
 478 0036 05       		.uleb128 0x5
 479 0037 16       		.uleb128 0x16
 480 0038 00       		.byte	0
 481 0039 03       		.uleb128 0x3
 482 003a 0E       		.uleb128 0xe
 483 003b 3A       		.uleb128 0x3a
 484 003c 0B       		.uleb128 0xb
ARM GAS  C:\Users\abhim\AppData\Local\Temp\ccNrNVTG.s 			page 11


 485 003d 3B       		.uleb128 0x3b
 486 003e 05       		.uleb128 0x5
 487 003f 49       		.uleb128 0x49
 488 0040 13       		.uleb128 0x13
 489 0041 00       		.byte	0
 490 0042 00       		.byte	0
 491 0043 06       		.uleb128 0x6
 492 0044 0F       		.uleb128 0xf
 493 0045 00       		.byte	0
 494 0046 0B       		.uleb128 0xb
 495 0047 0B       		.uleb128 0xb
 496 0048 49       		.uleb128 0x49
 497 0049 13       		.uleb128 0x13
 498 004a 00       		.byte	0
 499 004b 00       		.byte	0
 500 004c 07       		.uleb128 0x7
 501 004d 15       		.uleb128 0x15
 502 004e 01       		.byte	0x1
 503 004f 27       		.uleb128 0x27
 504 0050 19       		.uleb128 0x19
 505 0051 01       		.uleb128 0x1
 506 0052 13       		.uleb128 0x13
 507 0053 00       		.byte	0
 508 0054 00       		.byte	0
 509 0055 08       		.uleb128 0x8
 510 0056 05       		.uleb128 0x5
 511 0057 00       		.byte	0
 512 0058 49       		.uleb128 0x49
 513 0059 13       		.uleb128 0x13
 514 005a 00       		.byte	0
 515 005b 00       		.byte	0
 516 005c 09       		.uleb128 0x9
 517 005d 13       		.uleb128 0x13
 518 005e 01       		.byte	0x1
 519 005f 0B       		.uleb128 0xb
 520 0060 0B       		.uleb128 0xb
 521 0061 3A       		.uleb128 0x3a
 522 0062 0B       		.uleb128 0xb
 523 0063 3B       		.uleb128 0x3b
 524 0064 0B       		.uleb128 0xb
 525 0065 01       		.uleb128 0x1
 526 0066 13       		.uleb128 0x13
 527 0067 00       		.byte	0
 528 0068 00       		.byte	0
 529 0069 0A       		.uleb128 0xa
 530 006a 0D       		.uleb128 0xd
 531 006b 00       		.byte	0
 532 006c 03       		.uleb128 0x3
 533 006d 08       		.uleb128 0x8
 534 006e 3A       		.uleb128 0x3a
 535 006f 0B       		.uleb128 0xb
 536 0070 3B       		.uleb128 0x3b
 537 0071 0B       		.uleb128 0xb
 538 0072 49       		.uleb128 0x49
 539 0073 13       		.uleb128 0x13
 540 0074 38       		.uleb128 0x38
 541 0075 0B       		.uleb128 0xb
ARM GAS  C:\Users\abhim\AppData\Local\Temp\ccNrNVTG.s 			page 12


 542 0076 00       		.byte	0
 543 0077 00       		.byte	0
 544 0078 0B       		.uleb128 0xb
 545 0079 0D       		.uleb128 0xd
 546 007a 00       		.byte	0
 547 007b 03       		.uleb128 0x3
 548 007c 0E       		.uleb128 0xe
 549 007d 3A       		.uleb128 0x3a
 550 007e 0B       		.uleb128 0xb
 551 007f 3B       		.uleb128 0x3b
 552 0080 0B       		.uleb128 0xb
 553 0081 49       		.uleb128 0x49
 554 0082 13       		.uleb128 0x13
 555 0083 38       		.uleb128 0x38
 556 0084 0B       		.uleb128 0xb
 557 0085 00       		.byte	0
 558 0086 00       		.byte	0
 559 0087 0C       		.uleb128 0xc
 560 0088 2E       		.uleb128 0x2e
 561 0089 01       		.byte	0x1
 562 008a 3F       		.uleb128 0x3f
 563 008b 19       		.uleb128 0x19
 564 008c 03       		.uleb128 0x3
 565 008d 0E       		.uleb128 0xe
 566 008e 3A       		.uleb128 0x3a
 567 008f 0B       		.uleb128 0xb
 568 0090 3B       		.uleb128 0x3b
 569 0091 0B       		.uleb128 0xb
 570 0092 27       		.uleb128 0x27
 571 0093 19       		.uleb128 0x19
 572 0094 8701     		.uleb128 0x87
 573 0096 19       		.uleb128 0x19
 574 0097 11       		.uleb128 0x11
 575 0098 01       		.uleb128 0x1
 576 0099 12       		.uleb128 0x12
 577 009a 06       		.uleb128 0x6
 578 009b 40       		.uleb128 0x40
 579 009c 18       		.uleb128 0x18
 580 009d 9742     		.uleb128 0x2117
 581 009f 19       		.uleb128 0x19
 582 00a0 01       		.uleb128 0x1
 583 00a1 13       		.uleb128 0x13
 584 00a2 00       		.byte	0
 585 00a3 00       		.byte	0
 586 00a4 0D       		.uleb128 0xd
 587 00a5 34       		.uleb128 0x34
 588 00a6 00       		.byte	0
 589 00a7 03       		.uleb128 0x3
 590 00a8 08       		.uleb128 0x8
 591 00a9 3A       		.uleb128 0x3a
 592 00aa 0B       		.uleb128 0xb
 593 00ab 3B       		.uleb128 0x3b
 594 00ac 0B       		.uleb128 0xb
 595 00ad 49       		.uleb128 0x49
 596 00ae 13       		.uleb128 0x13
 597 00af 02       		.uleb128 0x2
 598 00b0 18       		.uleb128 0x18
ARM GAS  C:\Users\abhim\AppData\Local\Temp\ccNrNVTG.s 			page 13


 599 00b1 00       		.byte	0
 600 00b2 00       		.byte	0
 601 00b3 0E       		.uleb128 0xe
 602 00b4 898201   		.uleb128 0x4109
 603 00b7 01       		.byte	0x1
 604 00b8 11       		.uleb128 0x11
 605 00b9 01       		.uleb128 0x1
 606 00ba 31       		.uleb128 0x31
 607 00bb 13       		.uleb128 0x13
 608 00bc 01       		.uleb128 0x1
 609 00bd 13       		.uleb128 0x13
 610 00be 00       		.byte	0
 611 00bf 00       		.byte	0
 612 00c0 0F       		.uleb128 0xf
 613 00c1 8A8201   		.uleb128 0x410a
 614 00c4 00       		.byte	0
 615 00c5 02       		.uleb128 0x2
 616 00c6 18       		.uleb128 0x18
 617 00c7 9142     		.uleb128 0x2111
 618 00c9 18       		.uleb128 0x18
 619 00ca 00       		.byte	0
 620 00cb 00       		.byte	0
 621 00cc 10       		.uleb128 0x10
 622 00cd 898201   		.uleb128 0x4109
 623 00d0 00       		.byte	0
 624 00d1 11       		.uleb128 0x11
 625 00d2 01       		.uleb128 0x1
 626 00d3 31       		.uleb128 0x31
 627 00d4 13       		.uleb128 0x13
 628 00d5 00       		.byte	0
 629 00d6 00       		.byte	0
 630 00d7 11       		.uleb128 0x11
 631 00d8 898201   		.uleb128 0x4109
 632 00db 01       		.byte	0x1
 633 00dc 11       		.uleb128 0x11
 634 00dd 01       		.uleb128 0x1
 635 00de 31       		.uleb128 0x31
 636 00df 13       		.uleb128 0x13
 637 00e0 00       		.byte	0
 638 00e1 00       		.byte	0
 639 00e2 12       		.uleb128 0x12
 640 00e3 34       		.uleb128 0x34
 641 00e4 00       		.byte	0
 642 00e5 03       		.uleb128 0x3
 643 00e6 0E       		.uleb128 0xe
 644 00e7 3A       		.uleb128 0x3a
 645 00e8 0B       		.uleb128 0xb
 646 00e9 3B       		.uleb128 0x3b
 647 00ea 0B       		.uleb128 0xb
 648 00eb 49       		.uleb128 0x49
 649 00ec 13       		.uleb128 0x13
 650 00ed 1C       		.uleb128 0x1c
 651 00ee 0B       		.uleb128 0xb
 652 00ef 00       		.byte	0
 653 00f0 00       		.byte	0
 654 00f1 13       		.uleb128 0x13
 655 00f2 34       		.uleb128 0x34
ARM GAS  C:\Users\abhim\AppData\Local\Temp\ccNrNVTG.s 			page 14


 656 00f3 00       		.byte	0
 657 00f4 03       		.uleb128 0x3
 658 00f5 0E       		.uleb128 0xe
 659 00f6 3A       		.uleb128 0x3a
 660 00f7 0B       		.uleb128 0xb
 661 00f8 3B       		.uleb128 0x3b
 662 00f9 0B       		.uleb128 0xb
 663 00fa 49       		.uleb128 0x49
 664 00fb 13       		.uleb128 0x13
 665 00fc 3F       		.uleb128 0x3f
 666 00fd 19       		.uleb128 0x19
 667 00fe 3C       		.uleb128 0x3c
 668 00ff 19       		.uleb128 0x19
 669 0100 00       		.byte	0
 670 0101 00       		.byte	0
 671 0102 14       		.uleb128 0x14
 672 0103 34       		.uleb128 0x34
 673 0104 00       		.byte	0
 674 0105 03       		.uleb128 0x3
 675 0106 0E       		.uleb128 0xe
 676 0107 3A       		.uleb128 0x3a
 677 0108 0B       		.uleb128 0xb
 678 0109 3B       		.uleb128 0x3b
 679 010a 05       		.uleb128 0x5
 680 010b 49       		.uleb128 0x49
 681 010c 13       		.uleb128 0x13
 682 010d 3F       		.uleb128 0x3f
 683 010e 19       		.uleb128 0x19
 684 010f 3C       		.uleb128 0x3c
 685 0110 19       		.uleb128 0x19
 686 0111 00       		.byte	0
 687 0112 00       		.byte	0
 688 0113 15       		.uleb128 0x15
 689 0114 35       		.uleb128 0x35
 690 0115 00       		.byte	0
 691 0116 49       		.uleb128 0x49
 692 0117 13       		.uleb128 0x13
 693 0118 00       		.byte	0
 694 0119 00       		.byte	0
 695 011a 16       		.uleb128 0x16
 696 011b 01       		.uleb128 0x1
 697 011c 01       		.byte	0x1
 698 011d 49       		.uleb128 0x49
 699 011e 13       		.uleb128 0x13
 700 011f 01       		.uleb128 0x1
 701 0120 13       		.uleb128 0x13
 702 0121 00       		.byte	0
 703 0122 00       		.byte	0
 704 0123 17       		.uleb128 0x17
 705 0124 21       		.uleb128 0x21
 706 0125 00       		.byte	0
 707 0126 49       		.uleb128 0x49
 708 0127 13       		.uleb128 0x13
 709 0128 2F       		.uleb128 0x2f
 710 0129 0B       		.uleb128 0xb
 711 012a 00       		.byte	0
 712 012b 00       		.byte	0
ARM GAS  C:\Users\abhim\AppData\Local\Temp\ccNrNVTG.s 			page 15


 713 012c 18       		.uleb128 0x18
 714 012d 26       		.uleb128 0x26
 715 012e 00       		.byte	0
 716 012f 49       		.uleb128 0x49
 717 0130 13       		.uleb128 0x13
 718 0131 00       		.byte	0
 719 0132 00       		.byte	0
 720 0133 19       		.uleb128 0x19
 721 0134 34       		.uleb128 0x34
 722 0135 00       		.byte	0
 723 0136 03       		.uleb128 0x3
 724 0137 0E       		.uleb128 0xe
 725 0138 3A       		.uleb128 0x3a
 726 0139 0B       		.uleb128 0xb
 727 013a 3B       		.uleb128 0x3b
 728 013b 0B       		.uleb128 0xb
 729 013c 49       		.uleb128 0x49
 730 013d 13       		.uleb128 0x13
 731 013e 3F       		.uleb128 0x3f
 732 013f 19       		.uleb128 0x19
 733 0140 02       		.uleb128 0x2
 734 0141 18       		.uleb128 0x18
 735 0142 00       		.byte	0
 736 0143 00       		.byte	0
 737 0144 1A       		.uleb128 0x1a
 738 0145 2E       		.uleb128 0x2e
 739 0146 00       		.byte	0
 740 0147 3F       		.uleb128 0x3f
 741 0148 19       		.uleb128 0x19
 742 0149 3C       		.uleb128 0x3c
 743 014a 19       		.uleb128 0x19
 744 014b 6E       		.uleb128 0x6e
 745 014c 0E       		.uleb128 0xe
 746 014d 03       		.uleb128 0x3
 747 014e 0E       		.uleb128 0xe
 748 014f 3A       		.uleb128 0x3a
 749 0150 0B       		.uleb128 0xb
 750 0151 3B       		.uleb128 0x3b
 751 0152 05       		.uleb128 0x5
 752 0153 00       		.byte	0
 753 0154 00       		.byte	0
 754 0155 1B       		.uleb128 0x1b
 755 0156 2E       		.uleb128 0x2e
 756 0157 00       		.byte	0
 757 0158 3F       		.uleb128 0x3f
 758 0159 19       		.uleb128 0x19
 759 015a 3C       		.uleb128 0x3c
 760 015b 19       		.uleb128 0x19
 761 015c 6E       		.uleb128 0x6e
 762 015d 0E       		.uleb128 0xe
 763 015e 03       		.uleb128 0x3
 764 015f 0E       		.uleb128 0xe
 765 0160 3A       		.uleb128 0x3a
 766 0161 0B       		.uleb128 0xb
 767 0162 3B       		.uleb128 0x3b
 768 0163 0B       		.uleb128 0xb
 769 0164 00       		.byte	0
ARM GAS  C:\Users\abhim\AppData\Local\Temp\ccNrNVTG.s 			page 16


 770 0165 00       		.byte	0
 771 0166 00       		.byte	0
 772              		.section	.debug_aranges,"",%progbits
 773 0000 1C000000 		.4byte	0x1c
 774 0004 0200     		.2byte	0x2
 775 0006 00000000 		.4byte	.Ldebug_info0
 776 000a 04       		.byte	0x4
 777 000b 00       		.byte	0
 778 000c 0000     		.2byte	0
 779 000e 0000     		.2byte	0
 780 0010 00000000 		.4byte	.LFB110
 781 0014 2C000000 		.4byte	.LFE110-.LFB110
 782 0018 00000000 		.4byte	0
 783 001c 00000000 		.4byte	0
 784              		.section	.debug_ranges,"",%progbits
 785              	.Ldebug_ranges0:
 786 0000 00000000 		.4byte	.LFB110
 787 0004 2C000000 		.4byte	.LFE110
 788 0008 00000000 		.4byte	0
 789 000c 00000000 		.4byte	0
 790              		.section	.debug_line,"",%progbits
 791              	.Ldebug_line0:
 792 0000 92020000 		.section	.debug_str,"MS",%progbits,1
 792      02006502 
 792      00000201 
 792      FB0E0D00 
 792      01010101 
 793              	.LASF3:
 794 0000 5F5F7569 		.ascii	"__uint8_t\000"
 794      6E74385F 
 794      7400
 795              	.LASF39:
 796 000a 45455F6F 		.ascii	"EE_oo_WaitEvent\000"
 796      6F5F5761 
 796      69744576 
 796      656E7400 
 797              	.LASF29:
 798 001a 5254455F 		.ascii	"RTE_eventTable_t\000"
 798      6576656E 
 798      74546162 
 798      6C655F74 
 798      00
 799              	.LASF6:
 800 002b 5F5F696E 		.ascii	"__int32_t\000"
 800      7433325F 
 800      7400
 801              	.LASF24:
 802 0035 4576656E 		.ascii	"EventMaskType\000"
 802      744D6173 
 802      6B547970 
 802      6500
 803              	.LASF16:
 804 0043 646F7562 		.ascii	"double\000"
 804      6C6500
 805              	.LASF32:
 806 004a 45455F6F 		.ascii	"EE_oo_IRQ_suspend_status\000"
 806      6F5F4952 
ARM GAS  C:\Users\abhim\AppData\Local\Temp\ccNrNVTG.s 			page 17


 806      515F7375 
 806      7370656E 
 806      645F7374 
 807              	.LASF23:
 808 0063 45455F54 		.ascii	"EE_TID\000"
 808      494400
 809              	.LASF38:
 810 006a 5254455F 		.ascii	"RTE_eventActivation_tsk_brakelight_size\000"
 810      6576656E 
 810      74416374 
 810      69766174 
 810      696F6E5F 
 811              	.LASF37:
 812 0092 5254455F 		.ascii	"RTE_eventActivationTable_tsk_brakelight\000"
 812      6576656E 
 812      74416374 
 812      69766174 
 812      696F6E54 
 813              	.LASF15:
 814 00ba 666C6F61 		.ascii	"float\000"
 814      7400
 815              	.LASF1:
 816 00c0 756E7369 		.ascii	"unsigned char\000"
 816      676E6564 
 816      20636861 
 816      7200
 817              	.LASF43:
 818 00ce 474E5520 		.ascii	"GNU C11 5.4.1 20160609 (release) [ARM/embedded-5-br"
 818      43313120 
 818      352E342E 
 818      31203230 
 818      31363036 
 819 0101 616E6368 		.ascii	"anch revision 237715] -mcpu=cortex-m3 -mthumb -g -O"
 819      20726576 
 819      6973696F 
 819      6E203233 
 819      37373135 
 820 0134 67202D66 		.ascii	"g -ffunction-sections -ffat-lto-objects\000"
 820      66756E63 
 820      74696F6E 
 820      2D736563 
 820      74696F6E 
 821              	.LASF8:
 822 015c 6C6F6E67 		.ascii	"long unsigned int\000"
 822      20756E73 
 822      69676E65 
 822      6420696E 
 822      7400
 823              	.LASF5:
 824 016e 73686F72 		.ascii	"short unsigned int\000"
 824      7420756E 
 824      7369676E 
 824      65642069 
 824      6E7400
 825              	.LASF46:
 826 0181 46756E63 		.ascii	"Functsk_Brakelight\000"
 826      74736B5F 
ARM GAS  C:\Users\abhim\AppData\Local\Temp\ccNrNVTG.s 			page 18


 826      4272616B 
 826      656C6967 
 826      687400
 827              	.LASF19:
 828 0194 45455F49 		.ascii	"EE_INT32\000"
 828      4E543332 
 828      00
 829              	.LASF36:
 830 019d 49544D5F 		.ascii	"ITM_RxBuffer\000"
 830      52784275 
 830      66666572 
 830      00
 831              	.LASF30:
 832 01aa 57445F61 		.ascii	"WD_alive_Globalbitfield\000"
 832      6C697665 
 832      5F476C6F 
 832      62616C62 
 832      69746669 
 833              	.LASF26:
 834 01c2 5254455F 		.ascii	"RTE_event\000"
 834      6576656E 
 834      7400
 835              	.LASF41:
 836 01cc 45455F6F 		.ascii	"EE_oo_ClearEvent\000"
 836      6F5F436C 
 836      65617245 
 836      76656E74 
 836      00
 837              	.LASF45:
 838 01dd 443A5C70 		.ascii	"D:\\psoc-workspace\\Git\\ElectronicGaspedal\\Electr"
 838      736F632D 
 838      776F726B 
 838      73706163 
 838      655C4769 
 839 020c 6F6E6963 		.ascii	"onic Gaspedal.cydsn\000"
 839      20476173 
 839      70656461 
 839      6C2E6379 
 839      64736E00 
 840              	.LASF44:
 841 0220 736F7572 		.ascii	"source\\bsw\\tsk_brakelight.c\000"
 841      63655C62 
 841      73775C74 
 841      736B5F62 
 841      72616B65 
 842              	.LASF28:
 843 023c 6576656E 		.ascii	"event\000"
 843      7400
 844              	.LASF34:
 845 0242 45455F73 		.ascii	"EE_std_endcycle_next_tid\000"
 845      74645F65 
 845      6E646379 
 845      636C655F 
 845      6E657874 
 846              	.LASF11:
 847 025b 756E7369 		.ascii	"unsigned int\000"
 847      676E6564 
ARM GAS  C:\Users\abhim\AppData\Local\Temp\ccNrNVTG.s 			page 19


 847      20696E74 
 847      00
 848              	.LASF22:
 849 0268 45455F46 		.ascii	"EE_FREG\000"
 849      52454700 
 850              	.LASF20:
 851 0270 45455F55 		.ascii	"EE_UINT32\000"
 851      494E5433 
 851      3200
 852              	.LASF10:
 853 027a 6C6F6E67 		.ascii	"long long unsigned int\000"
 853      206C6F6E 
 853      6720756E 
 853      7369676E 
 853      65642069 
 854              	.LASF12:
 855 0291 75696E74 		.ascii	"uint8_t\000"
 855      385F7400 
 856              	.LASF33:
 857 0299 45455F41 		.ascii	"EE_ApplicationMode\000"
 857      70706C69 
 857      63617469 
 857      6F6E4D6F 
 857      646500
 858              	.LASF42:
 859 02ac 5254455F 		.ascii	"RTE_ProcessEventTable\000"
 859      50726F63 
 859      65737345 
 859      76656E74 
 859      5461626C 
 860              	.LASF31:
 861 02c2 45455F6F 		.ascii	"EE_oo_IRQ_disable_count\000"
 861      6F5F4952 
 861      515F6469 
 861      7361626C 
 861      655F636F 
 862              	.LASF14:
 863 02da 696E7433 		.ascii	"int32_t\000"
 863      325F7400 
 864              	.LASF25:
 865 02e2 73697A65 		.ascii	"sizetype\000"
 865      74797065 
 865      00
 866              	.LASF9:
 867 02eb 6C6F6E67 		.ascii	"long long int\000"
 867      206C6F6E 
 867      6720696E 
 867      7400
 868              	.LASF17:
 869 02f9 63686172 		.ascii	"char\000"
 869      00
 870              	.LASF21:
 871 02fe 45455F55 		.ascii	"EE_UREG\000"
 871      52454700 
 872              	.LASF35:
 873 0306 45455F49 		.ascii	"EE_IRQ_nesting_level\000"
 873      52515F6E 
ARM GAS  C:\Users\abhim\AppData\Local\Temp\ccNrNVTG.s 			page 20


 873      65737469 
 873      6E675F6C 
 873      6576656C 
 874              	.LASF2:
 875 031b 73686F72 		.ascii	"short int\000"
 875      7420696E 
 875      7400
 876              	.LASF4:
 877 0325 5F5F7569 		.ascii	"__uint16_t\000"
 877      6E743136 
 877      5F7400
 878              	.LASF13:
 879 0330 75696E74 		.ascii	"uint16_t\000"
 879      31365F74 
 879      00
 880              	.LASF7:
 881 0339 6C6F6E67 		.ascii	"long int\000"
 881      20696E74 
 881      00
 882              	.LASF18:
 883 0342 6C6F6E67 		.ascii	"long double\000"
 883      20646F75 
 883      626C6500 
 884              	.LASF0:
 885 034e 7369676E 		.ascii	"signed char\000"
 885      65642063 
 885      68617200 
 886              	.LASF27:
 887 035a 5254455F 		.ascii	"RTE_pRunnable\000"
 887      7052756E 
 887      6E61626C 
 887      6500
 888              	.LASF40:
 889 0368 45455F6F 		.ascii	"EE_oo_GetEvent\000"
 889      6F5F4765 
 889      74457665 
 889      6E7400
 890              		.ident	"GCC: (GNU Tools for ARM Embedded Processors) 5.4.1 20160609 (release) [ARM/embedded-5-bran
