ARM GAS  C:\Users\abhim\AppData\Local\Temp\ccV5oShM.s 			page 1


   1              		.syntax unified
   2              		.cpu cortex-m3
   3              		.fpu softvfp
   4              		.eabi_attribute 20, 1
   5              		.eabi_attribute 21, 1
   6              		.eabi_attribute 23, 3
   7              		.eabi_attribute 24, 1
   8              		.eabi_attribute 25, 1
   9              		.eabi_attribute 26, 1
  10              		.eabi_attribute 30, 1
  11              		.eabi_attribute 34, 1
  12              		.eabi_attribute 18, 4
  13              		.thumb
  14              		.syntax unified
  15              		.file	"tsk_io.c"
  16              		.text
  17              	.Ltext0:
  18              		.cfi_sections	.debug_frame
  19              		.section	.text.Functsk_IO,"ax",%progbits
  20              		.align	2
  21              		.global	Functsk_IO
  22              		.thumb
  23              		.thumb_func
  24              		.type	Functsk_IO, %function
  25              	Functsk_IO:
  26              	.LFB110:
  27              		.file 1 "source\\bsw\\tsk_io.c"
   1:source\bsw/tsk_io.c **** /*
   2:source\bsw/tsk_io.c ****  * Filename: tsk_io.c
   3:source\bsw/tsk_io.c ****  *
   4:source\bsw/tsk_io.c ****  * Author: Autogenerated by H-DA RTE Generator, (c) Prof. Fromm
   5:source\bsw/tsk_io.c ****  *
   6:source\bsw/tsk_io.c ****  * description: Task having runnables which either receives input from the user or provide output t
   7:source\bsw/tsk_io.c ****  * events: 
   8:source\bsw/tsk_io.c ****  * mode: Cyclic
   9:source\bsw/tsk_io.c ****  * name: tsk_IO
  10:source\bsw/tsk_io.c ****  * shortname: IO
  11:source\bsw/tsk_io.c ****  * signalpoolsRO: sp_signalPool
  12:source\bsw/tsk_io.c ****  * signalpoolsRW: sp_signalPool
  13:source\bsw/tsk_io.c ****  * tickEvent: 0
  14:source\bsw/tsk_io.c ****  * timertickperiod: 1
  15:source\bsw/tsk_io.c ****  *
  16:source\bsw/tsk_io.c ****  */
  17:source\bsw/tsk_io.c **** 
  18:source\bsw/tsk_io.c **** #include "project.h"
  19:source\bsw/tsk_io.c **** #include "global.h"
  20:source\bsw/tsk_io.c **** #include "rte.h"
  21:source\bsw/tsk_io.c **** #include "rte_types.h"
  22:source\bsw/tsk_io.c **** #include "tsk_io.h"
  23:source\bsw/tsk_io.c **** 
  24:source\bsw/tsk_io.c **** 
  25:source\bsw/tsk_io.c **** 
  26:source\bsw/tsk_io.c **** /* USER CODE START TSK_IO_INCLUDE */
  27:source\bsw/tsk_io.c **** 
  28:source\bsw/tsk_io.c **** /* USER CODE END TSK_IO_INCLUDE */
  29:source\bsw/tsk_io.c **** 
  30:source\bsw/tsk_io.c **** #include "swc_joystick.h"
ARM GAS  C:\Users\abhim\AppData\Local\Temp\ccV5oShM.s 			page 2


  31:source\bsw/tsk_io.c **** #include "swc_engine_control.h"
  32:source\bsw/tsk_io.c **** 
  33:source\bsw/tsk_io.c **** 
  34:source\bsw/tsk_io.c **** 
  35:source\bsw/tsk_io.c **** /* USER CODE START TSK_IO_USERDEFINITIONS */
  36:source\bsw/tsk_io.c **** 
  37:source\bsw/tsk_io.c **** /* USER CODE END TSK_IO_USERDEFINITIONS */
  38:source\bsw/tsk_io.c **** 
  39:source\bsw/tsk_io.c **** /*******************************************************************************
  40:source\bsw/tsk_io.c ****  * Runnable Tables from Activation Engine
  41:source\bsw/tsk_io.c ****  *******************************************************************************/
  42:source\bsw/tsk_io.c **** 
  43:source\bsw/tsk_io.c **** /* Cyclic Table */
  44:source\bsw/tsk_io.c **** 
  45:source\bsw/tsk_io.c **** const RTE_cyclicTable_t RTE_cyclicActivationTable_tsk_io[] = {
  46:source\bsw/tsk_io.c **** 	{ JOYSTICK_Joystick_readJoystick_run, 10 },	//Runnable
  47:source\bsw/tsk_io.c **** 	{ ENGINE_CONTROL_Engine_Control_setEngine_run, 100 },	//Runnable
  48:source\bsw/tsk_io.c **** };
  49:source\bsw/tsk_io.c **** const uint16_t RTE_cyclicActivation_tsk_io_size = sizeof (RTE_cyclicActivationTable_tsk_io) / sizeo
  50:source\bsw/tsk_io.c **** 
  51:source\bsw/tsk_io.c **** 
  52:source\bsw/tsk_io.c **** /*******************************************************************************
  53:source\bsw/tsk_io.c ****  * Task Body
  54:source\bsw/tsk_io.c ****  *******************************************************************************/
  55:source\bsw/tsk_io.c **** 
  56:source\bsw/tsk_io.c **** 
  57:source\bsw/tsk_io.c **** /*
  58:source\bsw/tsk_io.c ****  * description: Task having runnables which either receives input from the user or provide output t
  59:source\bsw/tsk_io.c ****  * events: 
  60:source\bsw/tsk_io.c ****  * mode: Cyclic
  61:source\bsw/tsk_io.c ****  * name: tsk_IO
  62:source\bsw/tsk_io.c ****  * shortname: IO
  63:source\bsw/tsk_io.c ****  * signalpoolsRO: sp_signalPool
  64:source\bsw/tsk_io.c ****  * signalpoolsRW: sp_signalPool
  65:source\bsw/tsk_io.c ****  * tickEvent: 0
  66:source\bsw/tsk_io.c ****  * timertickperiod: 1
  67:source\bsw/tsk_io.c ****  */
  68:source\bsw/tsk_io.c **** TASK(tsk_IO)
  69:source\bsw/tsk_io.c **** {
  28              		.loc 1 69 0
  29              		.cfi_startproc
  30              		@ args = 0, pretend = 0, frame = 0
  31              		@ frame_needed = 0, uses_anonymous_args = 0
  32 0000 10B5     		push	{r4, lr}
  33              		.cfi_def_cfa_offset 8
  34              		.cfi_offset 4, -8
  35              		.cfi_offset 14, -4
  70:source\bsw/tsk_io.c **** 	/* ticktime of the task */
  71:source\bsw/tsk_io.c **** 	static uint32_t ticktime = 0;
  72:source\bsw/tsk_io.c **** 
  73:source\bsw/tsk_io.c **** 	/* USER CODE START TSK_IO_TASKBODY_PRE */
  74:source\bsw/tsk_io.c **** 
  75:source\bsw/tsk_io.c **** 	/* USER CODE END TSK_IO_TASKBODY_PRE */
  76:source\bsw/tsk_io.c ****     
  77:source\bsw/tsk_io.c ****     //Process all cyclic runnables which are due
  78:source\bsw/tsk_io.c ****     RTE_ProcessCyclicTable(RTE_cyclicActivationTable_tsk_io, RTE_cyclicActivation_tsk_io_size, tick
  36              		.loc 1 78 0
ARM GAS  C:\Users\abhim\AppData\Local\Temp\ccV5oShM.s 			page 3


  37 0002 084C     		ldr	r4, .L4
  38 0004 2268     		ldr	r2, [r4]
  39 0006 0221     		movs	r1, #2
  40 0008 0748     		ldr	r0, .L4+4
  41 000a FFF7FEFF 		bl	RTE_ProcessCyclicTable
  42              	.LVL0:
  79:source\bsw/tsk_io.c **** 	
  80:source\bsw/tsk_io.c **** 	/* USER CODE START TSK_IO_TASKBODY_POST */
  81:source\bsw/tsk_io.c **** 
  82:source\bsw/tsk_io.c **** 	/* USER CODE END TSK_IO_TASKBODY_POST */
  83:source\bsw/tsk_io.c **** 
  84:source\bsw/tsk_io.c **** 	ticktime += 1;
  43              		.loc 1 84 0
  44 000e 2368     		ldr	r3, [r4]
  45 0010 0133     		adds	r3, r3, #1
  46 0012 2360     		str	r3, [r4]
  85:source\bsw/tsk_io.c **** 	if (ticktime > 0xFFFFFF00) ticktime = 0;
  47              		.loc 1 85 0
  48 0014 13F5807F 		cmn	r3, #256
  49 0018 01D9     		bls	.L2
  50              		.loc 1 85 0 is_stmt 0 discriminator 1
  51 001a 0022     		movs	r2, #0
  52 001c 2260     		str	r2, [r4]
  53              	.L2:
  86:source\bsw/tsk_io.c **** 	
  87:source\bsw/tsk_io.c **** 	TerminateTask();
  54              		.loc 1 87 0 is_stmt 1
  55 001e FFF7FEFF 		bl	EE_oo_TerminateTask
  56              	.LVL1:
  57 0022 10BD     		pop	{r4, pc}
  58              	.L5:
  59              		.align	2
  60              	.L4:
  61 0024 00000000 		.word	.LANCHOR0
  62 0028 00000000 		.word	.LANCHOR1
  63              		.cfi_endproc
  64              	.LFE110:
  65              		.size	Functsk_IO, .-Functsk_IO
  66              		.global	RTE_cyclicActivation_tsk_io_size
  67              		.global	RTE_cyclicActivationTable_tsk_io
  68              		.section	.rodata
  69              		.align	2
  70              		.set	.LANCHOR1,. + 0
  71              		.type	RTE_cyclicActivationTable_tsk_io, %object
  72              		.size	RTE_cyclicActivationTable_tsk_io, 16
  73              	RTE_cyclicActivationTable_tsk_io:
  74 0000 00000000 		.word	JOYSTICK_Joystick_readJoystick_run
  75 0004 0A00     		.short	10
  76 0006 0000     		.space	2
  77 0008 00000000 		.word	ENGINE_CONTROL_Engine_Control_setEngine_run
  78 000c 6400     		.short	100
  79 000e 0000     		.space	2
  80              		.type	RTE_cyclicActivation_tsk_io_size, %object
  81              		.size	RTE_cyclicActivation_tsk_io_size, 2
  82              	RTE_cyclicActivation_tsk_io_size:
  83 0010 0200     		.short	2
  84              		.bss
ARM GAS  C:\Users\abhim\AppData\Local\Temp\ccV5oShM.s 			page 4


  85              		.align	2
  86              		.set	.LANCHOR0,. + 0
  87              		.type	ticktime.6395, %object
  88              		.size	ticktime.6395, 4
  89              	ticktime.6395:
  90 0000 00000000 		.space	4
  91              		.text
  92              	.Letext0:
  93              		.file 2 "c:\\program files (x86)\\cypress\\psoc creator\\4.4\\psoc creator\\import\\gnu\\arm\\5.4.
  94              		.file 3 "c:\\program files (x86)\\cypress\\psoc creator\\4.4\\psoc creator\\import\\gnu\\arm\\5.4.
  95              		.file 4 "Generated_Source\\PSoC5/ErikaOS_common_ee_types.inc"
  96              		.file 5 "Generated_Source\\PSoC5/ErikaOS_cortex_mx_ee_cpu.inc"
  97              		.file 6 "Generated_Source\\PSoC5/ErikaOS_ee_oo_common.inc"
  98              		.file 7 ".\\source\\rte/rte_types.h"
  99              		.file 8 ".\\source\\rte/rte.h"
 100              		.file 9 "Generated_Source\\PSoC5/ErikaOS_ee_oo_intfunc.inc"
 101              		.file 10 "Generated_Source\\PSoC5/ErikaOS_cortex_mx_ee_context.inc"
 102              		.file 11 "Generated_Source\\PSoC5/ErikaOS_common_ee_primitives.inc"
 103              		.file 12 "Generated_Source\\PSoC5/core_cm3.h"
 104              		.file 13 "Generated_Source\\PSoC5/ErikaOS_ee_oo_kernel.inc"
 105              		.section	.debug_info,"",%progbits
 106              	.Ldebug_info0:
 107 0000 4E020000 		.4byte	0x24e
 108 0004 0400     		.2byte	0x4
 109 0006 00000000 		.4byte	.Ldebug_abbrev0
 110 000a 04       		.byte	0x4
 111 000b 01       		.uleb128 0x1
 112 000c 76000000 		.4byte	.LASF40
 113 0010 0C       		.byte	0xc
 114 0011 01030000 		.4byte	.LASF41
 115 0015 99010000 		.4byte	.LASF42
 116 0019 00000000 		.4byte	.Ldebug_ranges0+0
 117 001d 00000000 		.4byte	0
 118 0021 00000000 		.4byte	.Ldebug_line0
 119 0025 02       		.uleb128 0x2
 120 0026 01       		.byte	0x1
 121 0027 06       		.byte	0x6
 122 0028 D3020000 		.4byte	.LASF0
 123 002c 02       		.uleb128 0x2
 124 002d 01       		.byte	0x1
 125 002e 08       		.byte	0x8
 126 002f 68000000 		.4byte	.LASF1
 127 0033 02       		.uleb128 0x2
 128 0034 02       		.byte	0x2
 129 0035 05       		.byte	0x5
 130 0036 8A020000 		.4byte	.LASF2
 131 003a 03       		.uleb128 0x3
 132 003b 6E010000 		.4byte	.LASF4
 133 003f 02       		.byte	0x2
 134 0040 2B       		.byte	0x2b
 135 0041 45000000 		.4byte	0x45
 136 0045 02       		.uleb128 0x2
 137 0046 02       		.byte	0x2
 138 0047 07       		.byte	0x7
 139 0048 1F010000 		.4byte	.LASF3
 140 004c 03       		.uleb128 0x3
 141 004d 00000000 		.4byte	.LASF5
ARM GAS  C:\Users\abhim\AppData\Local\Temp\ccV5oShM.s 			page 5


 142 0051 02       		.byte	0x2
 143 0052 3F       		.byte	0x3f
 144 0053 57000000 		.4byte	0x57
 145 0057 02       		.uleb128 0x2
 146 0058 04       		.byte	0x4
 147 0059 05       		.byte	0x5
 148 005a BE020000 		.4byte	.LASF6
 149 005e 03       		.uleb128 0x3
 150 005f 8E010000 		.4byte	.LASF7
 151 0063 02       		.byte	0x2
 152 0064 41       		.byte	0x41
 153 0065 69000000 		.4byte	0x69
 154 0069 02       		.uleb128 0x2
 155 006a 04       		.byte	0x4
 156 006b 07       		.byte	0x7
 157 006c 0D010000 		.4byte	.LASF8
 158 0070 02       		.uleb128 0x2
 159 0071 08       		.byte	0x8
 160 0072 05       		.byte	0x5
 161 0073 51020000 		.4byte	.LASF9
 162 0077 02       		.uleb128 0x2
 163 0078 08       		.byte	0x8
 164 0079 07       		.byte	0x7
 165 007a 16020000 		.4byte	.LASF10
 166 007e 04       		.uleb128 0x4
 167 007f 04       		.byte	0x4
 168 0080 05       		.byte	0x5
 169 0081 696E7400 		.ascii	"int\000"
 170 0085 02       		.uleb128 0x2
 171 0086 04       		.byte	0x4
 172 0087 07       		.byte	0x7
 173 0088 EE010000 		.4byte	.LASF11
 174 008c 03       		.uleb128 0x3
 175 008d 81020000 		.4byte	.LASF12
 176 0091 03       		.byte	0x3
 177 0092 24       		.byte	0x24
 178 0093 3A000000 		.4byte	0x3a
 179 0097 03       		.uleb128 0x3
 180 0098 40020000 		.4byte	.LASF13
 181 009c 03       		.byte	0x3
 182 009d 2C       		.byte	0x2c
 183 009e 4C000000 		.4byte	0x4c
 184 00a2 03       		.uleb128 0x3
 185 00a3 B5020000 		.4byte	.LASF14
 186 00a7 03       		.byte	0x3
 187 00a8 30       		.byte	0x30
 188 00a9 5E000000 		.4byte	0x5e
 189 00ad 02       		.uleb128 0x2
 190 00ae 04       		.byte	0x4
 191 00af 04       		.byte	0x4
 192 00b0 3F000000 		.4byte	.LASF15
 193 00b4 02       		.uleb128 0x2
 194 00b5 08       		.byte	0x8
 195 00b6 04       		.byte	0x4
 196 00b7 18000000 		.4byte	.LASF16
 197 00bb 02       		.uleb128 0x2
 198 00bc 01       		.byte	0x1
ARM GAS  C:\Users\abhim\AppData\Local\Temp\ccV5oShM.s 			page 6


 199 00bd 08       		.byte	0x8
 200 00be 5F020000 		.4byte	.LASF17
 201 00c2 02       		.uleb128 0x2
 202 00c3 08       		.byte	0x8
 203 00c4 04       		.byte	0x4
 204 00c5 C7020000 		.4byte	.LASF18
 205 00c9 03       		.uleb128 0x3
 206 00ca 04010000 		.4byte	.LASF19
 207 00ce 04       		.byte	0x4
 208 00cf 53       		.byte	0x53
 209 00d0 7E000000 		.4byte	0x7e
 210 00d4 03       		.uleb128 0x3
 211 00d5 03020000 		.4byte	.LASF20
 212 00d9 04       		.byte	0x4
 213 00da 54       		.byte	0x54
 214 00db 85000000 		.4byte	0x85
 215 00df 03       		.uleb128 0x3
 216 00e0 64020000 		.4byte	.LASF21
 217 00e4 05       		.byte	0x5
 218 00e5 4D       		.byte	0x4d
 219 00e6 D4000000 		.4byte	0xd4
 220 00ea 03       		.uleb128 0x3
 221 00eb FB010000 		.4byte	.LASF22
 222 00ef 05       		.byte	0x5
 223 00f0 4F       		.byte	0x4f
 224 00f1 D4000000 		.4byte	0xd4
 225 00f5 03       		.uleb128 0x3
 226 00f6 38000000 		.4byte	.LASF23
 227 00fa 05       		.byte	0x5
 228 00fb 78       		.byte	0x78
 229 00fc C9000000 		.4byte	0xc9
 230 0100 05       		.uleb128 0x5
 231 0101 0A000000 		.4byte	.LASF24
 232 0105 06       		.byte	0x6
 233 0106 2C02     		.2byte	0x22c
 234 0108 DF000000 		.4byte	0xdf
 235 010c 02       		.uleb128 0x2
 236 010d 04       		.byte	0x4
 237 010e 07       		.byte	0x7
 238 010f 48020000 		.4byte	.LASF25
 239 0113 03       		.uleb128 0x3
 240 0114 79010000 		.4byte	.LASF26
 241 0118 07       		.byte	0x7
 242 0119 21       		.byte	0x21
 243 011a 00010000 		.4byte	0x100
 244 011e 03       		.uleb128 0x3
 245 011f DF020000 		.4byte	.LASF27
 246 0123 08       		.byte	0x8
 247 0124 66       		.byte	0x66
 248 0125 29010000 		.4byte	0x129
 249 0129 06       		.uleb128 0x6
 250 012a 04       		.byte	0x4
 251 012b 2F010000 		.4byte	0x12f
 252 012f 07       		.uleb128 0x7
 253 0130 3A010000 		.4byte	0x13a
 254 0134 08       		.uleb128 0x8
 255 0135 13010000 		.4byte	0x113
ARM GAS  C:\Users\abhim\AppData\Local\Temp\ccV5oShM.s 			page 7


 256 0139 00       		.byte	0
 257 013a 09       		.uleb128 0x9
 258 013b 08       		.byte	0x8
 259 013c 08       		.byte	0x8
 260 013d 6B       		.byte	0x6b
 261 013e 5B010000 		.4byte	0x15b
 262 0142 0A       		.uleb128 0xa
 263 0143 72756E00 		.ascii	"run\000"
 264 0147 08       		.byte	0x8
 265 0148 6D       		.byte	0x6d
 266 0149 1E010000 		.4byte	0x11e
 267 014d 00       		.byte	0
 268 014e 0B       		.uleb128 0xb
 269 014f 5E000000 		.4byte	.LASF28
 270 0153 08       		.byte	0x8
 271 0154 6E       		.byte	0x6e
 272 0155 8C000000 		.4byte	0x8c
 273 0159 04       		.byte	0x4
 274 015a 00       		.byte	0
 275 015b 03       		.uleb128 0x3
 276 015c DC010000 		.4byte	.LASF29
 277 0160 08       		.byte	0x8
 278 0161 6F       		.byte	0x6f
 279 0162 3A010000 		.4byte	0x13a
 280 0166 0C       		.uleb128 0xc
 281 0167 83010000 		.4byte	.LASF43
 282 016b 01       		.byte	0x1
 283 016c 44       		.byte	0x44
 284 016d 00000000 		.4byte	.LFB110
 285 0171 2C000000 		.4byte	.LFE110-.LFB110
 286 0175 01       		.uleb128 0x1
 287 0176 9C       		.byte	0x9c
 288 0177 B2010000 		.4byte	0x1b2
 289 017b 0D       		.uleb128 0xd
 290 017c 0D020000 		.4byte	.LASF44
 291 0180 01       		.byte	0x1
 292 0181 47       		.byte	0x47
 293 0182 A2000000 		.4byte	0xa2
 294 0186 05       		.uleb128 0x5
 295 0187 03       		.byte	0x3
 296 0188 00000000 		.4byte	ticktime.6395
 297 018c 0E       		.uleb128 0xe
 298 018d 0E000000 		.4byte	.LVL0
 299 0191 3B020000 		.4byte	0x23b
 300 0195 A8010000 		.4byte	0x1a8
 301 0199 0F       		.uleb128 0xf
 302 019a 01       		.uleb128 0x1
 303 019b 50       		.byte	0x50
 304 019c 05       		.uleb128 0x5
 305 019d 03       		.byte	0x3
 306 019e 00000000 		.4byte	.LANCHOR1
 307 01a2 0F       		.uleb128 0xf
 308 01a3 01       		.uleb128 0x1
 309 01a4 51       		.byte	0x51
 310 01a5 01       		.uleb128 0x1
 311 01a6 32       		.byte	0x32
 312 01a7 00       		.byte	0
ARM GAS  C:\Users\abhim\AppData\Local\Temp\ccV5oShM.s 			page 8


 313 01a8 10       		.uleb128 0x10
 314 01a9 22000000 		.4byte	.LVL1
 315 01ad 46020000 		.4byte	0x246
 316 01b1 00       		.byte	0
 317 01b2 11       		.uleb128 0x11
 318 01b3 32010000 		.4byte	.LASF30
 319 01b7 09       		.byte	0x9
 320 01b8 40       		.byte	0x40
 321 01b9 DF000000 		.4byte	0xdf
 322 01bd 11       		.uleb128 0x11
 323 01be 1F000000 		.4byte	.LASF31
 324 01c2 09       		.byte	0x9
 325 01c3 47       		.byte	0x47
 326 01c4 EA000000 		.4byte	0xea
 327 01c8 11       		.uleb128 0x11
 328 01c9 2D020000 		.4byte	.LASF32
 329 01cd 09       		.byte	0x9
 330 01ce 4A       		.byte	0x4a
 331 01cf DF000000 		.4byte	0xdf
 332 01d3 11       		.uleb128 0x11
 333 01d4 45000000 		.4byte	.LASF33
 334 01d8 0A       		.byte	0xa
 335 01d9 48       		.byte	0x48
 336 01da F5000000 		.4byte	0xf5
 337 01de 11       		.uleb128 0x11
 338 01df 6C020000 		.4byte	.LASF34
 339 01e3 0B       		.byte	0xb
 340 01e4 44       		.byte	0x44
 341 01e5 DF000000 		.4byte	0xdf
 342 01e9 12       		.uleb128 0x12
 343 01ea 4A010000 		.4byte	.LASF35
 344 01ee 0C       		.byte	0xc
 345 01ef 1207     		.2byte	0x712
 346 01f1 F5010000 		.4byte	0x1f5
 347 01f5 13       		.uleb128 0x13
 348 01f6 97000000 		.4byte	0x97
 349 01fa 14       		.uleb128 0x14
 350 01fb 0A020000 		.4byte	0x20a
 351 01ff 0A020000 		.4byte	0x20a
 352 0203 15       		.uleb128 0x15
 353 0204 0C010000 		.4byte	0x10c
 354 0208 01       		.byte	0x1
 355 0209 00       		.byte	0
 356 020a 16       		.uleb128 0x16
 357 020b 5B010000 		.4byte	0x15b
 358 020f 17       		.uleb128 0x17
 359 0210 15030000 		.4byte	.LASF36
 360 0214 01       		.byte	0x1
 361 0215 2D       		.byte	0x2d
 362 0216 20020000 		.4byte	0x220
 363 021a 05       		.uleb128 0x5
 364 021b 03       		.byte	0x3
 365 021c 00000000 		.4byte	RTE_cyclicActivationTable_tsk_io
 366 0220 16       		.uleb128 0x16
 367 0221 FA010000 		.4byte	0x1fa
 368 0225 17       		.uleb128 0x17
 369 0226 94020000 		.4byte	.LASF37
ARM GAS  C:\Users\abhim\AppData\Local\Temp\ccV5oShM.s 			page 9


 370 022a 01       		.byte	0x1
 371 022b 31       		.byte	0x31
 372 022c 36020000 		.4byte	0x236
 373 0230 05       		.uleb128 0x5
 374 0231 03       		.byte	0x3
 375 0232 00000000 		.4byte	RTE_cyclicActivation_tsk_io_size
 376 0236 16       		.uleb128 0x16
 377 0237 8C000000 		.4byte	0x8c
 378 023b 18       		.uleb128 0x18
 379 023c 57010000 		.4byte	.LASF38
 380 0240 57010000 		.4byte	.LASF38
 381 0244 08       		.byte	0x8
 382 0245 8E       		.byte	0x8e
 383 0246 18       		.uleb128 0x18
 384 0247 ED020000 		.4byte	.LASF39
 385 024b ED020000 		.4byte	.LASF39
 386 024f 0D       		.byte	0xd
 387 0250 9F       		.byte	0x9f
 388 0251 00       		.byte	0
 389              		.section	.debug_abbrev,"",%progbits
 390              	.Ldebug_abbrev0:
 391 0000 01       		.uleb128 0x1
 392 0001 11       		.uleb128 0x11
 393 0002 01       		.byte	0x1
 394 0003 25       		.uleb128 0x25
 395 0004 0E       		.uleb128 0xe
 396 0005 13       		.uleb128 0x13
 397 0006 0B       		.uleb128 0xb
 398 0007 03       		.uleb128 0x3
 399 0008 0E       		.uleb128 0xe
 400 0009 1B       		.uleb128 0x1b
 401 000a 0E       		.uleb128 0xe
 402 000b 55       		.uleb128 0x55
 403 000c 17       		.uleb128 0x17
 404 000d 11       		.uleb128 0x11
 405 000e 01       		.uleb128 0x1
 406 000f 10       		.uleb128 0x10
 407 0010 17       		.uleb128 0x17
 408 0011 00       		.byte	0
 409 0012 00       		.byte	0
 410 0013 02       		.uleb128 0x2
 411 0014 24       		.uleb128 0x24
 412 0015 00       		.byte	0
 413 0016 0B       		.uleb128 0xb
 414 0017 0B       		.uleb128 0xb
 415 0018 3E       		.uleb128 0x3e
 416 0019 0B       		.uleb128 0xb
 417 001a 03       		.uleb128 0x3
 418 001b 0E       		.uleb128 0xe
 419 001c 00       		.byte	0
 420 001d 00       		.byte	0
 421 001e 03       		.uleb128 0x3
 422 001f 16       		.uleb128 0x16
 423 0020 00       		.byte	0
 424 0021 03       		.uleb128 0x3
 425 0022 0E       		.uleb128 0xe
 426 0023 3A       		.uleb128 0x3a
ARM GAS  C:\Users\abhim\AppData\Local\Temp\ccV5oShM.s 			page 10


 427 0024 0B       		.uleb128 0xb
 428 0025 3B       		.uleb128 0x3b
 429 0026 0B       		.uleb128 0xb
 430 0027 49       		.uleb128 0x49
 431 0028 13       		.uleb128 0x13
 432 0029 00       		.byte	0
 433 002a 00       		.byte	0
 434 002b 04       		.uleb128 0x4
 435 002c 24       		.uleb128 0x24
 436 002d 00       		.byte	0
 437 002e 0B       		.uleb128 0xb
 438 002f 0B       		.uleb128 0xb
 439 0030 3E       		.uleb128 0x3e
 440 0031 0B       		.uleb128 0xb
 441 0032 03       		.uleb128 0x3
 442 0033 08       		.uleb128 0x8
 443 0034 00       		.byte	0
 444 0035 00       		.byte	0
 445 0036 05       		.uleb128 0x5
 446 0037 16       		.uleb128 0x16
 447 0038 00       		.byte	0
 448 0039 03       		.uleb128 0x3
 449 003a 0E       		.uleb128 0xe
 450 003b 3A       		.uleb128 0x3a
 451 003c 0B       		.uleb128 0xb
 452 003d 3B       		.uleb128 0x3b
 453 003e 05       		.uleb128 0x5
 454 003f 49       		.uleb128 0x49
 455 0040 13       		.uleb128 0x13
 456 0041 00       		.byte	0
 457 0042 00       		.byte	0
 458 0043 06       		.uleb128 0x6
 459 0044 0F       		.uleb128 0xf
 460 0045 00       		.byte	0
 461 0046 0B       		.uleb128 0xb
 462 0047 0B       		.uleb128 0xb
 463 0048 49       		.uleb128 0x49
 464 0049 13       		.uleb128 0x13
 465 004a 00       		.byte	0
 466 004b 00       		.byte	0
 467 004c 07       		.uleb128 0x7
 468 004d 15       		.uleb128 0x15
 469 004e 01       		.byte	0x1
 470 004f 27       		.uleb128 0x27
 471 0050 19       		.uleb128 0x19
 472 0051 01       		.uleb128 0x1
 473 0052 13       		.uleb128 0x13
 474 0053 00       		.byte	0
 475 0054 00       		.byte	0
 476 0055 08       		.uleb128 0x8
 477 0056 05       		.uleb128 0x5
 478 0057 00       		.byte	0
 479 0058 49       		.uleb128 0x49
 480 0059 13       		.uleb128 0x13
 481 005a 00       		.byte	0
 482 005b 00       		.byte	0
 483 005c 09       		.uleb128 0x9
ARM GAS  C:\Users\abhim\AppData\Local\Temp\ccV5oShM.s 			page 11


 484 005d 13       		.uleb128 0x13
 485 005e 01       		.byte	0x1
 486 005f 0B       		.uleb128 0xb
 487 0060 0B       		.uleb128 0xb
 488 0061 3A       		.uleb128 0x3a
 489 0062 0B       		.uleb128 0xb
 490 0063 3B       		.uleb128 0x3b
 491 0064 0B       		.uleb128 0xb
 492 0065 01       		.uleb128 0x1
 493 0066 13       		.uleb128 0x13
 494 0067 00       		.byte	0
 495 0068 00       		.byte	0
 496 0069 0A       		.uleb128 0xa
 497 006a 0D       		.uleb128 0xd
 498 006b 00       		.byte	0
 499 006c 03       		.uleb128 0x3
 500 006d 08       		.uleb128 0x8
 501 006e 3A       		.uleb128 0x3a
 502 006f 0B       		.uleb128 0xb
 503 0070 3B       		.uleb128 0x3b
 504 0071 0B       		.uleb128 0xb
 505 0072 49       		.uleb128 0x49
 506 0073 13       		.uleb128 0x13
 507 0074 38       		.uleb128 0x38
 508 0075 0B       		.uleb128 0xb
 509 0076 00       		.byte	0
 510 0077 00       		.byte	0
 511 0078 0B       		.uleb128 0xb
 512 0079 0D       		.uleb128 0xd
 513 007a 00       		.byte	0
 514 007b 03       		.uleb128 0x3
 515 007c 0E       		.uleb128 0xe
 516 007d 3A       		.uleb128 0x3a
 517 007e 0B       		.uleb128 0xb
 518 007f 3B       		.uleb128 0x3b
 519 0080 0B       		.uleb128 0xb
 520 0081 49       		.uleb128 0x49
 521 0082 13       		.uleb128 0x13
 522 0083 38       		.uleb128 0x38
 523 0084 0B       		.uleb128 0xb
 524 0085 00       		.byte	0
 525 0086 00       		.byte	0
 526 0087 0C       		.uleb128 0xc
 527 0088 2E       		.uleb128 0x2e
 528 0089 01       		.byte	0x1
 529 008a 3F       		.uleb128 0x3f
 530 008b 19       		.uleb128 0x19
 531 008c 03       		.uleb128 0x3
 532 008d 0E       		.uleb128 0xe
 533 008e 3A       		.uleb128 0x3a
 534 008f 0B       		.uleb128 0xb
 535 0090 3B       		.uleb128 0x3b
 536 0091 0B       		.uleb128 0xb
 537 0092 27       		.uleb128 0x27
 538 0093 19       		.uleb128 0x19
 539 0094 11       		.uleb128 0x11
 540 0095 01       		.uleb128 0x1
ARM GAS  C:\Users\abhim\AppData\Local\Temp\ccV5oShM.s 			page 12


 541 0096 12       		.uleb128 0x12
 542 0097 06       		.uleb128 0x6
 543 0098 40       		.uleb128 0x40
 544 0099 18       		.uleb128 0x18
 545 009a 9742     		.uleb128 0x2117
 546 009c 19       		.uleb128 0x19
 547 009d 01       		.uleb128 0x1
 548 009e 13       		.uleb128 0x13
 549 009f 00       		.byte	0
 550 00a0 00       		.byte	0
 551 00a1 0D       		.uleb128 0xd
 552 00a2 34       		.uleb128 0x34
 553 00a3 00       		.byte	0
 554 00a4 03       		.uleb128 0x3
 555 00a5 0E       		.uleb128 0xe
 556 00a6 3A       		.uleb128 0x3a
 557 00a7 0B       		.uleb128 0xb
 558 00a8 3B       		.uleb128 0x3b
 559 00a9 0B       		.uleb128 0xb
 560 00aa 49       		.uleb128 0x49
 561 00ab 13       		.uleb128 0x13
 562 00ac 02       		.uleb128 0x2
 563 00ad 18       		.uleb128 0x18
 564 00ae 00       		.byte	0
 565 00af 00       		.byte	0
 566 00b0 0E       		.uleb128 0xe
 567 00b1 898201   		.uleb128 0x4109
 568 00b4 01       		.byte	0x1
 569 00b5 11       		.uleb128 0x11
 570 00b6 01       		.uleb128 0x1
 571 00b7 31       		.uleb128 0x31
 572 00b8 13       		.uleb128 0x13
 573 00b9 01       		.uleb128 0x1
 574 00ba 13       		.uleb128 0x13
 575 00bb 00       		.byte	0
 576 00bc 00       		.byte	0
 577 00bd 0F       		.uleb128 0xf
 578 00be 8A8201   		.uleb128 0x410a
 579 00c1 00       		.byte	0
 580 00c2 02       		.uleb128 0x2
 581 00c3 18       		.uleb128 0x18
 582 00c4 9142     		.uleb128 0x2111
 583 00c6 18       		.uleb128 0x18
 584 00c7 00       		.byte	0
 585 00c8 00       		.byte	0
 586 00c9 10       		.uleb128 0x10
 587 00ca 898201   		.uleb128 0x4109
 588 00cd 00       		.byte	0
 589 00ce 11       		.uleb128 0x11
 590 00cf 01       		.uleb128 0x1
 591 00d0 31       		.uleb128 0x31
 592 00d1 13       		.uleb128 0x13
 593 00d2 00       		.byte	0
 594 00d3 00       		.byte	0
 595 00d4 11       		.uleb128 0x11
 596 00d5 34       		.uleb128 0x34
 597 00d6 00       		.byte	0
ARM GAS  C:\Users\abhim\AppData\Local\Temp\ccV5oShM.s 			page 13


 598 00d7 03       		.uleb128 0x3
 599 00d8 0E       		.uleb128 0xe
 600 00d9 3A       		.uleb128 0x3a
 601 00da 0B       		.uleb128 0xb
 602 00db 3B       		.uleb128 0x3b
 603 00dc 0B       		.uleb128 0xb
 604 00dd 49       		.uleb128 0x49
 605 00de 13       		.uleb128 0x13
 606 00df 3F       		.uleb128 0x3f
 607 00e0 19       		.uleb128 0x19
 608 00e1 3C       		.uleb128 0x3c
 609 00e2 19       		.uleb128 0x19
 610 00e3 00       		.byte	0
 611 00e4 00       		.byte	0
 612 00e5 12       		.uleb128 0x12
 613 00e6 34       		.uleb128 0x34
 614 00e7 00       		.byte	0
 615 00e8 03       		.uleb128 0x3
 616 00e9 0E       		.uleb128 0xe
 617 00ea 3A       		.uleb128 0x3a
 618 00eb 0B       		.uleb128 0xb
 619 00ec 3B       		.uleb128 0x3b
 620 00ed 05       		.uleb128 0x5
 621 00ee 49       		.uleb128 0x49
 622 00ef 13       		.uleb128 0x13
 623 00f0 3F       		.uleb128 0x3f
 624 00f1 19       		.uleb128 0x19
 625 00f2 3C       		.uleb128 0x3c
 626 00f3 19       		.uleb128 0x19
 627 00f4 00       		.byte	0
 628 00f5 00       		.byte	0
 629 00f6 13       		.uleb128 0x13
 630 00f7 35       		.uleb128 0x35
 631 00f8 00       		.byte	0
 632 00f9 49       		.uleb128 0x49
 633 00fa 13       		.uleb128 0x13
 634 00fb 00       		.byte	0
 635 00fc 00       		.byte	0
 636 00fd 14       		.uleb128 0x14
 637 00fe 01       		.uleb128 0x1
 638 00ff 01       		.byte	0x1
 639 0100 49       		.uleb128 0x49
 640 0101 13       		.uleb128 0x13
 641 0102 01       		.uleb128 0x1
 642 0103 13       		.uleb128 0x13
 643 0104 00       		.byte	0
 644 0105 00       		.byte	0
 645 0106 15       		.uleb128 0x15
 646 0107 21       		.uleb128 0x21
 647 0108 00       		.byte	0
 648 0109 49       		.uleb128 0x49
 649 010a 13       		.uleb128 0x13
 650 010b 2F       		.uleb128 0x2f
 651 010c 0B       		.uleb128 0xb
 652 010d 00       		.byte	0
 653 010e 00       		.byte	0
 654 010f 16       		.uleb128 0x16
ARM GAS  C:\Users\abhim\AppData\Local\Temp\ccV5oShM.s 			page 14


 655 0110 26       		.uleb128 0x26
 656 0111 00       		.byte	0
 657 0112 49       		.uleb128 0x49
 658 0113 13       		.uleb128 0x13
 659 0114 00       		.byte	0
 660 0115 00       		.byte	0
 661 0116 17       		.uleb128 0x17
 662 0117 34       		.uleb128 0x34
 663 0118 00       		.byte	0
 664 0119 03       		.uleb128 0x3
 665 011a 0E       		.uleb128 0xe
 666 011b 3A       		.uleb128 0x3a
 667 011c 0B       		.uleb128 0xb
 668 011d 3B       		.uleb128 0x3b
 669 011e 0B       		.uleb128 0xb
 670 011f 49       		.uleb128 0x49
 671 0120 13       		.uleb128 0x13
 672 0121 3F       		.uleb128 0x3f
 673 0122 19       		.uleb128 0x19
 674 0123 02       		.uleb128 0x2
 675 0124 18       		.uleb128 0x18
 676 0125 00       		.byte	0
 677 0126 00       		.byte	0
 678 0127 18       		.uleb128 0x18
 679 0128 2E       		.uleb128 0x2e
 680 0129 00       		.byte	0
 681 012a 3F       		.uleb128 0x3f
 682 012b 19       		.uleb128 0x19
 683 012c 3C       		.uleb128 0x3c
 684 012d 19       		.uleb128 0x19
 685 012e 6E       		.uleb128 0x6e
 686 012f 0E       		.uleb128 0xe
 687 0130 03       		.uleb128 0x3
 688 0131 0E       		.uleb128 0xe
 689 0132 3A       		.uleb128 0x3a
 690 0133 0B       		.uleb128 0xb
 691 0134 3B       		.uleb128 0x3b
 692 0135 0B       		.uleb128 0xb
 693 0136 00       		.byte	0
 694 0137 00       		.byte	0
 695 0138 00       		.byte	0
 696              		.section	.debug_aranges,"",%progbits
 697 0000 1C000000 		.4byte	0x1c
 698 0004 0200     		.2byte	0x2
 699 0006 00000000 		.4byte	.Ldebug_info0
 700 000a 04       		.byte	0x4
 701 000b 00       		.byte	0
 702 000c 0000     		.2byte	0
 703 000e 0000     		.2byte	0
 704 0010 00000000 		.4byte	.LFB110
 705 0014 2C000000 		.4byte	.LFE110-.LFB110
 706 0018 00000000 		.4byte	0
 707 001c 00000000 		.4byte	0
 708              		.section	.debug_ranges,"",%progbits
 709              	.Ldebug_ranges0:
 710 0000 00000000 		.4byte	.LFB110
 711 0004 2C000000 		.4byte	.LFE110
ARM GAS  C:\Users\abhim\AppData\Local\Temp\ccV5oShM.s 			page 15


 712 0008 00000000 		.4byte	0
 713 000c 00000000 		.4byte	0
 714              		.section	.debug_line,"",%progbits
 715              	.Ldebug_line0:
 716 0000 70020000 		.section	.debug_str,"MS",%progbits,1
 716      02004D02 
 716      00000201 
 716      FB0E0D00 
 716      01010101 
 717              	.LASF5:
 718 0000 5F5F696E 		.ascii	"__int32_t\000"
 718      7433325F 
 718      7400
 719              	.LASF24:
 720 000a 4576656E 		.ascii	"EventMaskType\000"
 720      744D6173 
 720      6B547970 
 720      6500
 721              	.LASF16:
 722 0018 646F7562 		.ascii	"double\000"
 722      6C6500
 723              	.LASF31:
 724 001f 45455F6F 		.ascii	"EE_oo_IRQ_suspend_status\000"
 724      6F5F4952 
 724      515F7375 
 724      7370656E 
 724      645F7374 
 725              	.LASF23:
 726 0038 45455F54 		.ascii	"EE_TID\000"
 726      494400
 727              	.LASF15:
 728 003f 666C6F61 		.ascii	"float\000"
 728      7400
 729              	.LASF33:
 730 0045 45455F73 		.ascii	"EE_std_endcycle_next_tid\000"
 730      74645F65 
 730      6E646379 
 730      636C655F 
 730      6E657874 
 731              	.LASF28:
 732 005e 6379636C 		.ascii	"cycleTime\000"
 732      6554696D 
 732      6500
 733              	.LASF1:
 734 0068 756E7369 		.ascii	"unsigned char\000"
 734      676E6564 
 734      20636861 
 734      7200
 735              	.LASF40:
 736 0076 474E5520 		.ascii	"GNU C11 5.4.1 20160609 (release) [ARM/embedded-5-br"
 736      43313120 
 736      352E342E 
 736      31203230 
 736      31363036 
 737 00a9 616E6368 		.ascii	"anch revision 237715] -mcpu=cortex-m3 -mthumb -g -O"
 737      20726576 
 737      6973696F 
ARM GAS  C:\Users\abhim\AppData\Local\Temp\ccV5oShM.s 			page 16


 737      6E203233 
 737      37373135 
 738 00dc 67202D66 		.ascii	"g -ffunction-sections -ffat-lto-objects\000"
 738      66756E63 
 738      74696F6E 
 738      2D736563 
 738      74696F6E 
 739              	.LASF19:
 740 0104 45455F49 		.ascii	"EE_INT32\000"
 740      4E543332 
 740      00
 741              	.LASF8:
 742 010d 6C6F6E67 		.ascii	"long unsigned int\000"
 742      20756E73 
 742      69676E65 
 742      6420696E 
 742      7400
 743              	.LASF3:
 744 011f 73686F72 		.ascii	"short unsigned int\000"
 744      7420756E 
 744      7369676E 
 744      65642069 
 744      6E7400
 745              	.LASF30:
 746 0132 45455F6F 		.ascii	"EE_oo_IRQ_disable_count\000"
 746      6F5F4952 
 746      515F6469 
 746      7361626C 
 746      655F636F 
 747              	.LASF35:
 748 014a 49544D5F 		.ascii	"ITM_RxBuffer\000"
 748      52784275 
 748      66666572 
 748      00
 749              	.LASF38:
 750 0157 5254455F 		.ascii	"RTE_ProcessCyclicTable\000"
 750      50726F63 
 750      65737343 
 750      79636C69 
 750      63546162 
 751              	.LASF4:
 752 016e 5F5F7569 		.ascii	"__uint16_t\000"
 752      6E743136 
 752      5F7400
 753              	.LASF26:
 754 0179 5254455F 		.ascii	"RTE_event\000"
 754      6576656E 
 754      7400
 755              	.LASF43:
 756 0183 46756E63 		.ascii	"Functsk_IO\000"
 756      74736B5F 
 756      494F00
 757              	.LASF7:
 758 018e 5F5F7569 		.ascii	"__uint32_t\000"
 758      6E743332 
 758      5F7400
 759              	.LASF42:
ARM GAS  C:\Users\abhim\AppData\Local\Temp\ccV5oShM.s 			page 17


 760 0199 443A5C70 		.ascii	"D:\\psoc-workspace\\Git\\ElectronicGaspedal\\Electr"
 760      736F632D 
 760      776F726B 
 760      73706163 
 760      655C4769 
 761 01c8 6F6E6963 		.ascii	"onic Gaspedal.cydsn\000"
 761      20476173 
 761      70656461 
 761      6C2E6379 
 761      64736E00 
 762              	.LASF29:
 763 01dc 5254455F 		.ascii	"RTE_cyclicTable_t\000"
 763      6379636C 
 763      69635461 
 763      626C655F 
 763      7400
 764              	.LASF11:
 765 01ee 756E7369 		.ascii	"unsigned int\000"
 765      676E6564 
 765      20696E74 
 765      00
 766              	.LASF22:
 767 01fb 45455F46 		.ascii	"EE_FREG\000"
 767      52454700 
 768              	.LASF20:
 769 0203 45455F55 		.ascii	"EE_UINT32\000"
 769      494E5433 
 769      3200
 770              	.LASF44:
 771 020d 7469636B 		.ascii	"ticktime\000"
 771      74696D65 
 771      00
 772              	.LASF10:
 773 0216 6C6F6E67 		.ascii	"long long unsigned int\000"
 773      206C6F6E 
 773      6720756E 
 773      7369676E 
 773      65642069 
 774              	.LASF32:
 775 022d 45455F41 		.ascii	"EE_ApplicationMode\000"
 775      70706C69 
 775      63617469 
 775      6F6E4D6F 
 775      646500
 776              	.LASF13:
 777 0240 696E7433 		.ascii	"int32_t\000"
 777      325F7400 
 778              	.LASF25:
 779 0248 73697A65 		.ascii	"sizetype\000"
 779      74797065 
 779      00
 780              	.LASF9:
 781 0251 6C6F6E67 		.ascii	"long long int\000"
 781      206C6F6E 
 781      6720696E 
 781      7400
 782              	.LASF17:
ARM GAS  C:\Users\abhim\AppData\Local\Temp\ccV5oShM.s 			page 18


 783 025f 63686172 		.ascii	"char\000"
 783      00
 784              	.LASF21:
 785 0264 45455F55 		.ascii	"EE_UREG\000"
 785      52454700 
 786              	.LASF34:
 787 026c 45455F49 		.ascii	"EE_IRQ_nesting_level\000"
 787      52515F6E 
 787      65737469 
 787      6E675F6C 
 787      6576656C 
 788              	.LASF12:
 789 0281 75696E74 		.ascii	"uint16_t\000"
 789      31365F74 
 789      00
 790              	.LASF2:
 791 028a 73686F72 		.ascii	"short int\000"
 791      7420696E 
 791      7400
 792              	.LASF37:
 793 0294 5254455F 		.ascii	"RTE_cyclicActivation_tsk_io_size\000"
 793      6379636C 
 793      69634163 
 793      74697661 
 793      74696F6E 
 794              	.LASF14:
 795 02b5 75696E74 		.ascii	"uint32_t\000"
 795      33325F74 
 795      00
 796              	.LASF6:
 797 02be 6C6F6E67 		.ascii	"long int\000"
 797      20696E74 
 797      00
 798              	.LASF18:
 799 02c7 6C6F6E67 		.ascii	"long double\000"
 799      20646F75 
 799      626C6500 
 800              	.LASF0:
 801 02d3 7369676E 		.ascii	"signed char\000"
 801      65642063 
 801      68617200 
 802              	.LASF27:
 803 02df 5254455F 		.ascii	"RTE_pRunnable\000"
 803      7052756E 
 803      6E61626C 
 803      6500
 804              	.LASF39:
 805 02ed 45455F6F 		.ascii	"EE_oo_TerminateTask\000"
 805      6F5F5465 
 805      726D696E 
 805      61746554 
 805      61736B00 
 806              	.LASF41:
 807 0301 736F7572 		.ascii	"source\\bsw\\tsk_io.c\000"
 807      63655C62 
 807      73775C74 
 807      736B5F69 
ARM GAS  C:\Users\abhim\AppData\Local\Temp\ccV5oShM.s 			page 19


 807      6F2E6300 
 808              	.LASF36:
 809 0315 5254455F 		.ascii	"RTE_cyclicActivationTable_tsk_io\000"
 809      6379636C 
 809      69634163 
 809      74697661 
 809      74696F6E 
 810              		.ident	"GCC: (GNU Tools for ARM Embedded Processors) 5.4.1 20160609 (release) [ARM/embedded-5-bran
